#
# A fatal error has been detected by the Java Runtime Environment:
#
#  SIGSEGV (0xb) at pc=0x00007fd147a2e2f7, pid=1422, tid=140538119055104
#
# JRE version: OpenJDK Runtime Environment (8.0_60-b24) (build 1.8.0_60-b24)
# Java VM: OpenJDK 64-Bit Server VM (25.60-b23 mixed mode linux-amd64 compressed oops)
# Problematic frame:
# C  [i965_dri.so+0x4022f7]
#
# Failed to write core dump. Core dumps have been disabled. To enable core dumping, try "ulimit -c unlimited" before starting Java again
#
# If you would like to submit a bug report, please visit:
#   http://bugreport.java.com/bugreport/crash.jsp
# The crash happened outside the Java Virtual Machine in native code.
# See problematic frame for where to report the bug.
#

---------------  T H R E A D  ---------------

Current thread (0x00007fd1b436d800):  JavaThread "AWT-EventQueue-0" [_thread_in_native, id=1446, stack(0x00007fd19499e000,0x00007fd194a9f000)]

siginfo: si_signo: 11 (SIGSEGV), si_code: 2 (SEGV_ACCERR), si_addr: 0x00007fd146048000

Registers:
RAX=0x0000000000000000, RBX=0x00007fd146048000, RCX=0x0000000000000040, RDX=0x0000000000000000
RSP=0x00007fd194a9c0a0, RBP=0x0000000000000040, RSI=0x0000000000000200, RDI=0x00007fd1518a06a0
R8 =0x0000000000000000, R9 =0x0000000000000100, R10=0x0000000000001400, R11=0x0000000000000000
R12=0x0000000000000080, R13=0x0000000000000000, R14=0x00007fd1518a06a0, R15=0x0000000000000000
RIP=0x00007fd147a2e2f7, EFLAGS=0x0000000000010202, CSGSFS=0xffff000000000033, ERR=0x0000000000000004
  TRAPNO=0x000000000000000e

Top of Stack: (sp=0x00007fd194a9c0a0)
0x00007fd194a9c0a0:   0000000000000000 0000000000000000
0x00007fd194a9c0b0:   0000000000000000 00007fd100000000
0x00007fd194a9c0c0:   0000000000000100 0000000000000000
0x00007fd194a9c0d0:   0000000000000080 0000000000000000
0x00007fd194a9c0e0:   0000000000000000 0000000000001400
0x00007fd194a9c0f0:   0000000000000000 0000000000000000
0x00007fd194a9c100:   0000000000001400 0000000000000040
0x00007fd194a9c110:   0000000000000080 00000000fffffff0
0x00007fd194a9c120:   0000000000000a80 00007fd147a2ec33
0x00007fd194a9c130:   00007fd1518a06a0 00007fd146048000
0x00007fd194a9c140:   0000000000001400 0000000000000040
0x00007fd194a9c150:   00007fd1b9e7ee70 0000000000000000
0x00007fd194a9c160:   0000000000370000 0000000000370000
0x00007fd194a9c170:   0000001000001400 00007fd147a2ded0
0x00007fd194a9c180:   0000000f00000000 0000000000000020
0x00007fd194a9c190:   00007fd15152fca0 00007fd145cc4000
0x00007fd194a9c1a0:   00000020000002e0 000002e000000000
0x00007fd194a9c1b0:   0000000000001400 000002d000000000
0x00007fd194a9c1c0:   000000004d430002 00007fd15152fca0
0x00007fd194a9c1d0:   00000000000002d0 0000000000000500
0x00007fd194a9c1e0:   00007fd1500a8e88 00007fd151418ac0
0x00007fd194a9c1f0:   00007fd151427ad0 00007fd147a2904e
0x00007fd194a9c200:   0000000000001400 0000000000001400
0x00007fd194a9c210:   0000000000000001 0000000000000002
0x00007fd194a9c220:   00007fd1b9e7ee70 00000000ffffec00
0x00007fd194a9c230:   0000000000000500 00007fd151427ad0
0x00007fd194a9c240:   0000190800000000 0000000000000000
0x00007fd194a9c250:   00007fd151418ac0 00007fd151427ad0
0x00007fd194a9c260:   0000000000000500 0000000447752be8
0x00007fd194a9c270:   00007fd1b9e7ee70 908e104a1a0f1a00
0x00007fd194a9c280:   0000000000000000 0000000000000500
0x00007fd194a9c290:   00000000000002d0 0000000000001908 

Instructions: (pc=0x00007fd147a2e2f7)
0x00007fd147a2e2d7:   73 6f 8b 4c 24 10 8b 74 24 08 44 89 f8 0f 1f 40
0x00007fd147a2e2e7:   00 41 8d 54 35 00 81 c6 00 02 00 00 31 ca 31 e9
0x00007fd147a2e2f7:   4c 8b 0c 13 4c 8b 54 13 08 89 c2 83 c0 10 41 39
0x00007fd147a2e307:   c4 4d 89 0c 16 4d 89 54 16 08 77 d5 48 8b 44 24 

Register to memory mapping:

RAX=0x0000000000000000 is an unknown value
RBX=0x00007fd146048000: <offset 0x4000> in /usr/lib/libattr.so.1 at 0x00007fd146044000
RCX=0x0000000000000040 is an unknown value
RDX=0x0000000000000000 is an unknown value
RSP=0x00007fd194a9c0a0 is pointing into the stack for thread: 0x00007fd1b436d800
RBP=0x0000000000000040 is an unknown value
RSI=0x0000000000000200 is an unknown value
RDI=0x00007fd1518a06a0 is an unknown value
R8 =0x0000000000000000 is an unknown value
R9 =0x0000000000000100 is an unknown value
R10=0x0000000000001400 is an unknown value
R11=0x0000000000000000 is an unknown value
R12=0x0000000000000080 is an unknown value
R13=0x0000000000000000 is an unknown value
R14=0x00007fd1518a06a0 is an unknown value
R15=0x0000000000000000 is an unknown value


Stack: [0x00007fd19499e000,0x00007fd194a9f000],  sp=0x00007fd194a9c0a0,  free space=1016k
Native frames: (J=compiled Java code, j=interpreted, Vv=VM code, C=native code)
C  [i965_dri.so+0x4022f7]

Java frames: (J=compiled Java code, j=interpreted, Vv=VM code)
j  jogamp.opengl.gl4.GL4bcImpl.dispatch_glReadPixels1(IIIIIILjava/lang/Object;IZJ)V+0
j  jogamp.opengl.gl4.GL4bcImpl.glReadPixels(IIIIIILjava/nio/Buffer;)V+123
j  processing.opengl.PJOGL.readPixelsImpl(IIIIIILjava/nio/Buffer;)V+15
j  processing.opengl.PGraphicsOpenGL.readPixels()V+29
j  processing.opengl.PGraphicsOpenGL.saveSurfaceToPixels()V+5
j  processing.opengl.PGraphicsOpenGL.endDraw()V+46
j  processing.core.PApplet.handleDraw()V+270
j  processing.opengl.PJOGL$PGLListener.display(Ljavax/media/opengl/GLAutoDrawable;)V+476
j  jogamp.opengl.GLDrawableHelper.displayImpl(Ljavax/media/opengl/GLAutoDrawable;)V+81
j  jogamp.opengl.GLDrawableHelper.display(Ljavax/media/opengl/GLAutoDrawable;)V+2
j  javax.media.opengl.awt.GLCanvas$10.run()V+118
j  jogamp.opengl.GLDrawableHelper.invokeGLImpl(Ljavax/media/opengl/GLDrawable;Ljavax/media/opengl/GLContext;Ljava/lang/Runnable;Ljava/lang/Runnable;)V+206
j  jogamp.opengl.GLDrawableHelper.invokeGL(Ljavax/media/opengl/GLDrawable;Ljavax/media/opengl/GLContext;Ljava/lang/Runnable;Ljava/lang/Runnable;)V+80
j  javax.media.opengl.awt.GLCanvas$11.run()V+73
j  java.awt.event.InvocationEvent.dispatch()V+11
j  java.awt.EventQueue.dispatchEventImpl(Ljava/awt/AWTEvent;Ljava/lang/Object;)V+21
j  java.awt.EventQueue.access$500(Ljava/awt/EventQueue;Ljava/awt/AWTEvent;Ljava/lang/Object;)V+3
j  java.awt.EventQueue$3.run()Ljava/lang/Void;+32
j  java.awt.EventQueue$3.run()Ljava/lang/Object;+1
v  ~StubRoutines::call_stub
j  java.security.AccessController.doPrivileged(Ljava/security/PrivilegedAction;Ljava/security/AccessControlContext;)Ljava/lang/Object;+0
j  java.security.ProtectionDomain$JavaSecurityAccessImpl.doIntersectionPrivilege(Ljava/security/PrivilegedAction;Ljava/security/AccessControlContext;Ljava/security/AccessControlContext;)Ljava/lang/Object;+18
j  java.awt.EventQueue.dispatchEvent(Ljava/awt/AWTEvent;)V+46
j  java.awt.EventDispatchThread.pumpOneEventForFilters(I)V+245
j  java.awt.EventDispatchThread.pumpEventsForFilter(ILjava/awt/Conditional;Ljava/awt/EventFilter;)V+35
j  java.awt.EventDispatchThread.pumpEventsForHierarchy(ILjava/awt/Conditional;Ljava/awt/Component;)V+11
j  java.awt.EventDispatchThread.pumpEvents(ILjava/awt/Conditional;)V+4
j  java.awt.EventDispatchThread.pumpEvents(Ljava/awt/Conditional;)V+3
j  java.awt.EventDispatchThread.run()V+9
v  ~StubRoutines::call_stub

---------------  P R O C E S S  ---------------

Java Threads: ( => current thread )
  0x00007fd151529000 JavaThread "Thread-3" [_thread_in_vm, id=1471, stack(0x00007fd13dcf6000,0x00007fd13ddf7000)]
  0x00007fd151514000 JavaThread "Java Sound Event Dispatcher" daemon [_thread_blocked, id=1465, stack(0x00007fd13e5f8000,0x00007fd13e6f9000)]
  0x00007fd15148f800 JavaThread "Image Fetcher 0" daemon [_thread_blocked, id=1456, stack(0x00007fd145763000,0x00007fd145864000)]
  0x00007fd15822a000 JavaThread "Animation Thread-SharedResourceRunner" daemon [_thread_blocked, id=1455, stack(0x00007fd194275000,0x00007fd194376000)]
  0x00007fd1580e9800 JavaThread "process reaper" daemon [_thread_blocked, id=1450, stack(0x00007fd1a4027000,0x00007fd1a4060000)]
  0x00007fd1b4009000 JavaThread "DestroyJavaVM" [_thread_blocked, id=1424, stack(0x00007fd1baabd000,0x00007fd1babbe000)]
=>0x00007fd1b436d800 JavaThread "AWT-EventQueue-0" [_thread_in_native, id=1446, stack(0x00007fd19499e000,0x00007fd194a9f000)]
  0x00007fd1b436c000 JavaThread "AWT-Shutdown" [_thread_blocked, id=1445, stack(0x00007fd194a9f000,0x00007fd194ba0000)]
  0x00007fd1b4359000 JavaThread "Animation Thread" [_thread_blocked, id=1444, stack(0x00007fd194da0000,0x00007fd194ea1000)]
  0x00007fd1b42e9800 JavaThread "AWT-XAWT" daemon [_thread_blocked, id=1443, stack(0x00007fd194ea1000,0x00007fd194fa2000)]
  0x00007fd1b42c5800 JavaThread "Java2D Disposer" daemon [_thread_blocked, id=1442, stack(0x00007fd19c0ca000,0x00007fd19c1cb000)]
  0x00007fd1b40e0800 JavaThread "Service Thread" daemon [_thread_blocked, id=1440, stack(0x00007fd19c2cc000,0x00007fd19c3cd000)]
  0x00007fd1b40bb800 JavaThread "C1 CompilerThread2" daemon [_thread_blocked, id=1439, stack(0x00007fd19c3cd000,0x00007fd19c4ce000)]
  0x00007fd1b40ba000 JavaThread "C2 CompilerThread1" daemon [_thread_blocked, id=1438, stack(0x00007fd19c4ce000,0x00007fd19c5cf000)]
  0x00007fd1b40b7000 JavaThread "C2 CompilerThread0" daemon [_thread_blocked, id=1437, stack(0x00007fd19c5cf000,0x00007fd19c6d0000)]
  0x00007fd1b40b5800 JavaThread "Signal Dispatcher" daemon [_thread_blocked, id=1436, stack(0x00007fd19c6d0000,0x00007fd19c7d1000)]
  0x00007fd1b407d800 JavaThread "Finalizer" daemon [_thread_blocked, id=1435, stack(0x00007fd19c95f000,0x00007fd19ca60000)]
  0x00007fd1b407b800 JavaThread "Reference Handler" daemon [_thread_blocked, id=1433, stack(0x00007fd19ca60000,0x00007fd19cb61000)]

Other Threads:
  0x00007fd1b4076800 VMThread [stack: 0x00007fd19cb61000,0x00007fd19cc62000] [id=1430]
  0x00007fd1b40e3800 WatcherThread [stack: 0x00007fd19c1cb000,0x00007fd19c2cc000] [id=1441]

VM state:not at safepoint (normal execution)

VM Mutex/Monitor currently owned by a thread: None

Heap:
 PSYoungGen      total 33280K, used 14832K [0x00000000ec500000, 0x00000000ee800000, 0x0000000100000000)
  eden space 30720K, 40% used [0x00000000ec500000,0x00000000ed114a48,0x00000000ee300000)
  from space 2560K, 96% used [0x00000000ee580000,0x00000000ee7e7970,0x00000000ee800000)
  to   space 2560K, 0% used [0x00000000ee300000,0x00000000ee300000,0x00000000ee580000)
 ParOldGen       total 40960K, used 12441K [0x00000000c4e00000, 0x00000000c7600000, 0x00000000ec500000)
  object space 40960K, 30% used [0x00000000c4e00000,0x00000000c5a26610,0x00000000c7600000)
 Metaspace       used 18476K, capacity 18695K, committed 18816K, reserved 1067008K
  class space    used 1796K, capacity 1898K, committed 1920K, reserved 1048576K

Card table byte_map: [0x00007fd1a4a66000,0x00007fd1a4c40000] byte_map_base: 0x00007fd1a443f000

Marking Bits: (ParMarkBitMap*) 0x00007fd1b9dd37e0
 Begin Bits: [0x00007fd19e270000, 0x00007fd19f138000)
 End Bits:   [0x00007fd19f138000, 0x00007fd1a0000000)

Polling page: 0x00007fd1babf5000

CodeCache: size=245760Kb used=3571Kb max_used=3584Kb free=242188Kb
 bounds [0x00007fd1a5000000, 0x00007fd1a5390000, 0x00007fd1b4000000]
 total_blobs=1885 nmethods=920 adapters=880
 compilation: enabled

Compilation events (10 events):
Event: 3.113 Thread 0x00007fd1b40bb800 nmethod 916 0x00007fd1a537aa50 code [0x00007fd1a537abc0, 0x00007fd1a537ad28]
Event: 3.117 Thread 0x00007fd1b40bb800  917       3       java.security.CodeSource::equals (60 bytes)
Event: 3.117 Thread 0x00007fd1b40bb800 nmethod 917 0x00007fd1a537afd0 code [0x00007fd1a537b180, 0x00007fd1a537b958]
Event: 3.117 Thread 0x00007fd1b40bb800  918       3       java.net.URLStreamHandler::equals (45 bytes)
Event: 3.118 Thread 0x00007fd1b40bb800 nmethod 918 0x00007fd1a537bb10 code [0x00007fd1a537bca0, 0x00007fd1a537c1b8]
Event: 3.118 Thread 0x00007fd1b40bb800  919       3       java.security.CodeSource::matchCerts (254 bytes)
Event: 3.119 Thread 0x00007fd1b40bb800 nmethod 919 0x00007fd1a537c510 code [0x00007fd1a537c720, 0x00007fd1a537d278]
Event: 3.120 Thread 0x00007fd1b40ba000  920       4       java.util.concurrent.ConcurrentHashMap::casTabAt (20 bytes)
Event: 3.121 Thread 0x00007fd1b40ba000 nmethod 920 0x00007fd1a5381950 code [0x00007fd1a5381a80, 0x00007fd1a5381af8]
Event: 3.121 Thread 0x00007fd1b40b7000 nmethod 909 0x00007fd1a537ef10 code [0x00007fd1a537f0e0, 0x00007fd1a537f6d0]

GC Heap History (8 events):
Event: 0.952 GC heap before
{Heap before GC invocations=1 (full 0):
 PSYoungGen      total 17920K, used 15141K [0x00000000ec500000, 0x00000000ed900000, 0x0000000100000000)
  eden space 15360K, 98% used [0x00000000ec500000,0x00000000ed3c96c0,0x00000000ed400000)
  from space 2560K, 0% used [0x00000000ed680000,0x00000000ed680000,0x00000000ed900000)
  to   space 2560K, 0% used [0x00000000ed400000,0x00000000ed400000,0x00000000ed680000)
 ParOldGen       total 40960K, used 0K [0x00000000c4e00000, 0x00000000c7600000, 0x00000000ec500000)
  object space 40960K, 0% used [0x00000000c4e00000,0x00000000c4e00000,0x00000000c7600000)
 Metaspace       used 13087K, capacity 13290K, committed 13568K, reserved 1060864K
  class space    used 1388K, capacity 1485K, committed 1536K, reserved 1048576K
Event: 0.957 GC heap after
Heap after GC invocations=1 (full 0):
 PSYoungGen      total 17920K, used 2543K [0x00000000ec500000, 0x00000000ed900000, 0x0000000100000000)
  eden space 15360K, 0% used [0x00000000ec500000,0x00000000ec500000,0x00000000ed400000)
  from space 2560K, 99% used [0x00000000ed400000,0x00000000ed67bc40,0x00000000ed680000)
  to   space 2560K, 0% used [0x00000000ed680000,0x00000000ed680000,0x00000000ed900000)
 ParOldGen       total 40960K, used 1556K [0x00000000c4e00000, 0x00000000c7600000, 0x00000000ec500000)
  object space 40960K, 3% used [0x00000000c4e00000,0x00000000c4f85058,0x00000000c7600000)
 Metaspace       used 13087K, capacity 13290K, committed 13568K, reserved 1060864K
  class space    used 1388K, capacity 1485K, committed 1536K, reserved 1048576K
}
Event: 1.500 GC heap before
{Heap before GC invocations=2 (full 0):
 PSYoungGen      total 17920K, used 16022K [0x00000000ec500000, 0x00000000ed900000, 0x0000000100000000)
  eden space 15360K, 87% used [0x00000000ec500000,0x00000000ed229be0,0x00000000ed400000)
  from space 2560K, 99% used [0x00000000ed400000,0x00000000ed67bc40,0x00000000ed680000)
  to   space 2560K, 0% used [0x00000000ed680000,0x00000000ed680000,0x00000000ed900000)
 ParOldGen       total 40960K, used 1556K [0x00000000c4e00000, 0x00000000c7600000, 0x00000000ec500000)
  object space 40960K, 3% used [0x00000000c4e00000,0x00000000c4f85058,0x00000000c7600000)
 Metaspace       used 17288K, capacity 17527K, committed 17664K, reserved 1064960K
  class space    used 1649K, capacity 1702K, committed 1792K, reserved 1048576K
Event: 1.506 GC heap after
Heap after GC invocations=2 (full 0):
 PSYoungGen      total 17920K, used 2538K [0x00000000ec500000, 0x00000000ed900000, 0x0000000100000000)
  eden space 15360K, 0% used [0x00000000ec500000,0x00000000ec500000,0x00000000ed400000)
  from space 2560K, 99% used [0x00000000ed680000,0x00000000ed8fa810,0x00000000ed900000)
  to   space 2560K, 0% used [0x00000000ed400000,0x00000000ed400000,0x00000000ed680000)
 ParOldGen       total 40960K, used 4893K [0x00000000c4e00000, 0x00000000c7600000, 0x00000000ec500000)
  object space 40960K, 11% used [0x00000000c4e00000,0x00000000c52c74f0,0x00000000c7600000)
 Metaspace       used 17288K, capacity 17527K, committed 17664K, reserved 1064960K
  class space    used 1649K, capacity 1702K, committed 1792K, reserved 1048576K
}
Event: 1.622 GC heap before
{Heap before GC invocations=3 (full 0):
 PSYoungGen      total 17920K, used 17873K [0x00000000ec500000, 0x00000000ed900000, 0x0000000100000000)
  eden space 15360K, 99% used [0x00000000ec500000,0x00000000ed3f9c38,0x00000000ed400000)
  from space 2560K, 99% used [0x00000000ed680000,0x00000000ed8fa810,0x00000000ed900000)
  to   space 2560K, 0% used [0x00000000ed400000,0x00000000ed400000,0x00000000ed680000)
 ParOldGen       total 40960K, used 4893K [0x00000000c4e00000, 0x00000000c7600000, 0x00000000ec500000)
  object space 40960K, 11% used [0x00000000c4e00000,0x00000000c52c74f0,0x00000000c7600000)
 Metaspace       used 17413K, capacity 17623K, committed 17920K, reserved 1064960K
  class space    used 1658K, capacity 1734K, committed 1792K, reserved 1048576K
Event: 1.626 GC heap after
Heap after GC invocations=3 (full 0):
 PSYoungGen      total 17920K, used 2533K [0x00000000ec500000, 0x00000000ee800000, 0x0000000100000000)
  eden space 15360K, 0% used [0x00000000ec500000,0x00000000ec500000,0x00000000ed400000)
  from space 2560K, 98% used [0x00000000ed400000,0x00000000ed679480,0x00000000ed680000)
  to   space 2560K, 0% used [0x00000000ee580000,0x00000000ee580000,0x00000000ee800000)
 ParOldGen       total 40960K, used 9066K [0x00000000c4e00000, 0x00000000c7600000, 0x00000000ec500000)
  object space 40960K, 22% used [0x00000000c4e00000,0x00000000c56da920,0x00000000c7600000)
 Metaspace       used 17413K, capacity 17623K, committed 17920K, reserved 1064960K
  class space    used 1658K, capacity 1734K, committed 1792K, reserved 1048576K
}
Event: 1.776 GC heap before
{Heap before GC invocations=4 (full 0):
 PSYoungGen      total 17920K, used 17677K [0x00000000ec500000, 0x00000000ee800000, 0x0000000100000000)
  eden space 15360K, 98% used [0x00000000ec500000,0x00000000ed3ca2a8,0x00000000ed400000)
  from space 2560K, 98% used [0x00000000ed400000,0x00000000ed679480,0x00000000ed680000)
  to   space 2560K, 0% used [0x00000000ee580000,0x00000000ee580000,0x00000000ee800000)
 ParOldGen       total 40960K, used 9066K [0x00000000c4e00000, 0x00000000c7600000, 0x00000000ec500000)
  object space 40960K, 22% used [0x00000000c4e00000,0x00000000c56da920,0x00000000c7600000)
 Metaspace       used 17414K, capacity 17623K, committed 17920K, reserved 1064960K
  class space    used 1658K, capacity 1734K, committed 1792K, reserved 1048576K
Event: 1.782 GC heap after
Heap after GC invocations=4 (full 0):
 PSYoungGen      total 33280K, used 2462K [0x00000000ec500000, 0x00000000ee800000, 0x0000000100000000)
  eden space 30720K, 0% used [0x00000000ec500000,0x00000000ec500000,0x00000000ee300000)
  from space 2560K, 96% used [0x00000000ee580000,0x00000000ee7e7970,0x00000000ee800000)
  to   space 2560K, 0% used [0x00000000ee300000,0x00000000ee300000,0x00000000ee580000)
 ParOldGen       total 40960K, used 12441K [0x00000000c4e00000, 0x00000000c7600000, 0x00000000ec500000)
  object space 40960K, 30% used [0x00000000c4e00000,0x00000000c5a26610,0x00000000c7600000)
 Metaspace       used 17414K, capacity 17623K, committed 17920K, reserved 1064960K
  class space    used 1658K, capacity 1734K, committed 1792K, reserved 1048576K
}

Deoptimization events (8 events):
Event: 0.832 Thread 0x00007fd1b4359000 Uncommon trap: reason=unstable_if action=reinterpret pc=0x00007fd1a51f1c88 method=java.lang.String.indexOf([CII[CIII)I @ 3
Event: 0.854 Thread 0x00007fd1b4359000 Uncommon trap: reason=unstable_if action=reinterpret pc=0x00007fd1a51ca834 method=java.lang.String.replace(CC)Ljava/lang/String; @ 26
Event: 1.393 Thread 0x00007fd1b4359000 Uncommon trap: reason=unstable_if action=reinterpret pc=0x00007fd1a530e4e8 method=sun.net.www.ParseUtil.encodePath(Ljava/lang/String;Z)Ljava/lang/String; @ 109
Event: 1.479 Thread 0x00007fd1b436d800 Uncommon trap: reason=unstable_if action=reinterpret pc=0x00007fd1a531c1e4 method=com.jogamp.common.util.IntIntHashMap.get(I)I @ 19
Event: 1.582 Thread 0x00007fd1b436d800 Uncommon trap: reason=unstable_if action=reinterpret pc=0x00007fd1a53349dc method=processing.core.PApplet.loadBytes(Ljava/io/InputStream;)[B @ 37
Event: 1.811 Thread 0x00007fd1b436d800 Uncommon trap: reason=unstable_if action=reinterpret pc=0x00007fd1a52b0c38 method=sun.misc.MetaIndex.mayContain(Ljava/lang/String;)Z @ 38
Event: 1.812 Thread 0x00007fd1b436d800 Uncommon trap: reason=unstable_if action=reinterpret pc=0x00007fd1a52f222c method=java.lang.reflect.AccessibleObject.setAccessible0(Ljava/lang/reflect/AccessibleObject;Z)V @ 4
Event: 3.097 Thread 0x00007fd1b436d800 Uncommon trap: reason=unstable_if action=reinterpret pc=0x00007fd1a536f9dc method=javax.sound.sampled.AudioFormat.matches(Ljavax/sound/sampled/AudioFormat;)Z @ 112

Internal exceptions (10 events):
Event: 0.771 Thread 0x00007fd1b436d800 Exception <a 'java/lang/UnsupportedOperationException': > (0x00000000ecbdc068) thrown at [/build/java8-openjdk/src/jdk8u-jdk8u60-b24/hotspot/src/share/vm/prims/jni.cpp, line 735]
Event: 1.309 Thread 0x00007fd1b4359000 Exception <a 'java/lang/InterruptedException'> (0x00000000ecc2d6d0) thrown at [/build/java8-openjdk/src/jdk8u-jdk8u60-b24/hotspot/src/share/vm/runtime/objectMonitor.cpp, line 1683]
Event: 1.327 Thread 0x00007fd1b4359000 Exception <a 'java/lang/reflect/InvocationTargetException'> (0x00000000ed055148) thrown at [/build/java8-openjdk/src/jdk8u-jdk8u60-b24/hotspot/src/share/vm/runtime/reflection.cpp, line 1092]
Event: 1.380 Thread 0x00007fd1b4359000 Exception <a 'java/lang/reflect/InvocationTargetException'> (0x00000000ed0666e0) thrown at [/build/java8-openjdk/src/jdk8u-jdk8u60-b24/hotspot/src/share/vm/runtime/reflection.cpp, line 1092]
Event: 1.392 Thread 0x00007fd1b4359000 Exception <a 'java/lang/reflect/InvocationTargetException'> (0x00000000ed0f12b8) thrown at [/build/java8-openjdk/src/jdk8u-jdk8u60-b24/hotspot/src/share/vm/runtime/reflection.cpp, line 1092]
Event: 1.396 Thread 0x00007fd1b4359000 Exception <a 'java/lang/reflect/InvocationTargetException'> (0x00000000ed10e518) thrown at [/build/java8-openjdk/src/jdk8u-jdk8u60-b24/hotspot/src/share/vm/runtime/reflection.cpp, line 1092]
Event: 1.405 Thread 0x00007fd1b436d800 Exception <a 'java/lang/reflect/InvocationTargetException'> (0x00000000ed0ca368) thrown at [/build/java8-openjdk/src/jdk8u-jdk8u60-b24/hotspot/src/share/vm/runtime/reflection.cpp, line 1092]
Event: 1.405 Thread 0x00007fd1b436d800 Exception <a 'java/lang/reflect/InvocationTargetException'> (0x00000000ed0ca938) thrown at [/build/java8-openjdk/src/jdk8u-jdk8u60-b24/hotspot/src/share/vm/runtime/reflection.cpp, line 1092]
Event: 1.407 Thread 0x00007fd1b436d800 Exception <a 'java/lang/reflect/InvocationTargetException'> (0x00000000ed0caea8) thrown at [/build/java8-openjdk/src/jdk8u-jdk8u60-b24/hotspot/src/share/vm/runtime/reflection.cpp, line 1092]
Event: 1.479 Thread 0x00007fd1b436d800 Implicit null exception at 0x00007fd1a531c165 to 0x00007fd1a531c1cd

Events (10 events):
Event: 3.125 loading class java/io/ObjectStreamClass$ExceptionInfo
Event: 3.125 loading class java/io/ObjectStreamClass$ExceptionInfo done
Event: 3.129 loading class javazoom/jl/decoder/huffcodetab
Event: 3.129 loading class javazoom/jl/decoder/huffcodetab done
Event: 3.138 loading class javazoom/jl/decoder/LayerIIIDecoder$temporaire2
Event: 3.138 loading class javazoom/jl/decoder/LayerIIIDecoder$temporaire2 done
Event: 3.138 loading class javazoom/jl/decoder/LayerIIIDecoder$SBI
Event: 3.138 loading class javazoom/jl/decoder/LayerIIIDecoder$SBI done
Event: 3.139 loading class javazoom/jl/decoder/LayerIIIDecoder$Sftable
Event: 3.139 loading class javazoom/jl/decoder/LayerIIIDecoder$Sftable done


Dynamic libraries:
00400000-00401000 r-xp 00000000 08:01 808495                             /usr/lib/jvm/java-8-openjdk/jre/bin/java
00600000-00601000 rw-p 00000000 08:01 808495                             /usr/lib/jvm/java-8-openjdk/jre/bin/java
01312000-01333000 rw-p 00000000 00:00 0                                  [heap]
c4e00000-c7600000 rw-p 00000000 00:00 0 
c7600000-ec500000 ---p 00000000 00:00 0 
ec500000-ee800000 rw-p 00000000 00:00 0 
ee800000-100000000 ---p 00000000 00:00 0 
100000000-1001e0000 rw-p 00000000 00:00 0 
1001e0000-140000000 ---p 00000000 00:00 0 
7fd114000000-7fd114406000 rw-p 00000000 00:00 0 
7fd114406000-7fd118000000 ---p 00000000 00:00 0 
7fd11c000000-7fd11c021000 rw-p 00000000 00:00 0 
7fd11c021000-7fd120000000 ---p 00000000 00:00 0 
7fd123fff000-7fd128000000 rw-s 00000000 00:12 7                          /dev/shm/pulse-shm-1592737490
7fd128000000-7fd128021000 rw-p 00000000 00:00 0 
7fd128021000-7fd12c000000 ---p 00000000 00:00 0 
7fd12ffff000-7fd134000000 rw-s 00000000 00:12 6                          /dev/shm/pulse-shm-44489244
7fd134000000-7fd134021000 rw-p 00000000 00:00 0 
7fd134021000-7fd138000000 ---p 00000000 00:00 0 
7fd13a0f7000-7fd13a0f8000 ---p 00000000 00:00 0 
7fd13a0f8000-7fd13a8f8000 rw-p 00000000 00:00 0                          [stack:1466]
7fd13dcf6000-7fd13dcf9000 ---p 00000000 00:00 0 
7fd13dcf9000-7fd13ddf7000 rw-p 00000000 00:00 0                          [stack:1471]
7fd13ddf7000-7fd13ddf8000 ---p 00000000 00:00 0 
7fd13ddf8000-7fd13e5f8000 rw-p 00000000 00:00 0                          [stack:1470]
7fd13e5f8000-7fd13e5fb000 ---p 00000000 00:00 0 
7fd13e5fb000-7fd13e779000 rw-p 00000000 00:00 0                          [stack:1465]
7fd13e779000-7fd13e8f9000 ---p 00000000 00:00 0 
7fd13e8f9000-7fd13e90e000 r-xp 00000000 08:01 531189                     /usr/lib/libnsl-2.22.so
7fd13e90e000-7fd13eb0d000 ---p 00015000 08:01 531189                     /usr/lib/libnsl-2.22.so
7fd13eb0d000-7fd13eb0e000 r--p 00014000 08:01 531189                     /usr/lib/libnsl-2.22.so
7fd13eb0e000-7fd13eb0f000 rw-p 00015000 08:01 531189                     /usr/lib/libnsl-2.22.so
7fd13eb0f000-7fd13eb11000 rw-p 00000000 00:00 0 
7fd13eb11000-7fd13eb17000 r-xp 00000000 08:01 537639                     /usr/lib/libogg.so.0.8.2
7fd13eb17000-7fd13ed16000 ---p 00006000 08:01 537639                     /usr/lib/libogg.so.0.8.2
7fd13ed16000-7fd13ed17000 r--p 00005000 08:01 537639                     /usr/lib/libogg.so.0.8.2
7fd13ed17000-7fd13ed18000 rw-p 00006000 08:01 537639                     /usr/lib/libogg.so.0.8.2
7fd13ed18000-7fd13ed43000 r-xp 00000000 08:01 536719                     /usr/lib/libvorbis.so.0.4.8
7fd13ed43000-7fd13ef43000 ---p 0002b000 08:01 536719                     /usr/lib/libvorbis.so.0.4.8
7fd13ef43000-7fd13ef44000 r--p 0002b000 08:01 536719                     /usr/lib/libvorbis.so.0.4.8
7fd13ef44000-7fd13ef45000 rw-p 0002c000 08:01 536719                     /usr/lib/libvorbis.so.0.4.8
7fd13ef45000-7fd13efd6000 r-xp 00000000 08:01 536716                     /usr/lib/libvorbisenc.so.2.0.11
7fd13efd6000-7fd13f1d5000 ---p 00091000 08:01 536716                     /usr/lib/libvorbisenc.so.2.0.11
7fd13f1d5000-7fd13f1f7000 r--p 00090000 08:01 536716                     /usr/lib/libvorbisenc.so.2.0.11
7fd13f1f7000-7fd13f1f8000 rw-p 000b2000 08:01 536716                     /usr/lib/libvorbisenc.so.2.0.11
7fd13f1f8000-7fd13f26a000 r-xp 00000000 08:01 537467                     /usr/lib/libFLAC.so.8.3.0
7fd13f26a000-7fd13f469000 ---p 00072000 08:01 537467                     /usr/lib/libFLAC.so.8.3.0
7fd13f469000-7fd13f46a000 r--p 00071000 08:01 537467                     /usr/lib/libFLAC.so.8.3.0
7fd13f46a000-7fd13f46b000 rw-p 00072000 08:01 537467                     /usr/lib/libFLAC.so.8.3.0
7fd13f46b000-7fd13f47d000 r-xp 00000000 08:01 543408                     /usr/lib/libgpg-error.so.0.16.0
7fd13f47d000-7fd13f67c000 ---p 00012000 08:01 543408                     /usr/lib/libgpg-error.so.0.16.0
7fd13f67c000-7fd13f67d000 r--p 00011000 08:01 543408                     /usr/lib/libgpg-error.so.0.16.0
7fd13f67d000-7fd13f67e000 rw-p 00012000 08:01 543408                     /usr/lib/libgpg-error.so.0.16.0
7fd13f67e000-7fd13f756000 r-xp 00000000 08:01 540169                     /usr/lib/libgcrypt.so.20.0.4
7fd13f756000-7fd13f956000 ---p 000d8000 08:01 540169                     /usr/lib/libgcrypt.so.20.0.4
7fd13f956000-7fd13f957000 r--p 000d8000 08:01 540169                     /usr/lib/libgcrypt.so.20.0.4
7fd13f957000-7fd13f95f000 rw-p 000d9000 08:01 540169                     /usr/lib/libgcrypt.so.20.0.4
7fd13f95f000-7fd13f960000 rw-p 00000000 00:00 0 
7fd13f960000-7fd13f971000 r-xp 00000000 08:01 536796                     /usr/lib/liblz4.so.1.7.1
7fd13f971000-7fd13fb70000 ---p 00011000 08:01 536796                     /usr/lib/liblz4.so.1.7.1
7fd13fb70000-7fd13fb71000 r--p 00010000 08:01 536796                     /usr/lib/liblz4.so.1.7.1
7fd13fb71000-7fd13fb72000 rw-p 00011000 08:01 536796                     /usr/lib/liblz4.so.1.7.1
7fd13fb72000-7fd13fb97000 r-xp 00000000 08:01 525673                     /usr/lib/liblzma.so.5.2.1
7fd13fb97000-7fd13fd96000 ---p 00025000 08:01 525673                     /usr/lib/liblzma.so.5.2.1
7fd13fd96000-7fd13fd97000 r--p 00024000 08:01 525673                     /usr/lib/liblzma.so.5.2.1
7fd13fd97000-7fd13fd98000 rw-p 00025000 08:01 525673                     /usr/lib/liblzma.so.5.2.1
7fd13fd98000-7fd13fdf9000 r-xp 00000000 08:01 537149                     /usr/lib/libsndfile.so.1.0.25
7fd13fdf9000-7fd13fff9000 ---p 00061000 08:01 537149                     /usr/lib/libsndfile.so.1.0.25
7fd13fff9000-7fd13fffb000 r--p 00061000 08:01 537149                     /usr/lib/libsndfile.so.1.0.25
7fd13fffb000-7fd13fffc000 rw-p 00063000 08:01 537149                     /usr/lib/libsndfile.so.1.0.25
7fd13fffc000-7fd140000000 rw-p 00000000 00:00 0 
7fd140000000-7fd140021000 rw-p 00000000 00:00 0 
7fd140021000-7fd144000000 ---p 00000000 00:00 0 
7fd144060000-7fd144065000 r-xp 00000000 08:01 539541                     /usr/lib/libasyncns.so.0.3.1
7fd144065000-7fd144264000 ---p 00005000 08:01 539541                     /usr/lib/libasyncns.so.0.3.1
7fd144264000-7fd144265000 r--p 00004000 08:01 539541                     /usr/lib/libasyncns.so.0.3.1
7fd144265000-7fd144266000 rw-p 00005000 08:01 539541                     /usr/lib/libasyncns.so.0.3.1
7fd144266000-7fd1442e7000 r-xp 00000000 08:01 549408                     /usr/lib/libsystemd.so.0.10.2
7fd1442e7000-7fd1442ea000 r--p 00080000 08:01 549408                     /usr/lib/libsystemd.so.0.10.2
7fd1442ea000-7fd1442eb000 rw-p 00083000 08:01 549408                     /usr/lib/libsystemd.so.0.10.2
7fd1442eb000-7fd144339000 r-xp 00000000 08:01 543567                     /usr/lib/libdbus-1.so.3.14.3
7fd144339000-7fd144539000 ---p 0004e000 08:01 543567                     /usr/lib/libdbus-1.so.3.14.3
7fd144539000-7fd14453a000 r--p 0004e000 08:01 543567                     /usr/lib/libdbus-1.so.3.14.3
7fd14453a000-7fd14453b000 rw-p 0004f000 08:01 543567                     /usr/lib/libdbus-1.so.3.14.3
7fd14453b000-7fd14453c000 rw-p 00000000 00:00 0 
7fd14453c000-7fd1445b8000 r-xp 00000000 08:01 539637                     /usr/lib/pulseaudio/libpulsecommon-6.0.so
7fd1445b8000-7fd1447b7000 ---p 0007c000 08:01 539637                     /usr/lib/pulseaudio/libpulsecommon-6.0.so
7fd1447b7000-7fd1447b9000 r--p 0007b000 08:01 539637                     /usr/lib/pulseaudio/libpulsecommon-6.0.so
7fd1447b9000-7fd1447bb000 rw-p 0007d000 08:01 539637                     /usr/lib/pulseaudio/libpulsecommon-6.0.so
7fd1447bb000-7fd1447c5000 r-xp 00000000 08:01 539533                     /usr/lib/libjson-c.so.2.0.1
7fd1447c5000-7fd1449c4000 ---p 0000a000 08:01 539533                     /usr/lib/libjson-c.so.2.0.1
7fd1449c4000-7fd1449c5000 r--p 00009000 08:01 539533                     /usr/lib/libjson-c.so.2.0.1
7fd1449c5000-7fd1449c6000 rw-p 0000a000 08:01 539533                     /usr/lib/libjson-c.so.2.0.1
7fd1449c6000-7fd144a15000 r-xp 00000000 08:01 539629                     /usr/lib/libpulse.so.0.18.0
7fd144a15000-7fd144c15000 ---p 0004f000 08:01 539629                     /usr/lib/libpulse.so.0.18.0
7fd144c15000-7fd144c16000 r--p 0004f000 08:01 539629                     /usr/lib/libpulse.so.0.18.0
7fd144c16000-7fd144c17000 rw-p 00050000 08:01 539629                     /usr/lib/libpulse.so.0.18.0
7fd144c17000-7fd144c1d000 r-xp 00000000 08:01 1054624                    /usr/lib/alsa-lib/libasound_module_pcm_pulse.so
7fd144c1d000-7fd144e1c000 ---p 00006000 08:01 1054624                    /usr/lib/alsa-lib/libasound_module_pcm_pulse.so
7fd144e1c000-7fd144e1d000 r--p 00005000 08:01 1054624                    /usr/lib/alsa-lib/libasound_module_pcm_pulse.so
7fd144e1d000-7fd144e1e000 rw-p 00006000 08:01 1054624                    /usr/lib/alsa-lib/libasound_module_pcm_pulse.so
7fd144e1e000-7fd144f11000 r-xp 00000000 08:01 535685                     /usr/lib/libasound.so.2.0.0
7fd144f11000-7fd145110000 ---p 000f3000 08:01 535685                     /usr/lib/libasound.so.2.0.0
7fd145110000-7fd145117000 r--p 000f2000 08:01 535685                     /usr/lib/libasound.so.2.0.0
7fd145117000-7fd145119000 rw-p 000f9000 08:01 535685                     /usr/lib/libasound.so.2.0.0
7fd145119000-7fd145128000 r-xp 00000000 08:01 808498                     /usr/lib/jvm/java-8-openjdk/jre/lib/amd64/libjsoundalsa.so
7fd145128000-7fd145327000 ---p 0000f000 08:01 808498                     /usr/lib/jvm/java-8-openjdk/jre/lib/amd64/libjsoundalsa.so
7fd145327000-7fd145328000 rw-p 0000e000 08:01 808498                     /usr/lib/jvm/java-8-openjdk/jre/lib/amd64/libjsoundalsa.so
7fd145328000-7fd145329000 r-xp 00000000 08:01 808497                     /usr/lib/jvm/java-8-openjdk/jre/lib/amd64/libjsound.so
7fd145329000-7fd145528000 ---p 00001000 08:01 808497                     /usr/lib/jvm/java-8-openjdk/jre/lib/amd64/libjsound.so
7fd145528000-7fd145529000 rw-p 00000000 08:01 808497                     /usr/lib/jvm/java-8-openjdk/jre/lib/amd64/libjsound.so
7fd145529000-7fd145563000 r-xp 00000000 08:01 808478                     /usr/lib/jvm/java-8-openjdk/jre/lib/amd64/libjpeg.so
7fd145563000-7fd145762000 ---p 0003a000 08:01 808478                     /usr/lib/jvm/java-8-openjdk/jre/lib/amd64/libjpeg.so
7fd145762000-7fd145763000 rw-p 00039000 08:01 808478                     /usr/lib/jvm/java-8-openjdk/jre/lib/amd64/libjpeg.so
7fd145763000-7fd145766000 ---p 00000000 00:00 0 
7fd145766000-7fd145864000 rw-p 00000000 00:00 0                          [stack:1456]
7fd145864000-7fd145944000 rw-s 1018a1000 00:06 295                       /dev/dri/card0
7fd145944000-7fd145cc4000 rw-s 00000000 00:05 17132                      /drm mm object (deleted)
7fd145cc4000-7fd146044000 rw-s 00000000 00:05 17131                      /drm mm object (deleted)
7fd146044000-7fd146048000 r-xp 00000000 08:01 529541                     /usr/lib/libattr.so.1.1.0
7fd146048000-7fd146247000 ---p 00004000 08:01 529541                     /usr/lib/libattr.so.1.1.0
7fd146247000-7fd146248000 r--p 00003000 08:01 529541                     /usr/lib/libattr.so.1.1.0
7fd146248000-7fd146249000 rw-p 00004000 08:01 529541                     /usr/lib/libattr.so.1.1.0
7fd146249000-7fd14624d000 r-xp 00000000 08:01 529201                     /usr/lib/libcap.so.2.24
7fd14624d000-7fd14644c000 ---p 00004000 08:01 529201                     /usr/lib/libcap.so.2.24
7fd14644c000-7fd14644d000 rw-p 00003000 08:01 529201                     /usr/lib/libcap.so.2.24
7fd14644d000-7fd146461000 r-xp 00000000 08:01 531190                     /usr/lib/libresolv-2.22.so
7fd146461000-7fd146660000 ---p 00014000 08:01 531190                     /usr/lib/libresolv-2.22.so
7fd146660000-7fd146661000 r--p 00013000 08:01 531190                     /usr/lib/libresolv-2.22.so
7fd146661000-7fd146662000 rw-p 00014000 08:01 531190                     /usr/lib/libresolv-2.22.so
7fd146662000-7fd146664000 rw-p 00000000 00:00 0 
7fd146664000-7fd146666000 r-xp 00000000 08:01 536880                     /usr/lib/libXinerama.so.1.0.0
7fd146666000-7fd146865000 ---p 00002000 08:01 536880                     /usr/lib/libXinerama.so.1.0.0
7fd146865000-7fd146866000 r--p 00001000 08:01 536880                     /usr/lib/libXinerama.so.1.0.0
7fd146866000-7fd146867000 rw-p 00002000 08:01 536880                     /usr/lib/libXinerama.so.1.0.0
7fd146867000-7fd14686b000 r-xp 00000000 08:01 539013                     /usr/lib/libtxc_dxtn.so
7fd14686b000-7fd146a6a000 ---p 00004000 08:01 539013                     /usr/lib/libtxc_dxtn.so
7fd146a6a000-7fd146a6b000 r--p 00003000 08:01 539013                     /usr/lib/libtxc_dxtn.so
7fd146a6b000-7fd146a6c000 rw-p 00004000 08:01 539013                     /usr/lib/libtxc_dxtn.so
7fd146a6c000-7fd146a74000 r-xp 00000000 08:01 541442                     /usr/lib/libpciaccess.so.0.11.1
7fd146a74000-7fd146c74000 ---p 00008000 08:01 541442                     /usr/lib/libpciaccess.so.0.11.1
7fd146c74000-7fd146c75000 r--p 00008000 08:01 541442                     /usr/lib/libpciaccess.so.0.11.1
7fd146c75000-7fd146c76000 rw-p 00009000 08:01 541442                     /usr/lib/libpciaccess.so.0.11.1
7fd146c76000-7fd146de8000 r-xp 00000000 08:01 529818                     /usr/lib/libstdc++.so.6.0.21
7fd146de8000-7fd146fe8000 ---p 00172000 08:01 529818                     /usr/lib/libstdc++.so.6.0.21
7fd146fe8000-7fd146ff2000 r--p 00172000 08:01 529818                     /usr/lib/libstdc++.so.6.0.21
7fd146ff2000-7fd146ff4000 rw-p 0017c000 08:01 529818                     /usr/lib/libstdc++.so.6.0.21
7fd146ff4000-7fd146ff8000 rw-p 00000000 00:00 0 
7fd146ff8000-7fd147003000 r-xp 00000000 08:01 527936                     /usr/lib/libdrm_radeon.so.1.0.1
7fd147003000-7fd147202000 ---p 0000b000 08:01 527936                     /usr/lib/libdrm_radeon.so.1.0.1
7fd147202000-7fd147203000 r--p 0000a000 08:01 527936                     /usr/lib/libdrm_radeon.so.1.0.1
7fd147203000-7fd147204000 rw-p 0000b000 08:01 527936                     /usr/lib/libdrm_radeon.so.1.0.1
7fd147204000-7fd14720a000 r-xp 00000000 08:01 527933                     /usr/lib/libdrm_nouveau.so.2.0.0
7fd14720a000-7fd147409000 ---p 00006000 08:01 527933                     /usr/lib/libdrm_nouveau.so.2.0.0
7fd147409000-7fd14740a000 r--p 00005000 08:01 527933                     /usr/lib/libdrm_nouveau.so.2.0.0
7fd14740a000-7fd14740b000 rw-p 00006000 08:01 527933                     /usr/lib/libdrm_nouveau.so.2.0.0
7fd14740b000-7fd14742b000 r-xp 00000000 08:01 527932                     /usr/lib/libdrm_intel.so.1.0.0
7fd14742b000-7fd14762a000 ---p 00020000 08:01 527932                     /usr/lib/libdrm_intel.so.1.0.0
7fd14762a000-7fd14762b000 r--p 0001f000 08:01 527932                     /usr/lib/libdrm_intel.so.1.0.0
7fd14762b000-7fd14762c000 rw-p 00020000 08:01 527932                     /usr/lib/libdrm_intel.so.1.0.0
7fd14762c000-7fd147bc0000 r-xp 00000000 08:01 805151                     /usr/lib/xorg/modules/dri/i965_dri.so
7fd147bc0000-7fd147dc0000 ---p 00594000 08:01 805151                     /usr/lib/xorg/modules/dri/i965_dri.so
7fd147dc0000-7fd147deb000 r--p 00594000 08:01 805151                     /usr/lib/xorg/modules/dri/i965_dri.so
7fd147deb000-7fd147df1000 rw-p 005bf000 08:01 805151                     /usr/lib/xorg/modules/dri/i965_dri.so
7fd147df1000-7fd147df9000 rw-p 00000000 00:00 0 
7fd147df9000-7fd147dff000 r-xp 00000000 08:01 549486                     /usr/lib/mesa/libGLESv2.so.2.0.0
7fd147dff000-7fd147ffe000 ---p 00006000 08:01 549486                     /usr/lib/mesa/libGLESv2.so.2.0.0
7fd147ffe000-7fd147fff000 r--p 00005000 08:01 549486                     /usr/lib/mesa/libGLESv2.so.2.0.0
7fd147fff000-7fd148000000 rw-p 00006000 08:01 549486                     /usr/lib/mesa/libGLESv2.so.2.0.0
7fd148000000-7fd14b0d7000 rw-p 00000000 00:00 0 
7fd14b0d7000-7fd14c000000 ---p 00000000 00:00 0 
7fd14c066000-7fd14c146000 rw-s 1017c1000 00:06 295                       /dev/dri/card0
7fd14c146000-7fd14c18c000 r-xp 00000000 00:1f 34                         /tmp/jogamp_0000/file_cache/jln8892852710009238914/jln1471424174253250091/libjogl_mobile.so
7fd14c18c000-7fd14c38c000 ---p 00046000 00:1f 34                         /tmp/jogamp_0000/file_cache/jln8892852710009238914/jln1471424174253250091/libjogl_mobile.so
7fd14c38c000-7fd14c38d000 rw-p 00046000 00:1f 34                         /tmp/jogamp_0000/file_cache/jln8892852710009238914/jln1471424174253250091/libjogl_mobile.so
7fd14c38d000-7fd14c395000 r-xp 00000000 08:01 541266                     /usr/lib/libffi.so.6.0.4
7fd14c395000-7fd14c594000 ---p 00008000 08:01 541266                     /usr/lib/libffi.so.6.0.4
7fd14c594000-7fd14c595000 r--p 00007000 08:01 541266                     /usr/lib/libffi.so.6.0.4
7fd14c595000-7fd14c596000 rw-p 00008000 08:01 541266                     /usr/lib/libffi.so.6.0.4
7fd14c596000-7fd14c5a5000 r-xp 00000000 08:01 528307                     /usr/lib/libwayland-server.so.0.1.0
7fd14c5a5000-7fd14c7a5000 ---p 0000f000 08:01 528307                     /usr/lib/libwayland-server.so.0.1.0
7fd14c7a5000-7fd14c7a7000 r--p 0000f000 08:01 528307                     /usr/lib/libwayland-server.so.0.1.0
7fd14c7a7000-7fd14c7a8000 rw-p 00011000 08:01 528307                     /usr/lib/libwayland-server.so.0.1.0
7fd14c7a8000-7fd14c7b4000 r-xp 00000000 08:01 528308                     /usr/lib/libwayland-client.so.0.3.0
7fd14c7b4000-7fd14c9b3000 ---p 0000c000 08:01 528308                     /usr/lib/libwayland-client.so.0.3.0
7fd14c9b3000-7fd14c9b5000 r--p 0000b000 08:01 528308                     /usr/lib/libwayland-client.so.0.3.0
7fd14c9b5000-7fd14c9b6000 rw-p 0000d000 08:01 528308                     /usr/lib/libwayland-client.so.0.3.0
7fd14c9b6000-7fd14c9c2000 r-xp 00000000 08:01 542238                     /usr/lib/libgbm.so.1.0.0
7fd14c9c2000-7fd14cbc2000 ---p 0000c000 08:01 542238                     /usr/lib/libgbm.so.1.0.0
7fd14cbc2000-7fd14cbc3000 r--p 0000c000 08:01 542238                     /usr/lib/libgbm.so.1.0.0
7fd14cbc3000-7fd14cbc4000 rw-p 0000d000 08:01 542238                     /usr/lib/libgbm.so.1.0.0
7fd14cbc4000-7fd14cbea000 r-xp 00000000 08:01 549477                     /usr/lib/mesa/libEGL.so.1.0.0
7fd14cbea000-7fd14cde9000 ---p 00026000 08:01 549477                     /usr/lib/mesa/libEGL.so.1.0.0
7fd14cde9000-7fd14cdea000 r--p 00025000 08:01 549477                     /usr/lib/mesa/libEGL.so.1.0.0
7fd14cdea000-7fd14cdeb000 rw-p 00026000 08:01 549477                     /usr/lib/mesa/libEGL.so.1.0.0
7fd14cdeb000-7fd14cdef000 r-xp 00000000 08:01 549485                     /usr/lib/mesa/libGLESv1_CM.so.1.1.0
7fd14cdef000-7fd14cfee000 ---p 00004000 08:01 549485                     /usr/lib/mesa/libGLESv1_CM.so.1.1.0
7fd14cfee000-7fd14cfef000 r--p 00003000 08:01 549485                     /usr/lib/mesa/libGLESv1_CM.so.1.1.0
7fd14cfef000-7fd14cff0000 rw-p 00004000 08:01 549485                     /usr/lib/mesa/libGLESv1_CM.so.1.1.0
7fd14cff0000-7fd14d098000 r-xp 00000000 00:1f 33                         /tmp/jogamp_0000/file_cache/jln8892852710009238914/jln1471424174253250091/libjogl_desktop.so
7fd14d098000-7fd14d298000 ---p 000a8000 00:1f 33                         /tmp/jogamp_0000/file_cache/jln8892852710009238914/jln1471424174253250091/libjogl_desktop.so
7fd14d298000-7fd14d299000 rw-p 000a8000 00:1f 33                         /tmp/jogamp_0000/file_cache/jln8892852710009238914/jln1471424174253250091/libjogl_desktop.so
7fd14d299000-7fd14d2a7000 r-xp 00000000 08:01 527115                     /usr/lib/libdrm.so.2.4.0
7fd14d2a7000-7fd14d4a6000 ---p 0000e000 08:01 527115                     /usr/lib/libdrm.so.2.4.0
7fd14d4a6000-7fd14d4a7000 r--p 0000d000 08:01 527115                     /usr/lib/libdrm.so.2.4.0
7fd14d4a7000-7fd14d4a8000 rw-p 0000e000 08:01 527115                     /usr/lib/libdrm.so.2.4.0
7fd14d4a8000-7fd14d4a9000 r-xp 00000000 08:01 533872                     /usr/lib/libxshmfence.so.1.0.0
7fd14d4a9000-7fd14d6a9000 ---p 00001000 08:01 533872                     /usr/lib/libxshmfence.so.1.0.0
7fd14d6a9000-7fd14d6aa000 r--p 00001000 08:01 533872                     /usr/lib/libxshmfence.so.1.0.0
7fd14d6aa000-7fd14d6ab000 rw-p 00002000 08:01 533872                     /usr/lib/libxshmfence.so.1.0.0
7fd14d6ab000-7fd14d6b0000 r-xp 00000000 08:01 529817                     /usr/lib/libxcb-sync.so.1.0.0
7fd14d6b0000-7fd14d8b0000 ---p 00005000 08:01 529817                     /usr/lib/libxcb-sync.so.1.0.0
7fd14d8b0000-7fd14d8b1000 r--p 00005000 08:01 529817                     /usr/lib/libxcb-sync.so.1.0.0
7fd14d8b1000-7fd14d8b2000 rw-p 00006000 08:01 529817                     /usr/lib/libxcb-sync.so.1.0.0
7fd14d8b2000-7fd14d8b5000 r-xp 00000000 08:01 529362                     /usr/lib/libxcb-shape.so.0.0.0
7fd14d8b5000-7fd14dab4000 ---p 00003000 08:01 529362                     /usr/lib/libxcb-shape.so.0.0.0
7fd14dab4000-7fd14dab5000 r--p 00002000 08:01 529362                     /usr/lib/libxcb-shape.so.0.0.0
7fd14dab5000-7fd14dab6000 rw-p 00003000 08:01 529362                     /usr/lib/libxcb-shape.so.0.0.0
7fd14dab6000-7fd14dabf000 r-xp 00000000 08:01 528356                     /usr/lib/libxcb-render.so.0.0.0
7fd14dabf000-7fd14dcbe000 ---p 00009000 08:01 528356                     /usr/lib/libxcb-render.so.0.0.0
7fd14dcbe000-7fd14dcbf000 r--p 00008000 08:01 528356                     /usr/lib/libxcb-render.so.0.0.0
7fd14dcbf000-7fd14dcc0000 rw-p 00009000 08:01 528356                     /usr/lib/libxcb-render.so.0.0.0
7fd14dcc0000-7fd14dcc6000 r-xp 00000000 08:01 528352                     /usr/lib/libxcb-xfixes.so.0.0.0
7fd14dcc6000-7fd14dec6000 ---p 00006000 08:01 528352                     /usr/lib/libxcb-xfixes.so.0.0.0
7fd14dec6000-7fd14dec7000 r--p 00006000 08:01 528352                     /usr/lib/libxcb-xfixes.so.0.0.0
7fd14dec7000-7fd14dec8000 rw-p 00007000 08:01 528352                     /usr/lib/libxcb-xfixes.so.0.0.0
7fd14dec8000-7fd14ded5000 r-xp 00000000 08:01 533843                     /usr/lib/libxcb-randr.so.0.1.0
7fd14ded5000-7fd14e0d4000 ---p 0000d000 08:01 533843                     /usr/lib/libxcb-randr.so.0.1.0
7fd14e0d4000-7fd14e0d5000 r--p 0000c000 08:01 533843                     /usr/lib/libxcb-randr.so.0.1.0
7fd14e0d5000-7fd14e0d6000 rw-p 0000d000 08:01 533843                     /usr/lib/libxcb-randr.so.0.1.0
7fd14e0d6000-7fd14e0d8000 r-xp 00000000 08:01 529793                     /usr/lib/libxcb-present.so.0.0.0
7fd14e0d8000-7fd14e2d7000 ---p 00002000 08:01 529793                     /usr/lib/libxcb-present.so.0.0.0
7fd14e2d7000-7fd14e2d8000 r--p 00001000 08:01 529793                     /usr/lib/libxcb-present.so.0.0.0
7fd14e2d8000-7fd14e2d9000 rw-p 00002000 08:01 529793                     /usr/lib/libxcb-present.so.0.0.0
7fd14e2d9000-7fd14e2db000 r-xp 00000000 08:01 528363                     /usr/lib/libxcb-dri3.so.0.0.0
7fd14e2db000-7fd14e4da000 ---p 00002000 08:01 528363                     /usr/lib/libxcb-dri3.so.0.0.0
7fd14e4da000-7fd14e4db000 r--p 00001000 08:01 528363                     /usr/lib/libxcb-dri3.so.0.0.0
7fd14e4db000-7fd14e4dc000 rw-p 00002000 08:01 528363                     /usr/lib/libxcb-dri3.so.0.0.0
7fd14e4dc000-7fd14e4e0000 r-xp 00000000 08:01 529380                     /usr/lib/libxcb-dri2.so.0.0.0
7fd14e4e0000-7fd14e6df000 ---p 00004000 08:01 529380                     /usr/lib/libxcb-dri2.so.0.0.0
7fd14e6df000-7fd14e6e0000 r--p 00003000 08:01 529380                     /usr/lib/libxcb-dri2.so.0.0.0
7fd14e6e0000-7fd14e6e1000 rw-p 00004000 08:01 529380                     /usr/lib/libxcb-dri2.so.0.0.0
7fd14e6e1000-7fd14e6f8000 r-xp 00000000 08:01 528362                     /usr/lib/libxcb-glx.so.0.0.0
7fd14e6f8000-7fd14e8f8000 ---p 00017000 08:01 528362                     /usr/lib/libxcb-glx.so.0.0.0
7fd14e8f8000-7fd14e8fa000 r--p 00017000 08:01 528362                     /usr/lib/libxcb-glx.so.0.0.0
7fd14e8fa000-7fd14e8fb000 rw-p 00019000 08:01 528362                     /usr/lib/libxcb-glx.so.0.0.0
7fd14e8fb000-7fd14e8fc000 r-xp 00000000 08:01 526139                     /usr/lib/libX11-xcb.so.1.0.0
7fd14e8fc000-7fd14eafb000 ---p 00001000 08:01 526139                     /usr/lib/libX11-xcb.so.1.0.0
7fd14eafb000-7fd14eafc000 r--p 00000000 08:01 526139                     /usr/lib/libX11-xcb.so.1.0.0
7fd14eafc000-7fd14eafd000 rw-p 00001000 08:01 526139                     /usr/lib/libX11-xcb.so.1.0.0
7fd14eafd000-7fd14eaff000 r-xp 00000000 08:01 533862                     /usr/lib/libXdamage.so.1.1.0
7fd14eaff000-7fd14ecfe000 ---p 00002000 08:01 533862                     /usr/lib/libXdamage.so.1.1.0
7fd14ecfe000-7fd14ecff000 r--p 00001000 08:01 533862                     /usr/lib/libXdamage.so.1.1.0
7fd14ecff000-7fd14ed00000 rw-p 00002000 08:01 533862                     /usr/lib/libXdamage.so.1.1.0
7fd14ed00000-7fd14ed28000 r-xp 00000000 08:01 542241                     /usr/lib/libglapi.so.0.0.0
7fd14ed28000-7fd14ef28000 ---p 00028000 08:01 542241                     /usr/lib/libglapi.so.0.0.0
7fd14ef28000-7fd14ef2c000 r--p 00028000 08:01 542241                     /usr/lib/libglapi.so.0.0.0
7fd14ef2c000-7fd14ef2d000 rw-p 0002c000 08:01 542241                     /usr/lib/libglapi.so.0.0.0
7fd14ef2d000-7fd14ef2e000 rw-p 00000000 00:00 0 
7fd14ef2e000-7fd14ef55000 r-xp 00000000 08:01 533710                     /usr/lib/libexpat.so.1.6.0
7fd14ef55000-7fd14f154000 ---p 00027000 08:01 533710                     /usr/lib/libexpat.so.1.6.0
7fd14f154000-7fd14f157000 r--p 00026000 08:01 533710                     /usr/lib/libexpat.so.1.6.0
7fd14f157000-7fd14f158000 rw-p 00029000 08:01 533710                     /usr/lib/libexpat.so.1.6.0
7fd14f158000-7fd14f1ec000 r-xp 00000000 08:01 549476                     /usr/lib/mesa/libGL.so.1.2.0
7fd14f1ec000-7fd14f3eb000 ---p 00094000 08:01 549476                     /usr/lib/mesa/libGL.so.1.2.0
7fd14f3eb000-7fd14f3ee000 r--p 00093000 08:01 549476                     /usr/lib/mesa/libGL.so.1.2.0
7fd14f3ee000-7fd14f3ef000 rw-p 00096000 08:01 549476                     /usr/lib/mesa/libGL.so.1.2.0
7fd14f3ef000-7fd14f5f0000 rw-p 00000000 00:00 0 
7fd14f5f0000-7fd14f7f0000 rw-p 00000000 00:00 0 
7fd14f7f0000-7fd14f7f7000 r-xp 00000000 00:1f 36                         /tmp/jogamp_0000/file_cache/jln8892852710009238914/jln1471424174253250091/libnativewindow_x11.so
7fd14f7f7000-7fd14f9f6000 ---p 00007000 00:1f 36                         /tmp/jogamp_0000/file_cache/jln8892852710009238914/jln1471424174253250091/libnativewindow_x11.so
7fd14f9f6000-7fd14f9f7000 rw-p 00006000 00:1f 36                         /tmp/jogamp_0000/file_cache/jln8892852710009238914/jln1471424174253250091/libnativewindow_x11.so
7fd14f9f7000-7fd14f9fc000 r-xp 00000000 08:01 533875                     /usr/lib/libXxf86vm.so.1.0.0
7fd14f9fc000-7fd14fbfb000 ---p 00005000 08:01 533875                     /usr/lib/libXxf86vm.so.1.0.0
7fd14fbfb000-7fd14fbfc000 r--p 00004000 08:01 533875                     /usr/lib/libXxf86vm.so.1.0.0
7fd14fbfc000-7fd14fbfd000 rw-p 00005000 08:01 533875                     /usr/lib/libXxf86vm.so.1.0.0
7fd14fbfd000-7fd14fbff000 r-xp 00000000 00:1f 35                         /tmp/jogamp_0000/file_cache/jln8892852710009238914/jln1471424174253250091/libnativewindow_awt.so
7fd14fbff000-7fd14fdfe000 ---p 00002000 00:1f 35                         /tmp/jogamp_0000/file_cache/jln8892852710009238914/jln1471424174253250091/libnativewindow_awt.so
7fd14fdfe000-7fd14fdff000 rw-p 00001000 00:1f 35                         /tmp/jogamp_0000/file_cache/jln8892852710009238914/jln1471424174253250091/libnativewindow_awt.so
7fd14fdff000-7fd14fe00000 r-xp 00000000 08:01 808484                     /usr/lib/jvm/java-8-openjdk/jre/lib/amd64/libjawt.so
7fd14fe00000-7fd14ffff000 ---p 00001000 08:01 808484                     /usr/lib/jvm/java-8-openjdk/jre/lib/amd64/libjawt.so
7fd14ffff000-7fd150000000 rw-p 00000000 08:01 808484                     /usr/lib/jvm/java-8-openjdk/jre/lib/amd64/libjawt.so
7fd150000000-7fd1518bb000 rw-p 00000000 00:00 0 
7fd1518bb000-7fd154000000 ---p 00000000 00:00 0 
7fd154000000-7fd154021000 rw-p 00000000 00:00 0 
7fd154021000-7fd158000000 ---p 00000000 00:00 0 
7fd158000000-7fd15993d000 rw-p 00000000 00:00 0 
7fd15993d000-7fd15c000000 ---p 00000000 00:00 0 
7fd15c000000-7fd15c021000 rw-p 00000000 00:00 0 
7fd15c021000-7fd160000000 ---p 00000000 00:00 0 
7fd160000000-7fd160021000 rw-p 00000000 00:00 0 
7fd160021000-7fd164000000 ---p 00000000 00:00 0 
7fd164000000-7fd164021000 rw-p 00000000 00:00 0 
7fd164021000-7fd168000000 ---p 00000000 00:00 0 
7fd168000000-7fd168021000 rw-p 00000000 00:00 0 
7fd168021000-7fd16c000000 ---p 00000000 00:00 0 
7fd16c000000-7fd16c021000 rw-p 00000000 00:00 0 
7fd16c021000-7fd170000000 ---p 00000000 00:00 0 
7fd170000000-7fd17019b000 rw-p 00000000 00:00 0 
7fd17019b000-7fd174000000 ---p 00000000 00:00 0 
7fd174000000-7fd17436b000 rw-p 00000000 00:00 0 
7fd17436b000-7fd178000000 ---p 00000000 00:00 0 
7fd178000000-7fd178021000 rw-p 00000000 00:00 0 
7fd178021000-7fd17c000000 ---p 00000000 00:00 0 
7fd17c000000-7fd17c1c1000 rw-p 00000000 00:00 0 
7fd17c1c1000-7fd180000000 ---p 00000000 00:00 0 
7fd180000000-7fd180021000 rw-p 00000000 00:00 0 
7fd180021000-7fd184000000 ---p 00000000 00:00 0 
7fd184000000-7fd184021000 rw-p 00000000 00:00 0 
7fd184021000-7fd188000000 ---p 00000000 00:00 0 
7fd188000000-7fd188021000 rw-p 00000000 00:00 0 
7fd188021000-7fd18c000000 ---p 00000000 00:00 0 
7fd18c000000-7fd18c021000 rw-p 00000000 00:00 0 
7fd18c021000-7fd190000000 ---p 00000000 00:00 0 
7fd190000000-7fd190021000 rw-p 00000000 00:00 0 
7fd190021000-7fd194000000 ---p 00000000 00:00 0 
7fd194072000-7fd194074000 r-xp 00000000 00:1f 32                         /tmp/jogamp_0000/file_cache/jln8892852710009238914/jln1471424174253250091/libgluegen-rt.so
7fd194074000-7fd194274000 ---p 00002000 00:1f 32                         /tmp/jogamp_0000/file_cache/jln8892852710009238914/jln1471424174253250091/libgluegen-rt.so
7fd194274000-7fd194275000 rw-p 00002000 00:1f 32                         /tmp/jogamp_0000/file_cache/jln8892852710009238914/jln1471424174253250091/libgluegen-rt.so
7fd194275000-7fd194278000 ---p 00000000 00:00 0 
7fd194278000-7fd194376000 rw-p 00000000 00:00 0                          [stack:1455]
7fd194376000-7fd194387000 r-xp 00000000 08:01 808480                     /usr/lib/jvm/java-8-openjdk/jre/lib/amd64/libnio.so
7fd194387000-7fd194586000 ---p 00011000 08:01 808480                     /usr/lib/jvm/java-8-openjdk/jre/lib/amd64/libnio.so
7fd194586000-7fd194587000 rw-p 00010000 08:01 808480                     /usr/lib/jvm/java-8-openjdk/jre/lib/amd64/libnio.so
7fd194587000-7fd19459d000 r-xp 00000000 08:01 808470                     /usr/lib/jvm/java-8-openjdk/jre/lib/amd64/libnet.so
7fd19459d000-7fd19479d000 ---p 00016000 08:01 808470                     /usr/lib/jvm/java-8-openjdk/jre/lib/amd64/libnet.so
7fd19479d000-7fd19479e000 rw-p 00016000 08:01 808470                     /usr/lib/jvm/java-8-openjdk/jre/lib/amd64/libnet.so
7fd19479e000-7fd19499e000 rw-p 00000000 00:00 0 
7fd19499e000-7fd1949a1000 ---p 00000000 00:00 0 
7fd1949a1000-7fd194a9f000 rw-p 00000000 00:00 0                          [stack:1446]
7fd194a9f000-7fd194aa2000 ---p 00000000 00:00 0 
7fd194aa2000-7fd194da0000 rw-p 00000000 00:00 0                          [stack:1445]
7fd194da0000-7fd194da3000 ---p 00000000 00:00 0 
7fd194da3000-7fd194ea1000 rw-p 00000000 00:00 0                          [stack:1444]
7fd194ea1000-7fd194ea4000 ---p 00000000 00:00 0 
7fd194ea4000-7fd194fa2000 rw-p 00000000 00:00 0                          [stack:1443]
7fd194fa2000-7fd194fa7000 r-xp 00000000 08:01 529523                     /usr/lib/libXfixes.so.3.1.0
7fd194fa7000-7fd1951a6000 ---p 00005000 08:01 529523                     /usr/lib/libXfixes.so.3.1.0
7fd1951a6000-7fd1951a7000 r--p 00004000 08:01 529523                     /usr/lib/libXfixes.so.3.1.0
7fd1951a7000-7fd1951a8000 rw-p 00005000 08:01 529523                     /usr/lib/libXfixes.so.3.1.0
7fd1951a8000-7fd1951b2000 r-xp 00000000 08:01 536185                     /usr/lib/libXcursor.so.1.0.2
7fd1951b2000-7fd1953b1000 ---p 0000a000 08:01 536185                     /usr/lib/libXcursor.so.1.0.2
7fd1953b1000-7fd1953b2000 r--p 00009000 08:01 536185                     /usr/lib/libXcursor.so.1.0.2
7fd1953b2000-7fd1953b3000 rw-p 0000a000 08:01 536185                     /usr/lib/libXcursor.so.1.0.2
7fd1953b3000-7fd195422000 r-xp 00000000 08:01 528211                     /usr/lib/libpcre.so.1.2.5
7fd195422000-7fd195621000 ---p 0006f000 08:01 528211                     /usr/lib/libpcre.so.1.2.5
7fd195621000-7fd195622000 r--p 0006e000 08:01 528211                     /usr/lib/libpcre.so.1.2.5
7fd195622000-7fd195623000 rw-p 0006f000 08:01 528211                     /usr/lib/libpcre.so.1.2.5
7fd195623000-7fd19564c000 r-xp 00000000 08:01 531409                     /usr/lib/libgraphite2.so.3.0.1
7fd19564c000-7fd19584c000 ---p 00029000 08:01 531409                     /usr/lib/libgraphite2.so.3.0.1
7fd19584c000-7fd19584e000 r--p 00029000 08:01 531409                     /usr/lib/libgraphite2.so.3.0.1
7fd19584e000-7fd19584f000 rw-p 0002b000 08:01 531409                     /usr/lib/libgraphite2.so.3.0.1
7fd19584f000-7fd19595b000 r-xp 00000000 08:01 533722                     /usr/lib/libglib-2.0.so.0.4400.1
7fd19595b000-7fd195b5a000 ---p 0010c000 08:01 533722                     /usr/lib/libglib-2.0.so.0.4400.1
7fd195b5a000-7fd195b5b000 r--p 0010b000 08:01 533722                     /usr/lib/libglib-2.0.so.0.4400.1
7fd195b5b000-7fd195b5c000 rw-p 0010c000 08:01 533722                     /usr/lib/libglib-2.0.so.0.4400.1
7fd195b5c000-7fd195b5d000 rw-p 00000000 00:00 0 
7fd195b5d000-7fd195bbc000 r-xp 00000000 08:01 540320                     /usr/lib/libharfbuzz.so.0.10000.3
7fd195bbc000-7fd195dbc000 ---p 0005f000 08:01 540320                     /usr/lib/libharfbuzz.so.0.10000.3
7fd195dbc000-7fd195dbd000 r--p 0005f000 08:01 540320                     /usr/lib/libharfbuzz.so.0.10000.3
7fd195dbd000-7fd195dbe000 rw-p 00060000 08:01 540320                     /usr/lib/libharfbuzz.so.0.10000.3
7fd195dbe000-7fd195df2000 r-xp 00000000 08:01 525327                     /usr/lib/libpng16.so.16.18.0
7fd195df2000-7fd195ff1000 ---p 00034000 08:01 525327                     /usr/lib/libpng16.so.16.18.0
7fd195ff1000-7fd195ff2000 r--p 00033000 08:01 525327                     /usr/lib/libpng16.so.16.18.0
7fd195ff2000-7fd195ff3000 rw-p 00034000 08:01 525327                     /usr/lib/libpng16.so.16.18.0
7fd195ff3000-7fd196002000 r-xp 00000000 08:01 529544                     /usr/lib/libbz2.so.1.0.6
7fd196002000-7fd196201000 ---p 0000f000 08:01 529544                     /usr/lib/libbz2.so.1.0.6
7fd196201000-7fd196203000 rw-p 0000e000 08:01 529544                     /usr/lib/libbz2.so.1.0.6
7fd196203000-7fd196219000 r-xp 00000000 08:01 527876                     /usr/lib/libgcc_s.so.1
7fd196219000-7fd196418000 ---p 00016000 08:01 527876                     /usr/lib/libgcc_s.so.1
7fd196418000-7fd196419000 rw-p 00015000 08:01 527876                     /usr/lib/libgcc_s.so.1
7fd196419000-7fd1964ce000 r-xp 00000000 08:01 543599                     /usr/lib/libfreetype.so.6.12.0
7fd1964ce000-7fd1966cd000 ---p 000b5000 08:01 543599                     /usr/lib/libfreetype.so.6.12.0
7fd1966cd000-7fd1966d3000 r--p 000b4000 08:01 543599                     /usr/lib/libfreetype.so.6.12.0
7fd1966d3000-7fd1966d4000 rw-p 000ba000 08:01 543599                     /usr/lib/libfreetype.so.6.12.0
7fd1966d4000-7fd196736000 r-xp 00000000 08:01 808485                     /usr/lib/jvm/java-8-openjdk/jre/lib/amd64/libfontmanager.so
7fd196736000-7fd196936000 ---p 00062000 08:01 808485                     /usr/lib/jvm/java-8-openjdk/jre/lib/amd64/libfontmanager.so
7fd196936000-7fd19693a000 rw-p 00062000 08:01 808485                     /usr/lib/jvm/java-8-openjdk/jre/lib/amd64/libfontmanager.so
7fd19693a000-7fd19693f000 r-xp 00000000 08:01 527809                     /usr/lib/libXdmcp.so.6.0.0
7fd19693f000-7fd196b3e000 ---p 00005000 08:01 527809                     /usr/lib/libXdmcp.so.6.0.0
7fd196b3e000-7fd196b3f000 r--p 00004000 08:01 527809                     /usr/lib/libXdmcp.so.6.0.0
7fd196b3f000-7fd196b40000 rw-p 00005000 08:01 527809                     /usr/lib/libXdmcp.so.6.0.0
7fd196b40000-7fd196b42000 r-xp 00000000 08:01 529519                     /usr/lib/libXau.so.6.0.0
7fd196b42000-7fd196d42000 ---p 00002000 08:01 529519                     /usr/lib/libXau.so.6.0.0
7fd196d42000-7fd196d43000 r--p 00002000 08:01 529519                     /usr/lib/libXau.so.6.0.0
7fd196d43000-7fd196d44000 rw-p 00003000 08:01 529519                     /usr/lib/libXau.so.6.0.0
7fd196d44000-7fd196d65000 r-xp 00000000 08:01 529365                     /usr/lib/libxcb.so.1.1.0
7fd196d65000-7fd196f65000 ---p 00021000 08:01 529365                     /usr/lib/libxcb.so.1.1.0
7fd196f65000-7fd196f66000 r--p 00021000 08:01 529365                     /usr/lib/libxcb.so.1.1.0
7fd196f66000-7fd196f67000 rw-p 00022000 08:01 529365                     /usr/lib/libxcb.so.1.1.0
7fd196f67000-7fd196f76000 r-xp 00000000 08:01 536189                     /usr/lib/libXi.so.6.1.0
7fd196f76000-7fd197175000 ---p 0000f000 08:01 536189                     /usr/lib/libXi.so.6.1.0
7fd197175000-7fd197176000 r--p 0000e000 08:01 536189                     /usr/lib/libXi.so.6.1.0
7fd197176000-7fd197177000 rw-p 0000f000 08:01 536189                     /usr/lib/libXi.so.6.1.0
7fd197177000-7fd19717c000 r-xp 00000000 08:01 536888                     /usr/lib/libXtst.so.6.1.0
7fd19717c000-7fd19737b000 ---p 00005000 08:01 536888                     /usr/lib/libXtst.so.6.1.0
7fd19737b000-7fd19737c000 r--p 00004000 08:01 536888                     /usr/lib/libXtst.so.6.1.0
7fd19737c000-7fd19737d000 rw-p 00005000 08:01 536888                     /usr/lib/libXtst.so.6.1.0
7fd19737d000-7fd197386000 r-xp 00000000 08:01 536201                     /usr/lib/libXrender.so.1.3.0
7fd197386000-7fd197585000 ---p 00009000 08:01 536201                     /usr/lib/libXrender.so.1.3.0
7fd197585000-7fd197586000 r--p 00008000 08:01 536201                     /usr/lib/libXrender.so.1.3.0
7fd197586000-7fd197587000 rw-p 00009000 08:01 536201                     /usr/lib/libXrender.so.1.3.0
7fd197587000-7fd1976c2000 r-xp 00000000 08:01 526138                     /usr/lib/libX11.so.6.3.0
7fd1976c2000-7fd1978c1000 ---p 0013b000 08:01 526138                     /usr/lib/libX11.so.6.3.0
7fd1978c1000-7fd1978c3000 r--p 0013a000 08:01 526138                     /usr/lib/libX11.so.6.3.0
7fd1978c3000-7fd1978c8000 rw-p 0013c000 08:01 526138                     /usr/lib/libX11.so.6.3.0
7fd1978c8000-7fd1978c9000 rw-p 00000000 00:00 0 
7fd1978c9000-7fd1978da000 r-xp 00000000 08:01 527813                     /usr/lib/libXext.so.6.4.0
7fd1978da000-7fd197ad9000 ---p 00011000 08:01 527813                     /usr/lib/libXext.so.6.4.0
7fd197ad9000-7fd197ada000 r--p 00010000 08:01 527813                     /usr/lib/libXext.so.6.4.0
7fd197ada000-7fd197adb000 rw-p 00011000 08:01 527813                     /usr/lib/libXext.so.6.4.0
7fd197adb000-7fd197b2e000 r-xp 00000000 08:01 808482                     /usr/lib/jvm/java-8-openjdk/jre/lib/amd64/libawt_xawt.so
7fd197b2e000-7fd197d2e000 ---p 00053000 08:01 808482                     /usr/lib/jvm/java-8-openjdk/jre/lib/amd64/libawt_xawt.so
7fd197d2e000-7fd197d31000 rw-p 00053000 08:01 808482                     /usr/lib/jvm/java-8-openjdk/jre/lib/amd64/libawt_xawt.so
7fd197d31000-7fd197d32000 rw-p 00000000 00:00 0 
7fd197d32000-7fd197dd0000 r-xp 00000000 08:01 808479                     /usr/lib/jvm/java-8-openjdk/jre/lib/amd64/libawt.so
7fd197dd0000-7fd197fd0000 ---p 0009e000 08:01 808479                     /usr/lib/jvm/java-8-openjdk/jre/lib/amd64/libawt.so
7fd197fd0000-7fd197fdc000 rw-p 0009e000 08:01 808479                     /usr/lib/jvm/java-8-openjdk/jre/lib/amd64/libawt.so
7fd197fdc000-7fd198000000 rw-p 00000000 00:00 0 
7fd198000000-7fd198021000 rw-p 00000000 00:00 0 
7fd198021000-7fd19c000000 ---p 00000000 00:00 0 
7fd19c076000-7fd19c094000 r-xp 00000000 08:01 549416                     /usr/lib/libudev.so.1.6.4
7fd19c094000-7fd19c095000 r--p 0001d000 08:01 549416                     /usr/lib/libudev.so.1.6.4
7fd19c095000-7fd19c096000 rw-p 0001e000 08:01 549416                     /usr/lib/libudev.so.1.6.4
7fd19c0b2000-7fd19c0ba000 rw-s 00000000 00:05 18574                      /drm mm object (deleted)
7fd19c0ba000-7fd19c0c2000 rw-s 00000000 00:05 18143                      /drm mm object (deleted)
7fd19c0c2000-7fd19c0ca000 rw-s 00000000 00:05 18117                      /drm mm object (deleted)
7fd19c0ca000-7fd19c0cd000 ---p 00000000 00:00 0 
7fd19c0cd000-7fd19c1cb000 rw-p 00000000 00:00 0                          [stack:1442]
7fd19c1cb000-7fd19c1cc000 ---p 00000000 00:00 0 
7fd19c1cc000-7fd19c2cc000 rw-p 00000000 00:00 0                          [stack:1441]
7fd19c2cc000-7fd19c2cf000 ---p 00000000 00:00 0 
7fd19c2cf000-7fd19c3cd000 rw-p 00000000 00:00 0                          [stack:1440]
7fd19c3cd000-7fd19c3d0000 ---p 00000000 00:00 0 
7fd19c3d0000-7fd19c4ce000 rw-p 00000000 00:00 0                          [stack:1439]
7fd19c4ce000-7fd19c4d1000 ---p 00000000 00:00 0 
7fd19c4d1000-7fd19c5cf000 rw-p 00000000 00:00 0                          [stack:1438]
7fd19c5cf000-7fd19c5d2000 ---p 00000000 00:00 0 
7fd19c5d2000-7fd19c6d0000 rw-p 00000000 00:00 0                          [stack:1437]
7fd19c6d0000-7fd19c6d3000 ---p 00000000 00:00 0 
7fd19c6d3000-7fd19c7d1000 rw-p 00000000 00:00 0                          [stack:1436]
7fd19c7d1000-7fd19c95f000 r--p 00000000 08:01 543557                     /usr/lib/locale/locale-archive
7fd19c95f000-7fd19c962000 ---p 00000000 00:00 0 
7fd19c962000-7fd19ca60000 rw-p 00000000 00:00 0                          [stack:1435]
7fd19ca60000-7fd19ca63000 ---p 00000000 00:00 0 
7fd19ca63000-7fd19cb61000 rw-p 00000000 00:00 0                          [stack:1433]
7fd19cb61000-7fd19cb62000 ---p 00000000 00:00 0 
7fd19cb62000-7fd1a0000000 rw-p 00000000 00:00 0                          [stack:1430]
7fd1a0000000-7fd1a0021000 rw-p 00000000 00:00 0 
7fd1a0021000-7fd1a4000000 ---p 00000000 00:00 0 
7fd1a4004000-7fd1a4005000 rw-p 00000000 00:00 0 
7fd1a4005000-7fd1a4006000 rw-s 1017c0000 00:06 295                       /dev/dri/card0
7fd1a4006000-7fd1a400e000 rw-s 00000000 00:05 17121                      /drm mm object (deleted)
7fd1a400e000-7fd1a400f000 rwxp 00000000 00:00 0 
7fd1a400f000-7fd1a4017000 rw-s 00000000 00:05 18106                      /drm mm object (deleted)
7fd1a4017000-7fd1a401f000 rw-s 00000000 00:05 18087                      /drm mm object (deleted)
7fd1a401f000-7fd1a4027000 rw-s 00000000 00:05 18083                      /drm mm object (deleted)
7fd1a4027000-7fd1a402a000 ---p 00000000 00:00 0 
7fd1a402a000-7fd1a4060000 rw-p 00000000 00:00 0                          [stack:1450]
7fd1a4060000-7fd1a4073000 r--s 00345000 08:01 807886                     /usr/lib/jvm/java-8-openjdk/jre/lib/resources.jar
7fd1a4073000-7fd1a4094000 r--s 002d0000 08:11 402                        /run/media/b/Files/SWEN222/Lunarcy-Repo/Lunarcy/jogl-all.jar
7fd1a4094000-7fd1a4245000 rw-p 00000000 00:00 0 
7fd1a4245000-7fd1a4413000 r--s 03bde000 08:01 808439                     /usr/lib/jvm/java-8-openjdk/jre/lib/rt.jar
7fd1a4413000-7fd1a4662000 rw-p 00000000 00:00 0 
7fd1a4662000-7fd1a4663000 ---p 00000000 00:00 0 
7fd1a4663000-7fd1a4763000 rw-p 00000000 00:00 0                          [stack:1428]
7fd1a4763000-7fd1a4764000 ---p 00000000 00:00 0 
7fd1a4764000-7fd1a4864000 rw-p 00000000 00:00 0                          [stack:1427]
7fd1a4864000-7fd1a4865000 ---p 00000000 00:00 0 
7fd1a4865000-7fd1a4965000 rw-p 00000000 00:00 0                          [stack:1426]
7fd1a4965000-7fd1a4966000 ---p 00000000 00:00 0 
7fd1a4966000-7fd1a4a7a000 rw-p 00000000 00:00 0                          [stack:1425]
7fd1a4a7a000-7fd1a4ba1000 ---p 00000000 00:00 0 
7fd1a4ba1000-7fd1a4bb3000 rw-p 00000000 00:00 0 
7fd1a4bb3000-7fd1a4c3f000 ---p 00000000 00:00 0 
7fd1a4c3f000-7fd1a4c4f000 rw-p 00000000 00:00 0 
7fd1a4c4f000-7fd1a5000000 ---p 00000000 00:00 0 
7fd1a5000000-7fd1a5390000 rwxp 00000000 00:00 0 
7fd1a5390000-7fd1b4000000 ---p 00000000 00:00 0 
7fd1b4000000-7fd1b4377000 rw-p 00000000 00:00 0 
7fd1b4377000-7fd1b8000000 ---p 00000000 00:00 0 
7fd1b8000000-7fd1b8001000 rw-s 00000000 00:05 18084                      /drm mm object (deleted)
7fd1b8001000-7fd1b8002000 rw-s 1017bf000 00:06 295                       /dev/dri/card0
7fd1b8002000-7fd1b8003000 r--p 00000000 00:00 0 
7fd1b8003000-7fd1b8007000 r--s 00095000 08:01 807885                     /usr/lib/jvm/java-8-openjdk/jre/lib/jsse.jar
7fd1b8007000-7fd1b800a000 r--s 00017000 08:11 408                        /run/media/b/Files/SWEN222/Lunarcy-Repo/Lunarcy/tritonus_share.jar
7fd1b800a000-7fd1b800b000 r--s 00002000 08:11 407                        /run/media/b/Files/SWEN222/Lunarcy-Repo/Lunarcy/tritonus_aos.jar
7fd1b800b000-7fd1b800c000 r--s 00005000 08:11 406                        /run/media/b/Files/SWEN222/Lunarcy-Repo/Lunarcy/mp3spi1.9.4.jar
7fd1b800c000-7fd1b800f000 r--s 00016000 08:11 405                        /run/media/b/Files/SWEN222/Lunarcy-Repo/Lunarcy/minim.jar
7fd1b800f000-7fd1b8011000 r--s 0000a000 08:11 404                        /run/media/b/Files/SWEN222/Lunarcy-Repo/Lunarcy/jsminim.jar
7fd1b8011000-7fd1b8014000 r--s 00017000 08:11 403                        /run/media/b/Files/SWEN222/Lunarcy-Repo/Lunarcy/jl1.0.jar
7fd1b8014000-7fd1b8015000 r--s 0002d000 08:11 401                        /run/media/b/Files/SWEN222/Lunarcy-Repo/Lunarcy/jogl-all-natives-windows-i586.jar
7fd1b8015000-7fd1b8016000 r--s 00034000 08:11 400                        /run/media/b/Files/SWEN222/Lunarcy-Repo/Lunarcy/jogl-all-natives-windows-amd64.jar
7fd1b8016000-7fd1b8017000 r--s 00063000 08:11 399                        /run/media/b/Files/SWEN222/Lunarcy-Repo/Lunarcy/jogl-all-natives-macosx-universal.jar
7fd1b8017000-7fd1b8019000 r--s 00030000 08:11 398                        /run/media/b/Files/SWEN222/Lunarcy-Repo/Lunarcy/jogl-all-natives-linux-i586.jar
7fd1b8019000-7fd1b801a000 r--s 00022000 08:11 397                        /run/media/b/Files/SWEN222/Lunarcy-Repo/Lunarcy/jogl-all-natives-linux-armv6hf.jar
7fd1b801a000-7fd1b802e000 rw-p 00000000 00:00 0 
7fd1b802e000-7fd1b8156000 ---p 00000000 00:00 0 
7fd1b8156000-7fd1b815e000 r-xp 00000000 08:01 808467                     /usr/lib/jvm/java-8-openjdk/jre/lib/amd64/libzip.so
7fd1b815e000-7fd1b835d000 ---p 00008000 08:01 808467                     /usr/lib/jvm/java-8-openjdk/jre/lib/amd64/libzip.so
7fd1b835d000-7fd1b835e000 rw-p 00007000 08:01 808467                     /usr/lib/jvm/java-8-openjdk/jre/lib/amd64/libzip.so
7fd1b835e000-7fd1b8369000 r-xp 00000000 08:01 531183                     /usr/lib/libnss_files-2.22.so
7fd1b8369000-7fd1b8568000 ---p 0000b000 08:01 531183                     /usr/lib/libnss_files-2.22.so
7fd1b8568000-7fd1b8569000 r--p 0000a000 08:01 531183                     /usr/lib/libnss_files-2.22.so
7fd1b8569000-7fd1b856a000 rw-p 0000b000 08:01 531183                     /usr/lib/libnss_files-2.22.so
7fd1b856a000-7fd1b8570000 rw-p 00000000 00:00 0 
7fd1b8570000-7fd1b859c000 r-xp 00000000 08:01 808466                     /usr/lib/jvm/java-8-openjdk/jre/lib/amd64/libjava.so
7fd1b859c000-7fd1b879c000 ---p 0002c000 08:01 808466                     /usr/lib/jvm/java-8-openjdk/jre/lib/amd64/libjava.so
7fd1b879c000-7fd1b879e000 rw-p 0002c000 08:01 808466                     /usr/lib/jvm/java-8-openjdk/jre/lib/amd64/libjava.so
7fd1b879e000-7fd1b87ab000 r-xp 00000000 08:01 808459                     /usr/lib/jvm/java-8-openjdk/jre/lib/amd64/libverify.so
7fd1b87ab000-7fd1b89aa000 ---p 0000d000 08:01 808459                     /usr/lib/jvm/java-8-openjdk/jre/lib/amd64/libverify.so
7fd1b89aa000-7fd1b89ac000 rw-p 0000c000 08:01 808459                     /usr/lib/jvm/java-8-openjdk/jre/lib/amd64/libverify.so
7fd1b89ac000-7fd1b89b3000 r-xp 00000000 08:01 531191                     /usr/lib/librt-2.22.so
7fd1b89b3000-7fd1b8bb2000 ---p 00007000 08:01 531191                     /usr/lib/librt-2.22.so
7fd1b8bb2000-7fd1b8bb3000 r--p 00006000 08:01 531191                     /usr/lib/librt-2.22.so
7fd1b8bb3000-7fd1b8bb4000 rw-p 00007000 08:01 531191                     /usr/lib/librt-2.22.so
7fd1b8bb4000-7fd1b8cb1000 r-xp 00000000 08:01 531188                     /usr/lib/libm-2.22.so
7fd1b8cb1000-7fd1b8eb0000 ---p 000fd000 08:01 531188                     /usr/lib/libm-2.22.so
7fd1b8eb0000-7fd1b8eb1000 r--p 000fc000 08:01 531188                     /usr/lib/libm-2.22.so
7fd1b8eb1000-7fd1b8eb2000 rw-p 000fd000 08:01 531188                     /usr/lib/libm-2.22.so
7fd1b8eb2000-7fd1b9b05000 r-xp 00000000 08:01 945578                     /usr/lib/jvm/java-8-openjdk/jre/lib/amd64/server/libjvm.so
7fd1b9b05000-7fd1b9d04000 ---p 00c53000 08:01 945578                     /usr/lib/jvm/java-8-openjdk/jre/lib/amd64/server/libjvm.so
7fd1b9d04000-7fd1b9dc0000 rw-p 00c52000 08:01 945578                     /usr/lib/jvm/java-8-openjdk/jre/lib/amd64/server/libjvm.so
7fd1b9dc0000-7fd1b9dee000 rw-p 00000000 00:00 0 
7fd1b9dee000-7fd1b9f89000 r-xp 00000000 08:01 531138                     /usr/lib/libc-2.22.so
7fd1b9f89000-7fd1ba188000 ---p 0019b000 08:01 531138                     /usr/lib/libc-2.22.so
7fd1ba188000-7fd1ba18c000 r--p 0019a000 08:01 531138                     /usr/lib/libc-2.22.so
7fd1ba18c000-7fd1ba18e000 rw-p 0019e000 08:01 531138                     /usr/lib/libc-2.22.so
7fd1ba18e000-7fd1ba192000 rw-p 00000000 00:00 0 
7fd1ba192000-7fd1ba195000 r-xp 00000000 08:01 531187                     /usr/lib/libdl-2.22.so
7fd1ba195000-7fd1ba394000 ---p 00003000 08:01 531187                     /usr/lib/libdl-2.22.so
7fd1ba394000-7fd1ba395000 r--p 00002000 08:01 531187                     /usr/lib/libdl-2.22.so
7fd1ba395000-7fd1ba396000 rw-p 00003000 08:01 531187                     /usr/lib/libdl-2.22.so
7fd1ba396000-7fd1ba3a3000 r-xp 00000000 08:01 945575                     /usr/lib/jvm/java-8-openjdk/jre/lib/amd64/jli/libjli.so
7fd1ba3a3000-7fd1ba5a2000 ---p 0000d000 08:01 945575                     /usr/lib/jvm/java-8-openjdk/jre/lib/amd64/jli/libjli.so
7fd1ba5a2000-7fd1ba5a3000 rw-p 0000c000 08:01 945575                     /usr/lib/jvm/java-8-openjdk/jre/lib/amd64/jli/libjli.so
7fd1ba5a3000-7fd1ba5b8000 r-xp 00000000 08:01 526057                     /usr/lib/libz.so.1.2.8
7fd1ba5b8000-7fd1ba7b7000 ---p 00015000 08:01 526057                     /usr/lib/libz.so.1.2.8
7fd1ba7b7000-7fd1ba7b8000 r--p 00014000 08:01 526057                     /usr/lib/libz.so.1.2.8
7fd1ba7b8000-7fd1ba7b9000 rw-p 00015000 08:01 526057                     /usr/lib/libz.so.1.2.8
7fd1ba7b9000-7fd1ba7d1000 r-xp 00000000 08:01 529395                     /usr/lib/libpthread-2.22.so
7fd1ba7d1000-7fd1ba9d0000 ---p 00018000 08:01 529395                     /usr/lib/libpthread-2.22.so
7fd1ba9d0000-7fd1ba9d1000 r--p 00017000 08:01 529395                     /usr/lib/libpthread-2.22.so
7fd1ba9d1000-7fd1ba9d2000 rw-p 00018000 08:01 529395                     /usr/lib/libpthread-2.22.so
7fd1ba9d2000-7fd1ba9d6000 rw-p 00000000 00:00 0 
7fd1ba9d6000-7fd1ba9f8000 r-xp 00000000 08:01 531026                     /usr/lib/ld-2.22.so
7fd1ba9f8000-7fd1baabd000 rw-p 00000000 00:00 0 
7fd1baabd000-7fd1baac0000 ---p 00000000 00:00 0 
7fd1baac0000-7fd1babc2000 rw-p 00000000 00:00 0                          [stack:1424]
7fd1babc2000-7fd1babc3000 r--s 00031000 08:11 396                        /run/media/b/Files/SWEN222/Lunarcy-Repo/Lunarcy/jogl-all-natives-linux-amd64.jar
7fd1babc3000-7fd1babc9000 r--s 00041000 08:11 395                        /run/media/b/Files/SWEN222/Lunarcy-Repo/Lunarcy/gluegen-rt.jar
7fd1babc9000-7fd1babca000 r--s 00001000 08:11 394                        /run/media/b/Files/SWEN222/Lunarcy-Repo/Lunarcy/gluegen-rt-natives-windows-i586.jar
7fd1babca000-7fd1babcb000 r--s 00001000 08:11 393                        /run/media/b/Files/SWEN222/Lunarcy-Repo/Lunarcy/gluegen-rt-natives-windows-amd64.jar
7fd1babcb000-7fd1babcc000 r--s 00001000 08:11 392                        /run/media/b/Files/SWEN222/Lunarcy-Repo/Lunarcy/gluegen-rt-natives-macosx-universal.jar
7fd1babcc000-7fd1babcd000 r--s 00000000 08:11 391                        /run/media/b/Files/SWEN222/Lunarcy-Repo/Lunarcy/gluegen-rt-natives-linux-i586.jar
7fd1babcd000-7fd1babce000 r--s 00000000 08:11 390                        /run/media/b/Files/SWEN222/Lunarcy-Repo/Lunarcy/gluegen-rt-natives-linux-armv6hf.jar
7fd1babce000-7fd1babcf000 r--s 00000000 08:11 389                        /run/media/b/Files/SWEN222/Lunarcy-Repo/Lunarcy/gluegen-rt-natives-linux-amd64.jar
7fd1babcf000-7fd1babd5000 r--s 002f8000 08:01 807887                     /usr/lib/jvm/java-8-openjdk/jre/lib/charsets.jar
7fd1babd5000-7fd1babd9000 r--s 00097000 08:11 388                        /run/media/b/Files/SWEN222/Lunarcy-Repo/Lunarcy/core.jar
7fd1babd9000-7fd1babec000 rw-p 00000000 00:00 0 
7fd1babec000-7fd1babf4000 rw-s 00000000 00:1f 24                         /tmp/hsperfdata_b/1422
7fd1babf4000-7fd1babf5000 rw-p 00000000 00:00 0 
7fd1babf5000-7fd1babf6000 r--p 00000000 00:00 0 
7fd1babf6000-7fd1babf7000 rw-p 00000000 00:00 0 
7fd1babf7000-7fd1babf8000 r--p 00021000 08:01 531026                     /usr/lib/ld-2.22.so
7fd1babf8000-7fd1babf9000 rw-p 00022000 08:01 531026                     /usr/lib/ld-2.22.so
7fd1babf9000-7fd1babfa000 rw-p 00000000 00:00 0 
7fffa56ac000-7fffa56cd000 rw-p 00000000 00:00 0                          [stack]
7fffa5717000-7fffa5719000 r--p 00000000 00:00 0                          [vvar]
7fffa5719000-7fffa571b000 r-xp 00000000 00:00 0                          [vdso]
ffffffffff600000-ffffffffff601000 r-xp 00000000 00:00 0                  [vsyscall]

VM Arguments:
jvm_args: -Dfile.encoding=UTF-8 
java_command: user_interface.Frame
java_class_path (initial): /run/media/b/Files/SWEN222/Lunarcy-Repo/Lunarcy/bin:/run/media/b/Files/SWEN222/Lunarcy-Repo/Lunarcy/core.jar:/run/media/b/Files/SWEN222/Lunarcy-Repo/Lunarcy/gluegen-rt-natives-linux-amd64.jar:/run/media/b/Files/SWEN222/Lunarcy-Repo/Lunarcy/gluegen-rt-natives-linux-armv6hf.jar:/run/media/b/Files/SWEN222/Lunarcy-Repo/Lunarcy/gluegen-rt-natives-linux-i586.jar:/run/media/b/Files/SWEN222/Lunarcy-Repo/Lunarcy/gluegen-rt-natives-macosx-universal.jar:/run/media/b/Files/SWEN222/Lunarcy-Repo/Lunarcy/gluegen-rt-natives-windows-amd64.jar:/run/media/b/Files/SWEN222/Lunarcy-Repo/Lunarcy/gluegen-rt-natives-windows-i586.jar:/run/media/b/Files/SWEN222/Lunarcy-Repo/Lunarcy/gluegen-rt.jar:/run/media/b/Files/SWEN222/Lunarcy-Repo/Lunarcy/jogl-all-natives-linux-amd64.jar:/run/media/b/Files/SWEN222/Lunarcy-Repo/Lunarcy/jogl-all-natives-linux-armv6hf.jar:/run/media/b/Files/SWEN222/Lunarcy-Repo/Lunarcy/jogl-all-natives-linux-i586.jar:/run/media/b/Files/SWEN222/Lunarcy-Repo/Lunarcy/jogl-all-natives-macosx-universal.jar:/run/media/b/Files/SWEN222/Lunarcy-Repo/Lunarcy/jogl-all-natives-windows-amd64.jar:/run/media/b/Files/SWEN222/Lunarcy-Repo/Lunarcy/jogl-all-natives-windows-i586.jar:/run/media/b/Files/SWEN222/Lunarcy-Repo/Lunarcy/jogl-all.jar:/run/media/b/Files/SWEN222/Lunarcy-Repo/Lunarcy/jl1.0.jar:/run/media/b/Files/SWEN222/Lunarcy-Repo/Lunarcy/jsminim.jar:/run/media/b/Files/SWEN222/Lunarcy-Repo/Lunarcy/minim.jar:/run/media/b/Files/SWEN222/Lunarcy-Repo/Lunarcy/mp3spi1.9.4.jar:/run/media/b/Files/SWEN222/Lunarcy-Repo/Lunarcy/tritonus_aos.jar:/run/media/b/Files/SWEN222/Lunarcy-Repo/Lunarcy/tritonus_share.jar
Launcher Type: SUN_STANDARD

Environment Variables:
PATH=/usr/local/sbin:/usr/local/bin:/usr/bin:/usr/lib/jvm/default/bin:/usr/bin/site_perl:/usr/bin/vendor_perl:/usr/bin/core_perl
SHELL=/bin/bash
DISPLAY=:0.0

Signal Handlers:
SIGSEGV: [libjvm.so+0xa581a0], sa_mask[0]=11111111011111111101111111111110, sa_flags=SA_RESTART|SA_SIGINFO
SIGBUS: [libjvm.so+0xa581a0], sa_mask[0]=11111111011111111101111111111110, sa_flags=SA_RESTART|SA_SIGINFO
SIGFPE: [libjvm.so+0x8a4420], sa_mask[0]=11111111011111111101111111111110, sa_flags=SA_RESTART|SA_SIGINFO
SIGPIPE: [libjvm.so+0x8a4420], sa_mask[0]=11111111011111111101111111111110, sa_flags=SA_RESTART|SA_SIGINFO
SIGXFSZ: [libjvm.so+0x8a4420], sa_mask[0]=11111111011111111101111111111110, sa_flags=SA_RESTART|SA_SIGINFO
SIGILL: [libjvm.so+0x8a4420], sa_mask[0]=11111111011111111101111111111110, sa_flags=SA_RESTART|SA_SIGINFO
SIGUSR1: SIG_IGN, sa_mask[0]=00000000000000000000000000000000, sa_flags=none
SIGUSR2: [libjvm.so+0x8a42d0], sa_mask[0]=00100000000000000000000000000000, sa_flags=SA_RESTART|SA_SIGINFO
SIGHUP: [libjvm.so+0x8a47a0], sa_mask[0]=11111111011111111101111111111110, sa_flags=SA_RESTART|SA_SIGINFO
SIGINT: SIG_IGN, sa_mask[0]=00000000000000000000000000000000, sa_flags=none
SIGTERM: [libjvm.so+0x8a47a0], sa_mask[0]=11111111011111111101111111111110, sa_flags=SA_RESTART|SA_SIGINFO
SIGQUIT: [libjvm.so+0x8a47a0], sa_mask[0]=11111111011111111101111111111110, sa_flags=SA_RESTART|SA_SIGINFO


---------------  S Y S T E M  ---------------

OS:DISTRIB_ID=ManjaroLinux
DISTRIB_RELEASE=15.09-rc3
DISTRIB_CODENAME=Bellatrix
DISTRIB_DESCRIPTION="Manjaro Linux"

uname:Linux 3.19.8.6-1-MANJARO #1 SMP PREEMPT Wed Sep 2 23:37:55 UTC 2015 x86_64
libc:glibc 2.22 NPTL 2.22 
rlimit: STACK 8192k, CORE 0k, NPROC 15081, NOFILE 4096, AS infinity
load average:0.74 0.43 0.21

/proc/meminfo:
MemTotal:        3867980 kB
MemFree:         1825744 kB
MemAvailable:    2218916 kB
Buffers:           72812 kB
Cached:           680612 kB
SwapCached:            0 kB
Active:          1336248 kB
Inactive:         554252 kB
Active(anon):    1146792 kB
Inactive(anon):   200104 kB
Active(file):     189456 kB
Inactive(file):   354148 kB
Unevictable:       17524 kB
Mlocked:           17564 kB
SwapTotal:             0 kB
SwapFree:              0 kB
Dirty:                16 kB
Writeback:             0 kB
AnonPages:       1154572 kB
Mapped:           283168 kB
Shmem:            201876 kB
Slab:              57816 kB
SReclaimable:      37020 kB
SUnreclaim:        20796 kB
KernelStack:        6416 kB
PageTables:        19732 kB
NFS_Unstable:          0 kB
Bounce:                0 kB
WritebackTmp:          0 kB
CommitLimit:     1933988 kB
Committed_AS:    3336328 kB
VmallocTotal:   34359738367 kB
VmallocUsed:      560028 kB
VmallocChunk:   34359165516 kB
HardwareCorrupted:     0 kB
AnonHugePages:    372736 kB
HugePages_Total:       0
HugePages_Free:        0
HugePages_Rsvd:        0
HugePages_Surp:        0
Hugepagesize:       2048 kB
DirectMap4k:       82688 kB
DirectMap2M:     3926016 kB


CPU:total 4 (2 cores per cpu, 2 threads per core) family 6 model 58 stepping 9, cmov, cx8, fxsr, mmx, sse, sse2, sse3, ssse3, sse4.1, sse4.2, popcnt, avx, aes, clmul, erms, ht, tsc, tscinvbit, tscinv

/proc/cpuinfo:
processor	: 0
vendor_id	: GenuineIntel
cpu family	: 6
model		: 58
model name	: Intel(R) Core(TM) i5-3337U CPU @ 1.80GHz
stepping	: 9
microcode	: 0x1b
cpu MHz		: 2499.960
cache size	: 3072 KB
physical id	: 0
siblings	: 4
core id		: 0
cpu cores	: 2
apicid		: 0
initial apicid	: 0
fpu		: yes
fpu_exception	: yes
cpuid level	: 13
wp		: yes
flags		: fpu vme de pse tsc msr pae mce cx8 apic sep mtrr pge mca cmov pat pse36 clflush dts acpi mmx fxsr sse sse2 ss ht tm pbe syscall nx rdtscp lm constant_tsc arch_perfmon pebs bts rep_good nopl xtopology nonstop_tsc aperfmperf eagerfpu pni pclmulqdq dtes64 monitor ds_cpl vmx est tm2 ssse3 cx16 xtpr pdcm pcid sse4_1 sse4_2 x2apic popcnt tsc_deadline_timer aes xsave avx f16c rdrand lahf_lm ida arat epb pln pts dtherm tpr_shadow vnmi flexpriority ept vpid fsgsbase smep erms xsaveopt
bugs		:
bogomips	: 3593.36
clflush size	: 64
cache_alignment	: 64
address sizes	: 36 bits physical, 48 bits virtual
power management:

processor	: 1
vendor_id	: GenuineIntel
cpu family	: 6
model		: 58
model name	: Intel(R) Core(TM) i5-3337U CPU @ 1.80GHz
stepping	: 9
microcode	: 0x1b
cpu MHz		: 2201.695
cache size	: 3072 KB
physical id	: 0
siblings	: 4
core id		: 0
cpu cores	: 2
apicid		: 1
initial apicid	: 1
fpu		: yes
fpu_exception	: yes
cpuid level	: 13
wp		: yes
flags		: fpu vme de pse tsc msr pae mce cx8 apic sep mtrr pge mca cmov pat pse36 clflush dts acpi mmx fxsr sse sse2 ss ht tm pbe syscall nx rdtscp lm constant_tsc arch_perfmon pebs bts rep_good nopl xtopology nonstop_tsc aperfmperf eagerfpu pni pclmulqdq dtes64 monitor ds_cpl vmx est tm2 ssse3 cx16 xtpr pdcm pcid sse4_1 sse4_2 x2apic popcnt tsc_deadline_timer aes xsave avx f16c rdrand lahf_lm ida arat epb pln pts dtherm tpr_shadow vnmi flexpriority ept vpid fsgsbase smep erms xsaveopt
bugs		:
bogomips	: 3593.36
clflush size	: 64
cache_alignment	: 64
address sizes	: 36 bits physical, 48 bits virtual
power management:

processor	: 2
vendor_id	: GenuineIntel
cpu family	: 6
model		: 58
model name	: Intel(R) Core(TM) i5-3337U CPU @ 1.80GHz
stepping	: 9
microcode	: 0x1b
cpu MHz		: 2499.960
cache size	: 3072 KB
physical id	: 0
siblings	: 4
core id		: 1
cpu cores	: 2
apicid		: 2
initial apicid	: 2
fpu		: yes
fpu_exception	: yes
cpuid level	: 13
wp		: yes
flags		: fpu vme de pse tsc msr pae mce cx8 apic sep mtrr pge mca cmov pat pse36 clflush dts acpi mmx fxsr sse sse2 ss ht tm pbe syscall nx rdtscp lm constant_tsc arch_perfmon pebs bts rep_good nopl xtopology nonstop_tsc aperfmperf eagerfpu pni pclmulqdq dtes64 monitor ds_cpl vmx est tm2 ssse3 cx16 xtpr pdcm pcid sse4_1 sse4_2 x2apic popcnt tsc_deadline_timer aes xsave avx f16c rdrand lahf_lm ida arat epb pln pts dtherm tpr_shadow vnmi flexpriority ept vpid fsgsbase smep erms xsaveopt
bugs		:
bogomips	: 3593.36
clflush size	: 64
cache_alignment	: 64
address sizes	: 36 bits physical, 48 bits virtual
power management:

processor	: 3
vendor_id	: GenuineIntel
cpu family	: 6
model		: 58
model name	: Intel(R) Core(TM) i5-3337U CPU @ 1.80GHz
stepping	: 9
microcode	: 0x1b
cpu MHz		: 2499.960
cache size	: 3072 KB
physical id	: 0
siblings	: 4
core id		: 1
cpu cores	: 2
apicid		: 3
initial apicid	: 3
fpu		: yes
fpu_exception	: yes
cpuid level	: 13
wp		: yes
flags		: fpu vme de pse tsc msr pae mce cx8 apic sep mtrr pge mca cmov pat pse36 clflush dts acpi mmx fxsr sse sse2 ss ht tm pbe syscall nx rdtscp lm constant_tsc arch_perfmon pebs bts rep_good nopl xtopology nonstop_tsc aperfmperf eagerfpu pni pclmulqdq dtes64 monitor ds_cpl vmx est tm2 ssse3 cx16 xtpr pdcm pcid sse4_1 sse4_2 x2apic popcnt tsc_deadline_timer aes xsave avx f16c rdrand lahf_lm ida arat epb pln pts dtherm tpr_shadow vnmi flexpriority ept vpid fsgsbase smep erms xsaveopt
bugs		:
bogomips	: 3593.36
clflush size	: 64
cache_alignment	: 64
address sizes	: 36 bits physical, 48 bits virtual
power management:



Memory: 4k page, physical 3867980k(1825744k free), swap 0k(0k free)

vm_info: OpenJDK 64-Bit Server VM (25.60-b23) for linux-amd64 JRE (1.8.0_60-b24), built on Aug 23 2015 18:39:15 by "builduser" with gcc 5.2.0

time: Mon Sep 21 13:01:16 2015
elapsed time: 3 seconds (0d 0h 0m 3s)

