#
# There is insufficient memory for the Java Runtime Environment to continue.
# Native memory allocation (mmap) failed to map 9437184 bytes for committing reserved memory.
# Possible reasons:
#   The system is out of physical RAM or swap space
#   In 32 bit mode, the process size limit was hit
# Possible solutions:
#   Reduce memory load on the system
#   Increase physical memory or swap space
#   Check if swap backing store is full
#   Use 64 bit Java on a 64 bit OS
#   Decrease Java heap size (-Xmx/-Xms)
#   Decrease number of Java threads
#   Decrease Java thread stack sizes (-Xss)
#   Set larger code cache with -XX:ReservedCodeCacheSize=
# This output file may be truncated or incomplete.
#
#  Out of Memory Error (os_linux.cpp:2627), pid=3363, tid=140552819615488
#
# JRE version: OpenJDK Runtime Environment (8.0_60-b24) (build 1.8.0_60-b24)
# Java VM: OpenJDK 64-Bit Server VM (25.60-b23 mixed mode linux-amd64 compressed oops)
# Failed to write core dump. Core dumps have been disabled. To enable core dumping, try "ulimit -c unlimited" before starting Java again
#

---------------  T H R E A D  ---------------

Current thread (0x00007fd514076800):  VMThread [stack: 0x00007fd500d2a000,0x00007fd500e2b000] [id=3374]

Stack: [0x00007fd500d2a000,0x00007fd500e2b000],  sp=0x00007fd500e294c0,  free space=1021k
Native frames: (J=compiled Java code, j=interpreted, Vv=VM code, C=native code)
V  [libjvm.so+0xa57658]
V  [libjvm.so+0x4c252c]
V  [libjvm.so+0x8a8d80]
V  [libjvm.so+0x8a32ae]
V  [libjvm.so+0x91c98b]
V  [libjvm.so+0x91dcd3]
V  [libjvm.so+0x91a39b]
V  [libjvm.so+0x91a64c]
V  [libjvm.so+0x8cd2a3]
V  [libjvm.so+0xa59292]
V  [libjvm.so+0xa5e267]
V  [libjvm.so+0xa5baac]
V  [libjvm.so+0xa5ce8f]
V  [libjvm.so+0xa5d381]
V  [libjvm.so+0x8a6292]

VM_Operation (0x00007fd4c2a78280): ParallelGCFailedAllocation, mode: safepoint, requested by thread 0x00007fd4b0070800


---------------  P R O C E S S  ---------------

Java Threads: ( => current thread )
  0x00007fd4b0070800 JavaThread "Thread-1" [_thread_blocked, id=3417, stack(0x00007fd4c2979000,0x00007fd4c2a7a000)]
  0x00007fd4b006d800 JavaThread "Thread-0" [_thread_in_native, id=3416, stack(0x00007fd4c2a7a000,0x00007fd4c2b7b000)]
  0x00007fd4b00b8000 JavaThread "TimerQueue" daemon [_thread_blocked, id=3389, stack(0x00007fd4c2f7b000,0x00007fd4c307c000)]
  0x00007fd514009000 JavaThread "DestroyJavaVM" [_thread_blocked, id=3365, stack(0x00007fd51abf4000,0x00007fd51acf5000)]
  0x00007fd514348800 JavaThread "AWT-EventQueue-0" [_thread_blocked, id=3388, stack(0x00007fd4c307c000,0x00007fd4c317d000)]
  0x00007fd514343800 JavaThread "AWT-Shutdown" [_thread_blocked, id=3387, stack(0x00007fd4c800a000,0x00007fd4c810b000)]
  0x00007fd5142df800 JavaThread "AWT-XAWT" daemon [_thread_blocked, id=3384, stack(0x00007fd4c906c000,0x00007fd4c916d000)]
  0x00007fd5142b9800 JavaThread "Java2D Disposer" daemon [_thread_blocked, id=3383, stack(0x00007fd4c957e000,0x00007fd4c967f000)]
  0x00007fd5140ce800 JavaThread "Service Thread" daemon [_thread_blocked, id=3381, stack(0x00007fd500495000,0x00007fd500596000)]
  0x00007fd5140b9000 JavaThread "C1 CompilerThread2" daemon [_thread_blocked, id=3380, stack(0x00007fd500596000,0x00007fd500697000)]
  0x00007fd5140b7800 JavaThread "C2 CompilerThread1" daemon [_thread_blocked, id=3379, stack(0x00007fd500697000,0x00007fd500798000)]
  0x00007fd5140b4800 JavaThread "C2 CompilerThread0" daemon [_thread_blocked, id=3378, stack(0x00007fd500798000,0x00007fd500899000)]
  0x00007fd5140b3000 JavaThread "Signal Dispatcher" daemon [_thread_blocked, id=3377, stack(0x00007fd500899000,0x00007fd50099a000)]
  0x00007fd51407d800 JavaThread "Finalizer" daemon [_thread_blocked, id=3376, stack(0x00007fd500b28000,0x00007fd500c29000)]
  0x00007fd51407b800 JavaThread "Reference Handler" daemon [_thread_blocked, id=3375, stack(0x00007fd500c29000,0x00007fd500d2a000)]

Other Threads:
=>0x00007fd514076800 VMThread [stack: 0x00007fd500d2a000,0x00007fd500e2b000] [id=3374]
  0x00007fd5140d1000 WatcherThread [stack: 0x00007fd500394000,0x00007fd500495000] [id=3382]

VM state:at safepoint (normal execution)

VM Mutex/Monitor currently owned by a thread:  ([mutex/lock_event])
[0x00007fd514006940] Threads_lock - owner thread: 0x00007fd514076800
[0x00007fd514006e40] Heap_lock - owner thread: 0x00007fd4b0070800

Heap:
 PSYoungGen      total 30720K, used 32K [0x00000000ec500000, 0x00000000ee780000, 0x0000000100000000)
  eden space 27136K, 0% used [0x00000000ec500000,0x00000000ec500000,0x00000000edf80000)
  from space 3584K, 0% used [0x00000000edf80000,0x00000000edf88000,0x00000000ee300000)
  to   space 3584K, 0% used [0x00000000ee300000,0x00000000ee300000,0x00000000ee680000)
 ParOldGen       total 40960K, used 4489K [0x00000000c4e00000, 0x00000000c7600000, 0x00000000ec500000)
  object space 40960K, 10% used [0x00000000c4e00000,0x00000000c52625a0,0x00000000c7600000)
 Metaspace       used 14738K, capacity 14962K, committed 15104K, reserved 1062912K
  class space    used 1674K, capacity 1759K, committed 1792K, reserved 1048576K

Card table byte_map: [0x00007fd5180b3000,0x00007fd51828d000] byte_map_base: 0x00007fd517a8c000

Marking Bits: (ParMarkBitMap*) 0x00007fd519f0a7e0
 Begin Bits: [0x00007fd502970000, 0x00007fd503838000)
 End Bits:   [0x00007fd503838000, 0x00007fd504700000)

Polling page: 0x00007fd51ad2c000

CodeCache: size=245760Kb used=4475Kb max_used=4498Kb free=241284Kb
 bounds [0x00007fd505000000, 0x00007fd505470000, 0x00007fd514000000]
 total_blobs=1877 nmethods=1308 adapters=483
 compilation: enabled

Compilation events (10 events):
Event: 83.087 Thread 0x00007fd5140b9000 1319       3       game.WalkableSquare::tick (49 bytes)
Event: 83.089 Thread 0x00007fd5140b9000 nmethod 1319 0x00007fd505451710 code [0x00007fd5054518e0, 0x00007fd505451eb8]
Event: 133.115 Thread 0x00007fd5140b7800 1321       4       java.util.HashSet::add (20 bytes)
Event: 135.619 Thread 0x00007fd5140b7800 nmethod 1321 0x00007fd505464d90 code [0x00007fd505465000, 0x00007fd5054660c0]
Event: 164.243 Thread 0x00007fd5140b9000 1322       3       java.util.HashMap::<init> (98 bytes)
Event: 164.290 Thread 0x00007fd5140b9000 nmethod 1322 0x00007fd505462ed0 code [0x00007fd505463180, 0x00007fd505464478]
Event: 174.559 Thread 0x00007fd5140b9000 1323       3       java.util.HashMap::<init> (8 bytes)
Event: 175.146 Thread 0x00007fd5140b9000 nmethod 1323 0x00007fd505457990 code [0x00007fd505457b20, 0x00007fd505457ca8]
Event: 276.927 Thread 0x00007fd5140b7800 1324       4       java.io.ObjectOutputStream::writeEnum (63 bytes)
Event: 282.820 Thread 0x00007fd5140b7800 nmethod 1324 0x00007fd505468fd0 code [0x00007fd5054691e0, 0x00007fd505469ad0]

GC Heap History (10 events):
Event: 142.389 GC heap after
Heap after GC invocations=18 (full 0):
 PSYoungGen      total 24576K, used 64K [0x00000000ec500000, 0x00000000ee180000, 0x0000000100000000)
  eden space 20992K, 0% used [0x00000000ec500000,0x00000000ec500000,0x00000000ed980000)
  from space 3584K, 1% used [0x00000000ede00000,0x00000000ede10000,0x00000000ee180000)
  to   space 4096K, 0% used [0x00000000ed980000,0x00000000ed980000,0x00000000edd80000)
 ParOldGen       total 40960K, used 4489K [0x00000000c4e00000, 0x00000000c7600000, 0x00000000ec500000)
  object space 40960K, 10% used [0x00000000c4e00000,0x00000000c52625a0,0x00000000c7600000)
 Metaspace       used 14736K, capacity 14962K, committed 15104K, reserved 1062912K
  class space    used 1674K, capacity 1759K, committed 1792K, reserved 1048576K
}
Event: 158.075 GC heap before
{Heap before GC invocations=19 (full 0):
 PSYoungGen      total 24576K, used 21056K [0x00000000ec500000, 0x00000000ee180000, 0x0000000100000000)
  eden space 20992K, 100% used [0x00000000ec500000,0x00000000ed980000,0x00000000ed980000)
  from space 3584K, 1% used [0x00000000ede00000,0x00000000ede10000,0x00000000ee180000)
  to   space 4096K, 0% used [0x00000000ed980000,0x00000000ed980000,0x00000000edd80000)
 ParOldGen       total 40960K, used 4489K [0x00000000c4e00000, 0x00000000c7600000, 0x00000000ec500000)
  object space 40960K, 10% used [0x00000000c4e00000,0x00000000c52625a0,0x00000000c7600000)
 Metaspace       used 14736K, capacity 14962K, committed 15104K, reserved 1062912K
  class space    used 1674K, capacity 1759K, committed 1792K, reserved 1048576K
Event: 158.192 GC heap after
Heap after GC invocations=19 (full 0):
 PSYoungGen      total 25088K, used 32K [0x00000000ec500000, 0x00000000eea00000, 0x0000000100000000)
  eden space 20992K, 0% used [0x00000000ec500000,0x00000000ec500000,0x00000000ed980000)
  from space 4096K, 0% used [0x00000000ed980000,0x00000000ed988000,0x00000000edd80000)
  to   space 4096K, 0% used [0x00000000ee600000,0x00000000ee600000,0x00000000eea00000)
 ParOldGen       total 40960K, used 4489K [0x00000000c4e00000, 0x00000000c7600000, 0x00000000ec500000)
  object space 40960K, 10% used [0x00000000c4e00000,0x00000000c52625a0,0x00000000c7600000)
 Metaspace       used 14736K, capacity 14962K, committed 15104K, reserved 1062912K
  class space    used 1674K, capacity 1759K, committed 1792K, reserved 1048576K
}
Event: 185.154 GC heap before
{Heap before GC invocations=20 (full 0):
 PSYoungGen      total 25088K, used 21024K [0x00000000ec500000, 0x00000000eea00000, 0x0000000100000000)
  eden space 20992K, 100% used [0x00000000ec500000,0x00000000ed980000,0x00000000ed980000)
  from space 4096K, 0% used [0x00000000ed980000,0x00000000ed988000,0x00000000edd80000)
  to   space 4096K, 0% used [0x00000000ee600000,0x00000000ee600000,0x00000000eea00000)
 ParOldGen       total 40960K, used 4489K [0x00000000c4e00000, 0x00000000c7600000, 0x00000000ec500000)
  object space 40960K, 10% used [0x00000000c4e00000,0x00000000c52625a0,0x00000000c7600000)
 Metaspace       used 14738K, capacity 14962K, committed 15104K, reserved 1062912K
  class space    used 1674K, capacity 1759K, committed 1792K, reserved 1048576K
Event: 185.404 GC heap after
Heap after GC invocations=20 (full 0):
 PSYoungGen      total 20992K, used 32K [0x00000000ec500000, 0x00000000ee680000, 0x0000000100000000)
  eden space 20480K, 0% used [0x00000000ec500000,0x00000000ec500000,0x00000000ed900000)
  from space 512K, 6% used [0x00000000ee600000,0x00000000ee608000,0x00000000ee680000)
  to   space 3584K, 0% used [0x00000000edf80000,0x00000000edf80000,0x00000000ee300000)
 ParOldGen       total 40960K, used 4489K [0x00000000c4e00000, 0x00000000c7600000, 0x00000000ec500000)
  object space 40960K, 10% used [0x00000000c4e00000,0x00000000c52625a0,0x00000000c7600000)
 Metaspace       used 14738K, capacity 14962K, committed 15104K, reserved 1062912K
  class space    used 1674K, capacity 1759K, committed 1792K, reserved 1048576K
}
Event: 249.952 GC heap before
{Heap before GC invocations=21 (full 0):
 PSYoungGen      total 20992K, used 20512K [0x00000000ec500000, 0x00000000ee680000, 0x0000000100000000)
  eden space 20480K, 100% used [0x00000000ec500000,0x00000000ed900000,0x00000000ed900000)
  from space 512K, 6% used [0x00000000ee600000,0x00000000ee608000,0x00000000ee680000)
  to   space 3584K, 0% used [0x00000000edf80000,0x00000000edf80000,0x00000000ee300000)
 ParOldGen       total 40960K, used 4489K [0x00000000c4e00000, 0x00000000c7600000, 0x00000000ec500000)
  object space 40960K, 10% used [0x00000000c4e00000,0x00000000c52625a0,0x00000000c7600000)
 Metaspace       used 14738K, capacity 14962K, committed 15104K, reserved 1062912K
  class space    used 1674K, capacity 1759K, committed 1792K, reserved 1048576K
Event: 250.592 GC heap after
Heap after GC invocations=21 (full 0):
 PSYoungGen      total 23552K, used 32K [0x00000000ec500000, 0x00000000ee680000, 0x0000000100000000)
  eden space 19968K, 0% used [0x00000000ec500000,0x00000000ec500000,0x00000000ed880000)
  from space 3584K, 0% used [0x00000000edf80000,0x00000000edf88000,0x00000000ee300000)
  to   space 3584K, 0% used [0x00000000ee300000,0x00000000ee300000,0x00000000ee680000)
 ParOldGen       total 40960K, used 4489K [0x00000000c4e00000, 0x00000000c7600000, 0x00000000ec500000)
  object space 40960K, 10% used [0x00000000c4e00000,0x00000000c52625a0,0x00000000c7600000)
 Metaspace       used 14738K, capacity 14962K, committed 15104K, reserved 1062912K
  class space    used 1674K, capacity 1759K, committed 1792K, reserved 1048576K
}
Event: 320.316 GC heap before
{Heap before GC invocations=22 (full 0):
 PSYoungGen      total 23552K, used 20000K [0x00000000ec500000, 0x00000000ee680000, 0x0000000100000000)
  eden space 19968K, 100% used [0x00000000ec500000,0x00000000ed880000,0x00000000ed880000)
  from space 3584K, 0% used [0x00000000edf80000,0x00000000edf88000,0x00000000ee300000)
  to   space 3584K, 0% used [0x00000000ee300000,0x00000000ee300000,0x00000000ee680000)
 ParOldGen       total 40960K, used 4489K [0x00000000c4e00000, 0x00000000c7600000, 0x00000000ec500000)
  object space 40960K, 10% used [0x00000000c4e00000,0x00000000c52625a0,0x00000000c7600000)
 Metaspace       used 14738K, capacity 14962K, committed 15104K, reserved 1062912K
  class space    used 1674K, capacity 1759K, committed 1792K, reserved 1048576K
Event: 321.926 GC heap after
Heap after GC invocations=22 (full 0):
 PSYoungGen      total 30720K, used 32K [0x00000000ec500000, 0x00000000ee780000, 0x0000000100000000)
  eden space 27136K, 0% used [0x00000000ec500000,0x00000000ec500000,0x00000000edf80000)
  from space 3584K, 0% used [0x00000000ee300000,0x00000000ee308000,0x00000000ee680000)
  to   space 3584K, 0% used [0x00000000edf80000,0x00000000edf80000,0x00000000ee300000)
 ParOldGen       total 40960K, used 4489K [0x00000000c4e00000, 0x00000000c7600000, 0x00000000ec500000)
  object space 40960K, 10% used [0x00000000c4e00000,0x00000000c52625a0,0x00000000c7600000)
 Metaspace       used 14738K, capacity 14962K, committed 15104K, reserved 1062912K
  class space    used 1674K, capacity 1759K, committed 1792K, reserved 1048576K
}
Event: 464.285 GC heap before
{Heap before GC invocations=23 (full 0):
 PSYoungGen      total 30720K, used 27168K [0x00000000ec500000, 0x00000000ee780000, 0x0000000100000000)
  eden space 27136K, 100% used [0x00000000ec500000,0x00000000edf80000,0x00000000edf80000)
  from space 3584K, 0% used [0x00000000ee300000,0x00000000ee308000,0x00000000ee680000)
  to   space 3584K, 0% used [0x00000000edf80000,0x00000000edf80000,0x00000000ee300000)
 ParOldGen       total 40960K, used 4489K [0x00000000c4e00000, 0x00000000c7600000, 0x00000000ec500000)
  object space 40960K, 10% used [0x00000000c4e00000,0x00000000c52625a0,0x00000000c7600000)
 Metaspace       used 14738K, capacity 14962K, committed 15104K, reserved 1062912K
  class space    used 1674K, capacity 1759K, committed 1792K, reserved 1048576K

Deoptimization events (8 events):
Event: 10.399 Thread 0x00007fd514348800 Uncommon trap: reason=unstable_if action=reinterpret pc=0x00007fd5052cbf88 method=org.xmlpull.mxp1.MXParser.more()C @ 8
Event: 10.463 Thread 0x00007fd514348800 Uncommon trap: reason=unstable_if action=reinterpret pc=0x00007fd50530d438 method=java.util.HashMap.getNode(ILjava/lang/Object;)Ljava/util/HashMap$Node; @ 62
Event: 10.463 Thread 0x00007fd514348800 Uncommon trap: reason=unstable_if action=reinterpret pc=0x00007fd505272010 method=java.util.HashMap.putVal(ILjava/lang/Object;Ljava/lang/Object;ZZ)Ljava/lang/Object; @ 94
Event: 10.463 Thread 0x00007fd514348800 Uncommon trap: reason=unstable_if action=reinterpret pc=0x00007fd505274064 method=java.util.HashMap.getNode(ILjava/lang/Object;)Ljava/util/HashMap$Node; @ 129
Event: 17.326 Thread 0x00007fd4b0070800 Uncommon trap: reason=unstable_if action=reinterpret pc=0x00007fd50524a708 method=java.lang.String.indexOf([CII[CIII)I @ 3
Event: 17.624 Thread 0x00007fd4b0070800 Uncommon trap: reason=unstable_if action=reinterpret pc=0x00007fd5053f4a78 method=control.Server$1.run()V @ 36
Event: 18.142 Thread 0x00007fd4b0070800 Uncommon trap: reason=unstable_if action=reinterpret pc=0x00007fd50541cddc method=java.io.ObjectOutputStream.writeObject0(Ljava/lang/Object;Z)V @ 477
Event: 22.433 Thread 0x00007fd4b0070800 Uncommon trap: reason=unstable_if action=reinterpret pc=0x00007fd505406d10 method=java.util.concurrent.LinkedBlockingQueue.poll()Ljava/lang/Object; @ 9

Internal exceptions (10 events):
Event: 0.206 Thread 0x00007fd514009000 Exception <a 'java/lang/NoSuchFieldError': method resolution failed> (0x00000000ec70dd98) thrown at [/build/java8-openjdk/src/jdk8u-jdk8u60-b24/hotspot/src/share/vm/prims/methodHandles.cpp, line 1146]
Event: 0.211 Thread 0x00007fd514009000 Exception <a 'java/lang/NoSuchFieldError': method resolution failed> (0x00000000ec71b5f0) thrown at [/build/java8-openjdk/src/jdk8u-jdk8u60-b24/hotspot/src/share/vm/prims/methodHandles.cpp, line 1146]
Event: 0.262 Thread 0x00007fd514009000 Exception <a 'java/io/FileNotFoundException'> (0x00000000ec798c00) thrown at [/build/java8-openjdk/src/jdk8u-jdk8u60-b24/hotspot/src/share/vm/prims/jni.cpp, line 709]
Event: 0.262 Thread 0x00007fd514009000 Exception <a 'java/io/FileNotFoundException'> (0x00000000ec7995c8) thrown at [/build/java8-openjdk/src/jdk8u-jdk8u60-b24/hotspot/src/share/vm/prims/jni.cpp, line 709]
Event: 0.283 Thread 0x00007fd514009000 Exception <a 'java/lang/ClassNotFoundException': sun/dc/DuctusRenderingEngine> (0x00000000ec7b6138) thrown at [/build/java8-openjdk/src/jdk8u-jdk8u60-b24/hotspot/src/share/vm/classfile/systemDictionary.cpp, line 210]
Event: 6.485 Thread 0x00007fd514348800 Exception <a 'java/lang/UnsupportedOperationException': > (0x00000000eca93250) thrown at [/build/java8-openjdk/src/jdk8u-jdk8u60-b24/hotspot/src/share/vm/prims/jni.cpp, line 735]
Event: 17.322 Thread 0x00007fd4b0070800 Exception <a 'java/lang/NoSuchMethodError': <clinit>> (0x00000000ecc2bf50) thrown at [/build/java8-openjdk/src/jdk8u-jdk8u60-b24/hotspot/src/share/vm/prims/jni.cpp, line 1591]
Event: 17.333 Thread 0x00007fd4b0070800 Exception <a 'java/lang/NoSuchMethodError': <clinit>> (0x00000000ecc582e8) thrown at [/build/java8-openjdk/src/jdk8u-jdk8u60-b24/hotspot/src/share/vm/prims/jni.cpp, line 1591]
Event: 17.489 Thread 0x00007fd4b0070800 Exception <a 'java/lang/NoSuchMethodError': <clinit>> (0x00000000ecd20be0) thrown at [/build/java8-openjdk/src/jdk8u-jdk8u60-b24/hotspot/src/share/vm/prims/jni.cpp, line 1591]
Event: 22.430 Thread 0x00007fd4b006d800 Exception <a 'java/lang/NoSuchMethodError': <clinit>> (0x00000000ec98a1f0) thrown at [/build/java8-openjdk/src/jdk8u-jdk8u60-b24/hotspot/src/share/vm/prims/jni.cpp, line 1591]

Events (10 events):
Event: 158.521 Executing VM operation: ParallelGCFailedAllocation done
Event: 175.147 Thread 0x00007fd5140b9000 flushing nmethod 0x00007fd50516f090
Event: 185.081 Executing VM operation: ParallelGCFailedAllocation
Event: 185.461 Executing VM operation: ParallelGCFailedAllocation done
Event: 249.893 Executing VM operation: ParallelGCFailedAllocation
Event: 250.648 Executing VM operation: ParallelGCFailedAllocation done
Event: 282.823 Thread 0x00007fd5140b7800 flushing nmethod 0x00007fd50519c390
Event: 320.303 Executing VM operation: ParallelGCFailedAllocation
Event: 321.928 Executing VM operation: ParallelGCFailedAllocation done
Event: 463.772 Executing VM operation: ParallelGCFailedAllocation


Dynamic libraries:
00400000-00401000 r-xp 00000000 08:01 808495                             /usr/lib/jvm/java-8-openjdk/jre/bin/java
00600000-00601000 rw-p 00000000 08:01 808495                             /usr/lib/jvm/java-8-openjdk/jre/bin/java
00d35000-00d56000 rw-p 00000000 00:00 0                                  [heap]
c4e00000-c7600000 rw-p 00000000 00:00 0 
c7600000-ec500000 ---p 00000000 00:00 0 
ec500000-ee780000 rw-p 00000000 00:00 0 
ef080000-100000000 ---p 00000000 00:00 0 
100000000-1001c0000 rw-p 00000000 00:00 0 
1001c0000-140000000 ---p 00000000 00:00 0 
7fd4a8000000-7fd4a8021000 rw-p 00000000 00:00 0 
7fd4a8021000-7fd4ac000000 ---p 00000000 00:00 0 
7fd4ac000000-7fd4ac049000 rw-p 00000000 00:00 0 
7fd4ac049000-7fd4b0000000 ---p 00000000 00:00 0 
7fd4b0000000-7fd4b02bf000 rw-p 00000000 00:00 0 
7fd4b02bf000-7fd4b4000000 ---p 00000000 00:00 0 
7fd4b4000000-7fd4b4021000 rw-p 00000000 00:00 0 
7fd4b4021000-7fd4b8000000 ---p 00000000 00:00 0 
7fd4b8000000-7fd4b8021000 rw-p 00000000 00:00 0 
7fd4b8021000-7fd4bc000000 ---p 00000000 00:00 0 
7fd4bc000000-7fd4bc021000 rw-p 00000000 00:00 0 
7fd4bc021000-7fd4c0000000 ---p 00000000 00:00 0 
7fd4c2979000-7fd4c297c000 ---p 00000000 00:00 0 
7fd4c297c000-7fd4c2a7a000 rw-p 00000000 00:00 0                          [stack:3417]
7fd4c2a7a000-7fd4c2a7d000 ---p 00000000 00:00 0 
7fd4c2a7d000-7fd4c2c7b000 rw-p 00000000 00:00 0                          [stack:3416]
7fd4c2c7b000-7fd4c2d7b000 ---p 00000000 00:00 0 
7fd4c2d7b000-7fd4c2f7b000 rw-p 00000000 00:00 0 
7fd4c2f7b000-7fd4c2f7e000 ---p 00000000 00:00 0 
7fd4c2f7e000-7fd4c307c000 rw-p 00000000 00:00 0                          [stack:3389]
7fd4c307c000-7fd4c307f000 ---p 00000000 00:00 0 
7fd4c307f000-7fd4c337d000 rw-p 00000000 00:00 0                          [stack:3388]
7fd4c337d000-7fd4c338e000 r-xp 00000000 08:01 808480                     /usr/lib/jvm/java-8-openjdk/jre/lib/amd64/libnio.so
7fd4c338e000-7fd4c358d000 ---p 00011000 08:01 808480                     /usr/lib/jvm/java-8-openjdk/jre/lib/amd64/libnio.so
7fd4c358d000-7fd4c358e000 rw-p 00010000 08:01 808480                     /usr/lib/jvm/java-8-openjdk/jre/lib/amd64/libnio.so
7fd4c358e000-7fd4c3592000 r-xp 00000000 08:01 529541                     /usr/lib/libattr.so.1.1.0
7fd4c3592000-7fd4c3791000 ---p 00004000 08:01 529541                     /usr/lib/libattr.so.1.1.0
7fd4c3791000-7fd4c3792000 r--p 00003000 08:01 529541                     /usr/lib/libattr.so.1.1.0
7fd4c3792000-7fd4c3793000 rw-p 00004000 08:01 529541                     /usr/lib/libattr.so.1.1.0
7fd4c3793000-7fd4c3797000 r-xp 00000000 08:01 529201                     /usr/lib/libcap.so.2.24
7fd4c3797000-7fd4c3996000 ---p 00004000 08:01 529201                     /usr/lib/libcap.so.2.24
7fd4c3996000-7fd4c3997000 rw-p 00003000 08:01 529201                     /usr/lib/libcap.so.2.24
7fd4c3997000-7fd4c39b5000 r-xp 00000000 08:01 528249                     /usr/lib/libseccomp.so.2.2.3
7fd4c39b5000-7fd4c3bb5000 ---p 0001e000 08:01 528249                     /usr/lib/libseccomp.so.2.2.3
7fd4c3bb5000-7fd4c3bc2000 r--p 0001e000 08:01 528249                     /usr/lib/libseccomp.so.2.2.3
7fd4c3bc2000-7fd4c3bc3000 rw-p 0002b000 08:01 528249                     /usr/lib/libseccomp.so.2.2.3
7fd4c3bc3000-7fd4c3bf5000 r-xp 00000000 08:01 540120                     /usr/lib/libidn.so.11.6.15
7fd4c3bf5000-7fd4c3df5000 ---p 00032000 08:01 540120                     /usr/lib/libidn.so.11.6.15
7fd4c3df5000-7fd4c3df6000 r--p 00032000 08:01 540120                     /usr/lib/libidn.so.11.6.15
7fd4c3df6000-7fd4c3df7000 rw-p 00033000 08:01 540120                     /usr/lib/libidn.so.11.6.15
7fd4c3df7000-7fd4c3dff000 r-xp 00000000 08:01 529529                     /usr/lib/libacl.so.1.1.0
7fd4c3dff000-7fd4c3ffe000 ---p 00008000 08:01 529529                     /usr/lib/libacl.so.1.1.0
7fd4c3ffe000-7fd4c3fff000 r--p 00007000 08:01 529529                     /usr/lib/libacl.so.1.1.0
7fd4c3fff000-7fd4c4000000 rw-p 00008000 08:01 529529                     /usr/lib/libacl.so.1.1.0
7fd4c4000000-7fd4c4021000 rw-p 00000000 00:00 0 
7fd4c4021000-7fd4c8000000 ---p 00000000 00:00 0 
7fd4c800a000-7fd4c800d000 ---p 00000000 00:00 0 
7fd4c800d000-7fd4c810b000 rw-p 00000000 00:00 0                          [stack:3387]
7fd4c810b000-7fd4c811d000 r-xp 00000000 08:01 543408                     /usr/lib/libgpg-error.so.0.16.0
7fd4c811d000-7fd4c831c000 ---p 00012000 08:01 543408                     /usr/lib/libgpg-error.so.0.16.0
7fd4c831c000-7fd4c831d000 r--p 00011000 08:01 543408                     /usr/lib/libgpg-error.so.0.16.0
7fd4c831d000-7fd4c831e000 rw-p 00012000 08:01 543408                     /usr/lib/libgpg-error.so.0.16.0
7fd4c831e000-7fd4c83f6000 r-xp 00000000 08:01 540169                     /usr/lib/libgcrypt.so.20.0.4
7fd4c83f6000-7fd4c85f6000 ---p 000d8000 08:01 540169                     /usr/lib/libgcrypt.so.20.0.4
7fd4c85f6000-7fd4c85f7000 r--p 000d8000 08:01 540169                     /usr/lib/libgcrypt.so.20.0.4
7fd4c85f7000-7fd4c85ff000 rw-p 000d9000 08:01 540169                     /usr/lib/libgcrypt.so.20.0.4
7fd4c85ff000-7fd4c8600000 rw-p 00000000 00:00 0 
7fd4c8600000-7fd4c8611000 r-xp 00000000 08:01 536796                     /usr/lib/liblz4.so.1.7.1
7fd4c8611000-7fd4c8810000 ---p 00011000 08:01 536796                     /usr/lib/liblz4.so.1.7.1
7fd4c8810000-7fd4c8811000 r--p 00010000 08:01 536796                     /usr/lib/liblz4.so.1.7.1
7fd4c8811000-7fd4c8812000 rw-p 00011000 08:01 536796                     /usr/lib/liblz4.so.1.7.1
7fd4c8812000-7fd4c8837000 r-xp 00000000 08:01 525673                     /usr/lib/liblzma.so.5.2.1
7fd4c8837000-7fd4c8a36000 ---p 00025000 08:01 525673                     /usr/lib/liblzma.so.5.2.1
7fd4c8a36000-7fd4c8a37000 r--p 00024000 08:01 525673                     /usr/lib/liblzma.so.5.2.1
7fd4c8a37000-7fd4c8a38000 rw-p 00025000 08:01 525673                     /usr/lib/liblzma.so.5.2.1
7fd4c8a38000-7fd4c8a4c000 r-xp 00000000 08:01 531190                     /usr/lib/libresolv-2.22.so
7fd4c8a4c000-7fd4c8c4b000 ---p 00014000 08:01 531190                     /usr/lib/libresolv-2.22.so
7fd4c8c4b000-7fd4c8c4c000 r--p 00013000 08:01 531190                     /usr/lib/libresolv-2.22.so
7fd4c8c4c000-7fd4c8c4d000 rw-p 00014000 08:01 531190                     /usr/lib/libresolv-2.22.so
7fd4c8c4d000-7fd4c8c4f000 rw-p 00000000 00:00 0 
7fd4c8c4f000-7fd4c8c54000 r-xp 00000000 08:01 531182                     /usr/lib/libnss_dns-2.22.so
7fd4c8c54000-7fd4c8e53000 ---p 00005000 08:01 531182                     /usr/lib/libnss_dns-2.22.so
7fd4c8e53000-7fd4c8e54000 r--p 00004000 08:01 531182                     /usr/lib/libnss_dns-2.22.so
7fd4c8e54000-7fd4c8e55000 rw-p 00005000 08:01 531182                     /usr/lib/libnss_dns-2.22.so
7fd4c8e55000-7fd4c8e6b000 r-xp 00000000 08:01 808470                     /usr/lib/jvm/java-8-openjdk/jre/lib/amd64/libnet.so
7fd4c8e6b000-7fd4c906b000 ---p 00016000 08:01 808470                     /usr/lib/jvm/java-8-openjdk/jre/lib/amd64/libnet.so
7fd4c906b000-7fd4c906c000 rw-p 00016000 08:01 808470                     /usr/lib/jvm/java-8-openjdk/jre/lib/amd64/libnet.so
7fd4c906c000-7fd4c906f000 ---p 00000000 00:00 0 
7fd4c906f000-7fd4c916d000 rw-p 00000000 00:00 0                          [stack:3384]
7fd4c916d000-7fd4c9172000 r-xp 00000000 08:01 529523                     /usr/lib/libXfixes.so.3.1.0
7fd4c9172000-7fd4c9371000 ---p 00005000 08:01 529523                     /usr/lib/libXfixes.so.3.1.0
7fd4c9371000-7fd4c9372000 r--p 00004000 08:01 529523                     /usr/lib/libXfixes.so.3.1.0
7fd4c9372000-7fd4c9373000 rw-p 00005000 08:01 529523                     /usr/lib/libXfixes.so.3.1.0
7fd4c9373000-7fd4c937d000 r-xp 00000000 08:01 536185                     /usr/lib/libXcursor.so.1.0.2
7fd4c937d000-7fd4c957c000 ---p 0000a000 08:01 536185                     /usr/lib/libXcursor.so.1.0.2
7fd4c957c000-7fd4c957d000 r--p 00009000 08:01 536185                     /usr/lib/libXcursor.so.1.0.2
7fd4c957d000-7fd4c957e000 rw-p 0000a000 08:01 536185                     /usr/lib/libXcursor.so.1.0.2
7fd4c957e000-7fd4c9581000 ---p 00000000 00:00 0 
7fd4c9581000-7fd4c967f000 rw-p 00000000 00:00 0                          [stack:3383]
7fd4c967f000-7fd4c96ee000 r-xp 00000000 08:01 528211                     /usr/lib/libpcre.so.1.2.5
7fd4c96ee000-7fd4c98ed000 ---p 0006f000 08:01 528211                     /usr/lib/libpcre.so.1.2.5
7fd4c98ed000-7fd4c98ee000 r--p 0006e000 08:01 528211                     /usr/lib/libpcre.so.1.2.5
7fd4c98ee000-7fd4c98ef000 rw-p 0006f000 08:01 528211                     /usr/lib/libpcre.so.1.2.5
7fd4c98ef000-7fd4c9918000 r-xp 00000000 08:01 531410                     /usr/lib/libgraphite2.so.3.0.1
7fd4c9918000-7fd4c9b17000 ---p 00029000 08:01 531410                     /usr/lib/libgraphite2.so.3.0.1
7fd4c9b17000-7fd4c9b19000 r--p 00028000 08:01 531410                     /usr/lib/libgraphite2.so.3.0.1
7fd4c9b19000-7fd4c9b1a000 rw-p 0002a000 08:01 531410                     /usr/lib/libgraphite2.so.3.0.1
7fd4c9b1a000-7fd4c9c26000 r-xp 00000000 08:01 533722                     /usr/lib/libglib-2.0.so.0.4400.1
7fd4c9c26000-7fd4c9e25000 ---p 0010c000 08:01 533722                     /usr/lib/libglib-2.0.so.0.4400.1
7fd4c9e25000-7fd4c9e26000 r--p 0010b000 08:01 533722                     /usr/lib/libglib-2.0.so.0.4400.1
7fd4c9e26000-7fd4c9e27000 rw-p 0010c000 08:01 533722                     /usr/lib/libglib-2.0.so.0.4400.1
7fd4c9e27000-7fd4c9e28000 rw-p 00000000 00:00 0 
7fd4c9e28000-7fd4c9e88000 r-xp 00000000 08:01 526994                     /usr/lib/libharfbuzz.so.0.10000.4
7fd4c9e88000-7fd4ca088000 ---p 00060000 08:01 526994                     /usr/lib/libharfbuzz.so.0.10000.4
7fd4ca088000-7fd4ca089000 r--p 00060000 08:01 526994                     /usr/lib/libharfbuzz.so.0.10000.4
7fd4ca089000-7fd4ca08a000 rw-p 00061000 08:01 526994                     /usr/lib/libharfbuzz.so.0.10000.4
7fd4ca08a000-7fd4ca0be000 r-xp 00000000 08:01 525327                     /usr/lib/libpng16.so.16.18.0
7fd4ca0be000-7fd4ca2bd000 ---p 00034000 08:01 525327                     /usr/lib/libpng16.so.16.18.0
7fd4ca2bd000-7fd4ca2be000 r--p 00033000 08:01 525327                     /usr/lib/libpng16.so.16.18.0
7fd4ca2be000-7fd4ca2bf000 rw-p 00034000 08:01 525327                     /usr/lib/libpng16.so.16.18.0
7fd4ca2bf000-7fd4ca2ce000 r-xp 00000000 08:01 529544                     /usr/lib/libbz2.so.1.0.6
7fd4ca2ce000-7fd4ca4cd000 ---p 0000f000 08:01 529544                     /usr/lib/libbz2.so.1.0.6
7fd4ca4cd000-7fd4ca4cf000 rw-p 0000e000 08:01 529544                     /usr/lib/libbz2.so.1.0.6
7fd4ca4cf000-7fd4ca4e5000 r-xp 00000000 08:01 527876                     /usr/lib/libgcc_s.so.1
7fd4ca4e5000-7fd4ca6e4000 ---p 00016000 08:01 527876                     /usr/lib/libgcc_s.so.1
7fd4ca6e4000-7fd4ca6e5000 rw-p 00015000 08:01 527876                     /usr/lib/libgcc_s.so.1
7fd4ca6e5000-7fd4ca79c000 r-xp 00000000 08:01 526642                     /usr/lib/libfreetype.so.6.12.1
7fd4ca79c000-7fd4ca99b000 ---p 000b7000 08:01 526642                     /usr/lib/libfreetype.so.6.12.1
7fd4ca99b000-7fd4ca9a1000 r--p 000b6000 08:01 526642                     /usr/lib/libfreetype.so.6.12.1
7fd4ca9a1000-7fd4ca9a2000 rw-p 000bc000 08:01 526642                     /usr/lib/libfreetype.so.6.12.1
7fd4ca9a2000-7fd4caa04000 r-xp 00000000 08:01 808485                     /usr/lib/jvm/java-8-openjdk/jre/lib/amd64/libfontmanager.so
7fd4caa04000-7fd4cac04000 ---p 00062000 08:01 808485                     /usr/lib/jvm/java-8-openjdk/jre/lib/amd64/libfontmanager.so
7fd4cac04000-7fd4cac08000 rw-p 00062000 08:01 808485                     /usr/lib/jvm/java-8-openjdk/jre/lib/amd64/libfontmanager.so
7fd4cac08000-7fd4cac0d000 r-xp 00000000 08:01 527809                     /usr/lib/libXdmcp.so.6.0.0
7fd4cac0d000-7fd4cae0c000 ---p 00005000 08:01 527809                     /usr/lib/libXdmcp.so.6.0.0
7fd4cae0c000-7fd4cae0d000 r--p 00004000 08:01 527809                     /usr/lib/libXdmcp.so.6.0.0
7fd4cae0d000-7fd4cae0e000 rw-p 00005000 08:01 527809                     /usr/lib/libXdmcp.so.6.0.0
7fd4cae0e000-7fd4cae10000 r-xp 00000000 08:01 529519                     /usr/lib/libXau.so.6.0.0
7fd4cae10000-7fd4cb010000 ---p 00002000 08:01 529519                     /usr/lib/libXau.so.6.0.0
7fd4cb010000-7fd4cb011000 r--p 00002000 08:01 529519                     /usr/lib/libXau.so.6.0.0
7fd4cb011000-7fd4cb012000 rw-p 00003000 08:01 529519                     /usr/lib/libXau.so.6.0.0
7fd4cb012000-7fd4cb033000 r-xp 00000000 08:01 529365                     /usr/lib/libxcb.so.1.1.0
7fd4cb033000-7fd4cb233000 ---p 00021000 08:01 529365                     /usr/lib/libxcb.so.1.1.0
7fd4cb233000-7fd4cb234000 r--p 00021000 08:01 529365                     /usr/lib/libxcb.so.1.1.0
7fd4cb234000-7fd4cb235000 rw-p 00022000 08:01 529365                     /usr/lib/libxcb.so.1.1.0
7fd4cb235000-7fd4cb244000 r-xp 00000000 08:01 536189                     /usr/lib/libXi.so.6.1.0
7fd4cb244000-7fd4cb443000 ---p 0000f000 08:01 536189                     /usr/lib/libXi.so.6.1.0
7fd4cb443000-7fd4cb444000 r--p 0000e000 08:01 536189                     /usr/lib/libXi.so.6.1.0
7fd4cb444000-7fd4cb445000 rw-p 0000f000 08:01 536189                     /usr/lib/libXi.so.6.1.0
7fd4cb445000-7fd4cb44a000 r-xp 00000000 08:01 536888                     /usr/lib/libXtst.so.6.1.0
7fd4cb44a000-7fd4cb649000 ---p 00005000 08:01 536888                     /usr/lib/libXtst.so.6.1.0
7fd4cb649000-7fd4cb64a000 r--p 00004000 08:01 536888                     /usr/lib/libXtst.so.6.1.0
7fd4cb64a000-7fd4cb64b000 rw-p 00005000 08:01 536888                     /usr/lib/libXtst.so.6.1.0
7fd4cb64b000-7fd4cb654000 r-xp 00000000 08:01 536201                     /usr/lib/libXrender.so.1.3.0
7fd4cb654000-7fd4cb853000 ---p 00009000 08:01 536201                     /usr/lib/libXrender.so.1.3.0
7fd4cb853000-7fd4cb854000 r--p 00008000 08:01 536201                     /usr/lib/libXrender.so.1.3.0
7fd4cb854000-7fd4cb855000 rw-p 00009000 08:01 536201                     /usr/lib/libXrender.so.1.3.0
7fd4cb855000-7fd4cb990000 r-xp 00000000 08:01 526138                     /usr/lib/libX11.so.6.3.0
7fd4cb990000-7fd4cbb8f000 ---p 0013b000 08:01 526138                     /usr/lib/libX11.so.6.3.0
7fd4cbb8f000-7fd4cbb91000 r--p 0013a000 08:01 526138                     /usr/lib/libX11.so.6.3.0
7fd4cbb91000-7fd4cbb96000 rw-p 0013c000 08:01 526138                     /usr/lib/libX11.so.6.3.0
7fd4cbb96000-7fd4cbb97000 rw-p 00000000 00:00 0 
7fd4cbb97000-7fd4cbba8000 r-xp 00000000 08:01 527813                     /usr/lib/libXext.so.6.4.0
7fd4cbba8000-7fd4cbda7000 ---p 00011000 08:01 527813                     /usr/lib/libXext.so.6.4.0
7fd4cbda7000-7fd4cbda8000 r--p 00010000 08:01 527813                     /usr/lib/libXext.so.6.4.0
7fd4cbda8000-7fd4cbda9000 rw-p 00011000 08:01 527813                     /usr/lib/libXext.so.6.4.0
7fd4cbda9000-7fd4cbdfc000 r-xp 00000000 08:01 808482                     /usr/lib/jvm/java-8-openjdk/jre/lib/amd64/libawt_xawt.so
7fd4cbdfc000-7fd4cbffc000 ---p 00053000 08:01 808482                     /usr/lib/jvm/java-8-openjdk/jre/lib/amd64/libawt_xawt.so
7fd4cbffc000-7fd4cbfff000 rw-p 00053000 08:01 808482                     /usr/lib/jvm/java-8-openjdk/jre/lib/amd64/libawt_xawt.so
7fd4cbfff000-7fd4cc000000 rw-p 00000000 00:00 0 
7fd4cc000000-7fd4cc021000 rw-p 00000000 00:00 0 
7fd4cc021000-7fd4d0000000 ---p 00000000 00:00 0 
7fd4d0000000-7fd4d0021000 rw-p 00000000 00:00 0 
7fd4d0021000-7fd4d4000000 ---p 00000000 00:00 0 
7fd4d4000000-7fd4d4a11000 rw-p 00000000 00:00 0 
7fd4d4a11000-7fd4d8000000 ---p 00000000 00:00 0 
7fd4d8000000-7fd4d8427000 rw-p 00000000 00:00 0 
7fd4d8427000-7fd4dc000000 ---p 00000000 00:00 0 
7fd4dc000000-7fd4dc021000 rw-p 00000000 00:00 0 
7fd4dc021000-7fd4e0000000 ---p 00000000 00:00 0 
7fd4e0000000-7fd4e06cd000 rw-p 00000000 00:00 0 
7fd4e06cd000-7fd4e4000000 ---p 00000000 00:00 0 
7fd4e4000000-7fd4e4021000 rw-p 00000000 00:00 0 
7fd4e4021000-7fd4e8000000 ---p 00000000 00:00 0 
7fd4e8000000-7fd4e8021000 rw-p 00000000 00:00 0 
7fd4e8021000-7fd4ec000000 ---p 00000000 00:00 0 
7fd4ec000000-7fd4ec021000 rw-p 00000000 00:00 0 
7fd4ec021000-7fd4f0000000 ---p 00000000 00:00 0 
7fd4f0000000-7fd4f0021000 rw-p 00000000 00:00 0 
7fd4f0021000-7fd4f4000000 ---p 00000000 00:00 0 
7fd4f4000000-7fd4f4021000 rw-p 00000000 00:00 0 
7fd4f4021000-7fd4f8000000 ---p 00000000 00:00 0 
7fd4f8000000-7fd4f8021000 rw-p 00000000 00:00 0 
7fd4f8021000-7fd4fc000000 ---p 00000000 00:00 0 
7fd4fc000000-7fd4fc021000 rw-p 00000000 00:00 0 
7fd4fc021000-7fd500000000 ---p 00000000 00:00 0 
7fd500032000-7fd500040000 r-xp 00000000 08:01 528266                     /usr/lib/libnss_myhostname.so.2
7fd500040000-7fd500043000 r--p 0000d000 08:01 528266                     /usr/lib/libnss_myhostname.so.2
7fd500043000-7fd500044000 rw-p 00010000 08:01 528266                     /usr/lib/libnss_myhostname.so.2
7fd500073000-7fd500074000 rw-p 00000000 00:00 0 
7fd500074000-7fd500078000 r--s 00095000 08:01 807885                     /usr/lib/jvm/java-8-openjdk/jre/lib/jsse.jar
7fd500078000-7fd5000a9000 rw-p 00000000 00:00 0 
7fd5000a9000-7fd5000bc000 r--s 00345000 08:01 807886                     /usr/lib/jvm/java-8-openjdk/jre/lib/resources.jar
7fd5000bc000-7fd50015a000 r-xp 00000000 08:01 808479                     /usr/lib/jvm/java-8-openjdk/jre/lib/amd64/libawt.so
7fd50015a000-7fd50035a000 ---p 0009e000 08:01 808479                     /usr/lib/jvm/java-8-openjdk/jre/lib/amd64/libawt.so
7fd50035a000-7fd500366000 rw-p 0009e000 08:01 808479                     /usr/lib/jvm/java-8-openjdk/jre/lib/amd64/libawt.so
7fd500366000-7fd50038a000 rw-p 00000000 00:00 0 
7fd50038a000-7fd50038c000 r--s 0000c000 08:01 942365                     /usr/lib/eclipse/plugins/org.hamcrest.core_1.3.0.v201303031735.jar
7fd50038c000-7fd500394000 r--s 00045000 08:01 1582727                    /usr/lib/eclipse/plugins/org.junit_4.12.0.v201504281640/junit.jar
7fd500394000-7fd500395000 ---p 00000000 00:00 0 
7fd500395000-7fd500495000 rw-p 00000000 00:00 0                          [stack:3382]
7fd500495000-7fd500498000 ---p 00000000 00:00 0 
7fd500498000-7fd500596000 rw-p 00000000 00:00 0                          [stack:3381]
7fd500596000-7fd500599000 ---p 00000000 00:00 0 
7fd500599000-7fd500697000 rw-p 00000000 00:00 0                          [stack:3380]
7fd500697000-7fd50069a000 ---p 00000000 00:00 0 
7fd50069a000-7fd500798000 rw-p 00000000 00:00 0                          [stack:3379]
7fd500798000-7fd50079b000 ---p 00000000 00:00 0 
7fd50079b000-7fd500899000 rw-p 00000000 00:00 0                          [stack:3378]
7fd500899000-7fd50089c000 ---p 00000000 00:00 0 
7fd50089c000-7fd50099a000 rw-p 00000000 00:00 0                          [stack:3377]
7fd50099a000-7fd500b28000 r--p 00000000 08:01 543557                     /usr/lib/locale/locale-archive
7fd500b28000-7fd500b2b000 ---p 00000000 00:00 0 
7fd500b2b000-7fd500c29000 rw-p 00000000 00:00 0                          [stack:3376]
7fd500c29000-7fd500c2c000 ---p 00000000 00:00 0 
7fd500c2c000-7fd500d2a000 rw-p 00000000 00:00 0                          [stack:3375]
7fd500d2a000-7fd500d2b000 ---p 00000000 00:00 0 
7fd500d2b000-7fd501dc9000 rw-p 00000000 00:00 0                          [stack:3374]
7fd501dc9000-7fd501f97000 r--s 03bde000 08:01 808439                     /usr/lib/jvm/java-8-openjdk/jre/lib/rt.jar
7fd501f97000-7fd504700000 rw-p 00000000 00:00 0 
7fd504700000-7fd504701000 ---p 00000000 00:00 0 
7fd504701000-7fd504801000 rw-p 00000000 00:00 0                          [stack:3369]
7fd504801000-7fd504802000 ---p 00000000 00:00 0 
7fd504802000-7fd504902000 rw-p 00000000 00:00 0                          [stack:3368]
7fd504902000-7fd504903000 ---p 00000000 00:00 0 
7fd504903000-7fd504a03000 rw-p 00000000 00:00 0                          [stack:3367]
7fd504a03000-7fd504a04000 ---p 00000000 00:00 0 
7fd504a04000-7fd504b18000 rw-p 00000000 00:00 0                          [stack:3366]
7fd504b18000-7fd504c40000 ---p 00000000 00:00 0 
7fd504c40000-7fd504c52000 rw-p 00000000 00:00 0 
7fd504c52000-7fd505000000 ---p 00000000 00:00 0 
7fd505000000-7fd505470000 rwxp 00000000 00:00 0 
7fd505470000-7fd514000000 ---p 00000000 00:00 0 
7fd514000000-7fd514364000 rw-p 00000000 00:00 0 
7fd514364000-7fd518000000 ---p 00000000 00:00 0 
7fd518000000-7fd51800d000 r--s 00077000 08:11 625                        /run/media/b/Files/SWEN222/Lunarcy-Repo/Lunarcy/libs/xstream-1.4.8.jar
7fd51800d000-7fd51800f000 r--s 00005000 08:11 624                        /run/media/b/Files/SWEN222/Lunarcy-Repo/Lunarcy/libs/xpp3_min-1.1.4c.jar
7fd51800f000-7fd518010000 r--s 00001000 08:11 623                        /run/media/b/Files/SWEN222/Lunarcy-Repo/Lunarcy/libs/xmlpull-1.1.3.1.jar
7fd518010000-7fd518013000 r--s 00017000 08:11 612                        /run/media/b/Files/SWEN222/Lunarcy-Repo/Lunarcy/libs/tritonus_share.jar
7fd518013000-7fd518014000 r--s 00002000 08:11 611                        /run/media/b/Files/SWEN222/Lunarcy-Repo/Lunarcy/libs/tritonus_aos.jar
7fd518014000-7fd518015000 r--s 00003000 08:11 610                        /run/media/b/Files/SWEN222/Lunarcy-Repo/Lunarcy/libs/opengl.jar
7fd518015000-7fd518016000 r--s 00007000 08:11 609                        /run/media/b/Files/SWEN222/Lunarcy-Repo/Lunarcy/libs/objloader.jar
7fd518016000-7fd518017000 r--s 00005000 08:11 608                        /run/media/b/Files/SWEN222/Lunarcy-Repo/Lunarcy/libs/mp3spi1.9.4.jar
7fd518017000-7fd518019000 r--s 0000d000 08:11 607                        /run/media/b/Files/SWEN222/Lunarcy-Repo/Lunarcy/libs/minim.jar
7fd518019000-7fd51801a000 r--s 00000000 08:11 606                        /run/media/b/Files/SWEN222/Lunarcy-Repo/Lunarcy/libs/minim-spi.jar
7fd51801a000-7fd51801b000 r--s 00012000 08:11 605                        /run/media/b/Files/SWEN222/Lunarcy-Repo/Lunarcy/libs/miglayout-4.0-swing.jar
7fd51801b000-7fd51801c000 r--s 0000b000 08:11 589                        /run/media/b/Files/SWEN222/Lunarcy-Repo/Lunarcy/libs/jsminim.jar
7fd51801c000-7fd5180c7000 rw-p 00000000 00:00 0 
7fd5180c7000-7fd5181ee000 ---p 00000000 00:00 0 
7fd5181ee000-7fd518200000 rw-p 00000000 00:00 0 
7fd518200000-7fd51828c000 ---p 00000000 00:00 0 
7fd51828c000-7fd51828d000 rw-p 00000000 00:00 0 
7fd51828d000-7fd518295000 r-xp 00000000 08:01 808467                     /usr/lib/jvm/java-8-openjdk/jre/lib/amd64/libzip.so
7fd518295000-7fd518494000 ---p 00008000 08:01 808467                     /usr/lib/jvm/java-8-openjdk/jre/lib/amd64/libzip.so
7fd518494000-7fd518495000 rw-p 00007000 08:01 808467                     /usr/lib/jvm/java-8-openjdk/jre/lib/amd64/libzip.so
7fd518495000-7fd5184a0000 r-xp 00000000 08:01 531183                     /usr/lib/libnss_files-2.22.so
7fd5184a0000-7fd51869f000 ---p 0000b000 08:01 531183                     /usr/lib/libnss_files-2.22.so
7fd51869f000-7fd5186a0000 r--p 0000a000 08:01 531183                     /usr/lib/libnss_files-2.22.so
7fd5186a0000-7fd5186a1000 rw-p 0000b000 08:01 531183                     /usr/lib/libnss_files-2.22.so
7fd5186a1000-7fd5186a7000 rw-p 00000000 00:00 0 
7fd5186a7000-7fd5186d3000 r-xp 00000000 08:01 808466                     /usr/lib/jvm/java-8-openjdk/jre/lib/amd64/libjava.so
7fd5186d3000-7fd5188d3000 ---p 0002c000 08:01 808466                     /usr/lib/jvm/java-8-openjdk/jre/lib/amd64/libjava.so
7fd5188d3000-7fd5188d5000 rw-p 0002c000 08:01 808466                     /usr/lib/jvm/java-8-openjdk/jre/lib/amd64/libjava.so
7fd5188d5000-7fd5188e2000 r-xp 00000000 08:01 808459                     /usr/lib/jvm/java-8-openjdk/jre/lib/amd64/libverify.so
7fd5188e2000-7fd518ae1000 ---p 0000d000 08:01 808459                     /usr/lib/jvm/java-8-openjdk/jre/lib/amd64/libverify.so
7fd518ae1000-7fd518ae3000 rw-p 0000c000 08:01 808459                     /usr/lib/jvm/java-8-openjdk/jre/lib/amd64/libverify.so
7fd518ae3000-7fd518aea000 r-xp 00000000 08:01 531191                     /usr/lib/librt-2.22.so
7fd518aea000-7fd518ce9000 ---p 00007000 08:01 531191                     /usr/lib/librt-2.22.so
7fd518ce9000-7fd518cea000 r--p 00006000 08:01 531191                     /usr/lib/librt-2.22.so
7fd518cea000-7fd518ceb000 rw-p 00007000 08:01 531191                     /usr/lib/librt-2.22.so
7fd518ceb000-7fd518de8000 r-xp 00000000 08:01 531188                     /usr/lib/libm-2.22.so
7fd518de8000-7fd518fe7000 ---p 000fd000 08:01 531188                     /usr/lib/libm-2.22.so
7fd518fe7000-7fd518fe8000 r--p 000fc000 08:01 531188                     /usr/lib/libm-2.22.so
7fd518fe8000-7fd518fe9000 rw-p 000fd000 08:01 531188                     /usr/lib/libm-2.22.so
7fd518fe9000-7fd519c3c000 r-xp 00000000 08:01 945578                     /usr/lib/jvm/java-8-openjdk/jre/lib/amd64/server/libjvm.so
7fd519c3c000-7fd519e3b000 ---p 00c53000 08:01 945578                     /usr/lib/jvm/java-8-openjdk/jre/lib/amd64/server/libjvm.so
7fd519e3b000-7fd519ef7000 rw-p 00c52000 08:01 945578                     /usr/lib/jvm/java-8-openjdk/jre/lib/amd64/server/libjvm.so
7fd519ef7000-7fd519f25000 rw-p 00000000 00:00 0 
7fd519f25000-7fd51a0c0000 r-xp 00000000 08:01 531138                     /usr/lib/libc-2.22.so
7fd51a0c0000-7fd51a2bf000 ---p 0019b000 08:01 531138                     /usr/lib/libc-2.22.so
7fd51a2bf000-7fd51a2c3000 r--p 0019a000 08:01 531138                     /usr/lib/libc-2.22.so
7fd51a2c3000-7fd51a2c5000 rw-p 0019e000 08:01 531138                     /usr/lib/libc-2.22.so
7fd51a2c5000-7fd51a2c9000 rw-p 00000000 00:00 0 
7fd51a2c9000-7fd51a2cc000 r-xp 00000000 08:01 531187                     /usr/lib/libdl-2.22.so
7fd51a2cc000-7fd51a4cb000 ---p 00003000 08:01 531187                     /usr/lib/libdl-2.22.so
7fd51a4cb000-7fd51a4cc000 r--p 00002000 08:01 531187                     /usr/lib/libdl-2.22.so
7fd51a4cc000-7fd51a4cd000 rw-p 00003000 08:01 531187                     /usr/lib/libdl-2.22.so
7fd51a4cd000-7fd51a4da000 r-xp 00000000 08:01 945575                     /usr/lib/jvm/java-8-openjdk/jre/lib/amd64/jli/libjli.so
7fd51a4da000-7fd51a6d9000 ---p 0000d000 08:01 945575                     /usr/lib/jvm/java-8-openjdk/jre/lib/amd64/jli/libjli.so
7fd51a6d9000-7fd51a6da000 rw-p 0000c000 08:01 945575                     /usr/lib/jvm/java-8-openjdk/jre/lib/amd64/jli/libjli.so
7fd51a6da000-7fd51a6ef000 r-xp 00000000 08:01 526057                     /usr/lib/libz.so.1.2.8
7fd51a6ef000-7fd51a8ee000 ---p 00015000 08:01 526057                     /usr/lib/libz.so.1.2.8
7fd51a8ee000-7fd51a8ef000 r--p 00014000 08:01 526057                     /usr/lib/libz.so.1.2.8
7fd51a8ef000-7fd51a8f0000 rw-p 00015000 08:01 526057                     /usr/lib/libz.so.1.2.8
7fd51a8f0000-7fd51a908000 r-xp 00000000 08:01 529395                     /usr/lib/libpthread-2.22.so
7fd51a908000-7fd51ab07000 ---p 00018000 08:01 529395                     /usr/lib/libpthread-2.22.so
7fd51ab07000-7fd51ab08000 r--p 00017000 08:01 529395                     /usr/lib/libpthread-2.22.so
7fd51ab08000-7fd51ab09000 rw-p 00018000 08:01 529395                     /usr/lib/libpthread-2.22.so
7fd51ab09000-7fd51ab0d000 rw-p 00000000 00:00 0 
7fd51ab0d000-7fd51ab2f000 r-xp 00000000 08:01 531026                     /usr/lib/ld-2.22.so
7fd51ab2f000-7fd51abf4000 rw-p 00000000 00:00 0 
7fd51abf4000-7fd51abf7000 ---p 00000000 00:00 0 
7fd51abf7000-7fd51acf9000 rw-p 00000000 00:00 0                          [stack:3365]
7fd51acf9000-7fd51ad04000 r--s 00108000 08:11 588                        /run/media/b/Files/SWEN222/Lunarcy-Repo/Lunarcy/libs/jogl.jar
7fd51ad04000-7fd51ad07000 r--s 00017000 08:11 587                        /run/media/b/Files/SWEN222/Lunarcy-Repo/Lunarcy/libs/jl1.0.jar
7fd51ad07000-7fd51ad08000 r--s 00004000 08:11 586                        /run/media/b/Files/SWEN222/Lunarcy-Repo/Lunarcy/libs/gluegen-rt.jar
7fd51ad08000-7fd51ad0a000 r--s 0002b000 08:11 585                        /run/media/b/Files/SWEN222/Lunarcy-Repo/Lunarcy/libs/core.jar
7fd51ad0a000-7fd51ad10000 r--s 002f8000 08:01 807887                     /usr/lib/jvm/java-8-openjdk/jre/lib/charsets.jar
7fd51ad10000-7fd51ad23000 rw-p 00000000 00:00 0 
7fd51ad23000-7fd51ad2b000 rw-s 00000000 00:20 27                         /tmp/hsperfdata_b/3363
7fd51ad2b000-7fd51ad2c000 rw-p 00000000 00:00 0 
7fd51ad2c000-7fd51ad2d000 ---p 00000000 00:00 0 
7fd51ad2d000-7fd51ad2e000 rw-p 00000000 00:00 0 
7fd51ad2e000-7fd51ad2f000 r--p 00021000 08:01 531026                     /usr/lib/ld-2.22.so
7fd51ad2f000-7fd51ad30000 rw-p 00022000 08:01 531026                     /usr/lib/ld-2.22.so
7fd51ad30000-7fd51ad31000 rw-p 00000000 00:00 0 
7ffcbc994000-7ffcbc9b5000 rw-p 00000000 00:00 0                          [stack]
7ffcbc9e8000-7ffcbc9ea000 r--p 00000000 00:00 0                          [vvar]
7ffcbc9ea000-7ffcbc9ec000 r-xp 00000000 00:00 0                          [vdso]
ffffffffff600000-ffffffffff601000 r-xp 00000000 00:00 0                  [vsyscall]

VM Arguments:
jvm_args: -Djava.library.path=/run/media/b/Files/SWEN222/Lunarcy-Repo/Lunarcy/libs/linux64 -Dfile.encoding=UTF-8 
java_command: ui.ServerMain
java_class_path (initial): /run/media/b/Files/SWEN222/Lunarcy-Repo/Lunarcy/bin:/run/media/b/Files/SWEN222/Lunarcy-Repo/Lunarcy/libs/core.jar:/run/media/b/Files/SWEN222/Lunarcy-Repo/Lunarcy/libs/gluegen-rt.jar:/run/media/b/Files/SWEN222/Lunarcy-Repo/Lunarcy/libs/jl1.0.jar:/run/media/b/Files/SWEN222/Lunarcy-Repo/Lunarcy/libs/jogl.jar:/run/media/b/Files/SWEN222/Lunarcy-Repo/Lunarcy/libs/jsminim.jar:/run/media/b/Files/SWEN222/Lunarcy-Repo/Lunarcy/libs/miglayout-4.0-swing.jar:/run/media/b/Files/SWEN222/Lunarcy-Repo/Lunarcy/libs/minim-spi.jar:/run/media/b/Files/SWEN222/Lunarcy-Repo/Lunarcy/libs/minim.jar:/run/media/b/Files/SWEN222/Lunarcy-Repo/Lunarcy/libs/mp3spi1.9.4.jar:/run/media/b/Files/SWEN222/Lunarcy-Repo/Lunarcy/libs/objloader.jar:/run/media/b/Files/SWEN222/Lunarcy-Repo/Lunarcy/libs/opengl.jar:/run/media/b/Files/SWEN222/Lunarcy-Repo/Lunarcy/libs/tritonus_aos.jar:/run/media/b/Files/SWEN222/Lunarcy-Repo/Lunarcy/libs/tritonus_share.jar:/run/media/b/Files/SWEN222/Lunarcy-Repo/Lunarcy/libs/xmlpull-1.1.3.1.jar:/run/media/b/Files/SWEN222/Lunarcy-Repo/Lunarcy/libs/xpp3_min-1.1.4c.jar:/run/media/b/Files/SWEN222/Lunarcy-Repo/Lunarcy/libs/xstream-1.4.8.jar:/usr/lib/eclipse/plugins/org.junit_4.12.0.v201504281640/junit.jar:/usr/lib/eclipse/plugins/org.hamcrest.core_1.3.0.v201303031735.jar
Launcher Type: SUN_STANDARD

Environment Variables:
PATH=/usr/local/sbin:/usr/local/bin:/usr/bin:/usr/lib/jvm/default/bin:/usr/bin/site_perl:/usr/bin/vendor_perl:/usr/bin/core_perl
SHELL=/bin/bash
DISPLAY=:0.0

Signal Handlers:
SIGSEGV: [libjvm.so+0xa581a0], sa_mask[0]=11111111011111111101111111111110, sa_flags=SA_RESTART|SA_SIGINFO
SIGBUS: [libjvm.so+0xa581a0], sa_mask[0]=11111111011111111101111111111110, sa_flags=SA_RESTART|SA_SIGINFO
SIGFPE: [libjvm.so+0x8a4420], sa_mask[0]=11111111011111111101111111111110, sa_flags=SA_RESTART|SA_SIGINFO
SIGPIPE: [libjvm.so+0x8a4420], sa_mask[0]=11111111011111111101111111111110, sa_flags=SA_RESTART|SA_SIGINFO
SIGXFSZ: [libjvm.so+0x8a4420], sa_mask[0]=11111111011111111101111111111110, sa_flags=SA_RESTART|SA_SIGINFO
SIGILL: [libjvm.so+0x8a4420], sa_mask[0]=11111111011111111101111111111110, sa_flags=SA_RESTART|SA_SIGINFO
SIGUSR1: SIG_IGN, sa_mask[0]=00000000000000000000000000000000, sa_flags=none
SIGUSR2: [libjvm.so+0x8a42d0], sa_mask[0]=00100000000000000000000000000000, sa_flags=SA_RESTART|SA_SIGINFO
SIGHUP: [libjvm.so+0x8a47a0], sa_mask[0]=11111111011111111101111111111110, sa_flags=SA_RESTART|SA_SIGINFO
SIGINT: SIG_IGN, sa_mask[0]=00000000000000000000000000000000, sa_flags=none
SIGTERM: [libjvm.so+0x8a47a0], sa_mask[0]=11111111011111111101111111111110, sa_flags=SA_RESTART|SA_SIGINFO
SIGQUIT: [libjvm.so+0x8a47a0], sa_mask[0]=11111111011111111101111111111110, sa_flags=SA_RESTART|SA_SIGINFO


---------------  S Y S T E M  ---------------

OS:DISTRIB_ID=ManjaroLinux
DISTRIB_RELEASE=15.09
DISTRIB_CODENAME=Bellatrix
DISTRIB_DESCRIPTION="Manjaro Linux"

uname:Linux 3.19.8.7-1-MANJARO #1 SMP PREEMPT Fri Sep 25 18:20:07 UTC 2015 x86_64
libc:glibc 2.22 NPTL 2.22 
rlimit: STACK 8192k, CORE 0k, NPROC 15081, NOFILE 4096, AS infinity
load average:31.19 21.47 10.93

/proc/meminfo:
MemTotal:        3867980 kB
MemFree:          104484 kB
MemAvailable:      34444 kB
Buffers:             244 kB
Cached:           364728 kB
SwapCached:            0 kB
Active:          2187264 kB
Inactive:         215612 kB
Active(anon):    2185448 kB
Inactive(anon):   213336 kB
Active(file):       1816 kB
Inactive(file):     2276 kB
Unevictable:       17576 kB
Mlocked:           17576 kB
SwapTotal:             0 kB
SwapFree:              0 kB
Dirty:                 4 kB
Writeback:             0 kB
AnonPages:       2056516 kB
Mapped:          1391588 kB
Shmem:            351872 kB
Slab:              58484 kB
SReclaimable:      24768 kB
SUnreclaim:        33716 kB
KernelStack:        7888 kB
PageTables:        26756 kB
NFS_Unstable:          0 kB
Bounce:                0 kB
WritebackTmp:          0 kB
CommitLimit:     1933988 kB
Committed_AS:    5906420 kB
VmallocTotal:   34359738367 kB
VmallocUsed:      561308 kB
VmallocChunk:   34359157088 kB
HardwareCorrupted:     0 kB
AnonHugePages:   1095680 kB
HugePages_Total:       0
HugePages_Free:        0
HugePages_Rsvd:        0
HugePages_Surp:        0
Hugepagesize:       2048 kB
DirectMap4k:       88832 kB
DirectMap2M:     3919872 kB


CPU:total 4 (2 cores per cpu, 2 threads per core) family 6 model 58 stepping 9, cmov, cx8, fxsr, mmx, sse, sse2, sse3, ssse3, sse4.1, sse4.2, popcnt, avx, aes, clmul, erms, ht, tsc, tscinvbit, tscinv

/proc/cpuinfo:
processor	: 0
vendor_id	: GenuineIntel
cpu family	: 6
model		: 58
model name	: Intel(R) Core(TM) i5-3337U CPU @ 1.80GHz
stepping	: 9
microcode	: 0x1b
cpu MHz		: 2500.101
cache size	: 3072 KB
physical id	: 0
siblings	: 4
core id		: 0
cpu cores	: 2
apicid		: 0
initial apicid	: 0
fpu		: yes
fpu_exception	: yes
cpuid level	: 13
wp		: yes
flags		: fpu vme de pse tsc msr pae mce cx8 apic sep mtrr pge mca cmov pat pse36 clflush dts acpi mmx fxsr sse sse2 ss ht tm pbe syscall nx rdtscp lm constant_tsc arch_perfmon pebs bts rep_good nopl xtopology nonstop_tsc aperfmperf eagerfpu pni pclmulqdq dtes64 monitor ds_cpl vmx est tm2 ssse3 cx16 xtpr pdcm pcid sse4_1 sse4_2 x2apic popcnt tsc_deadline_timer aes xsave avx f16c rdrand lahf_lm ida arat epb pln pts dtherm tpr_shadow vnmi flexpriority ept vpid fsgsbase smep erms xsaveopt
bugs		:
bogomips	: 3593.21
clflush size	: 64
cache_alignment	: 64
address sizes	: 36 bits physical, 48 bits virtual
power management:

processor	: 1
vendor_id	: GenuineIntel
cpu family	: 6
model		: 58
model name	: Intel(R) Core(TM) i5-3337U CPU @ 1.80GHz
stepping	: 9
microcode	: 0x1b
cpu MHz		: 2514.726
cache size	: 3072 KB
physical id	: 0
siblings	: 4
core id		: 0
cpu cores	: 2
apicid		: 1
initial apicid	: 1
fpu		: yes
fpu_exception	: yes
cpuid level	: 13
wp		: yes
flags		: fpu vme de pse tsc msr pae mce cx8 apic sep mtrr pge mca cmov pat pse36 clflush dts acpi mmx fxsr sse sse2 ss ht tm pbe syscall nx rdtscp lm constant_tsc arch_perfmon pebs bts rep_good nopl xtopology nonstop_tsc aperfmperf eagerfpu pni pclmulqdq dtes64 monitor ds_cpl vmx est tm2 ssse3 cx16 xtpr pdcm pcid sse4_1 sse4_2 x2apic popcnt tsc_deadline_timer aes xsave avx f16c rdrand lahf_lm ida arat epb pln pts dtherm tpr_shadow vnmi flexpriority ept vpid fsgsbase smep erms xsaveopt
bugs		:
bogomips	: 3593.21
clflush size	: 64
cache_alignment	: 64
address sizes	: 36 bits physical, 48 bits virtual
power management:

processor	: 2
vendor_id	: GenuineIntel
cpu family	: 6
model		: 58
model name	: Intel(R) Core(TM) i5-3337U CPU @ 1.80GHz
stepping	: 9
microcode	: 0x1b
cpu MHz		: 2500.171
cache size	: 3072 KB
physical id	: 0
siblings	: 4
core id		: 1
cpu cores	: 2
apicid		: 2
initial apicid	: 2
fpu		: yes
fpu_exception	: yes
cpuid level	: 13
wp		: yes
flags		: fpu vme de pse tsc msr pae mce cx8 apic sep mtrr pge mca cmov pat pse36 clflush dts acpi mmx fxsr sse sse2 ss ht tm pbe syscall nx rdtscp lm constant_tsc arch_perfmon pebs bts rep_good nopl xtopology nonstop_tsc aperfmperf eagerfpu pni pclmulqdq dtes64 monitor ds_cpl vmx est tm2 ssse3 cx16 xtpr pdcm pcid sse4_1 sse4_2 x2apic popcnt tsc_deadline_timer aes xsave avx f16c rdrand lahf_lm ida arat epb pln pts dtherm tpr_shadow vnmi flexpriority ept vpid fsgsbase smep erms xsaveopt
bugs		:
bogomips	: 3593.21
clflush size	: 64
cache_alignment	: 64
address sizes	: 36 bits physical, 48 bits virtual
power management:

processor	: 3
vendor_id	: GenuineIntel
cpu family	: 6
model		: 58
model name	: Intel(R) Core(TM) i5-3337U CPU @ 1.80GHz
stepping	: 9
microcode	: 0x1b
cpu MHz		: 2499.960
cache size	: 3072 KB
physical id	: 0
siblings	: 4
core id		: 1
cpu cores	: 2
apicid		: 3
initial apicid	: 3
fpu		: yes
fpu_exception	: yes
cpuid level	: 13
wp		: yes
flags		: fpu vme de pse tsc msr pae mce cx8 apic sep mtrr pge mca cmov pat pse36 clflush dts acpi mmx fxsr sse sse2 ss ht tm pbe syscall nx rdtscp lm constant_tsc arch_perfmon pebs bts rep_good nopl xtopology nonstop_tsc aperfmperf eagerfpu pni pclmulqdq dtes64 monitor ds_cpl vmx est tm2 ssse3 cx16 xtpr pdcm pcid sse4_1 sse4_2 x2apic popcnt tsc_deadline_timer aes xsave avx f16c rdrand lahf_lm ida arat epb pln pts dtherm tpr_shadow vnmi flexpriority ept vpid fsgsbase smep erms xsaveopt
bugs		:
bogomips	: 3593.21
clflush size	: 64
cache_alignment	: 64
address sizes	: 36 bits physical, 48 bits virtual
power management:



Memory: 4k page, physical 3867980k(104780k free), swap 0k(0k free)

vm_info: OpenJDK 64-Bit Server VM (25.60-b23) for linux-amd64 JRE (1.8.0_60-b24), built on Aug 23 2015 18:39:15 by "builduser" with gcc 5.2.0

time: Fri Oct  9 22:58:26 2015
elapsed time: 470 seconds (0d 0h 7m 50s)

