#
# A fatal error has been detected by the Java Runtime Environment:
#
#  SIGSEGV (0xb) at pc=0x00007f8effd76427, pid=5154, tid=140252710086400
#
# JRE version: OpenJDK Runtime Environment (8.0_60-b24) (build 1.8.0_60-b24)
# Java VM: OpenJDK 64-Bit Server VM (25.60-b23 mixed mode linux-amd64 compressed oops)
# Problematic frame:
# C  [i965_dri.so+0x402427]
#
# Failed to write core dump. Core dumps have been disabled. To enable core dumping, try "ulimit -c unlimited" before starting Java again
#
# If you would like to submit a bug report, please visit:
#   http://bugreport.java.com/bugreport/crash.jsp
# The crash happened outside the Java Virtual Machine in native code.
# See problematic frame for where to report the bug.
#

---------------  T H R E A D  ---------------

Current thread (0x00007f8f6c3cd000):  JavaThread "AWT-EventQueue-0" [_thread_in_native, id=5180, stack(0x00007f8f20e6a000,0x00007f8f20f6b000)]

siginfo: si_signo: 11 (SIGSEGV), si_code: 2 (SEGV_ACCERR), si_addr: 0x00007f8efe390000

Registers:
RAX=0x0000000000000000, RBX=0x00007f8efe390000, RCX=0x0000000000000040, RDX=0x0000000000000000
RSP=0x00007f8f20f680a0, RBP=0x0000000000000040, RSI=0x0000000000000200, RDI=0x00007f8f11893a50
R8 =0x0000000000000000, R9 =0x0000000000000100, R10=0x0000000000001400, R11=0x0000000000000000
R12=0x0000000000000080, R13=0x0000000000000000, R14=0x00007f8f11893a50, R15=0x0000000000000000
RIP=0x00007f8effd76427, EFLAGS=0x0000000000010202, CSGSFS=0xffff000000000033, ERR=0x0000000000000004
  TRAPNO=0x000000000000000e

Top of Stack: (sp=0x00007f8f20f680a0)
0x00007f8f20f680a0:   0000000000000000 0000000000000000
0x00007f8f20f680b0:   0000000000000000 00007f8f00000000
0x00007f8f20f680c0:   0000000000000100 0000000000000000
0x00007f8f20f680d0:   0000000000000080 0000000000000000
0x00007f8f20f680e0:   0000000000000000 0000000000001400
0x00007f8f20f680f0:   0000000000000000 0000000000000000
0x00007f8f20f68100:   0000000000001400 0000000000000040
0x00007f8f20f68110:   0000000000000080 00000000fffffff0
0x00007f8f20f68120:   0000000000000a80 00007f8effd76d63
0x00007f8f20f68130:   00007f8f11893a50 00007f8efe390000
0x00007f8f20f68140:   0000000000001400 0000000000000040
0x00007f8f20f68150:   00007f8f72116e70 0000000000000000
0x00007f8f20f68160:   0000000000370000 0000000000370000
0x00007f8f20f68170:   0000001000001400 00007f8effd76000
0x00007f8f20f68180:   0000000f00000000 0000000000000020
0x00007f8f20f68190:   00007f8f11523050 00007f8efe00c000
0x00007f8f20f681a0:   00000020000002e0 000002e000000000
0x00007f8f20f681b0:   0000000000001400 000002d000000000
0x00007f8f20f681c0:   000000004d430002 00007f8f11523050
0x00007f8f20f681d0:   00000000000002d0 0000000000000500
0x00007f8f20f681e0:   00007f8f100bd1c8 00007f8f1142b100
0x00007f8f20f681f0:   00007f8f114251f0 00007f8effd7117e
0x00007f8f20f68200:   0000000000001400 0000000000001400
0x00007f8f20f68210:   0000000000000001 0000000000000002
0x00007f8f20f68220:   00007f8f72116e70 00000000ffffec00
0x00007f8f20f68230:   0000000000000500 00007f8f114251f0
0x00007f8f20f68240:   0000190800000000 0000000000000000
0x00007f8f20f68250:   00007f8f1142b100 00007f8f114251f0
0x00007f8f20f68260:   0000000000000500 00000004ffa9abe8
0x00007f8f20f68270:   00007f8f72116e70 448df367aba69800
0x00007f8f20f68280:   0000000000000000 0000000000000500
0x00007f8f20f68290:   00000000000002d0 0000000000001908 

Instructions: (pc=0x00007f8effd76427)
0x00007f8effd76407:   73 6f 8b 4c 24 10 8b 74 24 08 44 89 f8 0f 1f 40
0x00007f8effd76417:   00 41 8d 54 35 00 81 c6 00 02 00 00 31 ca 31 e9
0x00007f8effd76427:   4c 8b 0c 13 4c 8b 54 13 08 89 c2 83 c0 10 41 39
0x00007f8effd76437:   c4 4d 89 0c 16 4d 89 54 16 08 77 d5 48 8b 44 24 

Register to memory mapping:

RAX=0x0000000000000000 is an unknown value
RBX=0x00007f8efe390000: <offset 0x4000> in /usr/lib/libattr.so.1 at 0x00007f8efe38c000
RCX=0x0000000000000040 is an unknown value
RDX=0x0000000000000000 is an unknown value
RSP=0x00007f8f20f680a0 is pointing into the stack for thread: 0x00007f8f6c3cd000
RBP=0x0000000000000040 is an unknown value
RSI=0x0000000000000200 is an unknown value
RDI=0x00007f8f11893a50 is an unknown value
R8 =0x0000000000000000 is an unknown value
R9 =0x0000000000000100 is an unknown value
R10=0x0000000000001400 is an unknown value
R11=0x0000000000000000 is an unknown value
R12=0x0000000000000080 is an unknown value
R13=0x0000000000000000 is an unknown value
R14=0x00007f8f11893a50 is an unknown value
R15=0x0000000000000000 is an unknown value


Stack: [0x00007f8f20e6a000,0x00007f8f20f6b000],  sp=0x00007f8f20f680a0,  free space=1016k
Native frames: (J=compiled Java code, j=interpreted, Vv=VM code, C=native code)
C  [i965_dri.so+0x402427]

Java frames: (J=compiled Java code, j=interpreted, Vv=VM code)
j  jogamp.opengl.gl4.GL4bcImpl.dispatch_glReadPixels1(IIIIIILjava/lang/Object;IZJ)V+0
j  jogamp.opengl.gl4.GL4bcImpl.glReadPixels(IIIIIILjava/nio/Buffer;)V+123
j  processing.opengl.PJOGL.readPixelsImpl(IIIIIILjava/nio/Buffer;)V+15
j  processing.opengl.PGraphicsOpenGL.readPixels()V+29
j  processing.opengl.PGraphicsOpenGL.saveSurfaceToPixels()V+5
j  processing.opengl.PGraphicsOpenGL.endDraw()V+46
j  processing.core.PApplet.handleDraw()V+270
j  processing.opengl.PJOGL$PGLListener.display(Ljavax/media/opengl/GLAutoDrawable;)V+476
j  jogamp.opengl.GLDrawableHelper.displayImpl(Ljavax/media/opengl/GLAutoDrawable;)V+81
j  jogamp.opengl.GLDrawableHelper.display(Ljavax/media/opengl/GLAutoDrawable;)V+2
j  javax.media.opengl.awt.GLCanvas$10.run()V+118
j  jogamp.opengl.GLDrawableHelper.invokeGLImpl(Ljavax/media/opengl/GLDrawable;Ljavax/media/opengl/GLContext;Ljava/lang/Runnable;Ljava/lang/Runnable;)V+206
j  jogamp.opengl.GLDrawableHelper.invokeGL(Ljavax/media/opengl/GLDrawable;Ljavax/media/opengl/GLContext;Ljava/lang/Runnable;Ljava/lang/Runnable;)V+80
j  javax.media.opengl.awt.GLCanvas$11.run()V+73
j  java.awt.event.InvocationEvent.dispatch()V+11
j  java.awt.EventQueue.dispatchEventImpl(Ljava/awt/AWTEvent;Ljava/lang/Object;)V+21
j  java.awt.EventQueue.access$500(Ljava/awt/EventQueue;Ljava/awt/AWTEvent;Ljava/lang/Object;)V+3
j  java.awt.EventQueue$3.run()Ljava/lang/Void;+32
j  java.awt.EventQueue$3.run()Ljava/lang/Object;+1
v  ~StubRoutines::call_stub
j  java.security.AccessController.doPrivileged(Ljava/security/PrivilegedAction;Ljava/security/AccessControlContext;)Ljava/lang/Object;+0
j  java.security.ProtectionDomain$JavaSecurityAccessImpl.doIntersectionPrivilege(Ljava/security/PrivilegedAction;Ljava/security/AccessControlContext;Ljava/security/AccessControlContext;)Ljava/lang/Object;+18
j  java.awt.EventQueue.dispatchEvent(Ljava/awt/AWTEvent;)V+46
j  java.awt.EventDispatchThread.pumpOneEventForFilters(I)V+245
j  java.awt.EventDispatchThread.pumpEventsForFilter(ILjava/awt/Conditional;Ljava/awt/EventFilter;)V+35
j  java.awt.EventDispatchThread.pumpEventsForHierarchy(ILjava/awt/Conditional;Ljava/awt/Component;)V+11
j  java.awt.EventDispatchThread.pumpEvents(ILjava/awt/Conditional;)V+4
j  java.awt.EventDispatchThread.pumpEvents(Ljava/awt/Conditional;)V+3
j  java.awt.EventDispatchThread.run()V+9
v  ~StubRoutines::call_stub

---------------  P R O C E S S  ---------------

Java Threads: ( => current thread )
  0x00007f8f11521000 JavaThread "Thread-3" [_thread_in_native, id=5206, stack(0x00007f8ef185e000,0x00007f8ef195f000)]
  0x00007f8f1150c000 JavaThread "Java Sound Event Dispatcher" daemon [_thread_blocked, id=5200, stack(0x00007f8efc047000,0x00007f8efc148000)]
  0x00007f8f11491000 JavaThread "Image Fetcher 0" daemon [_thread_blocked, id=5191, stack(0x00007f8efdaab000,0x00007f8efdbac000)]
  0x00007f8f18255000 JavaThread "Animation Thread-SharedResourceRunner" daemon [_thread_blocked, id=5190, stack(0x00007f8f20541000,0x00007f8f20642000)]
  0x00007f8f18115800 JavaThread "process reaper" daemon [_thread_blocked, id=5185, stack(0x00007f8f580bd000,0x00007f8f580f6000)]
  0x00007f8f6c009000 JavaThread "DestroyJavaVM" [_thread_blocked, id=5155, stack(0x00007f8f72d55000,0x00007f8f72e56000)]
=>0x00007f8f6c3cd000 JavaThread "AWT-EventQueue-0" [_thread_in_native, id=5180, stack(0x00007f8f20e6a000,0x00007f8f20f6b000)]
  0x00007f8f6c3cb800 JavaThread "AWT-Shutdown" [_thread_blocked, id=5179, stack(0x00007f8f20f6b000,0x00007f8f2106c000)]
  0x00007f8f6c3c4800 JavaThread "Animation Thread" [_thread_blocked, id=5178, stack(0x00007f8f2106c000,0x00007f8f2116d000)]
  0x00007f8f6c359800 JavaThread "AWT-XAWT" daemon [_thread_blocked, id=5177, stack(0x00007f8f2116d000,0x00007f8f2126e000)]
  0x00007f8f6c335800 JavaThread "Java2D Disposer" daemon [_thread_blocked, id=5176, stack(0x00007f8f580fb000,0x00007f8f581fc000)]
  0x00007f8f6c0c1000 JavaThread "Service Thread" daemon [_thread_blocked, id=5173, stack(0x00007f8f58605000,0x00007f8f58706000)]
  0x00007f8f6c0bb800 JavaThread "C1 CompilerThread2" daemon [_thread_blocked, id=5172, stack(0x00007f8f58706000,0x00007f8f58807000)]
  0x00007f8f6c0ba000 JavaThread "C2 CompilerThread1" daemon [_thread_blocked, id=5171, stack(0x00007f8f58807000,0x00007f8f58908000)]
  0x00007f8f6c0b7000 JavaThread "C2 CompilerThread0" daemon [_thread_blocked, id=5170, stack(0x00007f8f58908000,0x00007f8f58a09000)]
  0x00007f8f6c0b5800 JavaThread "Signal Dispatcher" daemon [_thread_blocked, id=5169, stack(0x00007f8f58a09000,0x00007f8f58b0a000)]
  0x00007f8f6c07d800 JavaThread "Finalizer" daemon [_thread_blocked, id=5168, stack(0x00007f8f58c98000,0x00007f8f58d99000)]
  0x00007f8f6c07b800 JavaThread "Reference Handler" daemon [_thread_blocked, id=5167, stack(0x00007f8f58d99000,0x00007f8f58e9a000)]

Other Threads:
  0x00007f8f6c076800 VMThread [stack: 0x00007f8f58e9a000,0x00007f8f58f9b000] [id=5166]
  0x00007f8f6c0c3000 WatcherThread [stack: 0x00007f8f58504000,0x00007f8f58605000] [id=5174]

VM state:not at safepoint (normal execution)

VM Mutex/Monitor currently owned by a thread: None

Heap:
 PSYoungGen      total 33280K, used 23211K [0x00000000ec500000, 0x00000000ee800000, 0x0000000100000000)
  eden space 30720K, 67% used [0x00000000ec500000,0x00000000ed92f8d8,0x00000000ee300000)
  from space 2560K, 99% used [0x00000000ee580000,0x00000000ee7fb420,0x00000000ee800000)
  to   space 2560K, 0% used [0x00000000ee300000,0x00000000ee300000,0x00000000ee580000)
 ParOldGen       total 40960K, used 4752K [0x00000000c4e00000, 0x00000000c7600000, 0x00000000ec500000)
  object space 40960K, 11% used [0x00000000c4e00000,0x00000000c52a4248,0x00000000c7600000)
 Metaspace       used 18288K, capacity 18493K, committed 18816K, reserved 1067008K
  class space    used 1771K, capacity 1833K, committed 1920K, reserved 1048576K

Card table byte_map: [0x00007f8f5ce26000,0x00007f8f5d000000] byte_map_base: 0x00007f8f5c7ff000

Marking Bits: (ParMarkBitMap*) 0x00007f8f7206b7e0
 Begin Bits: [0x00007f8f5ab56000, 0x00007f8f5ba1e000)
 End Bits:   [0x00007f8f5ba1e000, 0x00007f8f5c8e6000)

Polling page: 0x00007f8f72e8d000

CodeCache: size=245760Kb used=3445Kb max_used=3446Kb free=242314Kb
 bounds [0x00007f8f5d000000, 0x00007f8f5d360000, 0x00007f8f6c000000]
 total_blobs=1835 nmethods=878 adapters=872
 compilation: enabled

Compilation events (10 events):
Event: 1.386 Thread 0x00007f8f6c0bb800  874       3       java.util.jar.JarFile::getManifest (5 bytes)
Event: 1.387 Thread 0x00007f8f6c0bb800 nmethod 874 0x00007f8f5d35b450 code [0x00007f8f5d35b5c0, 0x00007f8f5d35b748]
Event: 1.397 Thread 0x00007f8f6c0b7000  875       4       java.lang.AbstractStringBuilder::ensureCapacityInternal (16 bytes)
Event: 1.401 Thread 0x00007f8f6c0b7000 nmethod 875 0x00007f8f5d35e850 code [0x00007f8f5d35e9a0, 0x00007f8f5d35ec38]
Event: 1.408 Thread 0x00007f8f6c0bb800  876       3       java.net.URLStreamHandler::sameFile (136 bytes)
Event: 1.409 Thread 0x00007f8f6c0bb800 nmethod 876 0x00007f8f5d35d3d0 code [0x00007f8f5d35d5c0, 0x00007f8f5d35e5e8]
Event: 1.409 Thread 0x00007f8f6c0bb800  877       3       sun.net.www.protocol.file.Handler::hostsEqual (69 bytes)
Event: 1.410 Thread 0x00007f8f6c0bb800 nmethod 877 0x00007f8f5d35c910 code [0x00007f8f5d35cae0, 0x00007f8f5d35d228]
Event: 1.410 Thread 0x00007f8f6c0bb800  878       3       java.net.URLStreamHandler::hostsEqual (75 bytes)
Event: 1.411 Thread 0x00007f8f6c0bb800 nmethod 878 0x00007f8f5d35bbd0 code [0x00007f8f5d35bda0, 0x00007f8f5d35c718]

GC Heap History (4 events):
Event: 0.648 GC heap before
{Heap before GC invocations=1 (full 0):
 PSYoungGen      total 17920K, used 15038K [0x00000000ec500000, 0x00000000ed900000, 0x0000000100000000)
  eden space 15360K, 97% used [0x00000000ec500000,0x00000000ed3af818,0x00000000ed400000)
  from space 2560K, 0% used [0x00000000ed680000,0x00000000ed680000,0x00000000ed900000)
  to   space 2560K, 0% used [0x00000000ed400000,0x00000000ed400000,0x00000000ed680000)
 ParOldGen       total 40960K, used 0K [0x00000000c4e00000, 0x00000000c7600000, 0x00000000ec500000)
  object space 40960K, 0% used [0x00000000c4e00000,0x00000000c4e00000,0x00000000c7600000)
 Metaspace       used 13002K, capacity 13248K, committed 13568K, reserved 1060864K
  class space    used 1379K, capacity 1452K, committed 1536K, reserved 1048576K
Event: 0.661 GC heap after
Heap after GC invocations=1 (full 0):
 PSYoungGen      total 17920K, used 2529K [0x00000000ec500000, 0x00000000ee800000, 0x0000000100000000)
  eden space 15360K, 0% used [0x00000000ec500000,0x00000000ec500000,0x00000000ed400000)
  from space 2560K, 98% used [0x00000000ed400000,0x00000000ed678440,0x00000000ed680000)
  to   space 2560K, 0% used [0x00000000ee580000,0x00000000ee580000,0x00000000ee800000)
 ParOldGen       total 40960K, used 1589K [0x00000000c4e00000, 0x00000000c7600000, 0x00000000ec500000)
  object space 40960K, 3% used [0x00000000c4e00000,0x00000000c4f8d7b0,0x00000000c7600000)
 Metaspace       used 13002K, capacity 13248K, committed 13568K, reserved 1060864K
  class space    used 1379K, capacity 1452K, committed 1536K, reserved 1048576K
}
Event: 1.203 GC heap before
{Heap before GC invocations=2 (full 0):
 PSYoungGen      total 17920K, used 15998K [0x00000000ec500000, 0x00000000ee800000, 0x0000000100000000)
  eden space 15360K, 87% used [0x00000000ec500000,0x00000000ed2275e8,0x00000000ed400000)
  from space 2560K, 98% used [0x00000000ed400000,0x00000000ed678440,0x00000000ed680000)
  to   space 2560K, 0% used [0x00000000ee580000,0x00000000ee580000,0x00000000ee800000)
 ParOldGen       total 40960K, used 1589K [0x00000000c4e00000, 0x00000000c7600000, 0x00000000ec500000)
  object space 40960K, 3% used [0x00000000c4e00000,0x00000000c4f8d7b0,0x00000000c7600000)
 Metaspace       used 17218K, capacity 17389K, committed 17664K, reserved 1064960K
  class space    used 1646K, capacity 1701K, committed 1792K, reserved 1048576K
Event: 1.210 GC heap after
Heap after GC invocations=2 (full 0):
 PSYoungGen      total 33280K, used 2541K [0x00000000ec500000, 0x00000000ee800000, 0x0000000100000000)
  eden space 30720K, 0% used [0x00000000ec500000,0x00000000ec500000,0x00000000ee300000)
  from space 2560K, 99% used [0x00000000ee580000,0x00000000ee7fb420,0x00000000ee800000)
  to   space 2560K, 0% used [0x00000000ee300000,0x00000000ee300000,0x00000000ee580000)
 ParOldGen       total 40960K, used 4752K [0x00000000c4e00000, 0x00000000c7600000, 0x00000000ec500000)
  object space 40960K, 11% used [0x00000000c4e00000,0x00000000c52a4248,0x00000000c7600000)
 Metaspace       used 17218K, capacity 17389K, committed 17664K, reserved 1064960K
  class space    used 1646K, capacity 1701K, committed 1792K, reserved 1048576K
}

Deoptimization events (5 events):
Event: 0.530 Thread 0x00007f8f6c3c4800 Uncommon trap: reason=unstable_if action=reinterpret pc=0x00007f8f5d1d3bc8 method=java.lang.String.indexOf([CII[CIII)I @ 3
Event: 0.551 Thread 0x00007f8f6c3c4800 Uncommon trap: reason=unstable_if action=reinterpret pc=0x00007f8f5d1b9c74 method=java.lang.String.replace(CC)Ljava/lang/String; @ 26
Event: 1.185 Thread 0x00007f8f6c3cd000 Uncommon trap: reason=unstable_if action=reinterpret pc=0x00007f8f5d30ba64 method=com.jogamp.common.util.IntIntHashMap.get(I)I @ 19
Event: 1.299 Thread 0x00007f8f6c3cd000 Uncommon trap: reason=unstable_if action=reinterpret pc=0x00007f8f5d2e252c method=java.lang.reflect.AccessibleObject.setAccessible0(Ljava/lang/reflect/AccessibleObject;Z)V @ 4
Event: 1.377 Thread 0x00007f8f6c3cd000 Uncommon trap: reason=unstable_if action=reinterpret pc=0x00007f8f5d35451c method=javax.sound.sampled.AudioFormat.matches(Ljavax/sound/sampled/AudioFormat;)Z @ 112

Internal exceptions (10 events):
Event: 0.548 Thread 0x00007f8f6c3cd000 Exception <a 'java/lang/UnsupportedOperationException': > (0x00000000ecb7e208) thrown at [/build/java8-openjdk/src/jdk8u-jdk8u60-b24/hotspot/src/share/vm/prims/jni.cpp, line 735]
Event: 1.052 Thread 0x00007f8f6c3c4800 Exception <a 'java/lang/InterruptedException'> (0x00000000ecc2d750) thrown at [/build/java8-openjdk/src/jdk8u-jdk8u60-b24/hotspot/src/share/vm/runtime/objectMonitor.cpp, line 1683]
Event: 1.070 Thread 0x00007f8f6c3c4800 Exception <a 'java/lang/reflect/InvocationTargetException'> (0x00000000ed051370) thrown at [/build/java8-openjdk/src/jdk8u-jdk8u60-b24/hotspot/src/share/vm/runtime/reflection.cpp, line 1092]
Event: 1.103 Thread 0x00007f8f6c3c4800 Exception <a 'java/lang/reflect/InvocationTargetException'> (0x00000000ed062908) thrown at [/build/java8-openjdk/src/jdk8u-jdk8u60-b24/hotspot/src/share/vm/runtime/reflection.cpp, line 1092]
Event: 1.111 Thread 0x00007f8f6c3c4800 Exception <a 'java/lang/reflect/InvocationTargetException'> (0x00000000ed0ed470) thrown at [/build/java8-openjdk/src/jdk8u-jdk8u60-b24/hotspot/src/share/vm/runtime/reflection.cpp, line 1092]
Event: 1.113 Thread 0x00007f8f6c3c4800 Exception <a 'java/lang/reflect/InvocationTargetException'> (0x00000000ed10a6d0) thrown at [/build/java8-openjdk/src/jdk8u-jdk8u60-b24/hotspot/src/share/vm/runtime/reflection.cpp, line 1092]
Event: 1.119 Thread 0x00007f8f6c3cd000 Exception <a 'java/lang/reflect/InvocationTargetException'> (0x00000000ed0c6f28) thrown at [/build/java8-openjdk/src/jdk8u-jdk8u60-b24/hotspot/src/share/vm/runtime/reflection.cpp, line 1092]
Event: 1.119 Thread 0x00007f8f6c3cd000 Exception <a 'java/lang/reflect/InvocationTargetException'> (0x00000000ed0c74f8) thrown at [/build/java8-openjdk/src/jdk8u-jdk8u60-b24/hotspot/src/share/vm/runtime/reflection.cpp, line 1092]
Event: 1.122 Thread 0x00007f8f6c3cd000 Exception <a 'java/lang/reflect/InvocationTargetException'> (0x00000000ed0c7a68) thrown at [/build/java8-openjdk/src/jdk8u-jdk8u60-b24/hotspot/src/share/vm/runtime/reflection.cpp, line 1092]
Event: 1.185 Thread 0x00007f8f6c3cd000 Implicit null exception at 0x00007f8f5d30b9e5 to 0x00007f8f5d30ba4d

Events (10 events):
Event: 1.403 loading class java/io/ObjectStreamClass$2
Event: 1.403 loading class java/io/ObjectStreamClass$2 done
Event: 1.403 loading class java/io/ObjectStreamClass$FieldReflectorKey
Event: 1.403 loading class java/io/ObjectStreamClass$FieldReflectorKey done
Event: 1.403 loading class java/io/ObjectStreamClass$FieldReflector
Event: 1.403 loading class java/io/ObjectStreamClass$FieldReflector done
Event: 1.403 loading class java/io/ObjectStreamClass$ExceptionInfo
Event: 1.403 loading class java/io/ObjectStreamClass$ExceptionInfo done
Event: 1.408 loading class javazoom/jl/decoder/huffcodetab
Event: 1.408 loading class javazoom/jl/decoder/huffcodetab done


Dynamic libraries:
00400000-00401000 r-xp 00000000 08:01 808495                             /usr/lib/jvm/java-8-openjdk/jre/bin/java
00600000-00601000 rw-p 00000000 08:01 808495                             /usr/lib/jvm/java-8-openjdk/jre/bin/java
00edc000-00efd000 rw-p 00000000 00:00 0                                  [heap]
c4e00000-c7600000 rw-p 00000000 00:00 0 
c7600000-ec500000 ---p 00000000 00:00 0 
ec500000-ee800000 rw-p 00000000 00:00 0 
ee800000-100000000 ---p 00000000 00:00 0 
100000000-1001e0000 rw-p 00000000 00:00 0 
1001e0000-140000000 ---p 00000000 00:00 0 
7f8ed8000000-7f8ed83a3000 rw-p 00000000 00:00 0 
7f8ed83a3000-7f8edc000000 ---p 00000000 00:00 0 
7f8ed83a4000-7f8edc000000 ---p 00000000 00:00 0 
7f8edffff000-7f8ee4000000 rw-s 00000000 00:12 7                          /dev/shm/pulse-shm-3638750467
7f8ee4000000-7f8ee4021000 rw-p 00000000 00:00 0 
7f8ee4021000-7f8ee8000000 ---p 00000000 00:00 0 
7f8ee8000000-7f8ee8021000 rw-p 00000000 00:00 0 
7f8ee8021000-7f8eec000000 ---p 00000000 00:00 0 
7f8eec000000-7f8eec021000 rw-p 00000000 00:00 0 
7f8eec021000-7f8ef0000000 ---p 00000000 00:00 0 
7f8ef185e000-7f8ef1861000 ---p 00000000 00:00 0 
7f8ef1861000-7f8ef19df000 rw-p 00000000 00:00 0                          [stack:5206]
7f8ef19df000-7f8ef1b5f000 ---p 00000000 00:00 0 
7f8ef1b5f000-7f8ef1b60000 ---p 00000000 00:00 0 
7f8ef1b60000-7f8ef2360000 rw-p 00000000 00:00 0                          [stack:5205]
7f8ef2360000-7f8ef2361000 ---p 00000000 00:00 0 
7f8ef2361000-7f8ef2b61000 rw-p 00000000 00:00 0                          [stack:5201]
7f8ef2b61000-7f8ef6b62000 rw-s 00000000 00:12 6                          /dev/shm/pulse-shm-2749703912
7f8ef6b62000-7f8ef6b77000 r-xp 00000000 08:01 531189                     /usr/lib/libnsl-2.22.so
7f8ef6b77000-7f8ef6d76000 ---p 00015000 08:01 531189                     /usr/lib/libnsl-2.22.so
7f8ef6d76000-7f8ef6d77000 r--p 00014000 08:01 531189                     /usr/lib/libnsl-2.22.so
7f8ef6d77000-7f8ef6d78000 rw-p 00015000 08:01 531189                     /usr/lib/libnsl-2.22.so
7f8ef6d78000-7f8ef6d7a000 rw-p 00000000 00:00 0 
7f8ef6d7a000-7f8ef6d80000 r-xp 00000000 08:01 537639                     /usr/lib/libogg.so.0.8.2
7f8ef6d80000-7f8ef6f7f000 ---p 00006000 08:01 537639                     /usr/lib/libogg.so.0.8.2
7f8ef6f7f000-7f8ef6f80000 r--p 00005000 08:01 537639                     /usr/lib/libogg.so.0.8.2
7f8ef6f80000-7f8ef6f81000 rw-p 00006000 08:01 537639                     /usr/lib/libogg.so.0.8.2
7f8ef6f81000-7f8ef6fac000 r-xp 00000000 08:01 536719                     /usr/lib/libvorbis.so.0.4.8
7f8ef6fac000-7f8ef71ac000 ---p 0002b000 08:01 536719                     /usr/lib/libvorbis.so.0.4.8
7f8ef71ac000-7f8ef71ad000 r--p 0002b000 08:01 536719                     /usr/lib/libvorbis.so.0.4.8
7f8ef71ad000-7f8ef71ae000 rw-p 0002c000 08:01 536719                     /usr/lib/libvorbis.so.0.4.8
7f8ef71ae000-7f8ef723f000 r-xp 00000000 08:01 536716                     /usr/lib/libvorbisenc.so.2.0.11
7f8ef723f000-7f8ef743e000 ---p 00091000 08:01 536716                     /usr/lib/libvorbisenc.so.2.0.11
7f8ef743e000-7f8ef7460000 r--p 00090000 08:01 536716                     /usr/lib/libvorbisenc.so.2.0.11
7f8ef7460000-7f8ef7461000 rw-p 000b2000 08:01 536716                     /usr/lib/libvorbisenc.so.2.0.11
7f8ef7461000-7f8ef74d3000 r-xp 00000000 08:01 537467                     /usr/lib/libFLAC.so.8.3.0
7f8ef74d3000-7f8ef76d2000 ---p 00072000 08:01 537467                     /usr/lib/libFLAC.so.8.3.0
7f8ef76d2000-7f8ef76d3000 r--p 00071000 08:01 537467                     /usr/lib/libFLAC.so.8.3.0
7f8ef76d3000-7f8ef76d4000 rw-p 00072000 08:01 537467                     /usr/lib/libFLAC.so.8.3.0
7f8ef76d4000-7f8ef76e6000 r-xp 00000000 08:01 543408                     /usr/lib/libgpg-error.so.0.16.0
7f8ef76e6000-7f8ef78e5000 ---p 00012000 08:01 543408                     /usr/lib/libgpg-error.so.0.16.0
7f8ef78e5000-7f8ef78e6000 r--p 00011000 08:01 543408                     /usr/lib/libgpg-error.so.0.16.0
7f8ef78e6000-7f8ef78e7000 rw-p 00012000 08:01 543408                     /usr/lib/libgpg-error.so.0.16.0
7f8ef78e7000-7f8ef79be000 r-xp 00000000 08:01 527991                     /usr/lib/libgcrypt.so.20.0.3
7f8ef79be000-7f8ef7bbe000 ---p 000d7000 08:01 527991                     /usr/lib/libgcrypt.so.20.0.3
7f8ef7bbe000-7f8ef7bbf000 r--p 000d7000 08:01 527991                     /usr/lib/libgcrypt.so.20.0.3
7f8ef7bbf000-7f8ef7bc8000 rw-p 000d8000 08:01 527991                     /usr/lib/libgcrypt.so.20.0.3
7f8ef7bc8000-7f8ef7bd9000 r-xp 00000000 08:01 536796                     /usr/lib/liblz4.so.1.7.1
7f8ef7bd9000-7f8ef7dd8000 ---p 00011000 08:01 536796                     /usr/lib/liblz4.so.1.7.1
7f8ef7dd8000-7f8ef7dd9000 r--p 00010000 08:01 536796                     /usr/lib/liblz4.so.1.7.1
7f8ef7dd9000-7f8ef7dda000 rw-p 00011000 08:01 536796                     /usr/lib/liblz4.so.1.7.1
7f8ef7dda000-7f8ef7dff000 r-xp 00000000 08:01 525673                     /usr/lib/liblzma.so.5.2.1
7f8ef7dff000-7f8ef7ffe000 ---p 00025000 08:01 525673                     /usr/lib/liblzma.so.5.2.1
7f8ef7ffe000-7f8ef7fff000 r--p 00024000 08:01 525673                     /usr/lib/liblzma.so.5.2.1
7f8ef7fff000-7f8ef8000000 rw-p 00025000 08:01 525673                     /usr/lib/liblzma.so.5.2.1
7f8ef8000000-7f8ef8021000 rw-p 00000000 00:00 0 
7f8ef8021000-7f8efc000000 ---p 00000000 00:00 0 
7f8efc047000-7f8efc04a000 ---p 00000000 00:00 0 
7f8efc04a000-7f8efc148000 rw-p 00000000 00:00 0                          [stack:5200]
7f8efc148000-7f8efc14d000 r-xp 00000000 08:01 539541                     /usr/lib/libasyncns.so.0.3.1
7f8efc14d000-7f8efc34c000 ---p 00005000 08:01 539541                     /usr/lib/libasyncns.so.0.3.1
7f8efc34c000-7f8efc34d000 r--p 00004000 08:01 539541                     /usr/lib/libasyncns.so.0.3.1
7f8efc34d000-7f8efc34e000 rw-p 00005000 08:01 539541                     /usr/lib/libasyncns.so.0.3.1
7f8efc34e000-7f8efc3af000 r-xp 00000000 08:01 537149                     /usr/lib/libsndfile.so.1.0.25
7f8efc3af000-7f8efc5af000 ---p 00061000 08:01 537149                     /usr/lib/libsndfile.so.1.0.25
7f8efc5af000-7f8efc5b1000 r--p 00061000 08:01 537149                     /usr/lib/libsndfile.so.1.0.25
7f8efc5b1000-7f8efc5b2000 rw-p 00063000 08:01 537149                     /usr/lib/libsndfile.so.1.0.25
7f8efc5b2000-7f8efc5b6000 rw-p 00000000 00:00 0 
7f8efc5b6000-7f8efc637000 r-xp 00000000 08:01 549408                     /usr/lib/libsystemd.so.0.10.2
7f8efc637000-7f8efc63a000 r--p 00080000 08:01 549408                     /usr/lib/libsystemd.so.0.10.2
7f8efc63a000-7f8efc63b000 rw-p 00083000 08:01 549408                     /usr/lib/libsystemd.so.0.10.2
7f8efc63b000-7f8efc682000 r-xp 00000000 08:01 531059                     /usr/lib/libdbus-1.so.3.8.13
7f8efc682000-7f8efc882000 ---p 00047000 08:01 531059                     /usr/lib/libdbus-1.so.3.8.13
7f8efc882000-7f8efc883000 r--p 00047000 08:01 531059                     /usr/lib/libdbus-1.so.3.8.13
7f8efc883000-7f8efc884000 rw-p 00048000 08:01 531059                     /usr/lib/libdbus-1.so.3.8.13
7f8efc884000-7f8efc900000 r-xp 00000000 08:01 539637                     /usr/lib/pulseaudio/libpulsecommon-6.0.so
7f8efc900000-7f8efcaff000 ---p 0007c000 08:01 539637                     /usr/lib/pulseaudio/libpulsecommon-6.0.so
7f8efcaff000-7f8efcb01000 r--p 0007b000 08:01 539637                     /usr/lib/pulseaudio/libpulsecommon-6.0.so
7f8efcb01000-7f8efcb03000 rw-p 0007d000 08:01 539637                     /usr/lib/pulseaudio/libpulsecommon-6.0.so
7f8efcb03000-7f8efcb0d000 r-xp 00000000 08:01 539533                     /usr/lib/libjson-c.so.2.0.1
7f8efcb0d000-7f8efcd0c000 ---p 0000a000 08:01 539533                     /usr/lib/libjson-c.so.2.0.1
7f8efcd0c000-7f8efcd0d000 r--p 00009000 08:01 539533                     /usr/lib/libjson-c.so.2.0.1
7f8efcd0d000-7f8efcd0e000 rw-p 0000a000 08:01 539533                     /usr/lib/libjson-c.so.2.0.1
7f8efcd0e000-7f8efcd5d000 r-xp 00000000 08:01 539629                     /usr/lib/libpulse.so.0.18.0
7f8efcd5d000-7f8efcf5d000 ---p 0004f000 08:01 539629                     /usr/lib/libpulse.so.0.18.0
7f8efcf5d000-7f8efcf5e000 r--p 0004f000 08:01 539629                     /usr/lib/libpulse.so.0.18.0
7f8efcf5e000-7f8efcf5f000 rw-p 00050000 08:01 539629                     /usr/lib/libpulse.so.0.18.0
7f8efcf5f000-7f8efcf65000 r-xp 00000000 08:01 1054624                    /usr/lib/alsa-lib/libasound_module_pcm_pulse.so
7f8efcf65000-7f8efd164000 ---p 00006000 08:01 1054624                    /usr/lib/alsa-lib/libasound_module_pcm_pulse.so
7f8efd164000-7f8efd165000 r--p 00005000 08:01 1054624                    /usr/lib/alsa-lib/libasound_module_pcm_pulse.so
7f8efd165000-7f8efd166000 rw-p 00006000 08:01 1054624                    /usr/lib/alsa-lib/libasound_module_pcm_pulse.so
7f8efd166000-7f8efd259000 r-xp 00000000 08:01 535685                     /usr/lib/libasound.so.2.0.0
7f8efd259000-7f8efd458000 ---p 000f3000 08:01 535685                     /usr/lib/libasound.so.2.0.0
7f8efd458000-7f8efd45f000 r--p 000f2000 08:01 535685                     /usr/lib/libasound.so.2.0.0
7f8efd45f000-7f8efd461000 rw-p 000f9000 08:01 535685                     /usr/lib/libasound.so.2.0.0
7f8efd461000-7f8efd470000 r-xp 00000000 08:01 808498                     /usr/lib/jvm/java-8-openjdk/jre/lib/amd64/libjsoundalsa.so
7f8efd470000-7f8efd66f000 ---p 0000f000 08:01 808498                     /usr/lib/jvm/java-8-openjdk/jre/lib/amd64/libjsoundalsa.so
7f8efd66f000-7f8efd670000 rw-p 0000e000 08:01 808498                     /usr/lib/jvm/java-8-openjdk/jre/lib/amd64/libjsoundalsa.so
7f8efd670000-7f8efd671000 r-xp 00000000 08:01 808497                     /usr/lib/jvm/java-8-openjdk/jre/lib/amd64/libjsound.so
7f8efd671000-7f8efd870000 ---p 00001000 08:01 808497                     /usr/lib/jvm/java-8-openjdk/jre/lib/amd64/libjsound.so
7f8efd870000-7f8efd871000 rw-p 00000000 08:01 808497                     /usr/lib/jvm/java-8-openjdk/jre/lib/amd64/libjsound.so
7f8efd871000-7f8efd8ab000 r-xp 00000000 08:01 808478                     /usr/lib/jvm/java-8-openjdk/jre/lib/amd64/libjpeg.so
7f8efd8ab000-7f8efdaaa000 ---p 0003a000 08:01 808478                     /usr/lib/jvm/java-8-openjdk/jre/lib/amd64/libjpeg.so
7f8efdaaa000-7f8efdaab000 rw-p 00039000 08:01 808478                     /usr/lib/jvm/java-8-openjdk/jre/lib/amd64/libjpeg.so
7f8efdaab000-7f8efdaae000 ---p 00000000 00:00 0 
7f8efdaae000-7f8efdbac000 rw-p 00000000 00:00 0                          [stack:5191]
7f8efdbac000-7f8efdc8c000 rw-s 10509e000 00:06 320                       /dev/dri/card0
7f8efdc8c000-7f8efe00c000 rw-s 00000000 00:05 61692                      /drm mm object (deleted)
7f8efe00c000-7f8efe38c000 rw-s 00000000 00:05 61691                      /drm mm object (deleted)
7f8efe38c000-7f8efe390000 r-xp 00000000 08:01 529541                     /usr/lib/libattr.so.1.1.0
7f8efe390000-7f8efe58f000 ---p 00004000 08:01 529541                     /usr/lib/libattr.so.1.1.0
7f8efe58f000-7f8efe590000 r--p 00003000 08:01 529541                     /usr/lib/libattr.so.1.1.0
7f8efe590000-7f8efe591000 rw-p 00004000 08:01 529541                     /usr/lib/libattr.so.1.1.0
7f8efe591000-7f8efe595000 r-xp 00000000 08:01 529201                     /usr/lib/libcap.so.2.24
7f8efe595000-7f8efe794000 ---p 00004000 08:01 529201                     /usr/lib/libcap.so.2.24
7f8efe794000-7f8efe795000 rw-p 00003000 08:01 529201                     /usr/lib/libcap.so.2.24
7f8efe795000-7f8efe7a9000 r-xp 00000000 08:01 531190                     /usr/lib/libresolv-2.22.so
7f8efe7a9000-7f8efe9a8000 ---p 00014000 08:01 531190                     /usr/lib/libresolv-2.22.so
7f8efe9a8000-7f8efe9a9000 r--p 00013000 08:01 531190                     /usr/lib/libresolv-2.22.so
7f8efe9a9000-7f8efe9aa000 rw-p 00014000 08:01 531190                     /usr/lib/libresolv-2.22.so
7f8efe9aa000-7f8efe9ac000 rw-p 00000000 00:00 0 
7f8efe9ac000-7f8efe9ae000 r-xp 00000000 08:01 536880                     /usr/lib/libXinerama.so.1.0.0
7f8efe9ae000-7f8efebad000 ---p 00002000 08:01 536880                     /usr/lib/libXinerama.so.1.0.0
7f8efebad000-7f8efebae000 r--p 00001000 08:01 536880                     /usr/lib/libXinerama.so.1.0.0
7f8efebae000-7f8efebaf000 rw-p 00002000 08:01 536880                     /usr/lib/libXinerama.so.1.0.0
7f8efebaf000-7f8efebb3000 r-xp 00000000 08:01 539013                     /usr/lib/libtxc_dxtn.so
7f8efebb3000-7f8efedb2000 ---p 00004000 08:01 539013                     /usr/lib/libtxc_dxtn.so
7f8efedb2000-7f8efedb3000 r--p 00003000 08:01 539013                     /usr/lib/libtxc_dxtn.so
7f8efedb3000-7f8efedb4000 rw-p 00004000 08:01 539013                     /usr/lib/libtxc_dxtn.so
7f8efedb4000-7f8efedbc000 r-xp 00000000 08:01 541442                     /usr/lib/libpciaccess.so.0.11.1
7f8efedbc000-7f8efefbc000 ---p 00008000 08:01 541442                     /usr/lib/libpciaccess.so.0.11.1
7f8efefbc000-7f8efefbd000 r--p 00008000 08:01 541442                     /usr/lib/libpciaccess.so.0.11.1
7f8efefbd000-7f8efefbe000 rw-p 00009000 08:01 541442                     /usr/lib/libpciaccess.so.0.11.1
7f8efefbe000-7f8eff130000 r-xp 00000000 08:01 529818                     /usr/lib/libstdc++.so.6.0.21
7f8eff130000-7f8eff330000 ---p 00172000 08:01 529818                     /usr/lib/libstdc++.so.6.0.21
7f8eff330000-7f8eff33a000 r--p 00172000 08:01 529818                     /usr/lib/libstdc++.so.6.0.21
7f8eff33a000-7f8eff33c000 rw-p 0017c000 08:01 529818                     /usr/lib/libstdc++.so.6.0.21
7f8eff33c000-7f8eff340000 rw-p 00000000 00:00 0 
7f8eff340000-7f8eff34b000 r-xp 00000000 08:01 527123                     /usr/lib/libdrm_radeon.so.1.0.1
7f8eff34b000-7f8eff54a000 ---p 0000b000 08:01 527123                     /usr/lib/libdrm_radeon.so.1.0.1
7f8eff54a000-7f8eff54b000 r--p 0000a000 08:01 527123                     /usr/lib/libdrm_radeon.so.1.0.1
7f8eff54b000-7f8eff54c000 rw-p 0000b000 08:01 527123                     /usr/lib/libdrm_radeon.so.1.0.1
7f8eff54c000-7f8eff552000 r-xp 00000000 08:01 527117                     /usr/lib/libdrm_nouveau.so.2.0.0
7f8eff552000-7f8eff751000 ---p 00006000 08:01 527117                     /usr/lib/libdrm_nouveau.so.2.0.0
7f8eff751000-7f8eff752000 r--p 00005000 08:01 527117                     /usr/lib/libdrm_nouveau.so.2.0.0
7f8eff752000-7f8eff753000 rw-p 00006000 08:01 527117                     /usr/lib/libdrm_nouveau.so.2.0.0
7f8eff753000-7f8eff773000 r-xp 00000000 08:01 527116                     /usr/lib/libdrm_intel.so.1.0.0
7f8eff773000-7f8eff972000 ---p 00020000 08:01 527116                     /usr/lib/libdrm_intel.so.1.0.0
7f8eff972000-7f8eff973000 r--p 0001f000 08:01 527116                     /usr/lib/libdrm_intel.so.1.0.0
7f8eff973000-7f8eff974000 rw-p 00020000 08:01 527116                     /usr/lib/libdrm_intel.so.1.0.0
7f8eff974000-7f8efff08000 r-xp 00000000 08:01 803591                     /usr/lib/xorg/modules/dri/i965_dri.so
7f8efff08000-7f8f00108000 ---p 00594000 08:01 803591                     /usr/lib/xorg/modules/dri/i965_dri.so
7f8f00108000-7f8f00133000 r--p 00594000 08:01 803591                     /usr/lib/xorg/modules/dri/i965_dri.so
7f8f00133000-7f8f00139000 rw-p 005bf000 08:01 803591                     /usr/lib/xorg/modules/dri/i965_dri.so
7f8f00139000-7f8f00141000 rw-p 00000000 00:00 0 
7f8f00141000-7f8f00147000 r-xp 00000000 08:01 549460                     /usr/lib/mesa/libGLESv2.so.2.0.0
7f8f00147000-7f8f00346000 ---p 00006000 08:01 549460                     /usr/lib/mesa/libGLESv2.so.2.0.0
7f8f00346000-7f8f00347000 r--p 00005000 08:01 549460                     /usr/lib/mesa/libGLESv2.so.2.0.0
7f8f00347000-7f8f00348000 rw-p 00006000 08:01 549460                     /usr/lib/mesa/libGLESv2.so.2.0.0
7f8f00348000-7f8f0038e000 r-xp 00000000 00:20 28                         /tmp/jogamp_0000/file_cache/jln759201232763602487/jln3329352832722471232/libjogl_mobile.so
7f8f0038e000-7f8f0058e000 ---p 00046000 00:20 28                         /tmp/jogamp_0000/file_cache/jln759201232763602487/jln3329352832722471232/libjogl_mobile.so
7f8f0058e000-7f8f0058f000 rw-p 00046000 00:20 28                         /tmp/jogamp_0000/file_cache/jln759201232763602487/jln3329352832722471232/libjogl_mobile.so
7f8f0058f000-7f8f00597000 r-xp 00000000 08:01 541266                     /usr/lib/libffi.so.6.0.4
7f8f00597000-7f8f00796000 ---p 00008000 08:01 541266                     /usr/lib/libffi.so.6.0.4
7f8f00796000-7f8f00797000 r--p 00007000 08:01 541266                     /usr/lib/libffi.so.6.0.4
7f8f00797000-7f8f00798000 rw-p 00008000 08:01 541266                     /usr/lib/libffi.so.6.0.4
7f8f00798000-7f8f007a7000 r-xp 00000000 08:01 528307                     /usr/lib/libwayland-server.so.0.1.0
7f8f007a7000-7f8f009a7000 ---p 0000f000 08:01 528307                     /usr/lib/libwayland-server.so.0.1.0
7f8f009a7000-7f8f009a9000 r--p 0000f000 08:01 528307                     /usr/lib/libwayland-server.so.0.1.0
7f8f009a9000-7f8f009aa000 rw-p 00011000 08:01 528307                     /usr/lib/libwayland-server.so.0.1.0
7f8f009aa000-7f8f009b6000 r-xp 00000000 08:01 528308                     /usr/lib/libwayland-client.so.0.3.0
7f8f009b6000-7f8f00bb5000 ---p 0000c000 08:01 528308                     /usr/lib/libwayland-client.so.0.3.0
7f8f00bb5000-7f8f00bb7000 r--p 0000b000 08:01 528308                     /usr/lib/libwayland-client.so.0.3.0
7f8f00bb7000-7f8f00bb8000 rw-p 0000d000 08:01 528308                     /usr/lib/libwayland-client.so.0.3.0
7f8f00bb8000-7f8f00bc4000 r-xp 00000000 08:01 542234                     /usr/lib/libgbm.so.1.0.0
7f8f00bc4000-7f8f00dc4000 ---p 0000c000 08:01 542234                     /usr/lib/libgbm.so.1.0.0
7f8f00dc4000-7f8f00dc5000 r--p 0000c000 08:01 542234                     /usr/lib/libgbm.so.1.0.0
7f8f00dc5000-7f8f00dc6000 rw-p 0000d000 08:01 542234                     /usr/lib/libgbm.so.1.0.0
7f8f00dc6000-7f8f00dec000 r-xp 00000000 08:01 549453                     /usr/lib/mesa/libEGL.so.1.0.0
7f8f00dec000-7f8f00feb000 ---p 00026000 08:01 549453                     /usr/lib/mesa/libEGL.so.1.0.0
7f8f00feb000-7f8f00fec000 r--p 00025000 08:01 549453                     /usr/lib/mesa/libEGL.so.1.0.0
7f8f00fec000-7f8f00fed000 rw-p 00026000 08:01 549453                     /usr/lib/mesa/libEGL.so.1.0.0
7f8f00fed000-7f8f00ff1000 r-xp 00000000 08:01 549455                     /usr/lib/mesa/libGLESv1_CM.so.1.1.0
7f8f00ff1000-7f8f011f0000 ---p 00004000 08:01 549455                     /usr/lib/mesa/libGLESv1_CM.so.1.1.0
7f8f011f0000-7f8f011f1000 r--p 00003000 08:01 549455                     /usr/lib/mesa/libGLESv1_CM.so.1.1.0
7f8f011f1000-7f8f011f2000 rw-p 00004000 08:01 549455                     /usr/lib/mesa/libGLESv1_CM.so.1.1.0
7f8f011f2000-7f8f0129a000 r-xp 00000000 00:20 25                         /tmp/jogamp_0000/file_cache/jln759201232763602487/jln3329352832722471232/libjogl_desktop.so
7f8f0129a000-7f8f0149a000 ---p 000a8000 00:20 25                         /tmp/jogamp_0000/file_cache/jln759201232763602487/jln3329352832722471232/libjogl_desktop.so
7f8f0149a000-7f8f0149b000 rw-p 000a8000 00:20 25                         /tmp/jogamp_0000/file_cache/jln759201232763602487/jln3329352832722471232/libjogl_desktop.so
7f8f0149b000-7f8f0169b000 rw-p 00000000 00:00 0 
7f8f0169b000-7f8f016a8000 r-xp 00000000 08:01 527111                     /usr/lib/libdrm.so.2.4.0
7f8f016a8000-7f8f018a7000 ---p 0000d000 08:01 527111                     /usr/lib/libdrm.so.2.4.0
7f8f018a7000-7f8f018a8000 r--p 0000c000 08:01 527111                     /usr/lib/libdrm.so.2.4.0
7f8f018a8000-7f8f018a9000 rw-p 0000d000 08:01 527111                     /usr/lib/libdrm.so.2.4.0
7f8f018a9000-7f8f018aa000 r-xp 00000000 08:01 533872                     /usr/lib/libxshmfence.so.1.0.0
7f8f018aa000-7f8f01aaa000 ---p 00001000 08:01 533872                     /usr/lib/libxshmfence.so.1.0.0
7f8f01aaa000-7f8f01aab000 r--p 00001000 08:01 533872                     /usr/lib/libxshmfence.so.1.0.0
7f8f01aab000-7f8f01aac000 rw-p 00002000 08:01 533872                     /usr/lib/libxshmfence.so.1.0.0
7f8f01aac000-7f8f01ab1000 r-xp 00000000 08:01 529801                     /usr/lib/libxcb-sync.so.1.0.0
7f8f01ab1000-7f8f01cb1000 ---p 00005000 08:01 529801                     /usr/lib/libxcb-sync.so.1.0.0
7f8f01cb1000-7f8f01cb2000 r--p 00005000 08:01 529801                     /usr/lib/libxcb-sync.so.1.0.0
7f8f01cb2000-7f8f01cb3000 rw-p 00006000 08:01 529801                     /usr/lib/libxcb-sync.so.1.0.0
7f8f01cb3000-7f8f01cb6000 r-xp 00000000 08:01 529341                     /usr/lib/libxcb-shape.so.0.0.0
7f8f01cb6000-7f8f01eb5000 ---p 00003000 08:01 529341                     /usr/lib/libxcb-shape.so.0.0.0
7f8f01eb5000-7f8f01eb6000 r--p 00002000 08:01 529341                     /usr/lib/libxcb-shape.so.0.0.0
7f8f01eb6000-7f8f01eb7000 rw-p 00003000 08:01 529341                     /usr/lib/libxcb-shape.so.0.0.0
7f8f01eb7000-7f8f01ec0000 r-xp 00000000 08:01 528354                     /usr/lib/libxcb-render.so.0.0.0
7f8f01ec0000-7f8f020bf000 ---p 00009000 08:01 528354                     /usr/lib/libxcb-render.so.0.0.0
7f8f020bf000-7f8f020c0000 r--p 00008000 08:01 528354                     /usr/lib/libxcb-render.so.0.0.0
7f8f020c0000-7f8f020c1000 rw-p 00009000 08:01 528354                     /usr/lib/libxcb-render.so.0.0.0
7f8f020c1000-7f8f020c7000 r-xp 00000000 08:01 528351                     /usr/lib/libxcb-xfixes.so.0.0.0
7f8f020c7000-7f8f022c7000 ---p 00006000 08:01 528351                     /usr/lib/libxcb-xfixes.so.0.0.0
7f8f022c7000-7f8f022c8000 r--p 00006000 08:01 528351                     /usr/lib/libxcb-xfixes.so.0.0.0
7f8f022c8000-7f8f022c9000 rw-p 00007000 08:01 528351                     /usr/lib/libxcb-xfixes.so.0.0.0
7f8f022c9000-7f8f022d6000 r-xp 00000000 08:01 529814                     /usr/lib/libxcb-randr.so.0.1.0
7f8f022d6000-7f8f024d5000 ---p 0000d000 08:01 529814                     /usr/lib/libxcb-randr.so.0.1.0
7f8f024d5000-7f8f024d6000 r--p 0000c000 08:01 529814                     /usr/lib/libxcb-randr.so.0.1.0
7f8f024d6000-7f8f024d7000 rw-p 0000d000 08:01 529814                     /usr/lib/libxcb-randr.so.0.1.0
7f8f024d7000-7f8f024d9000 r-xp 00000000 08:01 529374                     /usr/lib/libxcb-present.so.0.0.0
7f8f024d9000-7f8f026d8000 ---p 00002000 08:01 529374                     /usr/lib/libxcb-present.so.0.0.0
7f8f026d8000-7f8f026d9000 r--p 00001000 08:01 529374                     /usr/lib/libxcb-present.so.0.0.0
7f8f026d9000-7f8f026da000 rw-p 00002000 08:01 529374                     /usr/lib/libxcb-present.so.0.0.0
7f8f026da000-7f8f026dc000 r-xp 00000000 08:01 528359                     /usr/lib/libxcb-dri3.so.0.0.0
7f8f026dc000-7f8f028db000 ---p 00002000 08:01 528359                     /usr/lib/libxcb-dri3.so.0.0.0
7f8f028db000-7f8f028dc000 r--p 00001000 08:01 528359                     /usr/lib/libxcb-dri3.so.0.0.0
7f8f028dc000-7f8f028dd000 rw-p 00002000 08:01 528359                     /usr/lib/libxcb-dri3.so.0.0.0
7f8f028dd000-7f8f028e1000 r-xp 00000000 08:01 529371                     /usr/lib/libxcb-dri2.so.0.0.0
7f8f028e1000-7f8f02ae0000 ---p 00004000 08:01 529371                     /usr/lib/libxcb-dri2.so.0.0.0
7f8f02ae0000-7f8f02ae1000 r--p 00003000 08:01 529371                     /usr/lib/libxcb-dri2.so.0.0.0
7f8f02ae1000-7f8f02ae2000 rw-p 00004000 08:01 529371                     /usr/lib/libxcb-dri2.so.0.0.0
7f8f02ae2000-7f8f02af9000 r-xp 00000000 08:01 528358                     /usr/lib/libxcb-glx.so.0.0.0
7f8f02af9000-7f8f02cf9000 ---p 00017000 08:01 528358                     /usr/lib/libxcb-glx.so.0.0.0
7f8f02cf9000-7f8f02cfb000 r--p 00017000 08:01 528358                     /usr/lib/libxcb-glx.so.0.0.0
7f8f02cfb000-7f8f02cfc000 rw-p 00019000 08:01 528358                     /usr/lib/libxcb-glx.so.0.0.0
7f8f02cfc000-7f8f02cfd000 r-xp 00000000 08:01 526139                     /usr/lib/libX11-xcb.so.1.0.0
7f8f02cfd000-7f8f02efc000 ---p 00001000 08:01 526139                     /usr/lib/libX11-xcb.so.1.0.0
7f8f02efc000-7f8f02efd000 r--p 00000000 08:01 526139                     /usr/lib/libX11-xcb.so.1.0.0
7f8f02efd000-7f8f02efe000 rw-p 00001000 08:01 526139                     /usr/lib/libX11-xcb.so.1.0.0
7f8f02efe000-7f8f02f00000 r-xp 00000000 08:01 533862                     /usr/lib/libXdamage.so.1.1.0
7f8f02f00000-7f8f030ff000 ---p 00002000 08:01 533862                     /usr/lib/libXdamage.so.1.1.0
7f8f030ff000-7f8f03100000 r--p 00001000 08:01 533862                     /usr/lib/libXdamage.so.1.1.0
7f8f03100000-7f8f03101000 rw-p 00002000 08:01 533862                     /usr/lib/libXdamage.so.1.1.0
7f8f03101000-7f8f03129000 r-xp 00000000 08:01 542235                     /usr/lib/libglapi.so.0.0.0
7f8f03129000-7f8f03329000 ---p 00028000 08:01 542235                     /usr/lib/libglapi.so.0.0.0
7f8f03329000-7f8f0332d000 r--p 00028000 08:01 542235                     /usr/lib/libglapi.so.0.0.0
7f8f0332d000-7f8f0332e000 rw-p 0002c000 08:01 542235                     /usr/lib/libglapi.so.0.0.0
7f8f0332e000-7f8f0332f000 rw-p 00000000 00:00 0 
7f8f0332f000-7f8f03356000 r-xp 00000000 08:01 533710                     /usr/lib/libexpat.so.1.6.0
7f8f03356000-7f8f03555000 ---p 00027000 08:01 533710                     /usr/lib/libexpat.so.1.6.0
7f8f03555000-7f8f03558000 r--p 00026000 08:01 533710                     /usr/lib/libexpat.so.1.6.0
7f8f03558000-7f8f03559000 rw-p 00029000 08:01 533710                     /usr/lib/libexpat.so.1.6.0
7f8f03559000-7f8f035ed000 r-xp 00000000 08:01 542697                     /usr/lib/mesa/libGL.so.1.2.0
7f8f035ed000-7f8f037ec000 ---p 00094000 08:01 542697                     /usr/lib/mesa/libGL.so.1.2.0
7f8f037ec000-7f8f037ef000 r--p 00093000 08:01 542697                     /usr/lib/mesa/libGL.so.1.2.0
7f8f037ef000-7f8f037f0000 rw-p 00096000 08:01 542697                     /usr/lib/mesa/libGL.so.1.2.0
7f8f037f0000-7f8f039f1000 rw-p 00000000 00:00 0 
7f8f039f1000-7f8f039f8000 r-xp 00000000 00:20 30                         /tmp/jogamp_0000/file_cache/jln759201232763602487/jln3329352832722471232/libnativewindow_x11.so
7f8f039f8000-7f8f03bf7000 ---p 00007000 00:20 30                         /tmp/jogamp_0000/file_cache/jln759201232763602487/jln3329352832722471232/libnativewindow_x11.so
7f8f03bf7000-7f8f03bf8000 rw-p 00006000 00:20 30                         /tmp/jogamp_0000/file_cache/jln759201232763602487/jln3329352832722471232/libnativewindow_x11.so
7f8f03bf8000-7f8f03bfd000 r-xp 00000000 08:01 533875                     /usr/lib/libXxf86vm.so.1.0.0
7f8f03bfd000-7f8f03dfc000 ---p 00005000 08:01 533875                     /usr/lib/libXxf86vm.so.1.0.0
7f8f03dfc000-7f8f03dfd000 r--p 00004000 08:01 533875                     /usr/lib/libXxf86vm.so.1.0.0
7f8f03dfd000-7f8f03dfe000 rw-p 00005000 08:01 533875                     /usr/lib/libXxf86vm.so.1.0.0
7f8f03dfe000-7f8f03e00000 r-xp 00000000 00:20 29                         /tmp/jogamp_0000/file_cache/jln759201232763602487/jln3329352832722471232/libnativewindow_awt.so
7f8f03e00000-7f8f03fff000 ---p 00002000 00:20 29                         /tmp/jogamp_0000/file_cache/jln759201232763602487/jln3329352832722471232/libnativewindow_awt.so
7f8f03fff000-7f8f04000000 rw-p 00001000 00:20 29                         /tmp/jogamp_0000/file_cache/jln759201232763602487/jln3329352832722471232/libnativewindow_awt.so
7f8f04000000-7f8f04021000 rw-p 00000000 00:00 0 
7f8f04021000-7f8f08000000 ---p 00000000 00:00 0 
7f8f08000000-7f8f0b0de000 rw-p 00000000 00:00 0 
7f8f0b0de000-7f8f0c000000 ---p 00000000 00:00 0 
7f8f0c000000-7f8f0c021000 rw-p 00000000 00:00 0 
7f8f0c021000-7f8f10000000 ---p 00000000 00:00 0 
7f8f10000000-7f8f118b0000 rw-p 00000000 00:00 0 
7f8f118b0000-7f8f14000000 ---p 00000000 00:00 0 
7f8f14000000-7f8f14021000 rw-p 00000000 00:00 0 
7f8f14021000-7f8f18000000 ---p 00000000 00:00 0 
7f8f18000000-7f8f1993a000 rw-p 00000000 00:00 0 
7f8f1993a000-7f8f1c000000 ---p 00000000 00:00 0 
7f8f1c000000-7f8f1c021000 rw-p 00000000 00:00 0 
7f8f1c021000-7f8f20000000 ---p 00000000 00:00 0 
7f8f2005d000-7f8f2013d000 rw-s 104fbe000 00:06 320                       /dev/dri/card0
7f8f2013d000-7f8f2013e000 r-xp 00000000 08:01 808484                     /usr/lib/jvm/java-8-openjdk/jre/lib/amd64/libjawt.so
7f8f2013e000-7f8f2033d000 ---p 00001000 08:01 808484                     /usr/lib/jvm/java-8-openjdk/jre/lib/amd64/libjawt.so
7f8f2033d000-7f8f2033e000 rw-p 00000000 08:01 808484                     /usr/lib/jvm/java-8-openjdk/jre/lib/amd64/libjawt.so
7f8f2033e000-7f8f20340000 r-xp 00000000 00:20 24                         /tmp/jogamp_0000/file_cache/jln759201232763602487/jln3329352832722471232/libgluegen-rt.so
7f8f20340000-7f8f20540000 ---p 00002000 00:20 24                         /tmp/jogamp_0000/file_cache/jln759201232763602487/jln3329352832722471232/libgluegen-rt.so
7f8f20540000-7f8f20541000 rw-p 00002000 00:20 24                         /tmp/jogamp_0000/file_cache/jln759201232763602487/jln3329352832722471232/libgluegen-rt.so
7f8f20541000-7f8f20544000 ---p 00000000 00:00 0 
7f8f20544000-7f8f20642000 rw-p 00000000 00:00 0                          [stack:5190]
7f8f20642000-7f8f20653000 r-xp 00000000 08:01 808480                     /usr/lib/jvm/java-8-openjdk/jre/lib/amd64/libnio.so
7f8f20653000-7f8f20852000 ---p 00011000 08:01 808480                     /usr/lib/jvm/java-8-openjdk/jre/lib/amd64/libnio.so
7f8f20852000-7f8f20853000 rw-p 00010000 08:01 808480                     /usr/lib/jvm/java-8-openjdk/jre/lib/amd64/libnio.so
7f8f20853000-7f8f20869000 r-xp 00000000 08:01 808470                     /usr/lib/jvm/java-8-openjdk/jre/lib/amd64/libnet.so
7f8f20869000-7f8f20a69000 ---p 00016000 08:01 808470                     /usr/lib/jvm/java-8-openjdk/jre/lib/amd64/libnet.so
7f8f20a69000-7f8f20a6a000 rw-p 00016000 08:01 808470                     /usr/lib/jvm/java-8-openjdk/jre/lib/amd64/libnet.so
7f8f20a6a000-7f8f20c6a000 rw-p 00000000 00:00 0 
7f8f20c6a000-7f8f20e6a000 rw-p 00000000 00:00 0 
7f8f20e6a000-7f8f20e6d000 ---p 00000000 00:00 0 
7f8f20e6d000-7f8f20f6b000 rw-p 00000000 00:00 0                          [stack:5180]
7f8f20f6b000-7f8f20f6e000 ---p 00000000 00:00 0 
7f8f20f6e000-7f8f2106c000 rw-p 00000000 00:00 0                          [stack:5179]
7f8f2106c000-7f8f2106f000 ---p 00000000 00:00 0 
7f8f2106f000-7f8f2116d000 rw-p 00000000 00:00 0                          [stack:5178]
7f8f2116d000-7f8f21170000 ---p 00000000 00:00 0 
7f8f21170000-7f8f2126e000 rw-p 00000000 00:00 0                          [stack:5177]
7f8f2126e000-7f8f21273000 r-xp 00000000 08:01 529523                     /usr/lib/libXfixes.so.3.1.0
7f8f21273000-7f8f21472000 ---p 00005000 08:01 529523                     /usr/lib/libXfixes.so.3.1.0
7f8f21472000-7f8f21473000 r--p 00004000 08:01 529523                     /usr/lib/libXfixes.so.3.1.0
7f8f21473000-7f8f21474000 rw-p 00005000 08:01 529523                     /usr/lib/libXfixes.so.3.1.0
7f8f21474000-7f8f2147e000 r-xp 00000000 08:01 536185                     /usr/lib/libXcursor.so.1.0.2
7f8f2147e000-7f8f2167d000 ---p 0000a000 08:01 536185                     /usr/lib/libXcursor.so.1.0.2
7f8f2167d000-7f8f2167e000 r--p 00009000 08:01 536185                     /usr/lib/libXcursor.so.1.0.2
7f8f2167e000-7f8f2167f000 rw-p 0000a000 08:01 536185                     /usr/lib/libXcursor.so.1.0.2
7f8f2167f000-7f8f216ee000 r-xp 00000000 08:01 528211                     /usr/lib/libpcre.so.1.2.5
7f8f216ee000-7f8f218ed000 ---p 0006f000 08:01 528211                     /usr/lib/libpcre.so.1.2.5
7f8f218ed000-7f8f218ee000 r--p 0006e000 08:01 528211                     /usr/lib/libpcre.so.1.2.5
7f8f218ee000-7f8f218ef000 rw-p 0006f000 08:01 528211                     /usr/lib/libpcre.so.1.2.5
7f8f218ef000-7f8f2191b000 r-xp 00000000 08:01 528036                     /usr/lib/libgraphite2.so.3.0.1
7f8f2191b000-7f8f21b1a000 ---p 0002c000 08:01 528036                     /usr/lib/libgraphite2.so.3.0.1
7f8f21b1a000-7f8f21b1c000 r--p 0002b000 08:01 528036                     /usr/lib/libgraphite2.so.3.0.1
7f8f21b1c000-7f8f21b1d000 rw-p 0002d000 08:01 528036                     /usr/lib/libgraphite2.so.3.0.1
7f8f21b1d000-7f8f21c29000 r-xp 00000000 08:01 533722                     /usr/lib/libglib-2.0.so.0.4400.1
7f8f21c29000-7f8f21e28000 ---p 0010c000 08:01 533722                     /usr/lib/libglib-2.0.so.0.4400.1
7f8f21e28000-7f8f21e29000 r--p 0010b000 08:01 533722                     /usr/lib/libglib-2.0.so.0.4400.1
7f8f21e29000-7f8f21e2a000 rw-p 0010c000 08:01 533722                     /usr/lib/libglib-2.0.so.0.4400.1
7f8f21e2a000-7f8f21e2b000 rw-p 00000000 00:00 0 
7f8f21e2b000-7f8f21e8a000 r-xp 00000000 08:01 540320                     /usr/lib/libharfbuzz.so.0.10000.3
7f8f21e8a000-7f8f2208a000 ---p 0005f000 08:01 540320                     /usr/lib/libharfbuzz.so.0.10000.3
7f8f2208a000-7f8f2208b000 r--p 0005f000 08:01 540320                     /usr/lib/libharfbuzz.so.0.10000.3
7f8f2208b000-7f8f2208c000 rw-p 00060000 08:01 540320                     /usr/lib/libharfbuzz.so.0.10000.3
7f8f2208c000-7f8f220c0000 r-xp 00000000 08:01 525327                     /usr/lib/libpng16.so.16.18.0
7f8f220c0000-7f8f222bf000 ---p 00034000 08:01 525327                     /usr/lib/libpng16.so.16.18.0
7f8f222bf000-7f8f222c0000 r--p 00033000 08:01 525327                     /usr/lib/libpng16.so.16.18.0
7f8f222c0000-7f8f222c1000 rw-p 00034000 08:01 525327                     /usr/lib/libpng16.so.16.18.0
7f8f222c1000-7f8f222d0000 r-xp 00000000 08:01 529544                     /usr/lib/libbz2.so.1.0.6
7f8f222d0000-7f8f224cf000 ---p 0000f000 08:01 529544                     /usr/lib/libbz2.so.1.0.6
7f8f224cf000-7f8f224d1000 rw-p 0000e000 08:01 529544                     /usr/lib/libbz2.so.1.0.6
7f8f224d1000-7f8f224e7000 r-xp 00000000 08:01 527876                     /usr/lib/libgcc_s.so.1
7f8f224e7000-7f8f226e6000 ---p 00016000 08:01 527876                     /usr/lib/libgcc_s.so.1
7f8f226e6000-7f8f226e7000 rw-p 00015000 08:01 527876                     /usr/lib/libgcc_s.so.1
7f8f226e7000-7f8f2279c000 r-xp 00000000 08:01 540846                     /usr/lib/libfreetype.so.6.12.0
7f8f2279c000-7f8f2299b000 ---p 000b5000 08:01 540846                     /usr/lib/libfreetype.so.6.12.0
7f8f2299b000-7f8f229a1000 r--p 000b4000 08:01 540846                     /usr/lib/libfreetype.so.6.12.0
7f8f229a1000-7f8f229a2000 rw-p 000ba000 08:01 540846                     /usr/lib/libfreetype.so.6.12.0
7f8f229a2000-7f8f22a04000 r-xp 00000000 08:01 808485                     /usr/lib/jvm/java-8-openjdk/jre/lib/amd64/libfontmanager.so
7f8f22a04000-7f8f22c04000 ---p 00062000 08:01 808485                     /usr/lib/jvm/java-8-openjdk/jre/lib/amd64/libfontmanager.so
7f8f22c04000-7f8f22c08000 rw-p 00062000 08:01 808485                     /usr/lib/jvm/java-8-openjdk/jre/lib/amd64/libfontmanager.so
7f8f22c08000-7f8f22c0d000 r-xp 00000000 08:01 527809                     /usr/lib/libXdmcp.so.6.0.0
7f8f22c0d000-7f8f22e0c000 ---p 00005000 08:01 527809                     /usr/lib/libXdmcp.so.6.0.0
7f8f22e0c000-7f8f22e0d000 r--p 00004000 08:01 527809                     /usr/lib/libXdmcp.so.6.0.0
7f8f22e0d000-7f8f22e0e000 rw-p 00005000 08:01 527809                     /usr/lib/libXdmcp.so.6.0.0
7f8f22e0e000-7f8f22e10000 r-xp 00000000 08:01 529519                     /usr/lib/libXau.so.6.0.0
7f8f22e10000-7f8f23010000 ---p 00002000 08:01 529519                     /usr/lib/libXau.so.6.0.0
7f8f23010000-7f8f23011000 r--p 00002000 08:01 529519                     /usr/lib/libXau.so.6.0.0
7f8f23011000-7f8f23012000 rw-p 00003000 08:01 529519                     /usr/lib/libXau.so.6.0.0
7f8f23012000-7f8f23033000 r-xp 00000000 08:01 529359                     /usr/lib/libxcb.so.1.1.0
7f8f23033000-7f8f23232000 ---p 00021000 08:01 529359                     /usr/lib/libxcb.so.1.1.0
7f8f23232000-7f8f23233000 r--p 00020000 08:01 529359                     /usr/lib/libxcb.so.1.1.0
7f8f23233000-7f8f23234000 rw-p 00021000 08:01 529359                     /usr/lib/libxcb.so.1.1.0
7f8f23234000-7f8f23243000 r-xp 00000000 08:01 536188                     /usr/lib/libXi.so.6.1.0
7f8f23243000-7f8f23443000 ---p 0000f000 08:01 536188                     /usr/lib/libXi.so.6.1.0
7f8f23443000-7f8f23444000 r--p 0000f000 08:01 536188                     /usr/lib/libXi.so.6.1.0
7f8f23444000-7f8f23445000 rw-p 00010000 08:01 536188                     /usr/lib/libXi.so.6.1.0
7f8f23445000-7f8f2344a000 r-xp 00000000 08:01 536888                     /usr/lib/libXtst.so.6.1.0
7f8f2344a000-7f8f23649000 ---p 00005000 08:01 536888                     /usr/lib/libXtst.so.6.1.0
7f8f23649000-7f8f2364a000 r--p 00004000 08:01 536888                     /usr/lib/libXtst.so.6.1.0
7f8f2364a000-7f8f2364b000 rw-p 00005000 08:01 536888                     /usr/lib/libXtst.so.6.1.0
7f8f2364b000-7f8f23654000 r-xp 00000000 08:01 536201                     /usr/lib/libXrender.so.1.3.0
7f8f23654000-7f8f23853000 ---p 00009000 08:01 536201                     /usr/lib/libXrender.so.1.3.0
7f8f23853000-7f8f23854000 r--p 00008000 08:01 536201                     /usr/lib/libXrender.so.1.3.0
7f8f23854000-7f8f23855000 rw-p 00009000 08:01 536201                     /usr/lib/libXrender.so.1.3.0
7f8f23855000-7f8f23990000 r-xp 00000000 08:01 526138                     /usr/lib/libX11.so.6.3.0
7f8f23990000-7f8f23b8f000 ---p 0013b000 08:01 526138                     /usr/lib/libX11.so.6.3.0
7f8f23b8f000-7f8f23b91000 r--p 0013a000 08:01 526138                     /usr/lib/libX11.so.6.3.0
7f8f23b91000-7f8f23b96000 rw-p 0013c000 08:01 526138                     /usr/lib/libX11.so.6.3.0
7f8f23b96000-7f8f23b97000 rw-p 00000000 00:00 0 
7f8f23b97000-7f8f23ba8000 r-xp 00000000 08:01 527813                     /usr/lib/libXext.so.6.4.0
7f8f23ba8000-7f8f23da7000 ---p 00011000 08:01 527813                     /usr/lib/libXext.so.6.4.0
7f8f23da7000-7f8f23da8000 r--p 00010000 08:01 527813                     /usr/lib/libXext.so.6.4.0
7f8f23da8000-7f8f23da9000 rw-p 00011000 08:01 527813                     /usr/lib/libXext.so.6.4.0
7f8f23da9000-7f8f23dfc000 r-xp 00000000 08:01 808482                     /usr/lib/jvm/java-8-openjdk/jre/lib/amd64/libawt_xawt.so
7f8f23dfc000-7f8f23ffc000 ---p 00053000 08:01 808482                     /usr/lib/jvm/java-8-openjdk/jre/lib/amd64/libawt_xawt.so
7f8f23ffc000-7f8f23fff000 rw-p 00053000 08:01 808482                     /usr/lib/jvm/java-8-openjdk/jre/lib/amd64/libawt_xawt.so
7f8f23fff000-7f8f24000000 rw-p 00000000 00:00 0 
7f8f24000000-7f8f24021000 rw-p 00000000 00:00 0 
7f8f24021000-7f8f28000000 ---p 00000000 00:00 0 
7f8f28000000-7f8f28021000 rw-p 00000000 00:00 0 
7f8f28021000-7f8f2c000000 ---p 00000000 00:00 0 
7f8f2c000000-7f8f2c0d6000 rw-p 00000000 00:00 0 
7f8f2c0d6000-7f8f30000000 ---p 00000000 00:00 0 
7f8f30000000-7f8f302dd000 rw-p 00000000 00:00 0 
7f8f302dd000-7f8f34000000 ---p 00000000 00:00 0 
7f8f34000000-7f8f34021000 rw-p 00000000 00:00 0 
7f8f34021000-7f8f38000000 ---p 00000000 00:00 0 
7f8f38000000-7f8f381e2000 rw-p 00000000 00:00 0 
7f8f381e2000-7f8f3c000000 ---p 00000000 00:00 0 
7f8f3c000000-7f8f3c021000 rw-p 00000000 00:00 0 
7f8f3c021000-7f8f40000000 ---p 00000000 00:00 0 
7f8f40000000-7f8f40021000 rw-p 00000000 00:00 0 
7f8f40021000-7f8f44000000 ---p 00000000 00:00 0 
7f8f44000000-7f8f44021000 rw-p 00000000 00:00 0 
7f8f44021000-7f8f48000000 ---p 00000000 00:00 0 
7f8f48000000-7f8f48021000 rw-p 00000000 00:00 0 
7f8f48021000-7f8f4c000000 ---p 00000000 00:00 0 
7f8f4c000000-7f8f4c021000 rw-p 00000000 00:00 0 
7f8f4c021000-7f8f50000000 ---p 00000000 00:00 0 
7f8f50000000-7f8f50021000 rw-p 00000000 00:00 0 
7f8f50021000-7f8f54000000 ---p 00000000 00:00 0 
7f8f54000000-7f8f54021000 rw-p 00000000 00:00 0 
7f8f54021000-7f8f58000000 ---p 00000000 00:00 0 
7f8f5804e000-7f8f5806c000 r-xp 00000000 08:01 549416                     /usr/lib/libudev.so.1.6.4
7f8f5806c000-7f8f5806d000 r--p 0001d000 08:01 549416                     /usr/lib/libudev.so.1.6.4
7f8f5806d000-7f8f5806e000 rw-p 0001e000 08:01 549416                     /usr/lib/libudev.so.1.6.4
7f8f58080000-7f8f58081000 rw-p 00000000 00:00 0 
7f8f58081000-7f8f58089000 rw-s 00000000 00:05 61717                      /drm mm object (deleted)
7f8f58089000-7f8f58091000 rw-s 00000000 00:05 61677                      /drm mm object (deleted)
7f8f58091000-7f8f58092000 rw-s 102c40000 00:06 320                       /dev/dri/card0
7f8f58092000-7f8f5809a000 rw-s 00000000 00:05 61651                      /drm mm object (deleted)
7f8f5809a000-7f8f580a2000 rw-s 00000000 00:05 61681                      /drm mm object (deleted)
7f8f580a2000-7f8f580a3000 rwxp 00000000 00:00 0 
7f8f580a3000-7f8f580ab000 rw-s 00000000 00:05 61640                      /drm mm object (deleted)
7f8f580ab000-7f8f580b3000 rw-s 00000000 00:05 59305                      /drm mm object (deleted)
7f8f580b3000-7f8f580b4000 rw-s 00000000 00:05 59302                      /drm mm object (deleted)
7f8f580b4000-7f8f580b5000 rw-s 102c3f000 00:06 320                       /dev/dri/card0
7f8f580b5000-7f8f580bd000 rw-s 00000000 00:05 59301                      /drm mm object (deleted)
7f8f580bd000-7f8f580c0000 ---p 00000000 00:00 0 
7f8f580c0000-7f8f580f6000 rw-p 00000000 00:00 0                          [stack:5185]
7f8f580f6000-7f8f580fa000 r--s 00095000 08:01 807885                     /usr/lib/jvm/java-8-openjdk/jre/lib/jsse.jar
7f8f580fa000-7f8f580fb000 r--p 00000000 00:00 0 
7f8f580fb000-7f8f580fe000 ---p 00000000 00:00 0 
7f8f580fe000-7f8f581fc000 rw-p 00000000 00:00 0                          [stack:5176]
7f8f581fc000-7f8f5820f000 r--s 00345000 08:01 807886                     /usr/lib/jvm/java-8-openjdk/jre/lib/resources.jar
7f8f5820f000-7f8f582ad000 r-xp 00000000 08:01 808479                     /usr/lib/jvm/java-8-openjdk/jre/lib/amd64/libawt.so
7f8f582ad000-7f8f584ad000 ---p 0009e000 08:01 808479                     /usr/lib/jvm/java-8-openjdk/jre/lib/amd64/libawt.so
7f8f584ad000-7f8f584b9000 rw-p 0009e000 08:01 808479                     /usr/lib/jvm/java-8-openjdk/jre/lib/amd64/libawt.so
7f8f584b9000-7f8f584dd000 rw-p 00000000 00:00 0 
7f8f584dd000-7f8f584e0000 r--s 00017000 08:11 2056                       /run/media/b/Files/SWEN222/Lunarcy-Repo/Lunarcy/tritonus_share.jar
7f8f584e0000-7f8f584e3000 r--s 00016000 08:11 2051                       /run/media/b/Files/SWEN222/Lunarcy-Repo/Lunarcy/minim.jar
7f8f584e3000-7f8f58504000 r--s 002d0000 08:11 420                        /run/media/b/Files/SWEN222/Lunarcy-Repo/Lunarcy/jogl-all.jar
7f8f58504000-7f8f58505000 ---p 00000000 00:00 0 
7f8f58505000-7f8f58605000 rw-p 00000000 00:00 0                          [stack:5174]
7f8f58605000-7f8f58608000 ---p 00000000 00:00 0 
7f8f58608000-7f8f58706000 rw-p 00000000 00:00 0                          [stack:5173]
7f8f58706000-7f8f58709000 ---p 00000000 00:00 0 
7f8f58709000-7f8f58807000 rw-p 00000000 00:00 0                          [stack:5172]
7f8f58807000-7f8f5880a000 ---p 00000000 00:00 0 
7f8f5880a000-7f8f58908000 rw-p 00000000 00:00 0                          [stack:5171]
7f8f58908000-7f8f5890b000 ---p 00000000 00:00 0 
7f8f5890b000-7f8f58a09000 rw-p 00000000 00:00 0                          [stack:5170]
7f8f58a09000-7f8f58a0c000 ---p 00000000 00:00 0 
7f8f58a0c000-7f8f58b0a000 rw-p 00000000 00:00 0                          [stack:5169]
7f8f58b0a000-7f8f58c98000 r--p 00000000 08:01 543557                     /usr/lib/locale/locale-archive
7f8f58c98000-7f8f58c9b000 ---p 00000000 00:00 0 
7f8f58c9b000-7f8f58d99000 rw-p 00000000 00:00 0                          [stack:5168]
7f8f58d99000-7f8f58d9c000 ---p 00000000 00:00 0 
7f8f58d9c000-7f8f58e9a000 rw-p 00000000 00:00 0                          [stack:5167]
7f8f58e9a000-7f8f58e9b000 ---p 00000000 00:00 0 
7f8f58e9b000-7f8f59f39000 rw-p 00000000 00:00 0                          [stack:5166]
7f8f59f39000-7f8f5a107000 r--s 03bde000 08:01 808439                     /usr/lib/jvm/java-8-openjdk/jre/lib/rt.jar
7f8f5a107000-7f8f5c8e6000 rw-p 00000000 00:00 0 
7f8f5c8e6000-7f8f5c8e7000 ---p 00000000 00:00 0 
7f8f5c8e7000-7f8f5c9e7000 rw-p 00000000 00:00 0                          [stack:5165]
7f8f5c9e7000-7f8f5c9e8000 ---p 00000000 00:00 0 
7f8f5c9e8000-7f8f5cae8000 rw-p 00000000 00:00 0                          [stack:5164]
7f8f5cae8000-7f8f5cae9000 ---p 00000000 00:00 0 
7f8f5cae9000-7f8f5cbe9000 rw-p 00000000 00:00 0                          [stack:5163]
7f8f5cbe9000-7f8f5cbea000 ---p 00000000 00:00 0 
7f8f5cbea000-7f8f5ccfe000 rw-p 00000000 00:00 0                          [stack:5157]
7f8f5ccfe000-7f8f5ce26000 ---p 00000000 00:00 0 
7f8f5ce26000-7f8f5ce3a000 rw-p 00000000 00:00 0 
7f8f5ce3a000-7f8f5cf61000 ---p 00000000 00:00 0 
7f8f5cf61000-7f8f5cf73000 rw-p 00000000 00:00 0 
7f8f5cf73000-7f8f5cfff000 ---p 00000000 00:00 0 
7f8f5cfff000-7f8f5d000000 rw-p 00000000 00:00 0 
7f8f5d000000-7f8f5d360000 rwxp 00000000 00:00 0 
7f8f5d360000-7f8f6c000000 ---p 00000000 00:00 0 
7f8f6c000000-7f8f6c3eb000 rw-p 00000000 00:00 0 
7f8f6c3eb000-7f8f70000000 ---p 00000000 00:00 0 
7f8f70000000-7f8f70001000 r--s 00002000 08:11 2055                       /run/media/b/Files/SWEN222/Lunarcy-Repo/Lunarcy/tritonus_aos.jar
7f8f70001000-7f8f70002000 r--s 00005000 08:11 2052                       /run/media/b/Files/SWEN222/Lunarcy-Repo/Lunarcy/mp3spi1.9.4.jar
7f8f70002000-7f8f70004000 r--s 0000a000 08:11 2050                       /run/media/b/Files/SWEN222/Lunarcy-Repo/Lunarcy/jsminim.jar
7f8f70004000-7f8f70007000 r--s 00017000 08:11 2049                       /run/media/b/Files/SWEN222/Lunarcy-Repo/Lunarcy/jl1.0.jar
7f8f70007000-7f8f70008000 r--s 0002d000 08:11 419                        /run/media/b/Files/SWEN222/Lunarcy-Repo/Lunarcy/jogl-all-natives-windows-i586.jar
7f8f70008000-7f8f70009000 r--s 00034000 08:11 418                        /run/media/b/Files/SWEN222/Lunarcy-Repo/Lunarcy/jogl-all-natives-windows-amd64.jar
7f8f70009000-7f8f7000a000 r--s 00063000 08:11 417                        /run/media/b/Files/SWEN222/Lunarcy-Repo/Lunarcy/jogl-all-natives-macosx-universal.jar
7f8f7000a000-7f8f7000c000 r--s 00030000 08:11 416                        /run/media/b/Files/SWEN222/Lunarcy-Repo/Lunarcy/jogl-all-natives-linux-i586.jar
7f8f7000c000-7f8f7000d000 r--s 00022000 08:11 415                        /run/media/b/Files/SWEN222/Lunarcy-Repo/Lunarcy/jogl-all-natives-linux-armv6hf.jar
7f8f7000d000-7f8f7003c000 rw-p 00000000 00:00 0 
7f8f7003c000-7f8f703ee000 ---p 00000000 00:00 0 
7f8f703ee000-7f8f703f6000 r-xp 00000000 08:01 808467                     /usr/lib/jvm/java-8-openjdk/jre/lib/amd64/libzip.so
7f8f703f6000-7f8f705f5000 ---p 00008000 08:01 808467                     /usr/lib/jvm/java-8-openjdk/jre/lib/amd64/libzip.so
7f8f705f5000-7f8f705f6000 rw-p 00007000 08:01 808467                     /usr/lib/jvm/java-8-openjdk/jre/lib/amd64/libzip.so
7f8f705f6000-7f8f70601000 r-xp 00000000 08:01 531183                     /usr/lib/libnss_files-2.22.so
7f8f70601000-7f8f70800000 ---p 0000b000 08:01 531183                     /usr/lib/libnss_files-2.22.so
7f8f70800000-7f8f70801000 r--p 0000a000 08:01 531183                     /usr/lib/libnss_files-2.22.so
7f8f70801000-7f8f70802000 rw-p 0000b000 08:01 531183                     /usr/lib/libnss_files-2.22.so
7f8f70802000-7f8f70808000 rw-p 00000000 00:00 0 
7f8f70808000-7f8f70834000 r-xp 00000000 08:01 808466                     /usr/lib/jvm/java-8-openjdk/jre/lib/amd64/libjava.so
7f8f70834000-7f8f70a34000 ---p 0002c000 08:01 808466                     /usr/lib/jvm/java-8-openjdk/jre/lib/amd64/libjava.so
7f8f70a34000-7f8f70a36000 rw-p 0002c000 08:01 808466                     /usr/lib/jvm/java-8-openjdk/jre/lib/amd64/libjava.so
7f8f70a36000-7f8f70a43000 r-xp 00000000 08:01 808459                     /usr/lib/jvm/java-8-openjdk/jre/lib/amd64/libverify.so
7f8f70a43000-7f8f70c42000 ---p 0000d000 08:01 808459                     /usr/lib/jvm/java-8-openjdk/jre/lib/amd64/libverify.so
7f8f70c42000-7f8f70c44000 rw-p 0000c000 08:01 808459                     /usr/lib/jvm/java-8-openjdk/jre/lib/amd64/libverify.so
7f8f70c44000-7f8f70c4b000 r-xp 00000000 08:01 531191                     /usr/lib/librt-2.22.so
7f8f70c4b000-7f8f70e4a000 ---p 00007000 08:01 531191                     /usr/lib/librt-2.22.so
7f8f70e4a000-7f8f70e4b000 r--p 00006000 08:01 531191                     /usr/lib/librt-2.22.so
7f8f70e4b000-7f8f70e4c000 rw-p 00007000 08:01 531191                     /usr/lib/librt-2.22.so
7f8f70e4c000-7f8f70f49000 r-xp 00000000 08:01 531188                     /usr/lib/libm-2.22.so
7f8f70f49000-7f8f71148000 ---p 000fd000 08:01 531188                     /usr/lib/libm-2.22.so
7f8f71148000-7f8f71149000 r--p 000fc000 08:01 531188                     /usr/lib/libm-2.22.so
7f8f71149000-7f8f7114a000 rw-p 000fd000 08:01 531188                     /usr/lib/libm-2.22.so
7f8f7114a000-7f8f71d9d000 r-xp 00000000 08:01 945578                     /usr/lib/jvm/java-8-openjdk/jre/lib/amd64/server/libjvm.so
7f8f71d9d000-7f8f71f9c000 ---p 00c53000 08:01 945578                     /usr/lib/jvm/java-8-openjdk/jre/lib/amd64/server/libjvm.so
7f8f71f9c000-7f8f72058000 rw-p 00c52000 08:01 945578                     /usr/lib/jvm/java-8-openjdk/jre/lib/amd64/server/libjvm.so
7f8f72058000-7f8f72086000 rw-p 00000000 00:00 0 
7f8f72086000-7f8f72221000 r-xp 00000000 08:01 531138                     /usr/lib/libc-2.22.so
7f8f72221000-7f8f72420000 ---p 0019b000 08:01 531138                     /usr/lib/libc-2.22.so
7f8f72420000-7f8f72424000 r--p 0019a000 08:01 531138                     /usr/lib/libc-2.22.so
7f8f72424000-7f8f72426000 rw-p 0019e000 08:01 531138                     /usr/lib/libc-2.22.so
7f8f72426000-7f8f7242a000 rw-p 00000000 00:00 0 
7f8f7242a000-7f8f7242d000 r-xp 00000000 08:01 531187                     /usr/lib/libdl-2.22.so
7f8f7242d000-7f8f7262c000 ---p 00003000 08:01 531187                     /usr/lib/libdl-2.22.so
7f8f7262c000-7f8f7262d000 r--p 00002000 08:01 531187                     /usr/lib/libdl-2.22.so
7f8f7262d000-7f8f7262e000 rw-p 00003000 08:01 531187                     /usr/lib/libdl-2.22.so
7f8f7262e000-7f8f7263b000 r-xp 00000000 08:01 945575                     /usr/lib/jvm/java-8-openjdk/jre/lib/amd64/jli/libjli.so
7f8f7263b000-7f8f7283a000 ---p 0000d000 08:01 945575                     /usr/lib/jvm/java-8-openjdk/jre/lib/amd64/jli/libjli.so
7f8f7283a000-7f8f7283b000 rw-p 0000c000 08:01 945575                     /usr/lib/jvm/java-8-openjdk/jre/lib/amd64/jli/libjli.so
7f8f7283b000-7f8f72850000 r-xp 00000000 08:01 526057                     /usr/lib/libz.so.1.2.8
7f8f72850000-7f8f72a4f000 ---p 00015000 08:01 526057                     /usr/lib/libz.so.1.2.8
7f8f72a4f000-7f8f72a50000 r--p 00014000 08:01 526057                     /usr/lib/libz.so.1.2.8
7f8f72a50000-7f8f72a51000 rw-p 00015000 08:01 526057                     /usr/lib/libz.so.1.2.8
7f8f72a51000-7f8f72a69000 r-xp 00000000 08:01 529395                     /usr/lib/libpthread-2.22.so
7f8f72a69000-7f8f72c68000 ---p 00018000 08:01 529395                     /usr/lib/libpthread-2.22.so
7f8f72c68000-7f8f72c69000 r--p 00017000 08:01 529395                     /usr/lib/libpthread-2.22.so
7f8f72c69000-7f8f72c6a000 rw-p 00018000 08:01 529395                     /usr/lib/libpthread-2.22.so
7f8f72c6a000-7f8f72c6e000 rw-p 00000000 00:00 0 
7f8f72c6e000-7f8f72c90000 r-xp 00000000 08:01 531026                     /usr/lib/ld-2.22.so
7f8f72c90000-7f8f72d55000 rw-p 00000000 00:00 0 
7f8f72d55000-7f8f72d58000 ---p 00000000 00:00 0 
7f8f72d58000-7f8f72e5a000 rw-p 00000000 00:00 0                          [stack:5155]
7f8f72e5a000-7f8f72e5b000 r--s 00031000 08:11 414                        /run/media/b/Files/SWEN222/Lunarcy-Repo/Lunarcy/jogl-all-natives-linux-amd64.jar
7f8f72e5b000-7f8f72e61000 r--s 00041000 08:11 413                        /run/media/b/Files/SWEN222/Lunarcy-Repo/Lunarcy/gluegen-rt.jar
7f8f72e61000-7f8f72e62000 r--s 00001000 08:11 412                        /run/media/b/Files/SWEN222/Lunarcy-Repo/Lunarcy/gluegen-rt-natives-windows-i586.jar
7f8f72e62000-7f8f72e63000 r--s 00001000 08:11 411                        /run/media/b/Files/SWEN222/Lunarcy-Repo/Lunarcy/gluegen-rt-natives-windows-amd64.jar
7f8f72e63000-7f8f72e64000 r--s 00001000 08:11 410                        /run/media/b/Files/SWEN222/Lunarcy-Repo/Lunarcy/gluegen-rt-natives-macosx-universal.jar
7f8f72e64000-7f8f72e65000 r--s 00000000 08:11 409                        /run/media/b/Files/SWEN222/Lunarcy-Repo/Lunarcy/gluegen-rt-natives-linux-i586.jar
7f8f72e65000-7f8f72e66000 r--s 00000000 08:11 408                        /run/media/b/Files/SWEN222/Lunarcy-Repo/Lunarcy/gluegen-rt-natives-linux-armv6hf.jar
7f8f72e66000-7f8f72e67000 r--s 00000000 08:11 407                        /run/media/b/Files/SWEN222/Lunarcy-Repo/Lunarcy/gluegen-rt-natives-linux-amd64.jar
7f8f72e67000-7f8f72e6d000 r--s 002f8000 08:01 807887                     /usr/lib/jvm/java-8-openjdk/jre/lib/charsets.jar
7f8f72e6d000-7f8f72e71000 r--s 00097000 08:11 405                        /run/media/b/Files/SWEN222/Lunarcy-Repo/Lunarcy/core.jar
7f8f72e71000-7f8f72e84000 rw-p 00000000 00:00 0 
7f8f72e84000-7f8f72e8c000 rw-s 00000000 00:20 22                         /tmp/hsperfdata_b/5154
7f8f72e8c000-7f8f72e8d000 rw-p 00000000 00:00 0 
7f8f72e8d000-7f8f72e8e000 r--p 00000000 00:00 0 
7f8f72e8e000-7f8f72e8f000 rw-p 00000000 00:00 0 
7f8f72e8f000-7f8f72e90000 r--p 00021000 08:01 531026                     /usr/lib/ld-2.22.so
7f8f72e90000-7f8f72e91000 rw-p 00022000 08:01 531026                     /usr/lib/ld-2.22.so
7f8f72e91000-7f8f72e92000 rw-p 00000000 00:00 0 
7fff61e9e000-7fff61ebf000 rw-p 00000000 00:00 0                          [stack]
7fff61ff6000-7fff61ff8000 r--p 00000000 00:00 0                          [vvar]
7fff61ff8000-7fff61ffa000 r-xp 00000000 00:00 0                          [vdso]
ffffffffff600000-ffffffffff601000 r-xp 00000000 00:00 0                  [vsyscall]

VM Arguments:
jvm_args: -Dfile.encoding=UTF-8 
java_command: user_interface.Frame
java_class_path (initial): /run/media/b/Files/SWEN222/Lunarcy-Repo/Lunarcy/bin:/run/media/b/Files/SWEN222/Lunarcy-Repo/Lunarcy/core.jar:/run/media/b/Files/SWEN222/Lunarcy-Repo/Lunarcy/gluegen-rt-natives-linux-amd64.jar:/run/media/b/Files/SWEN222/Lunarcy-Repo/Lunarcy/gluegen-rt-natives-linux-armv6hf.jar:/run/media/b/Files/SWEN222/Lunarcy-Repo/Lunarcy/gluegen-rt-natives-linux-i586.jar:/run/media/b/Files/SWEN222/Lunarcy-Repo/Lunarcy/gluegen-rt-natives-macosx-universal.jar:/run/media/b/Files/SWEN222/Lunarcy-Repo/Lunarcy/gluegen-rt-natives-windows-amd64.jar:/run/media/b/Files/SWEN222/Lunarcy-Repo/Lunarcy/gluegen-rt-natives-windows-i586.jar:/run/media/b/Files/SWEN222/Lunarcy-Repo/Lunarcy/gluegen-rt.jar:/run/media/b/Files/SWEN222/Lunarcy-Repo/Lunarcy/jogl-all-natives-linux-amd64.jar:/run/media/b/Files/SWEN222/Lunarcy-Repo/Lunarcy/jogl-all-natives-linux-armv6hf.jar:/run/media/b/Files/SWEN222/Lunarcy-Repo/Lunarcy/jogl-all-natives-linux-i586.jar:/run/media/b/Files/SWEN222/Lunarcy-Repo/Lunarcy/jogl-all-natives-macosx-universal.jar:/run/media/b/Files/SWEN222/Lunarcy-Repo/Lunarcy/jogl-all-natives-windows-amd64.jar:/run/media/b/Files/SWEN222/Lunarcy-Repo/Lunarcy/jogl-all-natives-windows-i586.jar:/run/media/b/Files/SWEN222/Lunarcy-Repo/Lunarcy/jogl-all.jar:/run/media/b/Files/SWEN222/Lunarcy-Repo/Lunarcy/jl1.0.jar:/run/media/b/Files/SWEN222/Lunarcy-Repo/Lunarcy/jsminim.jar:/run/media/b/Files/SWEN222/Lunarcy-Repo/Lunarcy/minim.jar:/run/media/b/Files/SWEN222/Lunarcy-Repo/Lunarcy/mp3spi1.9.4.jar:/run/media/b/Files/SWEN222/Lunarcy-Repo/Lunarcy/tritonus_aos.jar:/run/media/b/Files/SWEN222/Lunarcy-Repo/Lunarcy/tritonus_share.jar
Launcher Type: SUN_STANDARD

Environment Variables:
PATH=/usr/local/sbin:/usr/local/bin:/usr/bin:/usr/lib/jvm/default/bin:/usr/bin/site_perl:/usr/bin/vendor_perl:/usr/bin/core_perl
SHELL=/bin/bash
DISPLAY=:0.0

Signal Handlers:
SIGSEGV: [libjvm.so+0xa581a0], sa_mask[0]=11111111011111111101111111111110, sa_flags=SA_RESTART|SA_SIGINFO
SIGBUS: [libjvm.so+0xa581a0], sa_mask[0]=11111111011111111101111111111110, sa_flags=SA_RESTART|SA_SIGINFO
SIGFPE: [libjvm.so+0x8a4420], sa_mask[0]=11111111011111111101111111111110, sa_flags=SA_RESTART|SA_SIGINFO
SIGPIPE: [libjvm.so+0x8a4420], sa_mask[0]=11111111011111111101111111111110, sa_flags=SA_RESTART|SA_SIGINFO
SIGXFSZ: [libjvm.so+0x8a4420], sa_mask[0]=11111111011111111101111111111110, sa_flags=SA_RESTART|SA_SIGINFO
SIGILL: [libjvm.so+0x8a4420], sa_mask[0]=11111111011111111101111111111110, sa_flags=SA_RESTART|SA_SIGINFO
SIGUSR1: SIG_IGN, sa_mask[0]=00000000000000000000000000000000, sa_flags=none
SIGUSR2: [libjvm.so+0x8a42d0], sa_mask[0]=00100000000000000000000000000000, sa_flags=SA_RESTART|SA_SIGINFO
SIGHUP: [libjvm.so+0x8a47a0], sa_mask[0]=11111111011111111101111111111110, sa_flags=SA_RESTART|SA_SIGINFO
SIGINT: SIG_IGN, sa_mask[0]=00000000000000000000000000000000, sa_flags=none
SIGTERM: [libjvm.so+0x8a47a0], sa_mask[0]=11111111011111111101111111111110, sa_flags=SA_RESTART|SA_SIGINFO
SIGQUIT: [libjvm.so+0x8a47a0], sa_mask[0]=11111111011111111101111111111110, sa_flags=SA_RESTART|SA_SIGINFO


---------------  S Y S T E M  ---------------

OS:DISTRIB_ID=ManjaroLinux
DISTRIB_RELEASE=15.09-rc1
DISTRIB_CODENAME=Bellatrix
DISTRIB_DESCRIPTION="Manjaro Linux"

uname:Linux 3.19.8.6-1-MANJARO #1 SMP PREEMPT Wed Sep 2 23:37:55 UTC 2015 x86_64
libc:glibc 2.22 NPTL 2.22 
rlimit: STACK 8192k, CORE 0k, NPROC 15081, NOFILE 4096, AS infinity
load average:0.76 0.77 0.79

/proc/meminfo:
MemTotal:        3867980 kB
MemFree:          961132 kB
MemAvailable:    2090212 kB
Buffers:           99728 kB
Cached:          1591892 kB
SwapCached:            0 kB
Active:          1815296 kB
Inactive:         891736 kB
Active(anon):    1034708 kB
Inactive(anon):   415144 kB
Active(file):     780588 kB
Inactive(file):   476592 kB
Unevictable:       17472 kB
Mlocked:           17472 kB
SwapTotal:             0 kB
SwapFree:              0 kB
Dirty:              3852 kB
Writeback:             0 kB
AnonPages:       1032956 kB
Mapped:           310388 kB
Shmem:            426468 kB
Slab:             107512 kB
SReclaimable:      81684 kB
SUnreclaim:        25828 kB
KernelStack:        5664 kB
PageTables:        18428 kB
NFS_Unstable:          0 kB
Bounce:                0 kB
WritebackTmp:          0 kB
CommitLimit:     1933988 kB
Committed_AS:    2981704 kB
VmallocTotal:   34359738367 kB
VmallocUsed:      560060 kB
VmallocChunk:   34359096856 kB
HardwareCorrupted:     0 kB
AnonHugePages:    577536 kB
HugePages_Total:       0
HugePages_Free:        0
HugePages_Rsvd:        0
HugePages_Surp:        0
Hugepagesize:       2048 kB
DirectMap4k:       84736 kB
DirectMap2M:     3923968 kB


CPU:total 4 (2 cores per cpu, 2 threads per core) family 6 model 58 stepping 9, cmov, cx8, fxsr, mmx, sse, sse2, sse3, ssse3, sse4.1, sse4.2, popcnt, avx, aes, clmul, erms, ht, tsc, tscinvbit, tscinv

/proc/cpuinfo:
processor	: 0
vendor_id	: GenuineIntel
cpu family	: 6
model		: 58
model name	: Intel(R) Core(TM) i5-3337U CPU @ 1.80GHz
stepping	: 9
microcode	: 0x1b
cpu MHz		: 2499.960
cache size	: 3072 KB
physical id	: 0
siblings	: 4
core id		: 0
cpu cores	: 2
apicid		: 0
initial apicid	: 0
fpu		: yes
fpu_exception	: yes
cpuid level	: 13
wp		: yes
flags		: fpu vme de pse tsc msr pae mce cx8 apic sep mtrr pge mca cmov pat pse36 clflush dts acpi mmx fxsr sse sse2 ss ht tm pbe syscall nx rdtscp lm constant_tsc arch_perfmon pebs bts rep_good nopl xtopology nonstop_tsc aperfmperf eagerfpu pni pclmulqdq dtes64 monitor ds_cpl vmx est tm2 ssse3 cx16 xtpr pdcm pcid sse4_1 sse4_2 x2apic popcnt tsc_deadline_timer aes xsave avx f16c rdrand lahf_lm ida arat epb pln pts dtherm tpr_shadow vnmi flexpriority ept vpid fsgsbase smep erms xsaveopt
bugs		:
bogomips	: 3593.40
clflush size	: 64
cache_alignment	: 64
address sizes	: 36 bits physical, 48 bits virtual
power management:

processor	: 1
vendor_id	: GenuineIntel
cpu family	: 6
model		: 58
model name	: Intel(R) Core(TM) i5-3337U CPU @ 1.80GHz
stepping	: 9
microcode	: 0x1b
cpu MHz		: 2499.960
cache size	: 3072 KB
physical id	: 0
siblings	: 4
core id		: 0
cpu cores	: 2
apicid		: 1
initial apicid	: 1
fpu		: yes
fpu_exception	: yes
cpuid level	: 13
wp		: yes
flags		: fpu vme de pse tsc msr pae mce cx8 apic sep mtrr pge mca cmov pat pse36 clflush dts acpi mmx fxsr sse sse2 ss ht tm pbe syscall nx rdtscp lm constant_tsc arch_perfmon pebs bts rep_good nopl xtopology nonstop_tsc aperfmperf eagerfpu pni pclmulqdq dtes64 monitor ds_cpl vmx est tm2 ssse3 cx16 xtpr pdcm pcid sse4_1 sse4_2 x2apic popcnt tsc_deadline_timer aes xsave avx f16c rdrand lahf_lm ida arat epb pln pts dtherm tpr_shadow vnmi flexpriority ept vpid fsgsbase smep erms xsaveopt
bugs		:
bogomips	: 3593.40
clflush size	: 64
cache_alignment	: 64
address sizes	: 36 bits physical, 48 bits virtual
power management:

processor	: 2
vendor_id	: GenuineIntel
cpu family	: 6
model		: 58
model name	: Intel(R) Core(TM) i5-3337U CPU @ 1.80GHz
stepping	: 9
microcode	: 0x1b
cpu MHz		: 2655.281
cache size	: 3072 KB
physical id	: 0
siblings	: 4
core id		: 1
cpu cores	: 2
apicid		: 2
initial apicid	: 2
fpu		: yes
fpu_exception	: yes
cpuid level	: 13
wp		: yes
flags		: fpu vme de pse tsc msr pae mce cx8 apic sep mtrr pge mca cmov pat pse36 clflush dts acpi mmx fxsr sse sse2 ss ht tm pbe syscall nx rdtscp lm constant_tsc arch_perfmon pebs bts rep_good nopl xtopology nonstop_tsc aperfmperf eagerfpu pni pclmulqdq dtes64 monitor ds_cpl vmx est tm2 ssse3 cx16 xtpr pdcm pcid sse4_1 sse4_2 x2apic popcnt tsc_deadline_timer aes xsave avx f16c rdrand lahf_lm ida arat epb pln pts dtherm tpr_shadow vnmi flexpriority ept vpid fsgsbase smep erms xsaveopt
bugs		:
bogomips	: 3593.40
clflush size	: 64
cache_alignment	: 64
address sizes	: 36 bits physical, 48 bits virtual
power management:

processor	: 3
vendor_id	: GenuineIntel
cpu family	: 6
model		: 58
model name	: Intel(R) Core(TM) i5-3337U CPU @ 1.80GHz
stepping	: 9
microcode	: 0x1b
cpu MHz		: 2654.437
cache size	: 3072 KB
physical id	: 0
siblings	: 4
core id		: 1
cpu cores	: 2
apicid		: 3
initial apicid	: 3
fpu		: yes
fpu_exception	: yes
cpuid level	: 13
wp		: yes
flags		: fpu vme de pse tsc msr pae mce cx8 apic sep mtrr pge mca cmov pat pse36 clflush dts acpi mmx fxsr sse sse2 ss ht tm pbe syscall nx rdtscp lm constant_tsc arch_perfmon pebs bts rep_good nopl xtopology nonstop_tsc aperfmperf eagerfpu pni pclmulqdq dtes64 monitor ds_cpl vmx est tm2 ssse3 cx16 xtpr pdcm pcid sse4_1 sse4_2 x2apic popcnt tsc_deadline_timer aes xsave avx f16c rdrand lahf_lm ida arat epb pln pts dtherm tpr_shadow vnmi flexpriority ept vpid fsgsbase smep erms xsaveopt
bugs		:
bogomips	: 3593.40
clflush size	: 64
cache_alignment	: 64
address sizes	: 36 bits physical, 48 bits virtual
power management:



Memory: 4k page, physical 3867980k(961132k free), swap 0k(0k free)

vm_info: OpenJDK 64-Bit Server VM (25.60-b23) for linux-amd64 JRE (1.8.0_60-b24), built on Aug 23 2015 18:39:15 by "builduser" with gcc 5.2.0

time: Sat Sep 19 18:47:37 2015
elapsed time: 1 seconds (0d 0h 0m 1s)

