#
# A fatal error has been detected by the Java Runtime Environment:
#
#  SIGSEGV (0xb) at pc=0x00007fc510c742f7, pid=1630, tid=140484921370368
#
# JRE version: OpenJDK Runtime Environment (8.0_60-b24) (build 1.8.0_60-b24)
# Java VM: OpenJDK 64-Bit Server VM (25.60-b23 mixed mode linux-amd64 compressed oops)
# Problematic frame:
# C  [i965_dri.so+0x4022f7]
#
# Failed to write core dump. Core dumps have been disabled. To enable core dumping, try "ulimit -c unlimited" before starting Java again
#
# If you would like to submit a bug report, please visit:
#   http://bugreport.java.com/bugreport/crash.jsp
# The crash happened outside the Java Virtual Machine in native code.
# See problematic frame for where to report the bug.
#

---------------  T H R E A D  ---------------

Current thread (0x00007fc57c365000):  JavaThread "AWT-EventQueue-0" [_thread_in_native, id=1656, stack(0x00007fc531c5a000,0x00007fc531d5b000)]

siginfo: si_signo: 11 (SIGSEGV), si_code: 2 (SEGV_ACCERR), si_addr: 0x00007fc50f28e000

Registers:
RAX=0x0000000000000000, RBX=0x00007fc50f28e000, RCX=0x0000000000000040, RDX=0x0000000000000000
RSP=0x00007fc531d580a0, RBP=0x0000000000000040, RSI=0x0000000000000200, RDI=0x00007fc5218a24e0
R8 =0x0000000000000000, R9 =0x0000000000000100, R10=0x0000000000001400, R11=0x0000000000000000
R12=0x0000000000000080, R13=0x0000000000000000, R14=0x00007fc5218a24e0, R15=0x0000000000000000
RIP=0x00007fc510c742f7, EFLAGS=0x0000000000010202, CSGSFS=0xffff000000000033, ERR=0x0000000000000004
  TRAPNO=0x000000000000000e

Top of Stack: (sp=0x00007fc531d580a0)
0x00007fc531d580a0:   0000000000000000 0000000000000000
0x00007fc531d580b0:   0000000000000000 00007fc500000000
0x00007fc531d580c0:   0000000000000100 0000000000000000
0x00007fc531d580d0:   0000000000000080 0000000000000000
0x00007fc531d580e0:   0000000000000000 0000000000001400
0x00007fc531d580f0:   0000000000000000 0000000000000000
0x00007fc531d58100:   0000000000001400 0000000000000040
0x00007fc531d58110:   0000000000000080 00000000fffffff0
0x00007fc531d58120:   0000000000000a80 00007fc510c74c33
0x00007fc531d58130:   00007fc5218a24e0 00007fc50f28e000
0x00007fc531d58140:   0000000000001400 0000000000000040
0x00007fc531d58150:   00007fc583122e70 0000000000000000
0x00007fc531d58160:   0000000000370000 0000000000370000
0x00007fc531d58170:   0000001000001400 00007fc510c73ed0
0x00007fc531d58180:   0000000f00000000 0000000000000020
0x00007fc531d58190:   00007fc521531ae0 00007fc50ef0a000
0x00007fc531d581a0:   00000020000002e0 000002e000000000
0x00007fc531d581b0:   0000000000001400 000002d000000000
0x00007fc531d581c0:   000000004d430002 00007fc521531ae0
0x00007fc531d581d0:   00000000000002d0 0000000000000500
0x00007fc531d581e0:   00007fc5200a8778 00007fc52142b820
0x00007fc531d581f0:   00007fc521427730 00007fc510c6f04e
0x00007fc531d58200:   0000000000001400 0000000000001400
0x00007fc531d58210:   0000000000000001 0000000000000002
0x00007fc531d58220:   00007fc583122e70 00000000ffffec00
0x00007fc531d58230:   0000000000000500 00007fc521427730
0x00007fc531d58240:   0000190800000000 0000000000000000
0x00007fc531d58250:   00007fc52142b820 00007fc521427730
0x00007fc531d58260:   0000000000000500 0000000410998be8
0x00007fc531d58270:   00007fc583122e70 7a5966018e7f2700
0x00007fc531d58280:   0000000000000000 0000000000000500
0x00007fc531d58290:   00000000000002d0 0000000000001908 

Instructions: (pc=0x00007fc510c742f7)
0x00007fc510c742d7:   73 6f 8b 4c 24 10 8b 74 24 08 44 89 f8 0f 1f 40
0x00007fc510c742e7:   00 41 8d 54 35 00 81 c6 00 02 00 00 31 ca 31 e9
0x00007fc510c742f7:   4c 8b 0c 13 4c 8b 54 13 08 89 c2 83 c0 10 41 39
0x00007fc510c74307:   c4 4d 89 0c 16 4d 89 54 16 08 77 d5 48 8b 44 24 

Register to memory mapping:

RAX=0x0000000000000000 is an unknown value
RBX=0x00007fc50f28e000: <offset 0x4000> in /usr/lib/libattr.so.1 at 0x00007fc50f28a000
RCX=0x0000000000000040 is an unknown value
RDX=0x0000000000000000 is an unknown value
RSP=0x00007fc531d580a0 is pointing into the stack for thread: 0x00007fc57c365000
RBP=0x0000000000000040 is an unknown value
RSI=0x0000000000000200 is an unknown value
RDI=0x00007fc5218a24e0 is an unknown value
R8 =0x0000000000000000 is an unknown value
R9 =0x0000000000000100 is an unknown value
R10=0x0000000000001400 is an unknown value
R11=0x0000000000000000 is an unknown value
R12=0x0000000000000080 is an unknown value
R13=0x0000000000000000 is an unknown value
R14=0x00007fc5218a24e0 is an unknown value
R15=0x0000000000000000 is an unknown value


Stack: [0x00007fc531c5a000,0x00007fc531d5b000],  sp=0x00007fc531d580a0,  free space=1016k
Native frames: (J=compiled Java code, j=interpreted, Vv=VM code, C=native code)
C  [i965_dri.so+0x4022f7]

Java frames: (J=compiled Java code, j=interpreted, Vv=VM code)
j  jogamp.opengl.gl4.GL4bcImpl.dispatch_glReadPixels1(IIIIIILjava/lang/Object;IZJ)V+0
j  jogamp.opengl.gl4.GL4bcImpl.glReadPixels(IIIIIILjava/nio/Buffer;)V+123
j  processing.opengl.PJOGL.readPixelsImpl(IIIIIILjava/nio/Buffer;)V+15
j  processing.opengl.PGraphicsOpenGL.readPixels()V+29
j  processing.opengl.PGraphicsOpenGL.saveSurfaceToPixels()V+5
j  processing.opengl.PGraphicsOpenGL.endDraw()V+46
j  processing.core.PApplet.handleDraw()V+270
j  processing.opengl.PJOGL$PGLListener.display(Ljavax/media/opengl/GLAutoDrawable;)V+476
j  jogamp.opengl.GLDrawableHelper.displayImpl(Ljavax/media/opengl/GLAutoDrawable;)V+81
j  jogamp.opengl.GLDrawableHelper.display(Ljavax/media/opengl/GLAutoDrawable;)V+2
j  javax.media.opengl.awt.GLCanvas$10.run()V+118
j  jogamp.opengl.GLDrawableHelper.invokeGLImpl(Ljavax/media/opengl/GLDrawable;Ljavax/media/opengl/GLContext;Ljava/lang/Runnable;Ljava/lang/Runnable;)V+206
j  jogamp.opengl.GLDrawableHelper.invokeGL(Ljavax/media/opengl/GLDrawable;Ljavax/media/opengl/GLContext;Ljava/lang/Runnable;Ljava/lang/Runnable;)V+80
j  javax.media.opengl.awt.GLCanvas$11.run()V+73
j  java.awt.event.InvocationEvent.dispatch()V+11
j  java.awt.EventQueue.dispatchEventImpl(Ljava/awt/AWTEvent;Ljava/lang/Object;)V+21
j  java.awt.EventQueue.access$500(Ljava/awt/EventQueue;Ljava/awt/AWTEvent;Ljava/lang/Object;)V+3
j  java.awt.EventQueue$3.run()Ljava/lang/Void;+32
j  java.awt.EventQueue$3.run()Ljava/lang/Object;+1
v  ~StubRoutines::call_stub
j  java.security.AccessController.doPrivileged(Ljava/security/PrivilegedAction;Ljava/security/AccessControlContext;)Ljava/lang/Object;+0
j  java.security.ProtectionDomain$JavaSecurityAccessImpl.doIntersectionPrivilege(Ljava/security/PrivilegedAction;Ljava/security/AccessControlContext;Ljava/security/AccessControlContext;)Ljava/lang/Object;+18
j  java.awt.EventQueue.dispatchEvent(Ljava/awt/AWTEvent;)V+46
j  java.awt.EventDispatchThread.pumpOneEventForFilters(I)V+245
j  java.awt.EventDispatchThread.pumpEventsForFilter(ILjava/awt/Conditional;Ljava/awt/EventFilter;)V+35
j  java.awt.EventDispatchThread.pumpEventsForHierarchy(ILjava/awt/Conditional;Ljava/awt/Component;)V+11
j  java.awt.EventDispatchThread.pumpEvents(ILjava/awt/Conditional;)V+4
j  java.awt.EventDispatchThread.pumpEvents(Ljava/awt/Conditional;)V+3
j  java.awt.EventDispatchThread.run()V+9
v  ~StubRoutines::call_stub

---------------  P R O C E S S  ---------------

Java Threads: ( => current thread )
  0x00007fc52152b000 JavaThread "Thread-3" [_thread_in_vm, id=1681, stack(0x00007fc506fde000,0x00007fc5070df000)]
  0x00007fc52151b000 JavaThread "Java Sound Event Dispatcher" daemon [_thread_blocked, id=1675, stack(0x00007fc5078e0000,0x00007fc5079e1000)]
  0x00007fc521493000 JavaThread "Image Fetcher 0" daemon [_thread_blocked, id=1666, stack(0x00007fc50e9a9000,0x00007fc50eaaa000)]
  0x00007fc528208000 JavaThread "Animation Thread-SharedResourceRunner" daemon [_thread_blocked, id=1665, stack(0x00007fc531531000,0x00007fc531632000)]
  0x00007fc5280b1800 JavaThread "process reaper" daemon [_thread_blocked, id=1660, stack(0x00007fc5680a4000,0x00007fc5680dd000)]
  0x00007fc57c009000 JavaThread "DestroyJavaVM" [_thread_blocked, id=1632, stack(0x00007fc583d61000,0x00007fc583e62000)]
=>0x00007fc57c365000 JavaThread "AWT-EventQueue-0" [_thread_in_native, id=1656, stack(0x00007fc531c5a000,0x00007fc531d5b000)]
  0x00007fc57c364000 JavaThread "AWT-Shutdown" [_thread_blocked, id=1655, stack(0x00007fc531d5b000,0x00007fc531e5c000)]
  0x00007fc57c351000 JavaThread "Animation Thread" [_thread_blocked, id=1654, stack(0x00007fc53205c000,0x00007fc53215d000)]
  0x00007fc57c2e1800 JavaThread "AWT-XAWT" daemon [_thread_blocked, id=1653, stack(0x00007fc53215d000,0x00007fc53225e000)]
  0x00007fc57c2bd000 JavaThread "Java2D Disposer" daemon [_thread_blocked, id=1652, stack(0x00007fc5680dd000,0x00007fc5681de000)]
  0x00007fc57c0c0800 JavaThread "Service Thread" daemon [_thread_blocked, id=1647, stack(0x00007fc5695cf000,0x00007fc5696d0000)]
  0x00007fc57c0bb800 JavaThread "C1 CompilerThread2" daemon [_thread_blocked, id=1646, stack(0x00007fc5696d0000,0x00007fc5697d1000)]
  0x00007fc57c0b9800 JavaThread "C2 CompilerThread1" daemon [_thread_blocked, id=1645, stack(0x00007fc5697d1000,0x00007fc5698d2000)]
  0x00007fc57c0b7000 JavaThread "C2 CompilerThread0" daemon [_thread_blocked, id=1644, stack(0x00007fc5698d2000,0x00007fc5699d3000)]
  0x00007fc57c0b5800 JavaThread "Signal Dispatcher" daemon [_thread_blocked, id=1643, stack(0x00007fc5699d3000,0x00007fc569ad4000)]
  0x00007fc57c07d800 JavaThread "Finalizer" daemon [_thread_blocked, id=1642, stack(0x00007fc569c62000,0x00007fc569d63000)]
  0x00007fc57c07b800 JavaThread "Reference Handler" daemon [_thread_blocked, id=1641, stack(0x00007fc569d63000,0x00007fc569e64000)]

Other Threads:
  0x00007fc57c076800 VMThread [stack: 0x00007fc569e64000,0x00007fc569f65000] [id=1640]
  0x00007fc57c0c3000 WatcherThread [stack: 0x00007fc5694ce000,0x00007fc5695cf000] [id=1648]

VM state:not at safepoint (normal execution)

VM Mutex/Monitor currently owned by a thread: None

Heap:
 PSYoungGen      total 33280K, used 14423K [0x00000000ec500000, 0x00000000ee800000, 0x0000000100000000)
  eden space 30720K, 38% used [0x00000000ec500000,0x00000000ed099ed8,0x00000000ee300000)
  from space 2560K, 99% used [0x00000000ee580000,0x00000000ee7fbd70,0x00000000ee800000)
  to   space 2560K, 0% used [0x00000000ee300000,0x00000000ee300000,0x00000000ee580000)
 ParOldGen       total 40960K, used 12419K [0x00000000c4e00000, 0x00000000c7600000, 0x00000000ec500000)
  object space 40960K, 30% used [0x00000000c4e00000,0x00000000c5a20f70,0x00000000c7600000)
 Metaspace       used 18414K, capacity 18623K, committed 18816K, reserved 1067008K
  class space    used 1789K, capacity 1898K, committed 1920K, reserved 1048576K

Card table byte_map: [0x00007fc580e60000,0x00007fc58103a000] byte_map_base: 0x00007fc580839000

Marking Bits: (ParMarkBitMap*) 0x00007fc5830777e0
 Begin Bits: [0x00007fc56b270000, 0x00007fc56c138000)
 End Bits:   [0x00007fc56c138000, 0x00007fc56d000000)

Polling page: 0x00007fc583e99000

CodeCache: size=245760Kb used=3498Kb max_used=3498Kb free=242261Kb
 bounds [0x00007fc56d000000, 0x00007fc56d370000, 0x00007fc57c000000]
 total_blobs=1848 nmethods=886 adapters=877
 compilation: enabled

Compilation events (10 events):
Event: 1.664 Thread 0x00007fc57c0bb800  882       3       sun.misc.URLClassPath$JarLoader$2::getCodeSigners (8 bytes)
Event: 1.664 Thread 0x00007fc57c0bb800 nmethod 882 0x00007fc56d367950 code [0x00007fc56d367ac0, 0x00007fc56d367ce8]
Event: 1.664 Thread 0x00007fc57c0bb800  883   !   3       java.util.jar.JarFile$JarFileEntry::getCodeSigners (78 bytes)
Event: 1.665 Thread 0x00007fc57c0bb800 nmethod 883 0x00007fc56d36a2d0 code [0x00007fc56d36a4a0, 0x00007fc56d36aa98]
Event: 1.665 Thread 0x00007fc57c0bb800  884       3       java.util.jar.JarFile::access$200 (5 bytes)
Event: 1.665 Thread 0x00007fc57c0bb800 nmethod 884 0x00007fc56d36ad10 code [0x00007fc56d36ae80, 0x00007fc56d36afe8]
Event: 1.665 Thread 0x00007fc57c0bb800  885       3       java.security.CodeSource::equals (60 bytes)
Event: 1.666 Thread 0x00007fc57c0bb800 nmethod 885 0x00007fc56d36b090 code [0x00007fc56d36b240, 0x00007fc56d36ba18]
Event: 1.666 Thread 0x00007fc57c0bb800  886       3       java.security.CodeSource::matchCerts (254 bytes)
Event: 1.667 Thread 0x00007fc57c0bb800 nmethod 886 0x00007fc56d36bbd0 code [0x00007fc56d36bde0, 0x00007fc56d36c938]

GC Heap History (8 events):
Event: 0.745 GC heap before
{Heap before GC invocations=1 (full 0):
 PSYoungGen      total 17920K, used 15200K [0x00000000ec500000, 0x00000000ed900000, 0x0000000100000000)
  eden space 15360K, 98% used [0x00000000ec500000,0x00000000ed3d83f0,0x00000000ed400000)
  from space 2560K, 0% used [0x00000000ed680000,0x00000000ed680000,0x00000000ed900000)
  to   space 2560K, 0% used [0x00000000ed400000,0x00000000ed400000,0x00000000ed680000)
 ParOldGen       total 40960K, used 0K [0x00000000c4e00000, 0x00000000c7600000, 0x00000000ec500000)
  object space 40960K, 0% used [0x00000000c4e00000,0x00000000c4e00000,0x00000000c7600000)
 Metaspace       used 13012K, capacity 13250K, committed 13568K, reserved 1060864K
  class space    used 1378K, capacity 1453K, committed 1536K, reserved 1048576K
Event: 0.751 GC heap after
Heap after GC invocations=1 (full 0):
 PSYoungGen      total 17920K, used 2543K [0x00000000ec500000, 0x00000000ed900000, 0x0000000100000000)
  eden space 15360K, 0% used [0x00000000ec500000,0x00000000ec500000,0x00000000ed400000)
  from space 2560K, 99% used [0x00000000ed400000,0x00000000ed67bc20,0x00000000ed680000)
  to   space 2560K, 0% used [0x00000000ed680000,0x00000000ed680000,0x00000000ed900000)
 ParOldGen       total 40960K, used 1456K [0x00000000c4e00000, 0x00000000c7600000, 0x00000000ec500000)
  object space 40960K, 3% used [0x00000000c4e00000,0x00000000c4f6c268,0x00000000c7600000)
 Metaspace       used 13012K, capacity 13250K, committed 13568K, reserved 1060864K
  class space    used 1378K, capacity 1453K, committed 1536K, reserved 1048576K
}
Event: 1.297 GC heap before
{Heap before GC invocations=2 (full 0):
 PSYoungGen      total 17920K, used 16419K [0x00000000ec500000, 0x00000000ed900000, 0x0000000100000000)
  eden space 15360K, 90% used [0x00000000ec500000,0x00000000ed28d2b8,0x00000000ed400000)
  from space 2560K, 99% used [0x00000000ed400000,0x00000000ed67bc20,0x00000000ed680000)
  to   space 2560K, 0% used [0x00000000ed680000,0x00000000ed680000,0x00000000ed900000)
 ParOldGen       total 40960K, used 1456K [0x00000000c4e00000, 0x00000000c7600000, 0x00000000ec500000)
  object space 40960K, 3% used [0x00000000c4e00000,0x00000000c4f6c268,0x00000000c7600000)
 Metaspace       used 17237K, capacity 17391K, committed 17664K, reserved 1064960K
  class space    used 1645K, capacity 1702K, committed 1792K, reserved 1048576K
Event: 1.307 GC heap after
Heap after GC invocations=2 (full 0):
 PSYoungGen      total 17920K, used 2541K [0x00000000ec500000, 0x00000000ee800000, 0x0000000100000000)
  eden space 15360K, 0% used [0x00000000ec500000,0x00000000ec500000,0x00000000ed400000)
  from space 2560K, 99% used [0x00000000ed680000,0x00000000ed8fb420,0x00000000ed900000)
  to   space 2560K, 0% used [0x00000000ed400000,0x00000000ed400000,0x00000000ed680000)
 ParOldGen       total 40960K, used 4615K [0x00000000c4e00000, 0x00000000c7600000, 0x00000000ec500000)
  object space 40960K, 11% used [0x00000000c4e00000,0x00000000c5281e30,0x00000000c7600000)
 Metaspace       used 17237K, capacity 17391K, committed 17664K, reserved 1064960K
  class space    used 1645K, capacity 1702K, committed 1792K, reserved 1048576K
}
Event: 1.421 GC heap before
{Heap before GC invocations=3 (full 0):
 PSYoungGen      total 17920K, used 17901K [0x00000000ec500000, 0x00000000ee800000, 0x0000000100000000)
  eden space 15360K, 100% used [0x00000000ec500000,0x00000000ed400000,0x00000000ed400000)
  from space 2560K, 99% used [0x00000000ed680000,0x00000000ed8fb420,0x00000000ed900000)
  to   space 2560K, 0% used [0x00000000ed400000,0x00000000ed400000,0x00000000ed680000)
 ParOldGen       total 40960K, used 4615K [0x00000000c4e00000, 0x00000000c7600000, 0x00000000ec500000)
  object space 40960K, 11% used [0x00000000c4e00000,0x00000000c5281e30,0x00000000c7600000)
 Metaspace       used 17363K, capacity 17615K, committed 17920K, reserved 1064960K
  class space    used 1654K, capacity 1734K, committed 1792K, reserved 1048576K
Event: 1.426 GC heap after
Heap after GC invocations=3 (full 0):
 PSYoungGen      total 17920K, used 2549K [0x00000000ec500000, 0x00000000ee800000, 0x0000000100000000)
  eden space 15360K, 0% used [0x00000000ec500000,0x00000000ec500000,0x00000000ed400000)
  from space 2560K, 99% used [0x00000000ed400000,0x00000000ed67d480,0x00000000ed680000)
  to   space 2560K, 0% used [0x00000000ee580000,0x00000000ee580000,0x00000000ee800000)
 ParOldGen       total 40960K, used 8948K [0x00000000c4e00000, 0x00000000c7600000, 0x00000000ec500000)
  object space 40960K, 21% used [0x00000000c4e00000,0x00000000c56bd280,0x00000000c7600000)
 Metaspace       used 17363K, capacity 17615K, committed 17920K, reserved 1064960K
  class space    used 1654K, capacity 1734K, committed 1792K, reserved 1048576K
}
Event: 1.546 GC heap before
{Heap before GC invocations=4 (full 0):
 PSYoungGen      total 17920K, used 17909K [0x00000000ec500000, 0x00000000ee800000, 0x0000000100000000)
  eden space 15360K, 100% used [0x00000000ec500000,0x00000000ed400000,0x00000000ed400000)
  from space 2560K, 99% used [0x00000000ed400000,0x00000000ed67d480,0x00000000ed680000)
  to   space 2560K, 0% used [0x00000000ee580000,0x00000000ee580000,0x00000000ee800000)
 ParOldGen       total 40960K, used 8948K [0x00000000c4e00000, 0x00000000c7600000, 0x00000000ec500000)
  object space 40960K, 21% used [0x00000000c4e00000,0x00000000c56bd280,0x00000000c7600000)
 Metaspace       used 17364K, capacity 17615K, committed 17920K, reserved 1064960K
  class space    used 1654K, capacity 1734K, committed 1792K, reserved 1048576K
Event: 1.551 GC heap after
Heap after GC invocations=4 (full 0):
 PSYoungGen      total 33280K, used 2543K [0x00000000ec500000, 0x00000000ee800000, 0x0000000100000000)
  eden space 30720K, 0% used [0x00000000ec500000,0x00000000ec500000,0x00000000ee300000)
  from space 2560K, 99% used [0x00000000ee580000,0x00000000ee7fbd70,0x00000000ee800000)
  to   space 2560K, 0% used [0x00000000ee300000,0x00000000ee300000,0x00000000ee580000)
 ParOldGen       total 40960K, used 12419K [0x00000000c4e00000, 0x00000000c7600000, 0x00000000ec500000)
  object space 40960K, 30% used [0x00000000c4e00000,0x00000000c5a20f70,0x00000000c7600000)
 Metaspace       used 17364K, capacity 17615K, committed 17920K, reserved 1064960K
  class space    used 1654K, capacity 1734K, committed 1792K, reserved 1048576K
}

Deoptimization events (6 events):
Event: 0.624 Thread 0x00007fc57c351000 Uncommon trap: reason=unstable_if action=reinterpret pc=0x00007fc56d1d0788 method=java.lang.String.indexOf([CII[CIII)I @ 3
Event: 0.645 Thread 0x00007fc57c351000 Uncommon trap: reason=unstable_if action=reinterpret pc=0x00007fc56d1a64b4 method=java.lang.String.replace(CC)Ljava/lang/String; @ 26
Event: 1.278 Thread 0x00007fc57c365000 Uncommon trap: reason=unstable_if action=reinterpret pc=0x00007fc56d314324 method=com.jogamp.common.util.IntIntHashMap.get(I)I @ 19
Event: 1.383 Thread 0x00007fc57c365000 Uncommon trap: reason=unstable_if action=reinterpret pc=0x00007fc56d325fdc method=processing.core.PApplet.loadBytes(Ljava/io/InputStream;)[B @ 37
Event: 1.574 Thread 0x00007fc57c365000 Uncommon trap: reason=unstable_if action=reinterpret pc=0x00007fc56d2e746c method=java.lang.reflect.AccessibleObject.setAccessible0(Ljava/lang/reflect/AccessibleObject;Z)V @ 4
Event: 1.654 Thread 0x00007fc57c365000 Uncommon trap: reason=unstable_if action=reinterpret pc=0x00007fc56d360a1c method=javax.sound.sampled.AudioFormat.matches(Ljavax/sound/sampled/AudioFormat;)Z @ 112

Internal exceptions (10 events):
Event: 0.598 Thread 0x00007fc57c365000 Exception <a 'java/lang/UnsupportedOperationException': > (0x00000000ecc0a030) thrown at [/build/java8-openjdk/src/jdk8u-jdk8u60-b24/hotspot/src/share/vm/prims/jni.cpp, line 735]
Event: 1.139 Thread 0x00007fc57c351000 Exception <a 'java/lang/InterruptedException'> (0x00000000ecc6d468) thrown at [/build/java8-openjdk/src/jdk8u-jdk8u60-b24/hotspot/src/share/vm/runtime/objectMonitor.cpp, line 1683]
Event: 1.156 Thread 0x00007fc57c351000 Exception <a 'java/lang/reflect/InvocationTargetException'> (0x00000000ed0a3aa0) thrown at [/build/java8-openjdk/src/jdk8u-jdk8u60-b24/hotspot/src/share/vm/runtime/reflection.cpp, line 1092]
Event: 1.191 Thread 0x00007fc57c351000 Exception <a 'java/lang/reflect/InvocationTargetException'> (0x00000000ed0b5038) thrown at [/build/java8-openjdk/src/jdk8u-jdk8u60-b24/hotspot/src/share/vm/runtime/reflection.cpp, line 1092]
Event: 1.201 Thread 0x00007fc57c351000 Exception <a 'java/lang/reflect/InvocationTargetException'> (0x00000000ed13f418) thrown at [/build/java8-openjdk/src/jdk8u-jdk8u60-b24/hotspot/src/share/vm/runtime/reflection.cpp, line 1092]
Event: 1.204 Thread 0x00007fc57c351000 Exception <a 'java/lang/reflect/InvocationTargetException'> (0x00000000ed15c740) thrown at [/build/java8-openjdk/src/jdk8u-jdk8u60-b24/hotspot/src/share/vm/runtime/reflection.cpp, line 1092]
Event: 1.210 Thread 0x00007fc57c365000 Exception <a 'java/lang/reflect/InvocationTargetException'> (0x00000000ed0f6860) thrown at [/build/java8-openjdk/src/jdk8u-jdk8u60-b24/hotspot/src/share/vm/runtime/reflection.cpp, line 1092]
Event: 1.210 Thread 0x00007fc57c365000 Exception <a 'java/lang/reflect/InvocationTargetException'> (0x00000000ed0f6e30) thrown at [/build/java8-openjdk/src/jdk8u-jdk8u60-b24/hotspot/src/share/vm/runtime/reflection.cpp, line 1092]
Event: 1.213 Thread 0x00007fc57c365000 Exception <a 'java/lang/reflect/InvocationTargetException'> (0x00000000ed0f73a0) thrown at [/build/java8-openjdk/src/jdk8u-jdk8u60-b24/hotspot/src/share/vm/runtime/reflection.cpp, line 1092]
Event: 1.278 Thread 0x00007fc57c365000 Implicit null exception at 0x00007fc56d3142a5 to 0x00007fc56d31430d

Events (10 events):
Event: 1.673 loading class java/io/ObjectStreamClass$2
Event: 1.673 loading class java/io/ObjectStreamClass$2 done
Event: 1.673 loading class java/io/ObjectStreamClass$FieldReflectorKey
Event: 1.673 loading class java/io/ObjectStreamClass$FieldReflectorKey done
Event: 1.673 loading class java/io/ObjectStreamClass$FieldReflector
Event: 1.673 loading class java/io/ObjectStreamClass$FieldReflector done
Event: 1.673 loading class java/io/ObjectStreamClass$ExceptionInfo
Event: 1.673 loading class java/io/ObjectStreamClass$ExceptionInfo done
Event: 1.678 loading class javazoom/jl/decoder/huffcodetab
Event: 1.678 loading class javazoom/jl/decoder/huffcodetab done


Dynamic libraries:
00400000-00401000 r-xp 00000000 08:01 808495                             /usr/lib/jvm/java-8-openjdk/jre/bin/java
00600000-00601000 rw-p 00000000 08:01 808495                             /usr/lib/jvm/java-8-openjdk/jre/bin/java
01e38000-01e59000 rw-p 00000000 00:00 0                                  [heap]
c4e00000-c7600000 rw-p 00000000 00:00 0 
c7600000-ec500000 ---p 00000000 00:00 0 
ec500000-ee800000 rw-p 00000000 00:00 0 
ee800000-100000000 ---p 00000000 00:00 0 
100000000-1001e0000 rw-p 00000000 00:00 0 
1001e0000-140000000 ---p 00000000 00:00 0 
7fc4dc000000-7fc4dc406000 rw-p 00000000 00:00 0 
7fc4dc406000-7fc4e0000000 ---p 00000000 00:00 0 
7fc4e4000000-7fc4e4021000 rw-p 00000000 00:00 0 
7fc4e4021000-7fc4e8000000 ---p 00000000 00:00 0 
7fc4ebfff000-7fc4f0000000 rw-s 00000000 00:12 7                          /dev/shm/pulse-shm-1731128586
7fc4f0000000-7fc4f0021000 rw-p 00000000 00:00 0 
7fc4f0021000-7fc4f4000000 ---p 00000000 00:00 0 
7fc4f7fff000-7fc4fc000000 rw-s 00000000 00:12 6                          /dev/shm/pulse-shm-3707603740
7fc4fc000000-7fc4fc021000 rw-p 00000000 00:00 0 
7fc4fc021000-7fc500000000 ---p 00000000 00:00 0 
7fc5033df000-7fc5033e0000 ---p 00000000 00:00 0 
7fc5033e0000-7fc503be0000 rw-p 00000000 00:00 0                          [stack:1676]
7fc506fde000-7fc506fe1000 ---p 00000000 00:00 0 
7fc506fe1000-7fc5070df000 rw-p 00000000 00:00 0                          [stack:1681]
7fc5070df000-7fc5070e0000 ---p 00000000 00:00 0 
7fc5070e0000-7fc5078e0000 rw-p 00000000 00:00 0                          [stack:1680]
7fc5078e0000-7fc5078e3000 ---p 00000000 00:00 0 
7fc5078e3000-7fc507a61000 rw-p 00000000 00:00 0                          [stack:1675]
7fc507a61000-7fc507be1000 ---p 00000000 00:00 0 
7fc507be1000-7fc507bf6000 r-xp 00000000 08:01 531189                     /usr/lib/libnsl-2.22.so
7fc507bf6000-7fc507df5000 ---p 00015000 08:01 531189                     /usr/lib/libnsl-2.22.so
7fc507df5000-7fc507df6000 r--p 00014000 08:01 531189                     /usr/lib/libnsl-2.22.so
7fc507df6000-7fc507df7000 rw-p 00015000 08:01 531189                     /usr/lib/libnsl-2.22.so
7fc507df7000-7fc507df9000 rw-p 00000000 00:00 0 
7fc507df9000-7fc507dff000 r-xp 00000000 08:01 537639                     /usr/lib/libogg.so.0.8.2
7fc507dff000-7fc507ffe000 ---p 00006000 08:01 537639                     /usr/lib/libogg.so.0.8.2
7fc507ffe000-7fc507fff000 r--p 00005000 08:01 537639                     /usr/lib/libogg.so.0.8.2
7fc507fff000-7fc508000000 rw-p 00006000 08:01 537639                     /usr/lib/libogg.so.0.8.2
7fc508000000-7fc508021000 rw-p 00000000 00:00 0 
7fc508021000-7fc50c000000 ---p 00000000 00:00 0 
7fc50c043000-7fc50c06e000 r-xp 00000000 08:01 536719                     /usr/lib/libvorbis.so.0.4.8
7fc50c06e000-7fc50c26e000 ---p 0002b000 08:01 536719                     /usr/lib/libvorbis.so.0.4.8
7fc50c26e000-7fc50c26f000 r--p 0002b000 08:01 536719                     /usr/lib/libvorbis.so.0.4.8
7fc50c26f000-7fc50c270000 rw-p 0002c000 08:01 536719                     /usr/lib/libvorbis.so.0.4.8
7fc50c270000-7fc50c301000 r-xp 00000000 08:01 536716                     /usr/lib/libvorbisenc.so.2.0.11
7fc50c301000-7fc50c500000 ---p 00091000 08:01 536716                     /usr/lib/libvorbisenc.so.2.0.11
7fc50c500000-7fc50c522000 r--p 00090000 08:01 536716                     /usr/lib/libvorbisenc.so.2.0.11
7fc50c522000-7fc50c523000 rw-p 000b2000 08:01 536716                     /usr/lib/libvorbisenc.so.2.0.11
7fc50c523000-7fc50c595000 r-xp 00000000 08:01 537467                     /usr/lib/libFLAC.so.8.3.0
7fc50c595000-7fc50c794000 ---p 00072000 08:01 537467                     /usr/lib/libFLAC.so.8.3.0
7fc50c794000-7fc50c795000 r--p 00071000 08:01 537467                     /usr/lib/libFLAC.so.8.3.0
7fc50c795000-7fc50c796000 rw-p 00072000 08:01 537467                     /usr/lib/libFLAC.so.8.3.0
7fc50c796000-7fc50c7a8000 r-xp 00000000 08:01 543408                     /usr/lib/libgpg-error.so.0.16.0
7fc50c7a8000-7fc50c9a7000 ---p 00012000 08:01 543408                     /usr/lib/libgpg-error.so.0.16.0
7fc50c9a7000-7fc50c9a8000 r--p 00011000 08:01 543408                     /usr/lib/libgpg-error.so.0.16.0
7fc50c9a8000-7fc50c9a9000 rw-p 00012000 08:01 543408                     /usr/lib/libgpg-error.so.0.16.0
7fc50c9a9000-7fc50ca81000 r-xp 00000000 08:01 540169                     /usr/lib/libgcrypt.so.20.0.4
7fc50ca81000-7fc50cc81000 ---p 000d8000 08:01 540169                     /usr/lib/libgcrypt.so.20.0.4
7fc50cc81000-7fc50cc82000 r--p 000d8000 08:01 540169                     /usr/lib/libgcrypt.so.20.0.4
7fc50cc82000-7fc50cc8a000 rw-p 000d9000 08:01 540169                     /usr/lib/libgcrypt.so.20.0.4
7fc50cc8a000-7fc50cc8b000 rw-p 00000000 00:00 0 
7fc50cc8b000-7fc50cc9c000 r-xp 00000000 08:01 536796                     /usr/lib/liblz4.so.1.7.1
7fc50cc9c000-7fc50ce9b000 ---p 00011000 08:01 536796                     /usr/lib/liblz4.so.1.7.1
7fc50ce9b000-7fc50ce9c000 r--p 00010000 08:01 536796                     /usr/lib/liblz4.so.1.7.1
7fc50ce9c000-7fc50ce9d000 rw-p 00011000 08:01 536796                     /usr/lib/liblz4.so.1.7.1
7fc50ce9d000-7fc50cec2000 r-xp 00000000 08:01 525673                     /usr/lib/liblzma.so.5.2.1
7fc50cec2000-7fc50d0c1000 ---p 00025000 08:01 525673                     /usr/lib/liblzma.so.5.2.1
7fc50d0c1000-7fc50d0c2000 r--p 00024000 08:01 525673                     /usr/lib/liblzma.so.5.2.1
7fc50d0c2000-7fc50d0c3000 rw-p 00025000 08:01 525673                     /usr/lib/liblzma.so.5.2.1
7fc50d0c3000-7fc50d0c8000 r-xp 00000000 08:01 539541                     /usr/lib/libasyncns.so.0.3.1
7fc50d0c8000-7fc50d2c7000 ---p 00005000 08:01 539541                     /usr/lib/libasyncns.so.0.3.1
7fc50d2c7000-7fc50d2c8000 r--p 00004000 08:01 539541                     /usr/lib/libasyncns.so.0.3.1
7fc50d2c8000-7fc50d2c9000 rw-p 00005000 08:01 539541                     /usr/lib/libasyncns.so.0.3.1
7fc50d2c9000-7fc50d32a000 r-xp 00000000 08:01 537149                     /usr/lib/libsndfile.so.1.0.25
7fc50d32a000-7fc50d52a000 ---p 00061000 08:01 537149                     /usr/lib/libsndfile.so.1.0.25
7fc50d52a000-7fc50d52c000 r--p 00061000 08:01 537149                     /usr/lib/libsndfile.so.1.0.25
7fc50d52c000-7fc50d52d000 rw-p 00063000 08:01 537149                     /usr/lib/libsndfile.so.1.0.25
7fc50d52d000-7fc50d531000 rw-p 00000000 00:00 0 
7fc50d531000-7fc50d57f000 r-xp 00000000 08:01 543567                     /usr/lib/libdbus-1.so.3.14.3
7fc50d57f000-7fc50d77f000 ---p 0004e000 08:01 543567                     /usr/lib/libdbus-1.so.3.14.3
7fc50d77f000-7fc50d780000 r--p 0004e000 08:01 543567                     /usr/lib/libdbus-1.so.3.14.3
7fc50d780000-7fc50d781000 rw-p 0004f000 08:01 543567                     /usr/lib/libdbus-1.so.3.14.3
7fc50d781000-7fc50d782000 rw-p 00000000 00:00 0 
7fc50d782000-7fc50d7fe000 r-xp 00000000 08:01 539637                     /usr/lib/pulseaudio/libpulsecommon-6.0.so
7fc50d7fe000-7fc50d9fd000 ---p 0007c000 08:01 539637                     /usr/lib/pulseaudio/libpulsecommon-6.0.so
7fc50d9fd000-7fc50d9ff000 r--p 0007b000 08:01 539637                     /usr/lib/pulseaudio/libpulsecommon-6.0.so
7fc50d9ff000-7fc50da01000 rw-p 0007d000 08:01 539637                     /usr/lib/pulseaudio/libpulsecommon-6.0.so
7fc50da01000-7fc50da0b000 r-xp 00000000 08:01 539533                     /usr/lib/libjson-c.so.2.0.1
7fc50da0b000-7fc50dc0a000 ---p 0000a000 08:01 539533                     /usr/lib/libjson-c.so.2.0.1
7fc50dc0a000-7fc50dc0b000 r--p 00009000 08:01 539533                     /usr/lib/libjson-c.so.2.0.1
7fc50dc0b000-7fc50dc0c000 rw-p 0000a000 08:01 539533                     /usr/lib/libjson-c.so.2.0.1
7fc50dc0c000-7fc50dc5b000 r-xp 00000000 08:01 539629                     /usr/lib/libpulse.so.0.18.0
7fc50dc5b000-7fc50de5b000 ---p 0004f000 08:01 539629                     /usr/lib/libpulse.so.0.18.0
7fc50de5b000-7fc50de5c000 r--p 0004f000 08:01 539629                     /usr/lib/libpulse.so.0.18.0
7fc50de5c000-7fc50de5d000 rw-p 00050000 08:01 539629                     /usr/lib/libpulse.so.0.18.0
7fc50de5d000-7fc50de63000 r-xp 00000000 08:01 1054624                    /usr/lib/alsa-lib/libasound_module_pcm_pulse.so
7fc50de63000-7fc50e062000 ---p 00006000 08:01 1054624                    /usr/lib/alsa-lib/libasound_module_pcm_pulse.so
7fc50e062000-7fc50e063000 r--p 00005000 08:01 1054624                    /usr/lib/alsa-lib/libasound_module_pcm_pulse.so
7fc50e063000-7fc50e064000 rw-p 00006000 08:01 1054624                    /usr/lib/alsa-lib/libasound_module_pcm_pulse.so
7fc50e064000-7fc50e157000 r-xp 00000000 08:01 535685                     /usr/lib/libasound.so.2.0.0
7fc50e157000-7fc50e356000 ---p 000f3000 08:01 535685                     /usr/lib/libasound.so.2.0.0
7fc50e356000-7fc50e35d000 r--p 000f2000 08:01 535685                     /usr/lib/libasound.so.2.0.0
7fc50e35d000-7fc50e35f000 rw-p 000f9000 08:01 535685                     /usr/lib/libasound.so.2.0.0
7fc50e35f000-7fc50e36e000 r-xp 00000000 08:01 808498                     /usr/lib/jvm/java-8-openjdk/jre/lib/amd64/libjsoundalsa.so
7fc50e36e000-7fc50e56d000 ---p 0000f000 08:01 808498                     /usr/lib/jvm/java-8-openjdk/jre/lib/amd64/libjsoundalsa.so
7fc50e56d000-7fc50e56e000 rw-p 0000e000 08:01 808498                     /usr/lib/jvm/java-8-openjdk/jre/lib/amd64/libjsoundalsa.so
7fc50e56e000-7fc50e56f000 r-xp 00000000 08:01 808497                     /usr/lib/jvm/java-8-openjdk/jre/lib/amd64/libjsound.so
7fc50e56f000-7fc50e76e000 ---p 00001000 08:01 808497                     /usr/lib/jvm/java-8-openjdk/jre/lib/amd64/libjsound.so
7fc50e76e000-7fc50e76f000 rw-p 00000000 08:01 808497                     /usr/lib/jvm/java-8-openjdk/jre/lib/amd64/libjsound.so
7fc50e76f000-7fc50e7a9000 r-xp 00000000 08:01 808478                     /usr/lib/jvm/java-8-openjdk/jre/lib/amd64/libjpeg.so
7fc50e7a9000-7fc50e9a8000 ---p 0003a000 08:01 808478                     /usr/lib/jvm/java-8-openjdk/jre/lib/amd64/libjpeg.so
7fc50e9a8000-7fc50e9a9000 rw-p 00039000 08:01 808478                     /usr/lib/jvm/java-8-openjdk/jre/lib/amd64/libjpeg.so
7fc50e9a9000-7fc50e9ac000 ---p 00000000 00:00 0 
7fc50e9ac000-7fc50eaaa000 rw-p 00000000 00:00 0                          [stack:1666]
7fc50eaaa000-7fc50eb8a000 rw-s 1018a1000 00:06 295                       /dev/dri/card0
7fc50eb8a000-7fc50ef0a000 rw-s 00000000 00:05 20009                      /drm mm object (deleted)
7fc50ef0a000-7fc50f28a000 rw-s 00000000 00:05 20008                      /drm mm object (deleted)
7fc50f28a000-7fc50f28e000 r-xp 00000000 08:01 529541                     /usr/lib/libattr.so.1.1.0
7fc50f28e000-7fc50f48d000 ---p 00004000 08:01 529541                     /usr/lib/libattr.so.1.1.0
7fc50f48d000-7fc50f48e000 r--p 00003000 08:01 529541                     /usr/lib/libattr.so.1.1.0
7fc50f48e000-7fc50f48f000 rw-p 00004000 08:01 529541                     /usr/lib/libattr.so.1.1.0
7fc50f48f000-7fc50f493000 r-xp 00000000 08:01 529201                     /usr/lib/libcap.so.2.24
7fc50f493000-7fc50f692000 ---p 00004000 08:01 529201                     /usr/lib/libcap.so.2.24
7fc50f692000-7fc50f693000 rw-p 00003000 08:01 529201                     /usr/lib/libcap.so.2.24
7fc50f693000-7fc50f6a7000 r-xp 00000000 08:01 531190                     /usr/lib/libresolv-2.22.so
7fc50f6a7000-7fc50f8a6000 ---p 00014000 08:01 531190                     /usr/lib/libresolv-2.22.so
7fc50f8a6000-7fc50f8a7000 r--p 00013000 08:01 531190                     /usr/lib/libresolv-2.22.so
7fc50f8a7000-7fc50f8a8000 rw-p 00014000 08:01 531190                     /usr/lib/libresolv-2.22.so
7fc50f8a8000-7fc50f8aa000 rw-p 00000000 00:00 0 
7fc50f8aa000-7fc50f8ac000 r-xp 00000000 08:01 536880                     /usr/lib/libXinerama.so.1.0.0
7fc50f8ac000-7fc50faab000 ---p 00002000 08:01 536880                     /usr/lib/libXinerama.so.1.0.0
7fc50faab000-7fc50faac000 r--p 00001000 08:01 536880                     /usr/lib/libXinerama.so.1.0.0
7fc50faac000-7fc50faad000 rw-p 00002000 08:01 536880                     /usr/lib/libXinerama.so.1.0.0
7fc50faad000-7fc50fab1000 r-xp 00000000 08:01 539013                     /usr/lib/libtxc_dxtn.so
7fc50fab1000-7fc50fcb0000 ---p 00004000 08:01 539013                     /usr/lib/libtxc_dxtn.so
7fc50fcb0000-7fc50fcb1000 r--p 00003000 08:01 539013                     /usr/lib/libtxc_dxtn.so
7fc50fcb1000-7fc50fcb2000 rw-p 00004000 08:01 539013                     /usr/lib/libtxc_dxtn.so
7fc50fcb2000-7fc50fcba000 r-xp 00000000 08:01 541442                     /usr/lib/libpciaccess.so.0.11.1
7fc50fcba000-7fc50feba000 ---p 00008000 08:01 541442                     /usr/lib/libpciaccess.so.0.11.1
7fc50feba000-7fc50febb000 r--p 00008000 08:01 541442                     /usr/lib/libpciaccess.so.0.11.1
7fc50febb000-7fc50febc000 rw-p 00009000 08:01 541442                     /usr/lib/libpciaccess.so.0.11.1
7fc50febc000-7fc51002e000 r-xp 00000000 08:01 529818                     /usr/lib/libstdc++.so.6.0.21
7fc51002e000-7fc51022e000 ---p 00172000 08:01 529818                     /usr/lib/libstdc++.so.6.0.21
7fc51022e000-7fc510238000 r--p 00172000 08:01 529818                     /usr/lib/libstdc++.so.6.0.21
7fc510238000-7fc51023a000 rw-p 0017c000 08:01 529818                     /usr/lib/libstdc++.so.6.0.21
7fc51023a000-7fc51023e000 rw-p 00000000 00:00 0 
7fc51023e000-7fc510249000 r-xp 00000000 08:01 527936                     /usr/lib/libdrm_radeon.so.1.0.1
7fc510249000-7fc510448000 ---p 0000b000 08:01 527936                     /usr/lib/libdrm_radeon.so.1.0.1
7fc510448000-7fc510449000 r--p 0000a000 08:01 527936                     /usr/lib/libdrm_radeon.so.1.0.1
7fc510449000-7fc51044a000 rw-p 0000b000 08:01 527936                     /usr/lib/libdrm_radeon.so.1.0.1
7fc51044a000-7fc510450000 r-xp 00000000 08:01 527933                     /usr/lib/libdrm_nouveau.so.2.0.0
7fc510450000-7fc51064f000 ---p 00006000 08:01 527933                     /usr/lib/libdrm_nouveau.so.2.0.0
7fc51064f000-7fc510650000 r--p 00005000 08:01 527933                     /usr/lib/libdrm_nouveau.so.2.0.0
7fc510650000-7fc510651000 rw-p 00006000 08:01 527933                     /usr/lib/libdrm_nouveau.so.2.0.0
7fc510651000-7fc510671000 r-xp 00000000 08:01 527932                     /usr/lib/libdrm_intel.so.1.0.0
7fc510671000-7fc510870000 ---p 00020000 08:01 527932                     /usr/lib/libdrm_intel.so.1.0.0
7fc510870000-7fc510871000 r--p 0001f000 08:01 527932                     /usr/lib/libdrm_intel.so.1.0.0
7fc510871000-7fc510872000 rw-p 00020000 08:01 527932                     /usr/lib/libdrm_intel.so.1.0.0
7fc510872000-7fc510e06000 r-xp 00000000 08:01 805151                     /usr/lib/xorg/modules/dri/i965_dri.so
7fc510e06000-7fc511006000 ---p 00594000 08:01 805151                     /usr/lib/xorg/modules/dri/i965_dri.so
7fc511006000-7fc511031000 r--p 00594000 08:01 805151                     /usr/lib/xorg/modules/dri/i965_dri.so
7fc511031000-7fc511037000 rw-p 005bf000 08:01 805151                     /usr/lib/xorg/modules/dri/i965_dri.so
7fc511037000-7fc51103f000 rw-p 00000000 00:00 0 
7fc51103f000-7fc511045000 r-xp 00000000 08:01 549486                     /usr/lib/mesa/libGLESv2.so.2.0.0
7fc511045000-7fc511244000 ---p 00006000 08:01 549486                     /usr/lib/mesa/libGLESv2.so.2.0.0
7fc511244000-7fc511245000 r--p 00005000 08:01 549486                     /usr/lib/mesa/libGLESv2.so.2.0.0
7fc511245000-7fc511246000 rw-p 00006000 08:01 549486                     /usr/lib/mesa/libGLESv2.so.2.0.0
7fc511246000-7fc51128c000 r-xp 00000000 00:1f 29                         /tmp/jogamp_0000/file_cache/jln4874296566681410177/jln5143766969636655976/libjogl_mobile.so
7fc51128c000-7fc51148c000 ---p 00046000 00:1f 29                         /tmp/jogamp_0000/file_cache/jln4874296566681410177/jln5143766969636655976/libjogl_mobile.so
7fc51148c000-7fc51148d000 rw-p 00046000 00:1f 29                         /tmp/jogamp_0000/file_cache/jln4874296566681410177/jln5143766969636655976/libjogl_mobile.so
7fc51148d000-7fc511495000 r-xp 00000000 08:01 541266                     /usr/lib/libffi.so.6.0.4
7fc511495000-7fc511694000 ---p 00008000 08:01 541266                     /usr/lib/libffi.so.6.0.4
7fc511694000-7fc511695000 r--p 00007000 08:01 541266                     /usr/lib/libffi.so.6.0.4
7fc511695000-7fc511696000 rw-p 00008000 08:01 541266                     /usr/lib/libffi.so.6.0.4
7fc511696000-7fc5116a5000 r-xp 00000000 08:01 528307                     /usr/lib/libwayland-server.so.0.1.0
7fc5116a5000-7fc5118a5000 ---p 0000f000 08:01 528307                     /usr/lib/libwayland-server.so.0.1.0
7fc5118a5000-7fc5118a7000 r--p 0000f000 08:01 528307                     /usr/lib/libwayland-server.so.0.1.0
7fc5118a7000-7fc5118a8000 rw-p 00011000 08:01 528307                     /usr/lib/libwayland-server.so.0.1.0
7fc5118a8000-7fc5118b4000 r-xp 00000000 08:01 528308                     /usr/lib/libwayland-client.so.0.3.0
7fc5118b4000-7fc511ab3000 ---p 0000c000 08:01 528308                     /usr/lib/libwayland-client.so.0.3.0
7fc511ab3000-7fc511ab5000 r--p 0000b000 08:01 528308                     /usr/lib/libwayland-client.so.0.3.0
7fc511ab5000-7fc511ab6000 rw-p 0000d000 08:01 528308                     /usr/lib/libwayland-client.so.0.3.0
7fc511ab6000-7fc511ac2000 r-xp 00000000 08:01 542238                     /usr/lib/libgbm.so.1.0.0
7fc511ac2000-7fc511cc2000 ---p 0000c000 08:01 542238                     /usr/lib/libgbm.so.1.0.0
7fc511cc2000-7fc511cc3000 r--p 0000c000 08:01 542238                     /usr/lib/libgbm.so.1.0.0
7fc511cc3000-7fc511cc4000 rw-p 0000d000 08:01 542238                     /usr/lib/libgbm.so.1.0.0
7fc511cc4000-7fc511cea000 r-xp 00000000 08:01 549477                     /usr/lib/mesa/libEGL.so.1.0.0
7fc511cea000-7fc511ee9000 ---p 00026000 08:01 549477                     /usr/lib/mesa/libEGL.so.1.0.0
7fc511ee9000-7fc511eea000 r--p 00025000 08:01 549477                     /usr/lib/mesa/libEGL.so.1.0.0
7fc511eea000-7fc511eeb000 rw-p 00026000 08:01 549477                     /usr/lib/mesa/libEGL.so.1.0.0
7fc511eeb000-7fc511eef000 r-xp 00000000 08:01 549485                     /usr/lib/mesa/libGLESv1_CM.so.1.1.0
7fc511eef000-7fc5120ee000 ---p 00004000 08:01 549485                     /usr/lib/mesa/libGLESv1_CM.so.1.1.0
7fc5120ee000-7fc5120ef000 r--p 00003000 08:01 549485                     /usr/lib/mesa/libGLESv1_CM.so.1.1.0
7fc5120ef000-7fc5120f0000 rw-p 00004000 08:01 549485                     /usr/lib/mesa/libGLESv1_CM.so.1.1.0
7fc5120f0000-7fc512198000 r-xp 00000000 00:1f 28                         /tmp/jogamp_0000/file_cache/jln4874296566681410177/jln5143766969636655976/libjogl_desktop.so
7fc512198000-7fc512398000 ---p 000a8000 00:1f 28                         /tmp/jogamp_0000/file_cache/jln4874296566681410177/jln5143766969636655976/libjogl_desktop.so
7fc512398000-7fc512399000 rw-p 000a8000 00:1f 28                         /tmp/jogamp_0000/file_cache/jln4874296566681410177/jln5143766969636655976/libjogl_desktop.so
7fc512399000-7fc512599000 rw-p 00000000 00:00 0 
7fc512599000-7fc5125a7000 r-xp 00000000 08:01 527115                     /usr/lib/libdrm.so.2.4.0
7fc5125a7000-7fc5127a6000 ---p 0000e000 08:01 527115                     /usr/lib/libdrm.so.2.4.0
7fc5127a6000-7fc5127a7000 r--p 0000d000 08:01 527115                     /usr/lib/libdrm.so.2.4.0
7fc5127a7000-7fc5127a8000 rw-p 0000e000 08:01 527115                     /usr/lib/libdrm.so.2.4.0
7fc5127a8000-7fc5127a9000 r-xp 00000000 08:01 533872                     /usr/lib/libxshmfence.so.1.0.0
7fc5127a9000-7fc5129a9000 ---p 00001000 08:01 533872                     /usr/lib/libxshmfence.so.1.0.0
7fc5129a9000-7fc5129aa000 r--p 00001000 08:01 533872                     /usr/lib/libxshmfence.so.1.0.0
7fc5129aa000-7fc5129ab000 rw-p 00002000 08:01 533872                     /usr/lib/libxshmfence.so.1.0.0
7fc5129ab000-7fc5129b0000 r-xp 00000000 08:01 529817                     /usr/lib/libxcb-sync.so.1.0.0
7fc5129b0000-7fc512bb0000 ---p 00005000 08:01 529817                     /usr/lib/libxcb-sync.so.1.0.0
7fc512bb0000-7fc512bb1000 r--p 00005000 08:01 529817                     /usr/lib/libxcb-sync.so.1.0.0
7fc512bb1000-7fc512bb2000 rw-p 00006000 08:01 529817                     /usr/lib/libxcb-sync.so.1.0.0
7fc512bb2000-7fc512bb5000 r-xp 00000000 08:01 529362                     /usr/lib/libxcb-shape.so.0.0.0
7fc512bb5000-7fc512db4000 ---p 00003000 08:01 529362                     /usr/lib/libxcb-shape.so.0.0.0
7fc512db4000-7fc512db5000 r--p 00002000 08:01 529362                     /usr/lib/libxcb-shape.so.0.0.0
7fc512db5000-7fc512db6000 rw-p 00003000 08:01 529362                     /usr/lib/libxcb-shape.so.0.0.0
7fc512db6000-7fc512dbf000 r-xp 00000000 08:01 528356                     /usr/lib/libxcb-render.so.0.0.0
7fc512dbf000-7fc512fbe000 ---p 00009000 08:01 528356                     /usr/lib/libxcb-render.so.0.0.0
7fc512fbe000-7fc512fbf000 r--p 00008000 08:01 528356                     /usr/lib/libxcb-render.so.0.0.0
7fc512fbf000-7fc512fc0000 rw-p 00009000 08:01 528356                     /usr/lib/libxcb-render.so.0.0.0
7fc512fc0000-7fc512fc6000 r-xp 00000000 08:01 528352                     /usr/lib/libxcb-xfixes.so.0.0.0
7fc512fc6000-7fc5131c6000 ---p 00006000 08:01 528352                     /usr/lib/libxcb-xfixes.so.0.0.0
7fc5131c6000-7fc5131c7000 r--p 00006000 08:01 528352                     /usr/lib/libxcb-xfixes.so.0.0.0
7fc5131c7000-7fc5131c8000 rw-p 00007000 08:01 528352                     /usr/lib/libxcb-xfixes.so.0.0.0
7fc5131c8000-7fc5131d5000 r-xp 00000000 08:01 533843                     /usr/lib/libxcb-randr.so.0.1.0
7fc5131d5000-7fc5133d4000 ---p 0000d000 08:01 533843                     /usr/lib/libxcb-randr.so.0.1.0
7fc5133d4000-7fc5133d5000 r--p 0000c000 08:01 533843                     /usr/lib/libxcb-randr.so.0.1.0
7fc5133d5000-7fc5133d6000 rw-p 0000d000 08:01 533843                     /usr/lib/libxcb-randr.so.0.1.0
7fc5133d6000-7fc5133d8000 r-xp 00000000 08:01 529793                     /usr/lib/libxcb-present.so.0.0.0
7fc5133d8000-7fc5135d7000 ---p 00002000 08:01 529793                     /usr/lib/libxcb-present.so.0.0.0
7fc5135d7000-7fc5135d8000 r--p 00001000 08:01 529793                     /usr/lib/libxcb-present.so.0.0.0
7fc5135d8000-7fc5135d9000 rw-p 00002000 08:01 529793                     /usr/lib/libxcb-present.so.0.0.0
7fc5135d9000-7fc5135db000 r-xp 00000000 08:01 528363                     /usr/lib/libxcb-dri3.so.0.0.0
7fc5135db000-7fc5137da000 ---p 00002000 08:01 528363                     /usr/lib/libxcb-dri3.so.0.0.0
7fc5137da000-7fc5137db000 r--p 00001000 08:01 528363                     /usr/lib/libxcb-dri3.so.0.0.0
7fc5137db000-7fc5137dc000 rw-p 00002000 08:01 528363                     /usr/lib/libxcb-dri3.so.0.0.0
7fc5137dc000-7fc5137e0000 r-xp 00000000 08:01 529380                     /usr/lib/libxcb-dri2.so.0.0.0
7fc5137e0000-7fc5139df000 ---p 00004000 08:01 529380                     /usr/lib/libxcb-dri2.so.0.0.0
7fc5139df000-7fc5139e0000 r--p 00003000 08:01 529380                     /usr/lib/libxcb-dri2.so.0.0.0
7fc5139e0000-7fc5139e1000 rw-p 00004000 08:01 529380                     /usr/lib/libxcb-dri2.so.0.0.0
7fc5139e1000-7fc5139f8000 r-xp 00000000 08:01 528362                     /usr/lib/libxcb-glx.so.0.0.0
7fc5139f8000-7fc513bf8000 ---p 00017000 08:01 528362                     /usr/lib/libxcb-glx.so.0.0.0
7fc513bf8000-7fc513bfa000 r--p 00017000 08:01 528362                     /usr/lib/libxcb-glx.so.0.0.0
7fc513bfa000-7fc513bfb000 rw-p 00019000 08:01 528362                     /usr/lib/libxcb-glx.so.0.0.0
7fc513bfb000-7fc513bfc000 r-xp 00000000 08:01 526139                     /usr/lib/libX11-xcb.so.1.0.0
7fc513bfc000-7fc513dfb000 ---p 00001000 08:01 526139                     /usr/lib/libX11-xcb.so.1.0.0
7fc513dfb000-7fc513dfc000 r--p 00000000 08:01 526139                     /usr/lib/libX11-xcb.so.1.0.0
7fc513dfc000-7fc513dfd000 rw-p 00001000 08:01 526139                     /usr/lib/libX11-xcb.so.1.0.0
7fc513dfd000-7fc513dff000 r-xp 00000000 08:01 533862                     /usr/lib/libXdamage.so.1.1.0
7fc513dff000-7fc513ffe000 ---p 00002000 08:01 533862                     /usr/lib/libXdamage.so.1.1.0
7fc513ffe000-7fc513fff000 r--p 00001000 08:01 533862                     /usr/lib/libXdamage.so.1.1.0
7fc513fff000-7fc514000000 rw-p 00002000 08:01 533862                     /usr/lib/libXdamage.so.1.1.0
7fc514000000-7fc514021000 rw-p 00000000 00:00 0 
7fc514021000-7fc518000000 ---p 00000000 00:00 0 
7fc518000000-7fc51b0d9000 rw-p 00000000 00:00 0 
7fc51b0d9000-7fc51c000000 ---p 00000000 00:00 0 
7fc51c000000-7fc51c021000 rw-p 00000000 00:00 0 
7fc51c021000-7fc520000000 ---p 00000000 00:00 0 
7fc520000000-7fc5218bd000 rw-p 00000000 00:00 0 
7fc5218bd000-7fc524000000 ---p 00000000 00:00 0 
7fc524000000-7fc524021000 rw-p 00000000 00:00 0 
7fc524021000-7fc528000000 ---p 00000000 00:00 0 
7fc528000000-7fc5298e6000 rw-p 00000000 00:00 0 
7fc5298e6000-7fc52c000000 ---p 00000000 00:00 0 
7fc52c000000-7fc52c021000 rw-p 00000000 00:00 0 
7fc52c021000-7fc530000000 ---p 00000000 00:00 0 
7fc530091000-7fc530171000 rw-s 1017c1000 00:06 295                       /dev/dri/card0
7fc530171000-7fc530199000 r-xp 00000000 08:01 542241                     /usr/lib/libglapi.so.0.0.0
7fc530199000-7fc530399000 ---p 00028000 08:01 542241                     /usr/lib/libglapi.so.0.0.0
7fc530399000-7fc53039d000 r--p 00028000 08:01 542241                     /usr/lib/libglapi.so.0.0.0
7fc53039d000-7fc53039e000 rw-p 0002c000 08:01 542241                     /usr/lib/libglapi.so.0.0.0
7fc53039e000-7fc53039f000 rw-p 00000000 00:00 0 
7fc53039f000-7fc5303c6000 r-xp 00000000 08:01 533710                     /usr/lib/libexpat.so.1.6.0
7fc5303c6000-7fc5305c5000 ---p 00027000 08:01 533710                     /usr/lib/libexpat.so.1.6.0
7fc5305c5000-7fc5305c8000 r--p 00026000 08:01 533710                     /usr/lib/libexpat.so.1.6.0
7fc5305c8000-7fc5305c9000 rw-p 00029000 08:01 533710                     /usr/lib/libexpat.so.1.6.0
7fc5305c9000-7fc53065d000 r-xp 00000000 08:01 549476                     /usr/lib/mesa/libGL.so.1.2.0
7fc53065d000-7fc53085c000 ---p 00094000 08:01 549476                     /usr/lib/mesa/libGL.so.1.2.0
7fc53085c000-7fc53085f000 r--p 00093000 08:01 549476                     /usr/lib/mesa/libGL.so.1.2.0
7fc53085f000-7fc530860000 rw-p 00096000 08:01 549476                     /usr/lib/mesa/libGL.so.1.2.0
7fc530860000-7fc530a61000 rw-p 00000000 00:00 0 
7fc530a99000-7fc530b1a000 r-xp 00000000 08:01 549408                     /usr/lib/libsystemd.so.0.10.2
7fc530b1a000-7fc530b1d000 r--p 00080000 08:01 549408                     /usr/lib/libsystemd.so.0.10.2
7fc530b1d000-7fc530b1e000 rw-p 00083000 08:01 549408                     /usr/lib/libsystemd.so.0.10.2
7fc530b1e000-7fc530b25000 r-xp 00000000 00:1f 31                         /tmp/jogamp_0000/file_cache/jln4874296566681410177/jln5143766969636655976/libnativewindow_x11.so
7fc530b25000-7fc530d24000 ---p 00007000 00:1f 31                         /tmp/jogamp_0000/file_cache/jln4874296566681410177/jln5143766969636655976/libnativewindow_x11.so
7fc530d24000-7fc530d25000 rw-p 00006000 00:1f 31                         /tmp/jogamp_0000/file_cache/jln4874296566681410177/jln5143766969636655976/libnativewindow_x11.so
7fc530d25000-7fc530d2a000 r-xp 00000000 08:01 533875                     /usr/lib/libXxf86vm.so.1.0.0
7fc530d2a000-7fc530f29000 ---p 00005000 08:01 533875                     /usr/lib/libXxf86vm.so.1.0.0
7fc530f29000-7fc530f2a000 r--p 00004000 08:01 533875                     /usr/lib/libXxf86vm.so.1.0.0
7fc530f2a000-7fc530f2b000 rw-p 00005000 08:01 533875                     /usr/lib/libXxf86vm.so.1.0.0
7fc530f2b000-7fc530f2d000 r-xp 00000000 00:1f 30                         /tmp/jogamp_0000/file_cache/jln4874296566681410177/jln5143766969636655976/libnativewindow_awt.so
7fc530f2d000-7fc53112c000 ---p 00002000 00:1f 30                         /tmp/jogamp_0000/file_cache/jln4874296566681410177/jln5143766969636655976/libnativewindow_awt.so
7fc53112c000-7fc53112d000 rw-p 00001000 00:1f 30                         /tmp/jogamp_0000/file_cache/jln4874296566681410177/jln5143766969636655976/libnativewindow_awt.so
7fc53112d000-7fc53112e000 r-xp 00000000 08:01 808484                     /usr/lib/jvm/java-8-openjdk/jre/lib/amd64/libjawt.so
7fc53112e000-7fc53132d000 ---p 00001000 08:01 808484                     /usr/lib/jvm/java-8-openjdk/jre/lib/amd64/libjawt.so
7fc53132d000-7fc53132e000 rw-p 00000000 08:01 808484                     /usr/lib/jvm/java-8-openjdk/jre/lib/amd64/libjawt.so
7fc53132e000-7fc531330000 r-xp 00000000 00:1f 27                         /tmp/jogamp_0000/file_cache/jln4874296566681410177/jln5143766969636655976/libgluegen-rt.so
7fc531330000-7fc531530000 ---p 00002000 00:1f 27                         /tmp/jogamp_0000/file_cache/jln4874296566681410177/jln5143766969636655976/libgluegen-rt.so
7fc531530000-7fc531531000 rw-p 00002000 00:1f 27                         /tmp/jogamp_0000/file_cache/jln4874296566681410177/jln5143766969636655976/libgluegen-rt.so
7fc531531000-7fc531534000 ---p 00000000 00:00 0 
7fc531534000-7fc531632000 rw-p 00000000 00:00 0                          [stack:1665]
7fc531632000-7fc531643000 r-xp 00000000 08:01 808480                     /usr/lib/jvm/java-8-openjdk/jre/lib/amd64/libnio.so
7fc531643000-7fc531842000 ---p 00011000 08:01 808480                     /usr/lib/jvm/java-8-openjdk/jre/lib/amd64/libnio.so
7fc531842000-7fc531843000 rw-p 00010000 08:01 808480                     /usr/lib/jvm/java-8-openjdk/jre/lib/amd64/libnio.so
7fc531843000-7fc531859000 r-xp 00000000 08:01 808470                     /usr/lib/jvm/java-8-openjdk/jre/lib/amd64/libnet.so
7fc531859000-7fc531a59000 ---p 00016000 08:01 808470                     /usr/lib/jvm/java-8-openjdk/jre/lib/amd64/libnet.so
7fc531a59000-7fc531a5a000 rw-p 00016000 08:01 808470                     /usr/lib/jvm/java-8-openjdk/jre/lib/amd64/libnet.so
7fc531a5a000-7fc531c5a000 rw-p 00000000 00:00 0 
7fc531c5a000-7fc531c5d000 ---p 00000000 00:00 0 
7fc531c5d000-7fc531d5b000 rw-p 00000000 00:00 0                          [stack:1656]
7fc531d5b000-7fc531d5e000 ---p 00000000 00:00 0 
7fc531d5e000-7fc53205c000 rw-p 00000000 00:00 0                          [stack:1655]
7fc53205c000-7fc53205f000 ---p 00000000 00:00 0 
7fc53205f000-7fc53215d000 rw-p 00000000 00:00 0                          [stack:1654]
7fc53215d000-7fc532160000 ---p 00000000 00:00 0 
7fc532160000-7fc53225e000 rw-p 00000000 00:00 0                          [stack:1653]
7fc53225e000-7fc532263000 r-xp 00000000 08:01 529523                     /usr/lib/libXfixes.so.3.1.0
7fc532263000-7fc532462000 ---p 00005000 08:01 529523                     /usr/lib/libXfixes.so.3.1.0
7fc532462000-7fc532463000 r--p 00004000 08:01 529523                     /usr/lib/libXfixes.so.3.1.0
7fc532463000-7fc532464000 rw-p 00005000 08:01 529523                     /usr/lib/libXfixes.so.3.1.0
7fc532464000-7fc53246e000 r-xp 00000000 08:01 536185                     /usr/lib/libXcursor.so.1.0.2
7fc53246e000-7fc53266d000 ---p 0000a000 08:01 536185                     /usr/lib/libXcursor.so.1.0.2
7fc53266d000-7fc53266e000 r--p 00009000 08:01 536185                     /usr/lib/libXcursor.so.1.0.2
7fc53266e000-7fc53266f000 rw-p 0000a000 08:01 536185                     /usr/lib/libXcursor.so.1.0.2
7fc53266f000-7fc5326de000 r-xp 00000000 08:01 528211                     /usr/lib/libpcre.so.1.2.5
7fc5326de000-7fc5328dd000 ---p 0006f000 08:01 528211                     /usr/lib/libpcre.so.1.2.5
7fc5328dd000-7fc5328de000 r--p 0006e000 08:01 528211                     /usr/lib/libpcre.so.1.2.5
7fc5328de000-7fc5328df000 rw-p 0006f000 08:01 528211                     /usr/lib/libpcre.so.1.2.5
7fc5328df000-7fc532908000 r-xp 00000000 08:01 531409                     /usr/lib/libgraphite2.so.3.0.1
7fc532908000-7fc532b08000 ---p 00029000 08:01 531409                     /usr/lib/libgraphite2.so.3.0.1
7fc532b08000-7fc532b0a000 r--p 00029000 08:01 531409                     /usr/lib/libgraphite2.so.3.0.1
7fc532b0a000-7fc532b0b000 rw-p 0002b000 08:01 531409                     /usr/lib/libgraphite2.so.3.0.1
7fc532b0b000-7fc532c17000 r-xp 00000000 08:01 533722                     /usr/lib/libglib-2.0.so.0.4400.1
7fc532c17000-7fc532e16000 ---p 0010c000 08:01 533722                     /usr/lib/libglib-2.0.so.0.4400.1
7fc532e16000-7fc532e17000 r--p 0010b000 08:01 533722                     /usr/lib/libglib-2.0.so.0.4400.1
7fc532e17000-7fc532e18000 rw-p 0010c000 08:01 533722                     /usr/lib/libglib-2.0.so.0.4400.1
7fc532e18000-7fc532e19000 rw-p 00000000 00:00 0 
7fc532e19000-7fc532e78000 r-xp 00000000 08:01 540320                     /usr/lib/libharfbuzz.so.0.10000.3
7fc532e78000-7fc533078000 ---p 0005f000 08:01 540320                     /usr/lib/libharfbuzz.so.0.10000.3
7fc533078000-7fc533079000 r--p 0005f000 08:01 540320                     /usr/lib/libharfbuzz.so.0.10000.3
7fc533079000-7fc53307a000 rw-p 00060000 08:01 540320                     /usr/lib/libharfbuzz.so.0.10000.3
7fc53307a000-7fc5330ae000 r-xp 00000000 08:01 525327                     /usr/lib/libpng16.so.16.18.0
7fc5330ae000-7fc5332ad000 ---p 00034000 08:01 525327                     /usr/lib/libpng16.so.16.18.0
7fc5332ad000-7fc5332ae000 r--p 00033000 08:01 525327                     /usr/lib/libpng16.so.16.18.0
7fc5332ae000-7fc5332af000 rw-p 00034000 08:01 525327                     /usr/lib/libpng16.so.16.18.0
7fc5332af000-7fc5332be000 r-xp 00000000 08:01 529544                     /usr/lib/libbz2.so.1.0.6
7fc5332be000-7fc5334bd000 ---p 0000f000 08:01 529544                     /usr/lib/libbz2.so.1.0.6
7fc5334bd000-7fc5334bf000 rw-p 0000e000 08:01 529544                     /usr/lib/libbz2.so.1.0.6
7fc5334bf000-7fc5334d5000 r-xp 00000000 08:01 527876                     /usr/lib/libgcc_s.so.1
7fc5334d5000-7fc5336d4000 ---p 00016000 08:01 527876                     /usr/lib/libgcc_s.so.1
7fc5336d4000-7fc5336d5000 rw-p 00015000 08:01 527876                     /usr/lib/libgcc_s.so.1
7fc5336d5000-7fc53378a000 r-xp 00000000 08:01 543599                     /usr/lib/libfreetype.so.6.12.0
7fc53378a000-7fc533989000 ---p 000b5000 08:01 543599                     /usr/lib/libfreetype.so.6.12.0
7fc533989000-7fc53398f000 r--p 000b4000 08:01 543599                     /usr/lib/libfreetype.so.6.12.0
7fc53398f000-7fc533990000 rw-p 000ba000 08:01 543599                     /usr/lib/libfreetype.so.6.12.0
7fc533990000-7fc5339f2000 r-xp 00000000 08:01 808485                     /usr/lib/jvm/java-8-openjdk/jre/lib/amd64/libfontmanager.so
7fc5339f2000-7fc533bf2000 ---p 00062000 08:01 808485                     /usr/lib/jvm/java-8-openjdk/jre/lib/amd64/libfontmanager.so
7fc533bf2000-7fc533bf6000 rw-p 00062000 08:01 808485                     /usr/lib/jvm/java-8-openjdk/jre/lib/amd64/libfontmanager.so
7fc533bf6000-7fc533bfb000 r-xp 00000000 08:01 527809                     /usr/lib/libXdmcp.so.6.0.0
7fc533bfb000-7fc533dfa000 ---p 00005000 08:01 527809                     /usr/lib/libXdmcp.so.6.0.0
7fc533dfa000-7fc533dfb000 r--p 00004000 08:01 527809                     /usr/lib/libXdmcp.so.6.0.0
7fc533dfb000-7fc533dfc000 rw-p 00005000 08:01 527809                     /usr/lib/libXdmcp.so.6.0.0
7fc533dfc000-7fc533dfe000 r-xp 00000000 08:01 529519                     /usr/lib/libXau.so.6.0.0
7fc533dfe000-7fc533ffe000 ---p 00002000 08:01 529519                     /usr/lib/libXau.so.6.0.0
7fc533ffe000-7fc533fff000 r--p 00002000 08:01 529519                     /usr/lib/libXau.so.6.0.0
7fc533fff000-7fc534000000 rw-p 00003000 08:01 529519                     /usr/lib/libXau.so.6.0.0
7fc534000000-7fc534021000 rw-p 00000000 00:00 0 
7fc534021000-7fc538000000 ---p 00000000 00:00 0 
7fc538000000-7fc538021000 rw-p 00000000 00:00 0 
7fc538021000-7fc53c000000 ---p 00000000 00:00 0 
7fc53c000000-7fc53c21f000 rw-p 00000000 00:00 0 
7fc53c21f000-7fc540000000 ---p 00000000 00:00 0 
7fc540000000-7fc540305000 rw-p 00000000 00:00 0 
7fc540305000-7fc544000000 ---p 00000000 00:00 0 
7fc544000000-7fc544021000 rw-p 00000000 00:00 0 
7fc544021000-7fc548000000 ---p 00000000 00:00 0 
7fc548000000-7fc5481fa000 rw-p 00000000 00:00 0 
7fc5481fa000-7fc54c000000 ---p 00000000 00:00 0 
7fc54c000000-7fc54c021000 rw-p 00000000 00:00 0 
7fc54c021000-7fc550000000 ---p 00000000 00:00 0 
7fc550000000-7fc550021000 rw-p 00000000 00:00 0 
7fc550021000-7fc554000000 ---p 00000000 00:00 0 
7fc554000000-7fc554021000 rw-p 00000000 00:00 0 
7fc554021000-7fc558000000 ---p 00000000 00:00 0 
7fc558000000-7fc558021000 rw-p 00000000 00:00 0 
7fc558021000-7fc55c000000 ---p 00000000 00:00 0 
7fc55c000000-7fc55c021000 rw-p 00000000 00:00 0 
7fc55c021000-7fc560000000 ---p 00000000 00:00 0 
7fc560000000-7fc560021000 rw-p 00000000 00:00 0 
7fc560021000-7fc564000000 ---p 00000000 00:00 0 
7fc564000000-7fc564021000 rw-p 00000000 00:00 0 
7fc564021000-7fc568000000 ---p 00000000 00:00 0 
7fc56807c000-7fc568084000 rw-s 00000000 00:05 20074                      /drm mm object (deleted)
7fc568084000-7fc56808c000 rw-s 00000000 00:05 17388                      /drm mm object (deleted)
7fc56808c000-7fc568094000 rw-s 00000000 00:05 17362                      /drm mm object (deleted)
7fc568094000-7fc56809c000 rw-s 00000000 00:05 19998                      /drm mm object (deleted)
7fc56809c000-7fc5680a4000 rw-s 00000000 00:05 17351                      /drm mm object (deleted)
7fc5680a4000-7fc5680a7000 ---p 00000000 00:00 0 
7fc5680a7000-7fc5680dd000 rw-p 00000000 00:00 0                          [stack:1660]
7fc5680dd000-7fc5680e0000 ---p 00000000 00:00 0 
7fc5680e0000-7fc5681de000 rw-p 00000000 00:00 0                          [stack:1652]
7fc5681de000-7fc5681ff000 r-xp 00000000 08:01 529365                     /usr/lib/libxcb.so.1.1.0
7fc5681ff000-7fc5683ff000 ---p 00021000 08:01 529365                     /usr/lib/libxcb.so.1.1.0
7fc5683ff000-7fc568400000 r--p 00021000 08:01 529365                     /usr/lib/libxcb.so.1.1.0
7fc568400000-7fc568401000 rw-p 00022000 08:01 529365                     /usr/lib/libxcb.so.1.1.0
7fc568401000-7fc568410000 r-xp 00000000 08:01 536189                     /usr/lib/libXi.so.6.1.0
7fc568410000-7fc56860f000 ---p 0000f000 08:01 536189                     /usr/lib/libXi.so.6.1.0
7fc56860f000-7fc568610000 r--p 0000e000 08:01 536189                     /usr/lib/libXi.so.6.1.0
7fc568610000-7fc568611000 rw-p 0000f000 08:01 536189                     /usr/lib/libXi.so.6.1.0
7fc568611000-7fc568616000 r-xp 00000000 08:01 536888                     /usr/lib/libXtst.so.6.1.0
7fc568616000-7fc568815000 ---p 00005000 08:01 536888                     /usr/lib/libXtst.so.6.1.0
7fc568815000-7fc568816000 r--p 00004000 08:01 536888                     /usr/lib/libXtst.so.6.1.0
7fc568816000-7fc568817000 rw-p 00005000 08:01 536888                     /usr/lib/libXtst.so.6.1.0
7fc568817000-7fc568820000 r-xp 00000000 08:01 536201                     /usr/lib/libXrender.so.1.3.0
7fc568820000-7fc568a1f000 ---p 00009000 08:01 536201                     /usr/lib/libXrender.so.1.3.0
7fc568a1f000-7fc568a20000 r--p 00008000 08:01 536201                     /usr/lib/libXrender.so.1.3.0
7fc568a20000-7fc568a21000 rw-p 00009000 08:01 536201                     /usr/lib/libXrender.so.1.3.0
7fc568a21000-7fc568b5c000 r-xp 00000000 08:01 526138                     /usr/lib/libX11.so.6.3.0
7fc568b5c000-7fc568d5b000 ---p 0013b000 08:01 526138                     /usr/lib/libX11.so.6.3.0
7fc568d5b000-7fc568d5d000 r--p 0013a000 08:01 526138                     /usr/lib/libX11.so.6.3.0
7fc568d5d000-7fc568d62000 rw-p 0013c000 08:01 526138                     /usr/lib/libX11.so.6.3.0
7fc568d62000-7fc568d63000 rw-p 00000000 00:00 0 
7fc568d63000-7fc568d74000 r-xp 00000000 08:01 527813                     /usr/lib/libXext.so.6.4.0
7fc568d74000-7fc568f73000 ---p 00011000 08:01 527813                     /usr/lib/libXext.so.6.4.0
7fc568f73000-7fc568f74000 r--p 00010000 08:01 527813                     /usr/lib/libXext.so.6.4.0
7fc568f74000-7fc568f75000 rw-p 00011000 08:01 527813                     /usr/lib/libXext.so.6.4.0
7fc568f77000-7fc568f78000 rw-p 00000000 00:00 0 
7fc568f78000-7fc568f79000 rw-s 1017c0000 00:06 295                       /dev/dri/card0
7fc568f79000-7fc568f97000 r-xp 00000000 08:01 549416                     /usr/lib/libudev.so.1.6.4
7fc568f97000-7fc568f98000 r--p 0001d000 08:01 549416                     /usr/lib/libudev.so.1.6.4
7fc568f98000-7fc568f99000 rw-p 0001e000 08:01 549416                     /usr/lib/libudev.so.1.6.4
7fc568f99000-7fc568fa1000 rw-s 00000000 00:05 17334                      /drm mm object (deleted)
7fc568fa1000-7fc568fa9000 rw-s 00000000 00:05 17330                      /drm mm object (deleted)
7fc568fa9000-7fc568ffc000 r-xp 00000000 08:01 808482                     /usr/lib/jvm/java-8-openjdk/jre/lib/amd64/libawt_xawt.so
7fc568ffc000-7fc5691fc000 ---p 00053000 08:01 808482                     /usr/lib/jvm/java-8-openjdk/jre/lib/amd64/libawt_xawt.so
7fc5691fc000-7fc5691ff000 rw-p 00053000 08:01 808482                     /usr/lib/jvm/java-8-openjdk/jre/lib/amd64/libawt_xawt.so
7fc5691ff000-7fc569200000 rw-p 00000000 00:00 0 
7fc569200000-7fc56929e000 r-xp 00000000 08:01 808479                     /usr/lib/jvm/java-8-openjdk/jre/lib/amd64/libawt.so
7fc56929e000-7fc56949e000 ---p 0009e000 08:01 808479                     /usr/lib/jvm/java-8-openjdk/jre/lib/amd64/libawt.so
7fc56949e000-7fc5694aa000 rw-p 0009e000 08:01 808479                     /usr/lib/jvm/java-8-openjdk/jre/lib/amd64/libawt.so
7fc5694aa000-7fc5694ce000 rw-p 00000000 00:00 0 
7fc5694ce000-7fc5694cf000 ---p 00000000 00:00 0 
7fc5694cf000-7fc5695cf000 rw-p 00000000 00:00 0                          [stack:1648]
7fc5695cf000-7fc5695d2000 ---p 00000000 00:00 0 
7fc5695d2000-7fc5696d0000 rw-p 00000000 00:00 0                          [stack:1647]
7fc5696d0000-7fc5696d3000 ---p 00000000 00:00 0 
7fc5696d3000-7fc5697d1000 rw-p 00000000 00:00 0                          [stack:1646]
7fc5697d1000-7fc5697d4000 ---p 00000000 00:00 0 
7fc5697d4000-7fc5698d2000 rw-p 00000000 00:00 0                          [stack:1645]
7fc5698d2000-7fc5698d5000 ---p 00000000 00:00 0 
7fc5698d5000-7fc5699d3000 rw-p 00000000 00:00 0                          [stack:1644]
7fc5699d3000-7fc5699d6000 ---p 00000000 00:00 0 
7fc5699d6000-7fc569ad4000 rw-p 00000000 00:00 0                          [stack:1643]
7fc569ad4000-7fc569c62000 r--p 00000000 08:01 543557                     /usr/lib/locale/locale-archive
7fc569c62000-7fc569c65000 ---p 00000000 00:00 0 
7fc569c65000-7fc569d63000 rw-p 00000000 00:00 0                          [stack:1642]
7fc569d63000-7fc569d66000 ---p 00000000 00:00 0 
7fc569d66000-7fc569e64000 rw-p 00000000 00:00 0                          [stack:1641]
7fc569e64000-7fc569e65000 ---p 00000000 00:00 0 
7fc569e65000-7fc56d000000 rw-p 00000000 00:00 0                          [stack:1640]
7fc56d000000-7fc56d370000 rwxp 00000000 00:00 0 
7fc56d370000-7fc57c000000 ---p 00000000 00:00 0 
7fc57c000000-7fc57c36f000 rw-p 00000000 00:00 0 
7fc57c36f000-7fc580000000 ---p 00000000 00:00 0 
7fc580000000-7fc580001000 rwxp 00000000 00:00 0 
7fc580001000-7fc580002000 rw-s 00000000 00:05 17331                      /drm mm object (deleted)
7fc580002000-7fc580003000 rw-s 1017bf000 00:06 295                       /dev/dri/card0
7fc580003000-7fc580004000 r--p 00000000 00:00 0 
7fc580004000-7fc580008000 r--s 00095000 08:01 807885                     /usr/lib/jvm/java-8-openjdk/jre/lib/jsse.jar
7fc580008000-7fc58001b000 r--s 00345000 08:01 807886                     /usr/lib/jvm/java-8-openjdk/jre/lib/resources.jar
7fc58001b000-7fc58001e000 r--s 00017000 08:11 408                        /run/media/b/Files/SWEN222/Lunarcy-Repo/Lunarcy/tritonus_share.jar
7fc58001e000-7fc58001f000 r--s 00002000 08:11 407                        /run/media/b/Files/SWEN222/Lunarcy-Repo/Lunarcy/tritonus_aos.jar
7fc58001f000-7fc580020000 r--s 00005000 08:11 406                        /run/media/b/Files/SWEN222/Lunarcy-Repo/Lunarcy/mp3spi1.9.4.jar
7fc580020000-7fc580023000 r--s 00016000 08:11 405                        /run/media/b/Files/SWEN222/Lunarcy-Repo/Lunarcy/minim.jar
7fc580023000-7fc580025000 r--s 0000a000 08:11 404                        /run/media/b/Files/SWEN222/Lunarcy-Repo/Lunarcy/jsminim.jar
7fc580025000-7fc580028000 r--s 00017000 08:11 403                        /run/media/b/Files/SWEN222/Lunarcy-Repo/Lunarcy/jl1.0.jar
7fc580028000-7fc580049000 r--s 002d0000 08:11 402                        /run/media/b/Files/SWEN222/Lunarcy-Repo/Lunarcy/jogl-all.jar
7fc580049000-7fc58004a000 r--s 0002d000 08:11 401                        /run/media/b/Files/SWEN222/Lunarcy-Repo/Lunarcy/jogl-all-natives-windows-i586.jar
7fc58004a000-7fc58004b000 r--s 00034000 08:11 400                        /run/media/b/Files/SWEN222/Lunarcy-Repo/Lunarcy/jogl-all-natives-windows-amd64.jar
7fc58004b000-7fc58004c000 r--s 00063000 08:11 399                        /run/media/b/Files/SWEN222/Lunarcy-Repo/Lunarcy/jogl-all-natives-macosx-universal.jar
7fc58004c000-7fc58004e000 r--s 00030000 08:11 398                        /run/media/b/Files/SWEN222/Lunarcy-Repo/Lunarcy/jogl-all-natives-linux-i586.jar
7fc58004e000-7fc58004f000 r--s 00022000 08:11 397                        /run/media/b/Files/SWEN222/Lunarcy-Repo/Lunarcy/jogl-all-natives-linux-armv6hf.jar
7fc58004f000-7fc580503000 rw-p 00000000 00:00 0 
7fc580503000-7fc5806d1000 r--s 03bde000 08:01 808439                     /usr/lib/jvm/java-8-openjdk/jre/lib/rt.jar
7fc5806d1000-7fc580920000 rw-p 00000000 00:00 0 
7fc580920000-7fc580921000 ---p 00000000 00:00 0 
7fc580921000-7fc580a21000 rw-p 00000000 00:00 0                          [stack:1639]
7fc580a21000-7fc580a22000 ---p 00000000 00:00 0 
7fc580a22000-7fc580b22000 rw-p 00000000 00:00 0                          [stack:1638]
7fc580b22000-7fc580b23000 ---p 00000000 00:00 0 
7fc580b23000-7fc580c23000 rw-p 00000000 00:00 0                          [stack:1635]
7fc580c23000-7fc580c24000 ---p 00000000 00:00 0 
7fc580c24000-7fc580d38000 rw-p 00000000 00:00 0                          [stack:1633]
7fc580d38000-7fc580e60000 ---p 00000000 00:00 0 
7fc580e60000-7fc580e74000 rw-p 00000000 00:00 0 
7fc580e74000-7fc580f9b000 ---p 00000000 00:00 0 
7fc580f9b000-7fc580fad000 rw-p 00000000 00:00 0 
7fc580fad000-7fc581039000 ---p 00000000 00:00 0 
7fc581039000-7fc581048000 rw-p 00000000 00:00 0 
7fc581048000-7fc5813fa000 ---p 00000000 00:00 0 
7fc5813fa000-7fc581402000 r-xp 00000000 08:01 808467                     /usr/lib/jvm/java-8-openjdk/jre/lib/amd64/libzip.so
7fc581402000-7fc581601000 ---p 00008000 08:01 808467                     /usr/lib/jvm/java-8-openjdk/jre/lib/amd64/libzip.so
7fc581601000-7fc581602000 rw-p 00007000 08:01 808467                     /usr/lib/jvm/java-8-openjdk/jre/lib/amd64/libzip.so
7fc581602000-7fc58160d000 r-xp 00000000 08:01 531183                     /usr/lib/libnss_files-2.22.so
7fc58160d000-7fc58180c000 ---p 0000b000 08:01 531183                     /usr/lib/libnss_files-2.22.so
7fc58180c000-7fc58180d000 r--p 0000a000 08:01 531183                     /usr/lib/libnss_files-2.22.so
7fc58180d000-7fc58180e000 rw-p 0000b000 08:01 531183                     /usr/lib/libnss_files-2.22.so
7fc58180e000-7fc581814000 rw-p 00000000 00:00 0 
7fc581814000-7fc581840000 r-xp 00000000 08:01 808466                     /usr/lib/jvm/java-8-openjdk/jre/lib/amd64/libjava.so
7fc581840000-7fc581a40000 ---p 0002c000 08:01 808466                     /usr/lib/jvm/java-8-openjdk/jre/lib/amd64/libjava.so
7fc581a40000-7fc581a42000 rw-p 0002c000 08:01 808466                     /usr/lib/jvm/java-8-openjdk/jre/lib/amd64/libjava.so
7fc581a42000-7fc581a4f000 r-xp 00000000 08:01 808459                     /usr/lib/jvm/java-8-openjdk/jre/lib/amd64/libverify.so
7fc581a4f000-7fc581c4e000 ---p 0000d000 08:01 808459                     /usr/lib/jvm/java-8-openjdk/jre/lib/amd64/libverify.so
7fc581c4e000-7fc581c50000 rw-p 0000c000 08:01 808459                     /usr/lib/jvm/java-8-openjdk/jre/lib/amd64/libverify.so
7fc581c50000-7fc581c57000 r-xp 00000000 08:01 531191                     /usr/lib/librt-2.22.so
7fc581c57000-7fc581e56000 ---p 00007000 08:01 531191                     /usr/lib/librt-2.22.so
7fc581e56000-7fc581e57000 r--p 00006000 08:01 531191                     /usr/lib/librt-2.22.so
7fc581e57000-7fc581e58000 rw-p 00007000 08:01 531191                     /usr/lib/librt-2.22.so
7fc581e58000-7fc581f55000 r-xp 00000000 08:01 531188                     /usr/lib/libm-2.22.so
7fc581f55000-7fc582154000 ---p 000fd000 08:01 531188                     /usr/lib/libm-2.22.so
7fc582154000-7fc582155000 r--p 000fc000 08:01 531188                     /usr/lib/libm-2.22.so
7fc582155000-7fc582156000 rw-p 000fd000 08:01 531188                     /usr/lib/libm-2.22.so
7fc582156000-7fc582da9000 r-xp 00000000 08:01 945578                     /usr/lib/jvm/java-8-openjdk/jre/lib/amd64/server/libjvm.so
7fc582da9000-7fc582fa8000 ---p 00c53000 08:01 945578                     /usr/lib/jvm/java-8-openjdk/jre/lib/amd64/server/libjvm.so
7fc582fa8000-7fc583064000 rw-p 00c52000 08:01 945578                     /usr/lib/jvm/java-8-openjdk/jre/lib/amd64/server/libjvm.so
7fc583064000-7fc583092000 rw-p 00000000 00:00 0 
7fc583092000-7fc58322d000 r-xp 00000000 08:01 531138                     /usr/lib/libc-2.22.so
7fc58322d000-7fc58342c000 ---p 0019b000 08:01 531138                     /usr/lib/libc-2.22.so
7fc58342c000-7fc583430000 r--p 0019a000 08:01 531138                     /usr/lib/libc-2.22.so
7fc583430000-7fc583432000 rw-p 0019e000 08:01 531138                     /usr/lib/libc-2.22.so
7fc583432000-7fc583436000 rw-p 00000000 00:00 0 
7fc583436000-7fc583439000 r-xp 00000000 08:01 531187                     /usr/lib/libdl-2.22.so
7fc583439000-7fc583638000 ---p 00003000 08:01 531187                     /usr/lib/libdl-2.22.so
7fc583638000-7fc583639000 r--p 00002000 08:01 531187                     /usr/lib/libdl-2.22.so
7fc583639000-7fc58363a000 rw-p 00003000 08:01 531187                     /usr/lib/libdl-2.22.so
7fc58363a000-7fc583647000 r-xp 00000000 08:01 945575                     /usr/lib/jvm/java-8-openjdk/jre/lib/amd64/jli/libjli.so
7fc583647000-7fc583846000 ---p 0000d000 08:01 945575                     /usr/lib/jvm/java-8-openjdk/jre/lib/amd64/jli/libjli.so
7fc583846000-7fc583847000 rw-p 0000c000 08:01 945575                     /usr/lib/jvm/java-8-openjdk/jre/lib/amd64/jli/libjli.so
7fc583847000-7fc58385c000 r-xp 00000000 08:01 526057                     /usr/lib/libz.so.1.2.8
7fc58385c000-7fc583a5b000 ---p 00015000 08:01 526057                     /usr/lib/libz.so.1.2.8
7fc583a5b000-7fc583a5c000 r--p 00014000 08:01 526057                     /usr/lib/libz.so.1.2.8
7fc583a5c000-7fc583a5d000 rw-p 00015000 08:01 526057                     /usr/lib/libz.so.1.2.8
7fc583a5d000-7fc583a75000 r-xp 00000000 08:01 529395                     /usr/lib/libpthread-2.22.so
7fc583a75000-7fc583c74000 ---p 00018000 08:01 529395                     /usr/lib/libpthread-2.22.so
7fc583c74000-7fc583c75000 r--p 00017000 08:01 529395                     /usr/lib/libpthread-2.22.so
7fc583c75000-7fc583c76000 rw-p 00018000 08:01 529395                     /usr/lib/libpthread-2.22.so
7fc583c76000-7fc583c7a000 rw-p 00000000 00:00 0 
7fc583c7a000-7fc583c9c000 r-xp 00000000 08:01 531026                     /usr/lib/ld-2.22.so
7fc583c9c000-7fc583d61000 rw-p 00000000 00:00 0 
7fc583d61000-7fc583d64000 ---p 00000000 00:00 0 
7fc583d64000-7fc583e66000 rw-p 00000000 00:00 0                          [stack:1632]
7fc583e66000-7fc583e67000 r--s 00031000 08:11 396                        /run/media/b/Files/SWEN222/Lunarcy-Repo/Lunarcy/jogl-all-natives-linux-amd64.jar
7fc583e67000-7fc583e6d000 r--s 00041000 08:11 395                        /run/media/b/Files/SWEN222/Lunarcy-Repo/Lunarcy/gluegen-rt.jar
7fc583e6d000-7fc583e6e000 r--s 00001000 08:11 394                        /run/media/b/Files/SWEN222/Lunarcy-Repo/Lunarcy/gluegen-rt-natives-windows-i586.jar
7fc583e6e000-7fc583e6f000 r--s 00001000 08:11 393                        /run/media/b/Files/SWEN222/Lunarcy-Repo/Lunarcy/gluegen-rt-natives-windows-amd64.jar
7fc583e6f000-7fc583e70000 r--s 00001000 08:11 392                        /run/media/b/Files/SWEN222/Lunarcy-Repo/Lunarcy/gluegen-rt-natives-macosx-universal.jar
7fc583e70000-7fc583e71000 r--s 00000000 08:11 391                        /run/media/b/Files/SWEN222/Lunarcy-Repo/Lunarcy/gluegen-rt-natives-linux-i586.jar
7fc583e71000-7fc583e72000 r--s 00000000 08:11 390                        /run/media/b/Files/SWEN222/Lunarcy-Repo/Lunarcy/gluegen-rt-natives-linux-armv6hf.jar
7fc583e72000-7fc583e73000 r--s 00000000 08:11 389                        /run/media/b/Files/SWEN222/Lunarcy-Repo/Lunarcy/gluegen-rt-natives-linux-amd64.jar
7fc583e73000-7fc583e79000 r--s 002f8000 08:01 807887                     /usr/lib/jvm/java-8-openjdk/jre/lib/charsets.jar
7fc583e79000-7fc583e7d000 r--s 00097000 08:11 388                        /run/media/b/Files/SWEN222/Lunarcy-Repo/Lunarcy/core.jar
7fc583e7d000-7fc583e90000 rw-p 00000000 00:00 0 
7fc583e90000-7fc583e98000 rw-s 00000000 00:1f 24                         /tmp/hsperfdata_b/1630
7fc583e98000-7fc583e99000 rw-p 00000000 00:00 0 
7fc583e99000-7fc583e9a000 r--p 00000000 00:00 0 
7fc583e9a000-7fc583e9b000 rw-p 00000000 00:00 0 
7fc583e9b000-7fc583e9c000 r--p 00021000 08:01 531026                     /usr/lib/ld-2.22.so
7fc583e9c000-7fc583e9d000 rw-p 00022000 08:01 531026                     /usr/lib/ld-2.22.so
7fc583e9d000-7fc583e9e000 rw-p 00000000 00:00 0 
7ffd7d0e3000-7ffd7d104000 rw-p 00000000 00:00 0                          [stack]
7ffd7d169000-7ffd7d16b000 r--p 00000000 00:00 0                          [vvar]
7ffd7d16b000-7ffd7d16d000 r-xp 00000000 00:00 0                          [vdso]
ffffffffff600000-ffffffffff601000 r-xp 00000000 00:00 0                  [vsyscall]

VM Arguments:
jvm_args: -Dfile.encoding=UTF-8 
java_command: user_interface.Frame
java_class_path (initial): /run/media/b/Files/SWEN222/Lunarcy-Repo/Lunarcy/bin:/run/media/b/Files/SWEN222/Lunarcy-Repo/Lunarcy/core.jar:/run/media/b/Files/SWEN222/Lunarcy-Repo/Lunarcy/gluegen-rt-natives-linux-amd64.jar:/run/media/b/Files/SWEN222/Lunarcy-Repo/Lunarcy/gluegen-rt-natives-linux-armv6hf.jar:/run/media/b/Files/SWEN222/Lunarcy-Repo/Lunarcy/gluegen-rt-natives-linux-i586.jar:/run/media/b/Files/SWEN222/Lunarcy-Repo/Lunarcy/gluegen-rt-natives-macosx-universal.jar:/run/media/b/Files/SWEN222/Lunarcy-Repo/Lunarcy/gluegen-rt-natives-windows-amd64.jar:/run/media/b/Files/SWEN222/Lunarcy-Repo/Lunarcy/gluegen-rt-natives-windows-i586.jar:/run/media/b/Files/SWEN222/Lunarcy-Repo/Lunarcy/gluegen-rt.jar:/run/media/b/Files/SWEN222/Lunarcy-Repo/Lunarcy/jogl-all-natives-linux-amd64.jar:/run/media/b/Files/SWEN222/Lunarcy-Repo/Lunarcy/jogl-all-natives-linux-armv6hf.jar:/run/media/b/Files/SWEN222/Lunarcy-Repo/Lunarcy/jogl-all-natives-linux-i586.jar:/run/media/b/Files/SWEN222/Lunarcy-Repo/Lunarcy/jogl-all-natives-macosx-universal.jar:/run/media/b/Files/SWEN222/Lunarcy-Repo/Lunarcy/jogl-all-natives-windows-amd64.jar:/run/media/b/Files/SWEN222/Lunarcy-Repo/Lunarcy/jogl-all-natives-windows-i586.jar:/run/media/b/Files/SWEN222/Lunarcy-Repo/Lunarcy/jogl-all.jar:/run/media/b/Files/SWEN222/Lunarcy-Repo/Lunarcy/jl1.0.jar:/run/media/b/Files/SWEN222/Lunarcy-Repo/Lunarcy/jsminim.jar:/run/media/b/Files/SWEN222/Lunarcy-Repo/Lunarcy/minim.jar:/run/media/b/Files/SWEN222/Lunarcy-Repo/Lunarcy/mp3spi1.9.4.jar:/run/media/b/Files/SWEN222/Lunarcy-Repo/Lunarcy/tritonus_aos.jar:/run/media/b/Files/SWEN222/Lunarcy-Repo/Lunarcy/tritonus_share.jar
Launcher Type: SUN_STANDARD

Environment Variables:
PATH=/usr/local/sbin:/usr/local/bin:/usr/bin:/usr/lib/jvm/default/bin:/usr/bin/site_perl:/usr/bin/vendor_perl:/usr/bin/core_perl
SHELL=/bin/bash
DISPLAY=:0.0

Signal Handlers:
SIGSEGV: [libjvm.so+0xa581a0], sa_mask[0]=11111111011111111101111111111110, sa_flags=SA_RESTART|SA_SIGINFO
SIGBUS: [libjvm.so+0xa581a0], sa_mask[0]=11111111011111111101111111111110, sa_flags=SA_RESTART|SA_SIGINFO
SIGFPE: [libjvm.so+0x8a4420], sa_mask[0]=11111111011111111101111111111110, sa_flags=SA_RESTART|SA_SIGINFO
SIGPIPE: [libjvm.so+0x8a4420], sa_mask[0]=11111111011111111101111111111110, sa_flags=SA_RESTART|SA_SIGINFO
SIGXFSZ: [libjvm.so+0x8a4420], sa_mask[0]=11111111011111111101111111111110, sa_flags=SA_RESTART|SA_SIGINFO
SIGILL: [libjvm.so+0x8a4420], sa_mask[0]=11111111011111111101111111111110, sa_flags=SA_RESTART|SA_SIGINFO
SIGUSR1: SIG_IGN, sa_mask[0]=00000000000000000000000000000000, sa_flags=none
SIGUSR2: [libjvm.so+0x8a42d0], sa_mask[0]=00100000000000000000000000000000, sa_flags=SA_RESTART|SA_SIGINFO
SIGHUP: [libjvm.so+0x8a47a0], sa_mask[0]=11111111011111111101111111111110, sa_flags=SA_RESTART|SA_SIGINFO
SIGINT: SIG_IGN, sa_mask[0]=00000000000000000000000000000000, sa_flags=none
SIGTERM: [libjvm.so+0x8a47a0], sa_mask[0]=11111111011111111101111111111110, sa_flags=SA_RESTART|SA_SIGINFO
SIGQUIT: [libjvm.so+0x8a47a0], sa_mask[0]=11111111011111111101111111111110, sa_flags=SA_RESTART|SA_SIGINFO


---------------  S Y S T E M  ---------------

OS:DISTRIB_ID=ManjaroLinux
DISTRIB_RELEASE=15.09-rc3
DISTRIB_CODENAME=Bellatrix
DISTRIB_DESCRIPTION="Manjaro Linux"

uname:Linux 3.19.8.6-1-MANJARO #1 SMP PREEMPT Wed Sep 2 23:37:55 UTC 2015 x86_64
libc:glibc 2.22 NPTL 2.22 
rlimit: STACK 8192k, CORE 0k, NPROC 15081, NOFILE 4096, AS infinity
load average:0.83 0.52 0.26

/proc/meminfo:
MemTotal:        3867980 kB
MemFree:         1333572 kB
MemAvailable:    2166404 kB
Buffers:           73368 kB
Cached:          1111128 kB
SwapCached:            0 kB
Active:          1764736 kB
Inactive:         604768 kB
Active(anon):    1194856 kB
Inactive(anon):   197516 kB
Active(file):     569880 kB
Inactive(file):   407252 kB
Unevictable:       17524 kB
Mlocked:           17564 kB
SwapTotal:             0 kB
SwapFree:              0 kB
Dirty:             17436 kB
Writeback:        214188 kB
AnonPages:       1202536 kB
Mapped:           286184 kB
Shmem:            199376 kB
Slab:              72164 kB
SReclaimable:      49284 kB
SUnreclaim:        22880 kB
KernelStack:        6256 kB
PageTables:        19336 kB
NFS_Unstable:          0 kB
Bounce:                0 kB
WritebackTmp:          0 kB
CommitLimit:     1933988 kB
Committed_AS:    3310264 kB
VmallocTotal:   34359738367 kB
VmallocUsed:      560028 kB
VmallocChunk:   34359165516 kB
HardwareCorrupted:     0 kB
AnonHugePages:    411648 kB
HugePages_Total:       0
HugePages_Free:        0
HugePages_Rsvd:        0
HugePages_Surp:        0
Hugepagesize:       2048 kB
DirectMap4k:       82688 kB
DirectMap2M:     3926016 kB


CPU:total 4 (2 cores per cpu, 2 threads per core) family 6 model 58 stepping 9, cmov, cx8, fxsr, mmx, sse, sse2, sse3, ssse3, sse4.1, sse4.2, popcnt, avx, aes, clmul, erms, ht, tsc, tscinvbit, tscinv

/proc/cpuinfo:
processor	: 0
vendor_id	: GenuineIntel
cpu family	: 6
model		: 58
model name	: Intel(R) Core(TM) i5-3337U CPU @ 1.80GHz
stepping	: 9
microcode	: 0x1b
cpu MHz		: 2499.960
cache size	: 3072 KB
physical id	: 0
siblings	: 4
core id		: 0
cpu cores	: 2
apicid		: 0
initial apicid	: 0
fpu		: yes
fpu_exception	: yes
cpuid level	: 13
wp		: yes
flags		: fpu vme de pse tsc msr pae mce cx8 apic sep mtrr pge mca cmov pat pse36 clflush dts acpi mmx fxsr sse sse2 ss ht tm pbe syscall nx rdtscp lm constant_tsc arch_perfmon pebs bts rep_good nopl xtopology nonstop_tsc aperfmperf eagerfpu pni pclmulqdq dtes64 monitor ds_cpl vmx est tm2 ssse3 cx16 xtpr pdcm pcid sse4_1 sse4_2 x2apic popcnt tsc_deadline_timer aes xsave avx f16c rdrand lahf_lm ida arat epb pln pts dtherm tpr_shadow vnmi flexpriority ept vpid fsgsbase smep erms xsaveopt
bugs		:
bogomips	: 3593.36
clflush size	: 64
cache_alignment	: 64
address sizes	: 36 bits physical, 48 bits virtual
power management:

processor	: 1
vendor_id	: GenuineIntel
cpu family	: 6
model		: 58
model name	: Intel(R) Core(TM) i5-3337U CPU @ 1.80GHz
stepping	: 9
microcode	: 0x1b
cpu MHz		: 2499.960
cache size	: 3072 KB
physical id	: 0
siblings	: 4
core id		: 0
cpu cores	: 2
apicid		: 1
initial apicid	: 1
fpu		: yes
fpu_exception	: yes
cpuid level	: 13
wp		: yes
flags		: fpu vme de pse tsc msr pae mce cx8 apic sep mtrr pge mca cmov pat pse36 clflush dts acpi mmx fxsr sse sse2 ss ht tm pbe syscall nx rdtscp lm constant_tsc arch_perfmon pebs bts rep_good nopl xtopology nonstop_tsc aperfmperf eagerfpu pni pclmulqdq dtes64 monitor ds_cpl vmx est tm2 ssse3 cx16 xtpr pdcm pcid sse4_1 sse4_2 x2apic popcnt tsc_deadline_timer aes xsave avx f16c rdrand lahf_lm ida arat epb pln pts dtherm tpr_shadow vnmi flexpriority ept vpid fsgsbase smep erms xsaveopt
bugs		:
bogomips	: 3593.36
clflush size	: 64
cache_alignment	: 64
address sizes	: 36 bits physical, 48 bits virtual
power management:

processor	: 2
vendor_id	: GenuineIntel
cpu family	: 6
model		: 58
model name	: Intel(R) Core(TM) i5-3337U CPU @ 1.80GHz
stepping	: 9
microcode	: 0x1b
cpu MHz		: 2499.960
cache size	: 3072 KB
physical id	: 0
siblings	: 4
core id		: 1
cpu cores	: 2
apicid		: 2
initial apicid	: 2
fpu		: yes
fpu_exception	: yes
cpuid level	: 13
wp		: yes
flags		: fpu vme de pse tsc msr pae mce cx8 apic sep mtrr pge mca cmov pat pse36 clflush dts acpi mmx fxsr sse sse2 ss ht tm pbe syscall nx rdtscp lm constant_tsc arch_perfmon pebs bts rep_good nopl xtopology nonstop_tsc aperfmperf eagerfpu pni pclmulqdq dtes64 monitor ds_cpl vmx est tm2 ssse3 cx16 xtpr pdcm pcid sse4_1 sse4_2 x2apic popcnt tsc_deadline_timer aes xsave avx f16c rdrand lahf_lm ida arat epb pln pts dtherm tpr_shadow vnmi flexpriority ept vpid fsgsbase smep erms xsaveopt
bugs		:
bogomips	: 3593.36
clflush size	: 64
cache_alignment	: 64
address sizes	: 36 bits physical, 48 bits virtual
power management:

processor	: 3
vendor_id	: GenuineIntel
cpu family	: 6
model		: 58
model name	: Intel(R) Core(TM) i5-3337U CPU @ 1.80GHz
stepping	: 9
microcode	: 0x1b
cpu MHz		: 2559.164
cache size	: 3072 KB
physical id	: 0
siblings	: 4
core id		: 1
cpu cores	: 2
apicid		: 3
initial apicid	: 3
fpu		: yes
fpu_exception	: yes
cpuid level	: 13
wp		: yes
flags		: fpu vme de pse tsc msr pae mce cx8 apic sep mtrr pge mca cmov pat pse36 clflush dts acpi mmx fxsr sse sse2 ss ht tm pbe syscall nx rdtscp lm constant_tsc arch_perfmon pebs bts rep_good nopl xtopology nonstop_tsc aperfmperf eagerfpu pni pclmulqdq dtes64 monitor ds_cpl vmx est tm2 ssse3 cx16 xtpr pdcm pcid sse4_1 sse4_2 x2apic popcnt tsc_deadline_timer aes xsave avx f16c rdrand lahf_lm ida arat epb pln pts dtherm tpr_shadow vnmi flexpriority ept vpid fsgsbase smep erms xsaveopt
bugs		:
bogomips	: 3593.36
clflush size	: 64
cache_alignment	: 64
address sizes	: 36 bits physical, 48 bits virtual
power management:



Memory: 4k page, physical 3867980k(1333572k free), swap 0k(0k free)

vm_info: OpenJDK 64-Bit Server VM (25.60-b23) for linux-amd64 JRE (1.8.0_60-b24), built on Aug 23 2015 18:39:15 by "builduser" with gcc 5.2.0

time: Mon Sep 21 13:02:54 2015
elapsed time: 1 seconds (0d 0h 0m 1s)

