#
# A fatal error has been detected by the Java Runtime Environment:
#
#  SIGSEGV (0xb) at pc=0x00007fec9589f427, pid=4734, tid=140654653576960
#
# JRE version: OpenJDK Runtime Environment (8.0_60-b24) (build 1.8.0_60-b24)
# Java VM: OpenJDK 64-Bit Server VM (25.60-b23 mixed mode linux-amd64 compressed oops)
# Problematic frame:
# C  [i965_dri.so+0x402427]
#
# Failed to write core dump. Core dumps have been disabled. To enable core dumping, try "ulimit -c unlimited" before starting Java again
#
# If you would like to submit a bug report, please visit:
#   http://bugreport.java.com/bugreport/crash.jsp
# The crash happened outside the Java Virtual Machine in native code.
# See problematic frame for where to report the bug.
#

---------------  T H R E A D  ---------------

Current thread (0x00007fed00395000):  JavaThread "AWT-EventQueue-0" [_thread_in_native, id=4757, stack(0x00007fecb6999000,0x00007fecb6a9a000)]

siginfo: si_signo: 11 (SIGSEGV), si_code: 2 (SEGV_ACCERR), si_addr: 0x00007fec93eb9000

Registers:
RAX=0x0000000000000000, RBX=0x00007fec93eb9000, RCX=0x0000000000000040, RDX=0x0000000000000000
RSP=0x00007fecb6a970a0, RBP=0x0000000000000040, RSI=0x0000000000000200, RDI=0x00007feca5899bf0
R8 =0x0000000000000000, R9 =0x0000000000000100, R10=0x0000000000001400, R11=0x0000000000000000
R12=0x0000000000000080, R13=0x0000000000000000, R14=0x00007feca5899bf0, R15=0x0000000000000000
RIP=0x00007fec9589f427, EFLAGS=0x0000000000010202, CSGSFS=0xffff000000000033, ERR=0x0000000000000004
  TRAPNO=0x000000000000000e

Top of Stack: (sp=0x00007fecb6a970a0)
0x00007fecb6a970a0:   0000000000000000 0000000000000000
0x00007fecb6a970b0:   0000000000000000 00007fec00000000
0x00007fecb6a970c0:   0000000000000100 0000000000000000
0x00007fecb6a970d0:   0000000000000080 0000000000000000
0x00007fecb6a970e0:   0000000000000000 0000000000001400
0x00007fecb6a970f0:   0000000000000000 0000000000000000
0x00007fecb6a97100:   0000000000001400 0000000000000040
0x00007fecb6a97110:   0000000000000080 00000000fffffff0
0x00007fecb6a97120:   0000000000000a80 00007fec9589fd63
0x00007fecb6a97130:   00007feca5899bf0 00007fec93eb9000
0x00007fecb6a97140:   0000000000001400 0000000000000040
0x00007fecb6a97150:   00007fed07c9be70 0000000000000000
0x00007fecb6a97160:   0000000000370000 0000000000370000
0x00007fecb6a97170:   0000001000001400 00007fec9589f000
0x00007fecb6a97180:   0000000f00000000 0000000000000020
0x00007fecb6a97190:   00007feca55291f0 00007fec93b35000
0x00007fecb6a971a0:   00000020000002e0 000002e000000000
0x00007fecb6a971b0:   0000000000001400 000002d000000000
0x00007fecb6a971c0:   000000004d430002 00007feca55291f0
0x00007fecb6a971d0:   00000000000002d0 0000000000000500
0x00007fecb6a971e0:   00007feca40acaa8 00007feca5421150
0x00007fecb6a971f0:   00007feca5431980 00007fec9589a17e
0x00007fecb6a97200:   0000000000001400 0000000000001400
0x00007fecb6a97210:   0000000000000001 0000000000000002
0x00007fecb6a97220:   00007fed07c9be70 00000000ffffec00
0x00007fecb6a97230:   0000000000000500 00007feca5431980
0x00007fecb6a97240:   0000190800000000 0000000000000000
0x00007fecb6a97250:   00007feca5421150 00007feca5431980
0x00007fecb6a97260:   0000000000000500 00000004955c3be8
0x00007fecb6a97270:   00007fed07c9be70 fefb846416d83f00
0x00007fecb6a97280:   0000000000000000 0000000000000500
0x00007fecb6a97290:   00000000000002d0 0000000000001908 

Instructions: (pc=0x00007fec9589f427)
0x00007fec9589f407:   73 6f 8b 4c 24 10 8b 74 24 08 44 89 f8 0f 1f 40
0x00007fec9589f417:   00 41 8d 54 35 00 81 c6 00 02 00 00 31 ca 31 e9
0x00007fec9589f427:   4c 8b 0c 13 4c 8b 54 13 08 89 c2 83 c0 10 41 39
0x00007fec9589f437:   c4 4d 89 0c 16 4d 89 54 16 08 77 d5 48 8b 44 24 

Register to memory mapping:

RAX=0x0000000000000000 is an unknown value
RBX=0x00007fec93eb9000: <offset 0x4000> in /usr/lib/libattr.so.1 at 0x00007fec93eb5000
RCX=0x0000000000000040 is an unknown value
RDX=0x0000000000000000 is an unknown value
RSP=0x00007fecb6a970a0 is pointing into the stack for thread: 0x00007fed00395000
RBP=0x0000000000000040 is an unknown value
RSI=0x0000000000000200 is an unknown value
RDI=0x00007feca5899bf0 is an unknown value
R8 =0x0000000000000000 is an unknown value
R9 =0x0000000000000100 is an unknown value
R10=0x0000000000001400 is an unknown value
R11=0x0000000000000000 is an unknown value
R12=0x0000000000000080 is an unknown value
R13=0x0000000000000000 is an unknown value
R14=0x00007feca5899bf0 is an unknown value
R15=0x0000000000000000 is an unknown value


Stack: [0x00007fecb6999000,0x00007fecb6a9a000],  sp=0x00007fecb6a970a0,  free space=1016k
Native frames: (J=compiled Java code, j=interpreted, Vv=VM code, C=native code)
C  [i965_dri.so+0x402427]

Java frames: (J=compiled Java code, j=interpreted, Vv=VM code)
j  jogamp.opengl.gl4.GL4bcImpl.dispatch_glReadPixels1(IIIIIILjava/lang/Object;IZJ)V+0
j  jogamp.opengl.gl4.GL4bcImpl.glReadPixels(IIIIIILjava/nio/Buffer;)V+123
j  processing.opengl.PJOGL.readPixelsImpl(IIIIIILjava/nio/Buffer;)V+15
j  processing.opengl.PGraphicsOpenGL.readPixels()V+29
j  processing.opengl.PGraphicsOpenGL.saveSurfaceToPixels()V+5
j  processing.opengl.PGraphicsOpenGL.endDraw()V+46
j  processing.core.PApplet.handleDraw()V+270
j  processing.opengl.PJOGL$PGLListener.display(Ljavax/media/opengl/GLAutoDrawable;)V+476
j  jogamp.opengl.GLDrawableHelper.displayImpl(Ljavax/media/opengl/GLAutoDrawable;)V+81
j  jogamp.opengl.GLDrawableHelper.display(Ljavax/media/opengl/GLAutoDrawable;)V+2
j  javax.media.opengl.awt.GLCanvas$10.run()V+118
j  jogamp.opengl.GLDrawableHelper.invokeGLImpl(Ljavax/media/opengl/GLDrawable;Ljavax/media/opengl/GLContext;Ljava/lang/Runnable;Ljava/lang/Runnable;)V+206
j  jogamp.opengl.GLDrawableHelper.invokeGL(Ljavax/media/opengl/GLDrawable;Ljavax/media/opengl/GLContext;Ljava/lang/Runnable;Ljava/lang/Runnable;)V+80
j  javax.media.opengl.awt.GLCanvas$11.run()V+73
j  java.awt.event.InvocationEvent.dispatch()V+11
j  java.awt.EventQueue.dispatchEventImpl(Ljava/awt/AWTEvent;Ljava/lang/Object;)V+21
j  java.awt.EventQueue.access$500(Ljava/awt/EventQueue;Ljava/awt/AWTEvent;Ljava/lang/Object;)V+3
j  java.awt.EventQueue$3.run()Ljava/lang/Void;+32
j  java.awt.EventQueue$3.run()Ljava/lang/Object;+1
v  ~StubRoutines::call_stub
j  java.security.AccessController.doPrivileged(Ljava/security/PrivilegedAction;Ljava/security/AccessControlContext;)Ljava/lang/Object;+0
j  java.security.ProtectionDomain$JavaSecurityAccessImpl.doIntersectionPrivilege(Ljava/security/PrivilegedAction;Ljava/security/AccessControlContext;Ljava/security/AccessControlContext;)Ljava/lang/Object;+18
j  java.awt.EventQueue.dispatchEvent(Ljava/awt/AWTEvent;)V+46
j  java.awt.EventDispatchThread.pumpOneEventForFilters(I)V+245
j  java.awt.EventDispatchThread.pumpEventsForFilter(ILjava/awt/Conditional;Ljava/awt/EventFilter;)V+35
j  java.awt.EventDispatchThread.pumpEventsForHierarchy(ILjava/awt/Conditional;Ljava/awt/Component;)V+11
j  java.awt.EventDispatchThread.pumpEvents(ILjava/awt/Conditional;)V+4
j  java.awt.EventDispatchThread.pumpEvents(Ljava/awt/Conditional;)V+3
j  java.awt.EventDispatchThread.run()V+9
v  ~StubRoutines::call_stub

---------------  P R O C E S S  ---------------

Java Threads: ( => current thread )
  0x00007feca5527800 JavaThread "Thread-3" [_thread_in_vm, id=4782, stack(0x00007fec903d1000,0x00007fec904d2000)]
  0x00007feca5512000 JavaThread "Java Sound Event Dispatcher" daemon [_thread_blocked, id=4776, stack(0x00007fec906d2000,0x00007fec907d3000)]
  0x00007feca5497800 JavaThread "Image Fetcher 0" daemon [_thread_blocked, id=4767, stack(0x00007fec935d4000,0x00007fec936d5000)]
  0x00007fecac226000 JavaThread "Animation Thread-SharedResourceRunner" daemon [_thread_blocked, id=4766, stack(0x00007fecb6070000,0x00007fecb6171000)]
  0x00007fecac0e1800 JavaThread "process reaper" daemon [_thread_blocked, id=4761, stack(0x00007fece00c3000,0x00007fece00fc000)]
  0x00007fed00009000 JavaThread "DestroyJavaVM" [_thread_blocked, id=4739, stack(0x00007fed088da000,0x00007fed089db000)]
=>0x00007fed00395000 JavaThread "AWT-EventQueue-0" [_thread_in_native, id=4757, stack(0x00007fecb6999000,0x00007fecb6a9a000)]
  0x00007fed00393800 JavaThread "AWT-Shutdown" [_thread_blocked, id=4756, stack(0x00007fecb6a9a000,0x00007fecb6b9b000)]
  0x00007fed0038c800 JavaThread "Animation Thread" [_thread_blocked, id=4755, stack(0x00007fecb6b9b000,0x00007fecb6c9c000)]
  0x00007fed00322000 JavaThread "AWT-XAWT" daemon [_thread_blocked, id=4754, stack(0x00007fecb6c9c000,0x00007fecb6d9d000)]
  0x00007fed002fd800 JavaThread "Java2D Disposer" daemon [_thread_blocked, id=4753, stack(0x00007fece00fc000,0x00007fece01fd000)]
  0x00007fed000c0800 JavaThread "Service Thread" daemon [_thread_blocked, id=4751, stack(0x00007fece216f000,0x00007fece2270000)]
  0x00007fed000bb800 JavaThread "C1 CompilerThread2" daemon [_thread_blocked, id=4750, stack(0x00007fecf0022000,0x00007fecf0123000)]
  0x00007fed000ba000 JavaThread "C2 CompilerThread1" daemon [_thread_blocked, id=4749, stack(0x00007fecf0123000,0x00007fecf0224000)]
  0x00007fed000b7000 JavaThread "C2 CompilerThread0" daemon [_thread_blocked, id=4748, stack(0x00007fecf0224000,0x00007fecf0325000)]
  0x00007fed000b5800 JavaThread "Signal Dispatcher" daemon [_thread_blocked, id=4747, stack(0x00007fecf0325000,0x00007fecf0426000)]
  0x00007fed0007d800 JavaThread "Finalizer" daemon [_thread_blocked, id=4746, stack(0x00007fecf05b4000,0x00007fecf06b5000)]
  0x00007fed0007b800 JavaThread "Reference Handler" daemon [_thread_blocked, id=4745, stack(0x00007fecf06b5000,0x00007fecf07b6000)]

Other Threads:
  0x00007fed00076800 VMThread [stack: 0x00007fecf07b6000,0x00007fecf08b7000] [id=4744]
  0x00007fed000c3800 WatcherThread [stack: 0x00007fece206e000,0x00007fece216f000] [id=4752]

VM state:not at safepoint (normal execution)

VM Mutex/Monitor currently owned by a thread: None

Heap:
 PSYoungGen      total 33280K, used 23167K [0x00000000ec500000, 0x00000000ee800000, 0x0000000100000000)
  eden space 30720K, 67% used [0x00000000ec500000,0x00000000ed920aa0,0x00000000ee300000)
  from space 2560K, 99% used [0x00000000ee580000,0x00000000ee7ff410,0x00000000ee800000)
  to   space 2560K, 0% used [0x00000000ee300000,0x00000000ee300000,0x00000000ee580000)
 ParOldGen       total 40960K, used 4675K [0x00000000c4e00000, 0x00000000c7600000, 0x00000000ec500000)
  object space 40960K, 11% used [0x00000000c4e00000,0x00000000c5290f60,0x00000000c7600000)
 Metaspace       used 18115K, capacity 18301K, committed 18560K, reserved 1067008K
  class space    used 1760K, capacity 1833K, committed 1920K, reserved 1048576K

Card table byte_map: [0x00007fed059d9000,0x00007fed05bb3000] byte_map_base: 0x00007fed053b2000

Marking Bits: (ParMarkBitMap*) 0x00007fed07bf07e0
 Begin Bits: [0x00007fece2270000, 0x00007fece3138000)
 End Bits:   [0x00007fece3138000, 0x00007fece4000000)

Polling page: 0x00007fed08a12000

CodeCache: size=245760Kb used=3463Kb max_used=3474Kb free=242296Kb
 bounds [0x00007fecf1000000, 0x00007fecf1370000, 0x00007fed00000000]
 total_blobs=1845 nmethods=888 adapters=872
 compilation: enabled

Compilation events (10 events):
Event: 1.840 Thread 0x00007fed000bb800  884   !   3       java.util.jar.JarFile$JarFileEntry::getCodeSigners (78 bytes)
Event: 1.841 Thread 0x00007fed000bb800 nmethod 884 0x00007fecf1361d90 code [0x00007fecf1361f60, 0x00007fecf1362558]
Event: 1.841 Thread 0x00007fed000bb800  885       3       java.util.jar.JarFile::access$200 (5 bytes)
Event: 1.841 Thread 0x00007fed000bb800 nmethod 885 0x00007fecf13627d0 code [0x00007fecf1362940, 0x00007fecf1362aa8]
Event: 1.855 Thread 0x00007fed000bb800  886       3       java.net.URL::equals (24 bytes)
Event: 1.855 Thread 0x00007fed000bb800 nmethod 886 0x00007fecf1362b50 code [0x00007fecf1362ce0, 0x00007fecf1363128]
Event: 1.855 Thread 0x00007fed000bb800  887       3       java.net.URLStreamHandler::equals (45 bytes)
Event: 1.856 Thread 0x00007fed000bb800 nmethod 887 0x00007fecf1363210 code [0x00007fecf13633a0, 0x00007fecf13638b8]
Event: 1.862 Thread 0x00007fed000ba000  888       4       java.util.concurrent.ConcurrentHashMap::casTabAt (20 bytes)
Event: 1.863 Thread 0x00007fed000ba000 nmethod 888 0x00007fecf1366690 code [0x00007fecf13667c0, 0x00007fecf1366838]

GC Heap History (4 events):
Event: 0.788 GC heap before
{Heap before GC invocations=1 (full 0):
 PSYoungGen      total 17920K, used 15188K [0x00000000ec500000, 0x00000000ed900000, 0x0000000100000000)
  eden space 15360K, 98% used [0x00000000ec500000,0x00000000ed3d5300,0x00000000ed400000)
  from space 2560K, 0% used [0x00000000ed680000,0x00000000ed680000,0x00000000ed900000)
  to   space 2560K, 0% used [0x00000000ed400000,0x00000000ed400000,0x00000000ed680000)
 ParOldGen       total 40960K, used 0K [0x00000000c4e00000, 0x00000000c7600000, 0x00000000ec500000)
  object space 40960K, 0% used [0x00000000c4e00000,0x00000000c4e00000,0x00000000c7600000)
 Metaspace       used 13016K, capacity 13248K, committed 13568K, reserved 1060864K
  class space    used 1379K, capacity 1452K, committed 1536K, reserved 1048576K
Event: 0.803 GC heap after
Heap after GC invocations=1 (full 0):
 PSYoungGen      total 17920K, used 2545K [0x00000000ec500000, 0x00000000ee800000, 0x0000000100000000)
  eden space 15360K, 0% used [0x00000000ec500000,0x00000000ec500000,0x00000000ed400000)
  from space 2560K, 99% used [0x00000000ed400000,0x00000000ed67c470,0x00000000ed680000)
  to   space 2560K, 0% used [0x00000000ee580000,0x00000000ee580000,0x00000000ee800000)
 ParOldGen       total 40960K, used 1505K [0x00000000c4e00000, 0x00000000c7600000, 0x00000000ec500000)
  object space 40960K, 3% used [0x00000000c4e00000,0x00000000c4f78710,0x00000000c7600000)
 Metaspace       used 13016K, capacity 13248K, committed 13568K, reserved 1060864K
  class space    used 1379K, capacity 1452K, committed 1536K, reserved 1048576K
}
Event: 1.580 GC heap before
{Heap before GC invocations=2 (full 0):
 PSYoungGen      total 17920K, used 16334K [0x00000000ec500000, 0x00000000ee800000, 0x0000000100000000)
  eden space 15360K, 89% used [0x00000000ec500000,0x00000000ed277510,0x00000000ed400000)
  from space 2560K, 99% used [0x00000000ed400000,0x00000000ed67c470,0x00000000ed680000)
  to   space 2560K, 0% used [0x00000000ee580000,0x00000000ee580000,0x00000000ee800000)
 ParOldGen       total 40960K, used 1505K [0x00000000c4e00000, 0x00000000c7600000, 0x00000000ec500000)
  object space 40960K, 3% used [0x00000000c4e00000,0x00000000c4f78710,0x00000000c7600000)
 Metaspace       used 17233K, capacity 17389K, committed 17664K, reserved 1064960K
  class space    used 1645K, capacity 1701K, committed 1792K, reserved 1048576K
Event: 1.594 GC heap after
Heap after GC invocations=2 (full 0):
 PSYoungGen      total 33280K, used 2557K [0x00000000ec500000, 0x00000000ee800000, 0x0000000100000000)
  eden space 30720K, 0% used [0x00000000ec500000,0x00000000ec500000,0x00000000ee300000)
  from space 2560K, 99% used [0x00000000ee580000,0x00000000ee7ff410,0x00000000ee800000)
  to   space 2560K, 0% used [0x00000000ee300000,0x00000000ee300000,0x00000000ee580000)
 ParOldGen       total 40960K, used 4675K [0x00000000c4e00000, 0x00000000c7600000, 0x00000000ec500000)
  object space 40960K, 11% used [0x00000000c4e00000,0x00000000c5290f60,0x00000000c7600000)
 Metaspace       used 17233K, capacity 17389K, committed 17664K, reserved 1064960K
  class space    used 1645K, capacity 1701K, committed 1792K, reserved 1048576K
}

Deoptimization events (5 events):
Event: 0.652 Thread 0x00007fed0038c800 Uncommon trap: reason=unstable_if action=reinterpret pc=0x00007fecf11df848 method=java.lang.String.indexOf([CII[CIII)I @ 3
Event: 0.671 Thread 0x00007fed0038c800 Uncommon trap: reason=unstable_if action=reinterpret pc=0x00007fecf11c7df4 method=java.lang.String.replace(CC)Ljava/lang/String; @ 26
Event: 1.557 Thread 0x00007fed00395000 Uncommon trap: reason=unstable_if action=reinterpret pc=0x00007fecf13102a4 method=com.jogamp.common.util.IntIntHashMap.get(I)I @ 19
Event: 1.721 Thread 0x00007fed00395000 Uncommon trap: reason=unstable_if action=reinterpret pc=0x00007fecf12e4bac method=java.lang.reflect.AccessibleObject.setAccessible0(Ljava/lang/reflect/AccessibleObject;Z)V @ 4
Event: 1.824 Thread 0x00007fed00395000 Uncommon trap: reason=unstable_if action=reinterpret pc=0x00007fecf135bf1c method=javax.sound.sampled.AudioFormat.matches(Ljavax/sound/sampled/AudioFormat;)Z @ 112

Internal exceptions (10 events):
Event: 0.644 Thread 0x00007fed00395000 Exception <a 'java/lang/UnsupportedOperationException': > (0x00000000ecbdd4d8) thrown at [/build/java8-openjdk/src/jdk8u-jdk8u60-b24/hotspot/src/share/vm/prims/jni.cpp, line 735]
Event: 1.360 Thread 0x00007fed0038c800 Exception <a 'java/lang/InterruptedException'> (0x00000000ecc6ac28) thrown at [/build/java8-openjdk/src/jdk8u-jdk8u60-b24/hotspot/src/share/vm/runtime/objectMonitor.cpp, line 1683]
Event: 1.388 Thread 0x00007fed0038c800 Exception <a 'java/lang/reflect/InvocationTargetException'> (0x00000000ed0900e8) thrown at [/build/java8-openjdk/src/jdk8u-jdk8u60-b24/hotspot/src/share/vm/runtime/reflection.cpp, line 1092]
Event: 1.445 Thread 0x00007fed0038c800 Exception <a 'java/lang/reflect/InvocationTargetException'> (0x00000000ed0a1680) thrown at [/build/java8-openjdk/src/jdk8u-jdk8u60-b24/hotspot/src/share/vm/runtime/reflection.cpp, line 1092]
Event: 1.459 Thread 0x00007fed0038c800 Exception <a 'java/lang/reflect/InvocationTargetException'> (0x00000000ed12bbc8) thrown at [/build/java8-openjdk/src/jdk8u-jdk8u60-b24/hotspot/src/share/vm/runtime/reflection.cpp, line 1092]
Event: 1.464 Thread 0x00007fed0038c800 Exception <a 'java/lang/reflect/InvocationTargetException'> (0x00000000ed148e60) thrown at [/build/java8-openjdk/src/jdk8u-jdk8u60-b24/hotspot/src/share/vm/runtime/reflection.cpp, line 1092]
Event: 1.475 Thread 0x00007fed00395000 Exception <a 'java/lang/reflect/InvocationTargetException'> (0x00000000ed0e2108) thrown at [/build/java8-openjdk/src/jdk8u-jdk8u60-b24/hotspot/src/share/vm/runtime/reflection.cpp, line 1092]
Event: 1.475 Thread 0x00007fed00395000 Exception <a 'java/lang/reflect/InvocationTargetException'> (0x00000000ed0e26d8) thrown at [/build/java8-openjdk/src/jdk8u-jdk8u60-b24/hotspot/src/share/vm/runtime/reflection.cpp, line 1092]
Event: 1.479 Thread 0x00007fed00395000 Exception <a 'java/lang/reflect/InvocationTargetException'> (0x00000000ed0e2c48) thrown at [/build/java8-openjdk/src/jdk8u-jdk8u60-b24/hotspot/src/share/vm/runtime/reflection.cpp, line 1092]
Event: 1.557 Thread 0x00007fed00395000 Implicit null exception at 0x00007fecf1310225 to 0x00007fecf131028d

Events (10 events):
Event: 1.860 loading class java/io/InvalidObjectException done
Event: 1.860 loading class java/io/InvalidClassException
Event: 1.860 loading class java/io/InvalidClassException done
Event: 1.862 loading class java/io/ObjectInputStream
Event: 1.863 loading class java/io/ObjectInput
Event: 1.863 loading class java/io/ObjectInput done
Event: 1.863 loading class java/io/ObjectStreamConstants
Event: 1.863 loading class java/io/ObjectStreamConstants done
Event: 1.864 loading class java/io/ObjectInputStream done
Event: 1.864 loading class java/io/ObjectInputStream$BlockDataInputStream


Dynamic libraries:
00400000-00401000 r-xp 00000000 08:01 808495                             /usr/lib/jvm/java-8-openjdk/jre/bin/java
00600000-00601000 rw-p 00000000 08:01 808495                             /usr/lib/jvm/java-8-openjdk/jre/bin/java
01f45000-01f66000 rw-p 00000000 00:00 0                                  [heap]
c4e00000-c7600000 rw-p 00000000 00:00 0 
c7600000-ec500000 ---p 00000000 00:00 0 
ec500000-ee800000 rw-p 00000000 00:00 0 
ee800000-100000000 ---p 00000000 00:00 0 
100000000-1001e0000 rw-p 00000000 00:00 0 
1001e0000-140000000 ---p 00000000 00:00 0 
7fec6c000000-7fec6c0ba000 rw-p 00000000 00:00 0 
7fec6c0ba000-7fec70000000 ---p 00000000 00:00 0 
7fec73fff000-7fec78000000 rw-s 00000000 00:12 8                          /dev/shm/pulse-shm-2786632315
7fec78000000-7fec78021000 rw-p 00000000 00:00 0 
7fec78021000-7fec7c000000 ---p 00000000 00:00 0 
7fec7c000000-7fec7c021000 rw-p 00000000 00:00 0 
7fec7c021000-7fec80000000 ---p 00000000 00:00 0 
7fec80000000-7fec80021000 rw-p 00000000 00:00 0 
7fec80021000-7fec84000000 ---p 00000000 00:00 0 
7fec86ffd000-7fec86ffe000 ---p 00000000 00:00 0 
7fec86ffe000-7fec877fe000 rw-p 00000000 00:00 0                          [stack:4781]
7fec877fe000-7fec877ff000 ---p 00000000 00:00 0 
7fec877ff000-7fec87fff000 rw-p 00000000 00:00 0                          [stack:4777]
7fec87fff000-7fec8c000000 rw-s 00000000 00:12 7                          /dev/shm/pulse-shm-1474464084
7fec8c000000-7fec8c021000 rw-p 00000000 00:00 0 
7fec8c021000-7fec90000000 ---p 00000000 00:00 0 
7fec903d1000-7fec903d4000 ---p 00000000 00:00 0 
7fec903d4000-7fec90512000 rw-p 00000000 00:00 0                          [stack:4782]
7fec90512000-7fec906d2000 ---p 00000000 00:00 0 
7fec906d2000-7fec906d5000 ---p 00000000 00:00 0 
7fec906d5000-7fec907d3000 rw-p 00000000 00:00 0                          [stack:4776]
7fec907d3000-7fec907e8000 r-xp 00000000 08:01 531189                     /usr/lib/libnsl-2.22.so
7fec907e8000-7fec909e7000 ---p 00015000 08:01 531189                     /usr/lib/libnsl-2.22.so
7fec909e7000-7fec909e8000 r--p 00014000 08:01 531189                     /usr/lib/libnsl-2.22.so
7fec909e8000-7fec909e9000 rw-p 00015000 08:01 531189                     /usr/lib/libnsl-2.22.so
7fec909e9000-7fec909eb000 rw-p 00000000 00:00 0 
7fec909eb000-7fec909f1000 r-xp 00000000 08:01 537639                     /usr/lib/libogg.so.0.8.2
7fec909f1000-7fec90bf0000 ---p 00006000 08:01 537639                     /usr/lib/libogg.so.0.8.2
7fec90bf0000-7fec90bf1000 r--p 00005000 08:01 537639                     /usr/lib/libogg.so.0.8.2
7fec90bf1000-7fec90bf2000 rw-p 00006000 08:01 537639                     /usr/lib/libogg.so.0.8.2
7fec90bf2000-7fec90c1d000 r-xp 00000000 08:01 536719                     /usr/lib/libvorbis.so.0.4.8
7fec90c1d000-7fec90e1d000 ---p 0002b000 08:01 536719                     /usr/lib/libvorbis.so.0.4.8
7fec90e1d000-7fec90e1e000 r--p 0002b000 08:01 536719                     /usr/lib/libvorbis.so.0.4.8
7fec90e1e000-7fec90e1f000 rw-p 0002c000 08:01 536719                     /usr/lib/libvorbis.so.0.4.8
7fec90e1f000-7fec90eb0000 r-xp 00000000 08:01 536716                     /usr/lib/libvorbisenc.so.2.0.11
7fec90eb0000-7fec910af000 ---p 00091000 08:01 536716                     /usr/lib/libvorbisenc.so.2.0.11
7fec910af000-7fec910d1000 r--p 00090000 08:01 536716                     /usr/lib/libvorbisenc.so.2.0.11
7fec910d1000-7fec910d2000 rw-p 000b2000 08:01 536716                     /usr/lib/libvorbisenc.so.2.0.11
7fec910d2000-7fec91144000 r-xp 00000000 08:01 537467                     /usr/lib/libFLAC.so.8.3.0
7fec91144000-7fec91343000 ---p 00072000 08:01 537467                     /usr/lib/libFLAC.so.8.3.0
7fec91343000-7fec91344000 r--p 00071000 08:01 537467                     /usr/lib/libFLAC.so.8.3.0
7fec91344000-7fec91345000 rw-p 00072000 08:01 537467                     /usr/lib/libFLAC.so.8.3.0
7fec91345000-7fec91357000 r-xp 00000000 08:01 543408                     /usr/lib/libgpg-error.so.0.16.0
7fec91357000-7fec91556000 ---p 00012000 08:01 543408                     /usr/lib/libgpg-error.so.0.16.0
7fec91556000-7fec91557000 r--p 00011000 08:01 543408                     /usr/lib/libgpg-error.so.0.16.0
7fec91557000-7fec91558000 rw-p 00012000 08:01 543408                     /usr/lib/libgpg-error.so.0.16.0
7fec91558000-7fec9162f000 r-xp 00000000 08:01 527991                     /usr/lib/libgcrypt.so.20.0.3
7fec9162f000-7fec9182f000 ---p 000d7000 08:01 527991                     /usr/lib/libgcrypt.so.20.0.3
7fec9182f000-7fec91830000 r--p 000d7000 08:01 527991                     /usr/lib/libgcrypt.so.20.0.3
7fec91830000-7fec91839000 rw-p 000d8000 08:01 527991                     /usr/lib/libgcrypt.so.20.0.3
7fec91839000-7fec9184a000 r-xp 00000000 08:01 536796                     /usr/lib/liblz4.so.1.7.1
7fec9184a000-7fec91a49000 ---p 00011000 08:01 536796                     /usr/lib/liblz4.so.1.7.1
7fec91a49000-7fec91a4a000 r--p 00010000 08:01 536796                     /usr/lib/liblz4.so.1.7.1
7fec91a4a000-7fec91a4b000 rw-p 00011000 08:01 536796                     /usr/lib/liblz4.so.1.7.1
7fec91a4b000-7fec91a70000 r-xp 00000000 08:01 525673                     /usr/lib/liblzma.so.5.2.1
7fec91a70000-7fec91c6f000 ---p 00025000 08:01 525673                     /usr/lib/liblzma.so.5.2.1
7fec91c6f000-7fec91c70000 r--p 00024000 08:01 525673                     /usr/lib/liblzma.so.5.2.1
7fec91c70000-7fec91c71000 rw-p 00025000 08:01 525673                     /usr/lib/liblzma.so.5.2.1
7fec91c71000-7fec91c76000 r-xp 00000000 08:01 539541                     /usr/lib/libasyncns.so.0.3.1
7fec91c76000-7fec91e75000 ---p 00005000 08:01 539541                     /usr/lib/libasyncns.so.0.3.1
7fec91e75000-7fec91e76000 r--p 00004000 08:01 539541                     /usr/lib/libasyncns.so.0.3.1
7fec91e76000-7fec91e77000 rw-p 00005000 08:01 539541                     /usr/lib/libasyncns.so.0.3.1
7fec91e77000-7fec91ed8000 r-xp 00000000 08:01 537149                     /usr/lib/libsndfile.so.1.0.25
7fec91ed8000-7fec920d8000 ---p 00061000 08:01 537149                     /usr/lib/libsndfile.so.1.0.25
7fec920d8000-7fec920da000 r--p 00061000 08:01 537149                     /usr/lib/libsndfile.so.1.0.25
7fec920da000-7fec920db000 rw-p 00063000 08:01 537149                     /usr/lib/libsndfile.so.1.0.25
7fec920db000-7fec920df000 rw-p 00000000 00:00 0 
7fec920df000-7fec92160000 r-xp 00000000 08:01 549408                     /usr/lib/libsystemd.so.0.10.2
7fec92160000-7fec92163000 r--p 00080000 08:01 549408                     /usr/lib/libsystemd.so.0.10.2
7fec92163000-7fec92164000 rw-p 00083000 08:01 549408                     /usr/lib/libsystemd.so.0.10.2
7fec92164000-7fec921ab000 r-xp 00000000 08:01 531059                     /usr/lib/libdbus-1.so.3.8.13
7fec921ab000-7fec923ab000 ---p 00047000 08:01 531059                     /usr/lib/libdbus-1.so.3.8.13
7fec923ab000-7fec923ac000 r--p 00047000 08:01 531059                     /usr/lib/libdbus-1.so.3.8.13
7fec923ac000-7fec923ad000 rw-p 00048000 08:01 531059                     /usr/lib/libdbus-1.so.3.8.13
7fec923ad000-7fec92429000 r-xp 00000000 08:01 539637                     /usr/lib/pulseaudio/libpulsecommon-6.0.so
7fec92429000-7fec92628000 ---p 0007c000 08:01 539637                     /usr/lib/pulseaudio/libpulsecommon-6.0.so
7fec92628000-7fec9262a000 r--p 0007b000 08:01 539637                     /usr/lib/pulseaudio/libpulsecommon-6.0.so
7fec9262a000-7fec9262c000 rw-p 0007d000 08:01 539637                     /usr/lib/pulseaudio/libpulsecommon-6.0.so
7fec9262c000-7fec92636000 r-xp 00000000 08:01 539533                     /usr/lib/libjson-c.so.2.0.1
7fec92636000-7fec92835000 ---p 0000a000 08:01 539533                     /usr/lib/libjson-c.so.2.0.1
7fec92835000-7fec92836000 r--p 00009000 08:01 539533                     /usr/lib/libjson-c.so.2.0.1
7fec92836000-7fec92837000 rw-p 0000a000 08:01 539533                     /usr/lib/libjson-c.so.2.0.1
7fec92837000-7fec92886000 r-xp 00000000 08:01 539629                     /usr/lib/libpulse.so.0.18.0
7fec92886000-7fec92a86000 ---p 0004f000 08:01 539629                     /usr/lib/libpulse.so.0.18.0
7fec92a86000-7fec92a87000 r--p 0004f000 08:01 539629                     /usr/lib/libpulse.so.0.18.0
7fec92a87000-7fec92a88000 rw-p 00050000 08:01 539629                     /usr/lib/libpulse.so.0.18.0
7fec92a88000-7fec92a8e000 r-xp 00000000 08:01 1054624                    /usr/lib/alsa-lib/libasound_module_pcm_pulse.so
7fec92a8e000-7fec92c8d000 ---p 00006000 08:01 1054624                    /usr/lib/alsa-lib/libasound_module_pcm_pulse.so
7fec92c8d000-7fec92c8e000 r--p 00005000 08:01 1054624                    /usr/lib/alsa-lib/libasound_module_pcm_pulse.so
7fec92c8e000-7fec92c8f000 rw-p 00006000 08:01 1054624                    /usr/lib/alsa-lib/libasound_module_pcm_pulse.so
7fec92c8f000-7fec92d82000 r-xp 00000000 08:01 535685                     /usr/lib/libasound.so.2.0.0
7fec92d82000-7fec92f81000 ---p 000f3000 08:01 535685                     /usr/lib/libasound.so.2.0.0
7fec92f81000-7fec92f88000 r--p 000f2000 08:01 535685                     /usr/lib/libasound.so.2.0.0
7fec92f88000-7fec92f8a000 rw-p 000f9000 08:01 535685                     /usr/lib/libasound.so.2.0.0
7fec92f8a000-7fec92f99000 r-xp 00000000 08:01 808498                     /usr/lib/jvm/java-8-openjdk/jre/lib/amd64/libjsoundalsa.so
7fec92f99000-7fec93198000 ---p 0000f000 08:01 808498                     /usr/lib/jvm/java-8-openjdk/jre/lib/amd64/libjsoundalsa.so
7fec93198000-7fec93199000 rw-p 0000e000 08:01 808498                     /usr/lib/jvm/java-8-openjdk/jre/lib/amd64/libjsoundalsa.so
7fec93199000-7fec9319a000 r-xp 00000000 08:01 808497                     /usr/lib/jvm/java-8-openjdk/jre/lib/amd64/libjsound.so
7fec9319a000-7fec93399000 ---p 00001000 08:01 808497                     /usr/lib/jvm/java-8-openjdk/jre/lib/amd64/libjsound.so
7fec93399000-7fec9339a000 rw-p 00000000 08:01 808497                     /usr/lib/jvm/java-8-openjdk/jre/lib/amd64/libjsound.so
7fec9339a000-7fec933d4000 r-xp 00000000 08:01 808478                     /usr/lib/jvm/java-8-openjdk/jre/lib/amd64/libjpeg.so
7fec933d4000-7fec935d3000 ---p 0003a000 08:01 808478                     /usr/lib/jvm/java-8-openjdk/jre/lib/amd64/libjpeg.so
7fec935d3000-7fec935d4000 rw-p 00039000 08:01 808478                     /usr/lib/jvm/java-8-openjdk/jre/lib/amd64/libjpeg.so
7fec935d4000-7fec935d7000 ---p 00000000 00:00 0 
7fec935d7000-7fec936d5000 rw-p 00000000 00:00 0                          [stack:4767]
7fec936d5000-7fec937b5000 rw-s 104e78000 00:06 320                       /dev/dri/card0
7fec937b5000-7fec93b35000 rw-s 00000000 00:05 54780                      /drm mm object (deleted)
7fec93b35000-7fec93eb5000 rw-s 00000000 00:05 54779                      /drm mm object (deleted)
7fec93eb5000-7fec93eb9000 r-xp 00000000 08:01 529541                     /usr/lib/libattr.so.1.1.0
7fec93eb9000-7fec940b8000 ---p 00004000 08:01 529541                     /usr/lib/libattr.so.1.1.0
7fec940b8000-7fec940b9000 r--p 00003000 08:01 529541                     /usr/lib/libattr.so.1.1.0
7fec940b9000-7fec940ba000 rw-p 00004000 08:01 529541                     /usr/lib/libattr.so.1.1.0
7fec940ba000-7fec940be000 r-xp 00000000 08:01 529201                     /usr/lib/libcap.so.2.24
7fec940be000-7fec942bd000 ---p 00004000 08:01 529201                     /usr/lib/libcap.so.2.24
7fec942bd000-7fec942be000 rw-p 00003000 08:01 529201                     /usr/lib/libcap.so.2.24
7fec942be000-7fec942d2000 r-xp 00000000 08:01 531190                     /usr/lib/libresolv-2.22.so
7fec942d2000-7fec944d1000 ---p 00014000 08:01 531190                     /usr/lib/libresolv-2.22.so
7fec944d1000-7fec944d2000 r--p 00013000 08:01 531190                     /usr/lib/libresolv-2.22.so
7fec944d2000-7fec944d3000 rw-p 00014000 08:01 531190                     /usr/lib/libresolv-2.22.so
7fec944d3000-7fec944d5000 rw-p 00000000 00:00 0 
7fec944d5000-7fec944d7000 r-xp 00000000 08:01 536880                     /usr/lib/libXinerama.so.1.0.0
7fec944d7000-7fec946d6000 ---p 00002000 08:01 536880                     /usr/lib/libXinerama.so.1.0.0
7fec946d6000-7fec946d7000 r--p 00001000 08:01 536880                     /usr/lib/libXinerama.so.1.0.0
7fec946d7000-7fec946d8000 rw-p 00002000 08:01 536880                     /usr/lib/libXinerama.so.1.0.0
7fec946d8000-7fec946dc000 r-xp 00000000 08:01 539013                     /usr/lib/libtxc_dxtn.so
7fec946dc000-7fec948db000 ---p 00004000 08:01 539013                     /usr/lib/libtxc_dxtn.so
7fec948db000-7fec948dc000 r--p 00003000 08:01 539013                     /usr/lib/libtxc_dxtn.so
7fec948dc000-7fec948dd000 rw-p 00004000 08:01 539013                     /usr/lib/libtxc_dxtn.so
7fec948dd000-7fec948e5000 r-xp 00000000 08:01 541442                     /usr/lib/libpciaccess.so.0.11.1
7fec948e5000-7fec94ae5000 ---p 00008000 08:01 541442                     /usr/lib/libpciaccess.so.0.11.1
7fec94ae5000-7fec94ae6000 r--p 00008000 08:01 541442                     /usr/lib/libpciaccess.so.0.11.1
7fec94ae6000-7fec94ae7000 rw-p 00009000 08:01 541442                     /usr/lib/libpciaccess.so.0.11.1
7fec94ae7000-7fec94c59000 r-xp 00000000 08:01 529818                     /usr/lib/libstdc++.so.6.0.21
7fec94c59000-7fec94e59000 ---p 00172000 08:01 529818                     /usr/lib/libstdc++.so.6.0.21
7fec94e59000-7fec94e63000 r--p 00172000 08:01 529818                     /usr/lib/libstdc++.so.6.0.21
7fec94e63000-7fec94e65000 rw-p 0017c000 08:01 529818                     /usr/lib/libstdc++.so.6.0.21
7fec94e65000-7fec94e69000 rw-p 00000000 00:00 0 
7fec94e69000-7fec94e74000 r-xp 00000000 08:01 527123                     /usr/lib/libdrm_radeon.so.1.0.1
7fec94e74000-7fec95073000 ---p 0000b000 08:01 527123                     /usr/lib/libdrm_radeon.so.1.0.1
7fec95073000-7fec95074000 r--p 0000a000 08:01 527123                     /usr/lib/libdrm_radeon.so.1.0.1
7fec95074000-7fec95075000 rw-p 0000b000 08:01 527123                     /usr/lib/libdrm_radeon.so.1.0.1
7fec95075000-7fec9507b000 r-xp 00000000 08:01 527117                     /usr/lib/libdrm_nouveau.so.2.0.0
7fec9507b000-7fec9527a000 ---p 00006000 08:01 527117                     /usr/lib/libdrm_nouveau.so.2.0.0
7fec9527a000-7fec9527b000 r--p 00005000 08:01 527117                     /usr/lib/libdrm_nouveau.so.2.0.0
7fec9527b000-7fec9527c000 rw-p 00006000 08:01 527117                     /usr/lib/libdrm_nouveau.so.2.0.0
7fec9527c000-7fec9529c000 r-xp 00000000 08:01 527116                     /usr/lib/libdrm_intel.so.1.0.0
7fec9529c000-7fec9549b000 ---p 00020000 08:01 527116                     /usr/lib/libdrm_intel.so.1.0.0
7fec9549b000-7fec9549c000 r--p 0001f000 08:01 527116                     /usr/lib/libdrm_intel.so.1.0.0
7fec9549c000-7fec9549d000 rw-p 00020000 08:01 527116                     /usr/lib/libdrm_intel.so.1.0.0
7fec9549d000-7fec95a31000 r-xp 00000000 08:01 803591                     /usr/lib/xorg/modules/dri/i965_dri.so
7fec95a31000-7fec95c31000 ---p 00594000 08:01 803591                     /usr/lib/xorg/modules/dri/i965_dri.so
7fec95c31000-7fec95c5c000 r--p 00594000 08:01 803591                     /usr/lib/xorg/modules/dri/i965_dri.so
7fec95c5c000-7fec95c62000 rw-p 005bf000 08:01 803591                     /usr/lib/xorg/modules/dri/i965_dri.so
7fec95c62000-7fec95c6a000 rw-p 00000000 00:00 0 
7fec95c6a000-7fec95c70000 r-xp 00000000 08:01 549460                     /usr/lib/mesa/libGLESv2.so.2.0.0
7fec95c70000-7fec95e6f000 ---p 00006000 08:01 549460                     /usr/lib/mesa/libGLESv2.so.2.0.0
7fec95e6f000-7fec95e70000 r--p 00005000 08:01 549460                     /usr/lib/mesa/libGLESv2.so.2.0.0
7fec95e70000-7fec95e71000 rw-p 00006000 08:01 549460                     /usr/lib/mesa/libGLESv2.so.2.0.0
7fec95e71000-7fec95eb7000 r-xp 00000000 00:20 28                         /tmp/jogamp_0000/file_cache/jln7503993707304899206/jln1059895396025016895/libjogl_mobile.so
7fec95eb7000-7fec960b7000 ---p 00046000 00:20 28                         /tmp/jogamp_0000/file_cache/jln7503993707304899206/jln1059895396025016895/libjogl_mobile.so
7fec960b7000-7fec960b8000 rw-p 00046000 00:20 28                         /tmp/jogamp_0000/file_cache/jln7503993707304899206/jln1059895396025016895/libjogl_mobile.so
7fec960b8000-7fec960c0000 r-xp 00000000 08:01 541266                     /usr/lib/libffi.so.6.0.4
7fec960c0000-7fec962bf000 ---p 00008000 08:01 541266                     /usr/lib/libffi.so.6.0.4
7fec962bf000-7fec962c0000 r--p 00007000 08:01 541266                     /usr/lib/libffi.so.6.0.4
7fec962c0000-7fec962c1000 rw-p 00008000 08:01 541266                     /usr/lib/libffi.so.6.0.4
7fec962c1000-7fec962d0000 r-xp 00000000 08:01 528307                     /usr/lib/libwayland-server.so.0.1.0
7fec962d0000-7fec964d0000 ---p 0000f000 08:01 528307                     /usr/lib/libwayland-server.so.0.1.0
7fec964d0000-7fec964d2000 r--p 0000f000 08:01 528307                     /usr/lib/libwayland-server.so.0.1.0
7fec964d2000-7fec964d3000 rw-p 00011000 08:01 528307                     /usr/lib/libwayland-server.so.0.1.0
7fec964d3000-7fec964df000 r-xp 00000000 08:01 528308                     /usr/lib/libwayland-client.so.0.3.0
7fec964df000-7fec966de000 ---p 0000c000 08:01 528308                     /usr/lib/libwayland-client.so.0.3.0
7fec966de000-7fec966e0000 r--p 0000b000 08:01 528308                     /usr/lib/libwayland-client.so.0.3.0
7fec966e0000-7fec966e1000 rw-p 0000d000 08:01 528308                     /usr/lib/libwayland-client.so.0.3.0
7fec966e1000-7fec966ed000 r-xp 00000000 08:01 542234                     /usr/lib/libgbm.so.1.0.0
7fec966ed000-7fec968ed000 ---p 0000c000 08:01 542234                     /usr/lib/libgbm.so.1.0.0
7fec968ed000-7fec968ee000 r--p 0000c000 08:01 542234                     /usr/lib/libgbm.so.1.0.0
7fec968ee000-7fec968ef000 rw-p 0000d000 08:01 542234                     /usr/lib/libgbm.so.1.0.0
7fec968ef000-7fec96915000 r-xp 00000000 08:01 549453                     /usr/lib/mesa/libEGL.so.1.0.0
7fec96915000-7fec96b14000 ---p 00026000 08:01 549453                     /usr/lib/mesa/libEGL.so.1.0.0
7fec96b14000-7fec96b15000 r--p 00025000 08:01 549453                     /usr/lib/mesa/libEGL.so.1.0.0
7fec96b15000-7fec96b16000 rw-p 00026000 08:01 549453                     /usr/lib/mesa/libEGL.so.1.0.0
7fec96b16000-7fec96b1a000 r-xp 00000000 08:01 549455                     /usr/lib/mesa/libGLESv1_CM.so.1.1.0
7fec96b1a000-7fec96d19000 ---p 00004000 08:01 549455                     /usr/lib/mesa/libGLESv1_CM.so.1.1.0
7fec96d19000-7fec96d1a000 r--p 00003000 08:01 549455                     /usr/lib/mesa/libGLESv1_CM.so.1.1.0
7fec96d1a000-7fec96d1b000 rw-p 00004000 08:01 549455                     /usr/lib/mesa/libGLESv1_CM.so.1.1.0
7fec96d1b000-7fec96dc3000 r-xp 00000000 00:20 25                         /tmp/jogamp_0000/file_cache/jln7503993707304899206/jln1059895396025016895/libjogl_desktop.so
7fec96dc3000-7fec96fc3000 ---p 000a8000 00:20 25                         /tmp/jogamp_0000/file_cache/jln7503993707304899206/jln1059895396025016895/libjogl_desktop.so
7fec96fc3000-7fec96fc4000 rw-p 000a8000 00:20 25                         /tmp/jogamp_0000/file_cache/jln7503993707304899206/jln1059895396025016895/libjogl_desktop.so
7fec96fc4000-7fec971c4000 rw-p 00000000 00:00 0 
7fec971c4000-7fec971d1000 r-xp 00000000 08:01 527111                     /usr/lib/libdrm.so.2.4.0
7fec971d1000-7fec973d0000 ---p 0000d000 08:01 527111                     /usr/lib/libdrm.so.2.4.0
7fec973d0000-7fec973d1000 r--p 0000c000 08:01 527111                     /usr/lib/libdrm.so.2.4.0
7fec973d1000-7fec973d2000 rw-p 0000d000 08:01 527111                     /usr/lib/libdrm.so.2.4.0
7fec973d2000-7fec973d3000 r-xp 00000000 08:01 533872                     /usr/lib/libxshmfence.so.1.0.0
7fec973d3000-7fec975d3000 ---p 00001000 08:01 533872                     /usr/lib/libxshmfence.so.1.0.0
7fec975d3000-7fec975d4000 r--p 00001000 08:01 533872                     /usr/lib/libxshmfence.so.1.0.0
7fec975d4000-7fec975d5000 rw-p 00002000 08:01 533872                     /usr/lib/libxshmfence.so.1.0.0
7fec975d5000-7fec975da000 r-xp 00000000 08:01 529801                     /usr/lib/libxcb-sync.so.1.0.0
7fec975da000-7fec977da000 ---p 00005000 08:01 529801                     /usr/lib/libxcb-sync.so.1.0.0
7fec977da000-7fec977db000 r--p 00005000 08:01 529801                     /usr/lib/libxcb-sync.so.1.0.0
7fec977db000-7fec977dc000 rw-p 00006000 08:01 529801                     /usr/lib/libxcb-sync.so.1.0.0
7fec977dc000-7fec977df000 r-xp 00000000 08:01 529341                     /usr/lib/libxcb-shape.so.0.0.0
7fec977df000-7fec979de000 ---p 00003000 08:01 529341                     /usr/lib/libxcb-shape.so.0.0.0
7fec979de000-7fec979df000 r--p 00002000 08:01 529341                     /usr/lib/libxcb-shape.so.0.0.0
7fec979df000-7fec979e0000 rw-p 00003000 08:01 529341                     /usr/lib/libxcb-shape.so.0.0.0
7fec979e0000-7fec979e9000 r-xp 00000000 08:01 528354                     /usr/lib/libxcb-render.so.0.0.0
7fec979e9000-7fec97be8000 ---p 00009000 08:01 528354                     /usr/lib/libxcb-render.so.0.0.0
7fec97be8000-7fec97be9000 r--p 00008000 08:01 528354                     /usr/lib/libxcb-render.so.0.0.0
7fec97be9000-7fec97bea000 rw-p 00009000 08:01 528354                     /usr/lib/libxcb-render.so.0.0.0
7fec97bea000-7fec97bf0000 r-xp 00000000 08:01 528351                     /usr/lib/libxcb-xfixes.so.0.0.0
7fec97bf0000-7fec97df0000 ---p 00006000 08:01 528351                     /usr/lib/libxcb-xfixes.so.0.0.0
7fec97df0000-7fec97df1000 r--p 00006000 08:01 528351                     /usr/lib/libxcb-xfixes.so.0.0.0
7fec97df1000-7fec97df2000 rw-p 00007000 08:01 528351                     /usr/lib/libxcb-xfixes.so.0.0.0
7fec97df2000-7fec97dff000 r-xp 00000000 08:01 529814                     /usr/lib/libxcb-randr.so.0.1.0
7fec97dff000-7fec97ffe000 ---p 0000d000 08:01 529814                     /usr/lib/libxcb-randr.so.0.1.0
7fec97ffe000-7fec97fff000 r--p 0000c000 08:01 529814                     /usr/lib/libxcb-randr.so.0.1.0
7fec97fff000-7fec98000000 rw-p 0000d000 08:01 529814                     /usr/lib/libxcb-randr.so.0.1.0
7fec98000000-7fec98021000 rw-p 00000000 00:00 0 
7fec98021000-7fec9c000000 ---p 00000000 00:00 0 
7fec9c000000-7fec9f0d9000 rw-p 00000000 00:00 0 
7fec9f0d9000-7feca0000000 ---p 00000000 00:00 0 
7feca0000000-7feca0021000 rw-p 00000000 00:00 0 
7feca0021000-7feca4000000 ---p 00000000 00:00 0 
7feca4000000-7feca58b6000 rw-p 00000000 00:00 0 
7feca58b6000-7feca8000000 ---p 00000000 00:00 0 
7feca8000000-7feca8021000 rw-p 00000000 00:00 0 
7feca8021000-7fecac000000 ---p 00000000 00:00 0 
7fecac000000-7fecad930000 rw-p 00000000 00:00 0 
7fecad930000-7fecb0000000 ---p 00000000 00:00 0 
7fecb0000000-7fecb0021000 rw-p 00000000 00:00 0 
7fecb0021000-7fecb4000000 ---p 00000000 00:00 0 
7fecb4063000-7fecb4143000 rw-s 104d98000 00:06 320                       /dev/dri/card0
7fecb4143000-7fecb4145000 r-xp 00000000 08:01 529374                     /usr/lib/libxcb-present.so.0.0.0
7fecb4145000-7fecb4344000 ---p 00002000 08:01 529374                     /usr/lib/libxcb-present.so.0.0.0
7fecb4344000-7fecb4345000 r--p 00001000 08:01 529374                     /usr/lib/libxcb-present.so.0.0.0
7fecb4345000-7fecb4346000 rw-p 00002000 08:01 529374                     /usr/lib/libxcb-present.so.0.0.0
7fecb4346000-7fecb4348000 r-xp 00000000 08:01 528359                     /usr/lib/libxcb-dri3.so.0.0.0
7fecb4348000-7fecb4547000 ---p 00002000 08:01 528359                     /usr/lib/libxcb-dri3.so.0.0.0
7fecb4547000-7fecb4548000 r--p 00001000 08:01 528359                     /usr/lib/libxcb-dri3.so.0.0.0
7fecb4548000-7fecb4549000 rw-p 00002000 08:01 528359                     /usr/lib/libxcb-dri3.so.0.0.0
7fecb4549000-7fecb454d000 r-xp 00000000 08:01 529371                     /usr/lib/libxcb-dri2.so.0.0.0
7fecb454d000-7fecb474c000 ---p 00004000 08:01 529371                     /usr/lib/libxcb-dri2.so.0.0.0
7fecb474c000-7fecb474d000 r--p 00003000 08:01 529371                     /usr/lib/libxcb-dri2.so.0.0.0
7fecb474d000-7fecb474e000 rw-p 00004000 08:01 529371                     /usr/lib/libxcb-dri2.so.0.0.0
7fecb474e000-7fecb4765000 r-xp 00000000 08:01 528358                     /usr/lib/libxcb-glx.so.0.0.0
7fecb4765000-7fecb4965000 ---p 00017000 08:01 528358                     /usr/lib/libxcb-glx.so.0.0.0
7fecb4965000-7fecb4967000 r--p 00017000 08:01 528358                     /usr/lib/libxcb-glx.so.0.0.0
7fecb4967000-7fecb4968000 rw-p 00019000 08:01 528358                     /usr/lib/libxcb-glx.so.0.0.0
7fecb4968000-7fecb4969000 r-xp 00000000 08:01 526139                     /usr/lib/libX11-xcb.so.1.0.0
7fecb4969000-7fecb4b68000 ---p 00001000 08:01 526139                     /usr/lib/libX11-xcb.so.1.0.0
7fecb4b68000-7fecb4b69000 r--p 00000000 08:01 526139                     /usr/lib/libX11-xcb.so.1.0.0
7fecb4b69000-7fecb4b6a000 rw-p 00001000 08:01 526139                     /usr/lib/libX11-xcb.so.1.0.0
7fecb4b6a000-7fecb4b6c000 r-xp 00000000 08:01 533862                     /usr/lib/libXdamage.so.1.1.0
7fecb4b6c000-7fecb4d6b000 ---p 00002000 08:01 533862                     /usr/lib/libXdamage.so.1.1.0
7fecb4d6b000-7fecb4d6c000 r--p 00001000 08:01 533862                     /usr/lib/libXdamage.so.1.1.0
7fecb4d6c000-7fecb4d6d000 rw-p 00002000 08:01 533862                     /usr/lib/libXdamage.so.1.1.0
7fecb4d6d000-7fecb4d95000 r-xp 00000000 08:01 542235                     /usr/lib/libglapi.so.0.0.0
7fecb4d95000-7fecb4f95000 ---p 00028000 08:01 542235                     /usr/lib/libglapi.so.0.0.0
7fecb4f95000-7fecb4f99000 r--p 00028000 08:01 542235                     /usr/lib/libglapi.so.0.0.0
7fecb4f99000-7fecb4f9a000 rw-p 0002c000 08:01 542235                     /usr/lib/libglapi.so.0.0.0
7fecb4f9a000-7fecb4f9b000 rw-p 00000000 00:00 0 
7fecb4f9b000-7fecb4fc2000 r-xp 00000000 08:01 533710                     /usr/lib/libexpat.so.1.6.0
7fecb4fc2000-7fecb51c1000 ---p 00027000 08:01 533710                     /usr/lib/libexpat.so.1.6.0
7fecb51c1000-7fecb51c4000 r--p 00026000 08:01 533710                     /usr/lib/libexpat.so.1.6.0
7fecb51c4000-7fecb51c5000 rw-p 00029000 08:01 533710                     /usr/lib/libexpat.so.1.6.0
7fecb51c5000-7fecb5259000 r-xp 00000000 08:01 542697                     /usr/lib/mesa/libGL.so.1.2.0
7fecb5259000-7fecb5458000 ---p 00094000 08:01 542697                     /usr/lib/mesa/libGL.so.1.2.0
7fecb5458000-7fecb545b000 r--p 00093000 08:01 542697                     /usr/lib/mesa/libGL.so.1.2.0
7fecb545b000-7fecb545c000 rw-p 00096000 08:01 542697                     /usr/lib/mesa/libGL.so.1.2.0
7fecb545c000-7fecb565d000 rw-p 00000000 00:00 0 
7fecb565d000-7fecb5664000 r-xp 00000000 00:20 30                         /tmp/jogamp_0000/file_cache/jln7503993707304899206/jln1059895396025016895/libnativewindow_x11.so
7fecb5664000-7fecb5863000 ---p 00007000 00:20 30                         /tmp/jogamp_0000/file_cache/jln7503993707304899206/jln1059895396025016895/libnativewindow_x11.so
7fecb5863000-7fecb5864000 rw-p 00006000 00:20 30                         /tmp/jogamp_0000/file_cache/jln7503993707304899206/jln1059895396025016895/libnativewindow_x11.so
7fecb5864000-7fecb5869000 r-xp 00000000 08:01 533875                     /usr/lib/libXxf86vm.so.1.0.0
7fecb5869000-7fecb5a68000 ---p 00005000 08:01 533875                     /usr/lib/libXxf86vm.so.1.0.0
7fecb5a68000-7fecb5a69000 r--p 00004000 08:01 533875                     /usr/lib/libXxf86vm.so.1.0.0
7fecb5a69000-7fecb5a6a000 rw-p 00005000 08:01 533875                     /usr/lib/libXxf86vm.so.1.0.0
7fecb5a6a000-7fecb5a6c000 r-xp 00000000 00:20 29                         /tmp/jogamp_0000/file_cache/jln7503993707304899206/jln1059895396025016895/libnativewindow_awt.so
7fecb5a6c000-7fecb5c6b000 ---p 00002000 00:20 29                         /tmp/jogamp_0000/file_cache/jln7503993707304899206/jln1059895396025016895/libnativewindow_awt.so
7fecb5c6b000-7fecb5c6c000 rw-p 00001000 00:20 29                         /tmp/jogamp_0000/file_cache/jln7503993707304899206/jln1059895396025016895/libnativewindow_awt.so
7fecb5c6c000-7fecb5c6d000 r-xp 00000000 08:01 808484                     /usr/lib/jvm/java-8-openjdk/jre/lib/amd64/libjawt.so
7fecb5c6d000-7fecb5e6c000 ---p 00001000 08:01 808484                     /usr/lib/jvm/java-8-openjdk/jre/lib/amd64/libjawt.so
7fecb5e6c000-7fecb5e6d000 rw-p 00000000 08:01 808484                     /usr/lib/jvm/java-8-openjdk/jre/lib/amd64/libjawt.so
7fecb5e6d000-7fecb5e6f000 r-xp 00000000 00:20 24                         /tmp/jogamp_0000/file_cache/jln7503993707304899206/jln1059895396025016895/libgluegen-rt.so
7fecb5e6f000-7fecb606f000 ---p 00002000 00:20 24                         /tmp/jogamp_0000/file_cache/jln7503993707304899206/jln1059895396025016895/libgluegen-rt.so
7fecb606f000-7fecb6070000 rw-p 00002000 00:20 24                         /tmp/jogamp_0000/file_cache/jln7503993707304899206/jln1059895396025016895/libgluegen-rt.so
7fecb6070000-7fecb6073000 ---p 00000000 00:00 0 
7fecb6073000-7fecb6171000 rw-p 00000000 00:00 0                          [stack:4766]
7fecb6171000-7fecb6182000 r-xp 00000000 08:01 808480                     /usr/lib/jvm/java-8-openjdk/jre/lib/amd64/libnio.so
7fecb6182000-7fecb6381000 ---p 00011000 08:01 808480                     /usr/lib/jvm/java-8-openjdk/jre/lib/amd64/libnio.so
7fecb6381000-7fecb6382000 rw-p 00010000 08:01 808480                     /usr/lib/jvm/java-8-openjdk/jre/lib/amd64/libnio.so
7fecb6382000-7fecb6398000 r-xp 00000000 08:01 808470                     /usr/lib/jvm/java-8-openjdk/jre/lib/amd64/libnet.so
7fecb6398000-7fecb6598000 ---p 00016000 08:01 808470                     /usr/lib/jvm/java-8-openjdk/jre/lib/amd64/libnet.so
7fecb6598000-7fecb6599000 rw-p 00016000 08:01 808470                     /usr/lib/jvm/java-8-openjdk/jre/lib/amd64/libnet.so
7fecb6599000-7fecb6799000 rw-p 00000000 00:00 0 
7fecb6799000-7fecb6999000 rw-p 00000000 00:00 0 
7fecb6999000-7fecb699c000 ---p 00000000 00:00 0 
7fecb699c000-7fecb6a9a000 rw-p 00000000 00:00 0                          [stack:4757]
7fecb6a9a000-7fecb6a9d000 ---p 00000000 00:00 0 
7fecb6a9d000-7fecb6b9b000 rw-p 00000000 00:00 0                          [stack:4756]
7fecb6b9b000-7fecb6b9e000 ---p 00000000 00:00 0 
7fecb6b9e000-7fecb6c9c000 rw-p 00000000 00:00 0                          [stack:4755]
7fecb6c9c000-7fecb6c9f000 ---p 00000000 00:00 0 
7fecb6c9f000-7fecb6d9d000 rw-p 00000000 00:00 0                          [stack:4754]
7fecb6d9d000-7fecb6da2000 r-xp 00000000 08:01 529523                     /usr/lib/libXfixes.so.3.1.0
7fecb6da2000-7fecb6fa1000 ---p 00005000 08:01 529523                     /usr/lib/libXfixes.so.3.1.0
7fecb6fa1000-7fecb6fa2000 r--p 00004000 08:01 529523                     /usr/lib/libXfixes.so.3.1.0
7fecb6fa2000-7fecb6fa3000 rw-p 00005000 08:01 529523                     /usr/lib/libXfixes.so.3.1.0
7fecb6fa3000-7fecb6fad000 r-xp 00000000 08:01 536185                     /usr/lib/libXcursor.so.1.0.2
7fecb6fad000-7fecb71ac000 ---p 0000a000 08:01 536185                     /usr/lib/libXcursor.so.1.0.2
7fecb71ac000-7fecb71ad000 r--p 00009000 08:01 536185                     /usr/lib/libXcursor.so.1.0.2
7fecb71ad000-7fecb71ae000 rw-p 0000a000 08:01 536185                     /usr/lib/libXcursor.so.1.0.2
7fecb71ae000-7fecb721d000 r-xp 00000000 08:01 528211                     /usr/lib/libpcre.so.1.2.5
7fecb721d000-7fecb741c000 ---p 0006f000 08:01 528211                     /usr/lib/libpcre.so.1.2.5
7fecb741c000-7fecb741d000 r--p 0006e000 08:01 528211                     /usr/lib/libpcre.so.1.2.5
7fecb741d000-7fecb741e000 rw-p 0006f000 08:01 528211                     /usr/lib/libpcre.so.1.2.5
7fecb741e000-7fecb744a000 r-xp 00000000 08:01 528036                     /usr/lib/libgraphite2.so.3.0.1
7fecb744a000-7fecb7649000 ---p 0002c000 08:01 528036                     /usr/lib/libgraphite2.so.3.0.1
7fecb7649000-7fecb764b000 r--p 0002b000 08:01 528036                     /usr/lib/libgraphite2.so.3.0.1
7fecb764b000-7fecb764c000 rw-p 0002d000 08:01 528036                     /usr/lib/libgraphite2.so.3.0.1
7fecb764c000-7fecb7758000 r-xp 00000000 08:01 533722                     /usr/lib/libglib-2.0.so.0.4400.1
7fecb7758000-7fecb7957000 ---p 0010c000 08:01 533722                     /usr/lib/libglib-2.0.so.0.4400.1
7fecb7957000-7fecb7958000 r--p 0010b000 08:01 533722                     /usr/lib/libglib-2.0.so.0.4400.1
7fecb7958000-7fecb7959000 rw-p 0010c000 08:01 533722                     /usr/lib/libglib-2.0.so.0.4400.1
7fecb7959000-7fecb795a000 rw-p 00000000 00:00 0 
7fecb795a000-7fecb79b9000 r-xp 00000000 08:01 540320                     /usr/lib/libharfbuzz.so.0.10000.3
7fecb79b9000-7fecb7bb9000 ---p 0005f000 08:01 540320                     /usr/lib/libharfbuzz.so.0.10000.3
7fecb7bb9000-7fecb7bba000 r--p 0005f000 08:01 540320                     /usr/lib/libharfbuzz.so.0.10000.3
7fecb7bba000-7fecb7bbb000 rw-p 00060000 08:01 540320                     /usr/lib/libharfbuzz.so.0.10000.3
7fecb7bbb000-7fecb7bef000 r-xp 00000000 08:01 525327                     /usr/lib/libpng16.so.16.18.0
7fecb7bef000-7fecb7dee000 ---p 00034000 08:01 525327                     /usr/lib/libpng16.so.16.18.0
7fecb7dee000-7fecb7def000 r--p 00033000 08:01 525327                     /usr/lib/libpng16.so.16.18.0
7fecb7def000-7fecb7df0000 rw-p 00034000 08:01 525327                     /usr/lib/libpng16.so.16.18.0
7fecb7df0000-7fecb7dff000 r-xp 00000000 08:01 529544                     /usr/lib/libbz2.so.1.0.6
7fecb7dff000-7fecb7ffe000 ---p 0000f000 08:01 529544                     /usr/lib/libbz2.so.1.0.6
7fecb7ffe000-7fecb8000000 rw-p 0000e000 08:01 529544                     /usr/lib/libbz2.so.1.0.6
7fecb8000000-7fecb8021000 rw-p 00000000 00:00 0 
7fecb8021000-7fecbc000000 ---p 00000000 00:00 0 
7fecbc000000-7fecbc021000 rw-p 00000000 00:00 0 
7fecbc021000-7fecc0000000 ---p 00000000 00:00 0 
7fecc0000000-7fecc01ec000 rw-p 00000000 00:00 0 
7fecc01ec000-7fecc4000000 ---p 00000000 00:00 0 
7fecc4000000-7fecc42df000 rw-p 00000000 00:00 0 
7fecc42df000-7fecc8000000 ---p 00000000 00:00 0 
7fecc8000000-7fecc8021000 rw-p 00000000 00:00 0 
7fecc8021000-7feccc000000 ---p 00000000 00:00 0 
7feccc000000-7feccc22d000 rw-p 00000000 00:00 0 
7feccc22d000-7fecd0000000 ---p 00000000 00:00 0 
7fecd0000000-7fecd0021000 rw-p 00000000 00:00 0 
7fecd0021000-7fecd4000000 ---p 00000000 00:00 0 
7fecd4000000-7fecd4021000 rw-p 00000000 00:00 0 
7fecd4021000-7fecd8000000 ---p 00000000 00:00 0 
7fecd8000000-7fecd8021000 rw-p 00000000 00:00 0 
7fecd8021000-7fecdc000000 ---p 00000000 00:00 0 
7fecdc000000-7fecdc021000 rw-p 00000000 00:00 0 
7fecdc021000-7fece0000000 ---p 00000000 00:00 0 
7fece00a3000-7fece00c1000 r-xp 00000000 08:01 549416                     /usr/lib/libudev.so.1.6.4
7fece00c1000-7fece00c2000 r--p 0001d000 08:01 549416                     /usr/lib/libudev.so.1.6.4
7fece00c2000-7fece00c3000 rw-p 0001e000 08:01 549416                     /usr/lib/libudev.so.1.6.4
7fece00c3000-7fece00c6000 ---p 00000000 00:00 0 
7fece00c6000-7fece00fc000 rw-p 00000000 00:00 0                          [stack:4761]
7fece00fc000-7fece00ff000 ---p 00000000 00:00 0 
7fece00ff000-7fece01fd000 rw-p 00000000 00:00 0                          [stack:4753]
7fece01fd000-7fece0213000 r-xp 00000000 08:01 527876                     /usr/lib/libgcc_s.so.1
7fece0213000-7fece0412000 ---p 00016000 08:01 527876                     /usr/lib/libgcc_s.so.1
7fece0412000-7fece0413000 rw-p 00015000 08:01 527876                     /usr/lib/libgcc_s.so.1
7fece0413000-7fece04c8000 r-xp 00000000 08:01 540846                     /usr/lib/libfreetype.so.6.12.0
7fece04c8000-7fece06c7000 ---p 000b5000 08:01 540846                     /usr/lib/libfreetype.so.6.12.0
7fece06c7000-7fece06cd000 r--p 000b4000 08:01 540846                     /usr/lib/libfreetype.so.6.12.0
7fece06cd000-7fece06ce000 rw-p 000ba000 08:01 540846                     /usr/lib/libfreetype.so.6.12.0
7fece06e1000-7fece06e2000 rw-p 00000000 00:00 0 
7fece06e2000-7fece06ea000 rw-s 00000000 00:05 56870                      /drm mm object (deleted)
7fece06ea000-7fece06f2000 rw-s 00000000 00:05 56118                      /drm mm object (deleted)
7fece06f2000-7fece06fa000 rw-s 00000000 00:05 56110                      /drm mm object (deleted)
7fece06fa000-7fece0702000 rw-s 00000000 00:05 54769                      /drm mm object (deleted)
7fece0702000-7fece0764000 r-xp 00000000 08:01 808485                     /usr/lib/jvm/java-8-openjdk/jre/lib/amd64/libfontmanager.so
7fece0764000-7fece0964000 ---p 00062000 08:01 808485                     /usr/lib/jvm/java-8-openjdk/jre/lib/amd64/libfontmanager.so
7fece0964000-7fece0968000 rw-p 00062000 08:01 808485                     /usr/lib/jvm/java-8-openjdk/jre/lib/amd64/libfontmanager.so
7fece0968000-7fece096d000 r-xp 00000000 08:01 527809                     /usr/lib/libXdmcp.so.6.0.0
7fece096d000-7fece0b6c000 ---p 00005000 08:01 527809                     /usr/lib/libXdmcp.so.6.0.0
7fece0b6c000-7fece0b6d000 r--p 00004000 08:01 527809                     /usr/lib/libXdmcp.so.6.0.0
7fece0b6d000-7fece0b6e000 rw-p 00005000 08:01 527809                     /usr/lib/libXdmcp.so.6.0.0
7fece0b6e000-7fece0b70000 r-xp 00000000 08:01 529519                     /usr/lib/libXau.so.6.0.0
7fece0b70000-7fece0d70000 ---p 00002000 08:01 529519                     /usr/lib/libXau.so.6.0.0
7fece0d70000-7fece0d71000 r--p 00002000 08:01 529519                     /usr/lib/libXau.so.6.0.0
7fece0d71000-7fece0d72000 rw-p 00003000 08:01 529519                     /usr/lib/libXau.so.6.0.0
7fece0d72000-7fece0d93000 r-xp 00000000 08:01 529359                     /usr/lib/libxcb.so.1.1.0
7fece0d93000-7fece0f92000 ---p 00021000 08:01 529359                     /usr/lib/libxcb.so.1.1.0
7fece0f92000-7fece0f93000 r--p 00020000 08:01 529359                     /usr/lib/libxcb.so.1.1.0
7fece0f93000-7fece0f94000 rw-p 00021000 08:01 529359                     /usr/lib/libxcb.so.1.1.0
7fece0f94000-7fece0fa3000 r-xp 00000000 08:01 536188                     /usr/lib/libXi.so.6.1.0
7fece0fa3000-7fece11a3000 ---p 0000f000 08:01 536188                     /usr/lib/libXi.so.6.1.0
7fece11a3000-7fece11a4000 r--p 0000f000 08:01 536188                     /usr/lib/libXi.so.6.1.0
7fece11a4000-7fece11a5000 rw-p 00010000 08:01 536188                     /usr/lib/libXi.so.6.1.0
7fece11a5000-7fece11aa000 r-xp 00000000 08:01 536888                     /usr/lib/libXtst.so.6.1.0
7fece11aa000-7fece13a9000 ---p 00005000 08:01 536888                     /usr/lib/libXtst.so.6.1.0
7fece13a9000-7fece13aa000 r--p 00004000 08:01 536888                     /usr/lib/libXtst.so.6.1.0
7fece13aa000-7fece13ab000 rw-p 00005000 08:01 536888                     /usr/lib/libXtst.so.6.1.0
7fece13ab000-7fece13b4000 r-xp 00000000 08:01 536201                     /usr/lib/libXrender.so.1.3.0
7fece13b4000-7fece15b3000 ---p 00009000 08:01 536201                     /usr/lib/libXrender.so.1.3.0
7fece15b3000-7fece15b4000 r--p 00008000 08:01 536201                     /usr/lib/libXrender.so.1.3.0
7fece15b4000-7fece15b5000 rw-p 00009000 08:01 536201                     /usr/lib/libXrender.so.1.3.0
7fece15b5000-7fece16f0000 r-xp 00000000 08:01 526138                     /usr/lib/libX11.so.6.3.0
7fece16f0000-7fece18ef000 ---p 0013b000 08:01 526138                     /usr/lib/libX11.so.6.3.0
7fece18ef000-7fece18f1000 r--p 0013a000 08:01 526138                     /usr/lib/libX11.so.6.3.0
7fece18f1000-7fece18f6000 rw-p 0013c000 08:01 526138                     /usr/lib/libX11.so.6.3.0
7fece18f6000-7fece18f7000 rw-p 00000000 00:00 0 
7fece18f7000-7fece1908000 r-xp 00000000 08:01 527813                     /usr/lib/libXext.so.6.4.0
7fece1908000-7fece1b07000 ---p 00011000 08:01 527813                     /usr/lib/libXext.so.6.4.0
7fece1b07000-7fece1b08000 r--p 00010000 08:01 527813                     /usr/lib/libXext.so.6.4.0
7fece1b08000-7fece1b09000 rw-p 00011000 08:01 527813                     /usr/lib/libXext.so.6.4.0
7fece1b09000-7fece1b0a000 rw-s 104d97000 00:06 320                       /dev/dri/card0
7fece1b0a000-7fece1b0b000 rwxp 00000000 00:00 0 
7fece1b0b000-7fece1b13000 rw-s 00000000 00:05 56099                      /drm mm object (deleted)
7fece1b13000-7fece1b1b000 rw-s 00000000 00:05 56078                      /drm mm object (deleted)
7fece1b1b000-7fece1b1c000 rw-s 00000000 00:05 56075                      /drm mm object (deleted)
7fece1b1c000-7fece1b1d000 rw-s 104d96000 00:06 320                       /dev/dri/card0
7fece1b1d000-7fece1b25000 rw-s 00000000 00:05 56074                      /drm mm object (deleted)
7fece1b25000-7fece1b26000 r--p 00000000 00:00 0 
7fece1b26000-7fece1b2a000 r--s 00095000 08:01 807885                     /usr/lib/jvm/java-8-openjdk/jre/lib/jsse.jar
7fece1b2a000-7fece1b3d000 r--s 00345000 08:01 807886                     /usr/lib/jvm/java-8-openjdk/jre/lib/resources.jar
7fece1b3d000-7fece1b90000 r-xp 00000000 08:01 808482                     /usr/lib/jvm/java-8-openjdk/jre/lib/amd64/libawt_xawt.so
7fece1b90000-7fece1d90000 ---p 00053000 08:01 808482                     /usr/lib/jvm/java-8-openjdk/jre/lib/amd64/libawt_xawt.so
7fece1d90000-7fece1d93000 rw-p 00053000 08:01 808482                     /usr/lib/jvm/java-8-openjdk/jre/lib/amd64/libawt_xawt.so
7fece1d93000-7fece1d94000 rw-p 00000000 00:00 0 
7fece1d94000-7fece1e32000 r-xp 00000000 08:01 808479                     /usr/lib/jvm/java-8-openjdk/jre/lib/amd64/libawt.so
7fece1e32000-7fece2032000 ---p 0009e000 08:01 808479                     /usr/lib/jvm/java-8-openjdk/jre/lib/amd64/libawt.so
7fece2032000-7fece203e000 rw-p 0009e000 08:01 808479                     /usr/lib/jvm/java-8-openjdk/jre/lib/amd64/libawt.so
7fece203e000-7fece2062000 rw-p 00000000 00:00 0 
7fece2062000-7fece2065000 r--s 00017000 08:11 2056                       /run/media/b/Files/SWEN222/Lunarcy-Repo/Lunarcy/tritonus_share.jar
7fece2065000-7fece2066000 r--s 00002000 08:11 2055                       /run/media/b/Files/SWEN222/Lunarcy-Repo/Lunarcy/tritonus_aos.jar
7fece2066000-7fece2069000 r--s 00016000 08:11 2051                       /run/media/b/Files/SWEN222/Lunarcy-Repo/Lunarcy/minim.jar
7fece2069000-7fece206b000 r--s 0000a000 08:11 2050                       /run/media/b/Files/SWEN222/Lunarcy-Repo/Lunarcy/jsminim.jar
7fece206b000-7fece206e000 r--s 00017000 08:11 2049                       /run/media/b/Files/SWEN222/Lunarcy-Repo/Lunarcy/jl1.0.jar
7fece206e000-7fece206f000 ---p 00000000 00:00 0 
7fece206f000-7fece216f000 rw-p 00000000 00:00 0                          [stack:4752]
7fece216f000-7fece2172000 ---p 00000000 00:00 0 
7fece2172000-7fece4000000 rw-p 00000000 00:00 0                          [stack:4751]
7fece4000000-7fece4021000 rw-p 00000000 00:00 0 
7fece4021000-7fece8000000 ---p 00000000 00:00 0 
7fece8000000-7fece8021000 rw-p 00000000 00:00 0 
7fece8021000-7fecec000000 ---p 00000000 00:00 0 
7fecec000000-7fecec021000 rw-p 00000000 00:00 0 
7fecec021000-7fecf0000000 ---p 00000000 00:00 0 
7fecf0000000-7fecf0001000 r--s 00005000 08:11 2052                       /run/media/b/Files/SWEN222/Lunarcy-Repo/Lunarcy/mp3spi1.9.4.jar
7fecf0001000-7fecf0022000 r--s 002d0000 08:11 420                        /run/media/b/Files/SWEN222/Lunarcy-Repo/Lunarcy/jogl-all.jar
7fecf0022000-7fecf0025000 ---p 00000000 00:00 0 
7fecf0025000-7fecf0123000 rw-p 00000000 00:00 0                          [stack:4750]
7fecf0123000-7fecf0126000 ---p 00000000 00:00 0 
7fecf0126000-7fecf0224000 rw-p 00000000 00:00 0                          [stack:4749]
7fecf0224000-7fecf0227000 ---p 00000000 00:00 0 
7fecf0227000-7fecf0325000 rw-p 00000000 00:00 0                          [stack:4748]
7fecf0325000-7fecf0328000 ---p 00000000 00:00 0 
7fecf0328000-7fecf0426000 rw-p 00000000 00:00 0                          [stack:4747]
7fecf0426000-7fecf05b4000 r--p 00000000 08:01 543557                     /usr/lib/locale/locale-archive
7fecf05b4000-7fecf05b7000 ---p 00000000 00:00 0 
7fecf05b7000-7fecf06b5000 rw-p 00000000 00:00 0                          [stack:4746]
7fecf06b5000-7fecf06b8000 ---p 00000000 00:00 0 
7fecf06b8000-7fecf07b6000 rw-p 00000000 00:00 0                          [stack:4745]
7fecf07b6000-7fecf07b7000 ---p 00000000 00:00 0 
7fecf07b7000-7fecf1000000 rw-p 00000000 00:00 0                          [stack:4744]
7fecf1000000-7fecf1370000 rwxp 00000000 00:00 0 
7fecf1370000-7fed00000000 ---p 00000000 00:00 0 
7fed00000000-7fed003b5000 rw-p 00000000 00:00 0 
7fed003b5000-7fed04000000 ---p 00000000 00:00 0 
7fed04000000-7fed04001000 r--s 0002d000 08:11 419                        /run/media/b/Files/SWEN222/Lunarcy-Repo/Lunarcy/jogl-all-natives-windows-i586.jar
7fed04001000-7fed04002000 r--s 00034000 08:11 418                        /run/media/b/Files/SWEN222/Lunarcy-Repo/Lunarcy/jogl-all-natives-windows-amd64.jar
7fed04002000-7fed04003000 r--s 00063000 08:11 417                        /run/media/b/Files/SWEN222/Lunarcy-Repo/Lunarcy/jogl-all-natives-macosx-universal.jar
7fed04003000-7fed04005000 r--s 00030000 08:11 416                        /run/media/b/Files/SWEN222/Lunarcy-Repo/Lunarcy/jogl-all-natives-linux-i586.jar
7fed04005000-7fed04006000 r--s 00022000 08:11 415                        /run/media/b/Files/SWEN222/Lunarcy-Repo/Lunarcy/jogl-all-natives-linux-armv6hf.jar
7fed04006000-7fed0487c000 rw-p 00000000 00:00 0 
7fed0487c000-7fed04a4a000 r--s 03bde000 08:01 808439                     /usr/lib/jvm/java-8-openjdk/jre/lib/rt.jar
7fed04a4a000-7fed05499000 rw-p 00000000 00:00 0 
7fed05499000-7fed0549a000 ---p 00000000 00:00 0 
7fed0549a000-7fed0559a000 rw-p 00000000 00:00 0                          [stack:4743]
7fed0559a000-7fed0559b000 ---p 00000000 00:00 0 
7fed0559b000-7fed0569b000 rw-p 00000000 00:00 0                          [stack:4742]
7fed0569b000-7fed0569c000 ---p 00000000 00:00 0 
7fed0569c000-7fed0579c000 rw-p 00000000 00:00 0                          [stack:4741]
7fed0579c000-7fed0579d000 ---p 00000000 00:00 0 
7fed0579d000-7fed058b1000 rw-p 00000000 00:00 0                          [stack:4740]
7fed058b1000-7fed059d9000 ---p 00000000 00:00 0 
7fed059d9000-7fed059ed000 rw-p 00000000 00:00 0 
7fed059ed000-7fed05b14000 ---p 00000000 00:00 0 
7fed05b14000-7fed05b26000 rw-p 00000000 00:00 0 
7fed05b26000-7fed05bb2000 ---p 00000000 00:00 0 
7fed05bb2000-7fed05bc1000 rw-p 00000000 00:00 0 
7fed05bc1000-7fed05f73000 ---p 00000000 00:00 0 
7fed05f73000-7fed05f7b000 r-xp 00000000 08:01 808467                     /usr/lib/jvm/java-8-openjdk/jre/lib/amd64/libzip.so
7fed05f7b000-7fed0617a000 ---p 00008000 08:01 808467                     /usr/lib/jvm/java-8-openjdk/jre/lib/amd64/libzip.so
7fed0617a000-7fed0617b000 rw-p 00007000 08:01 808467                     /usr/lib/jvm/java-8-openjdk/jre/lib/amd64/libzip.so
7fed0617b000-7fed06186000 r-xp 00000000 08:01 531183                     /usr/lib/libnss_files-2.22.so
7fed06186000-7fed06385000 ---p 0000b000 08:01 531183                     /usr/lib/libnss_files-2.22.so
7fed06385000-7fed06386000 r--p 0000a000 08:01 531183                     /usr/lib/libnss_files-2.22.so
7fed06386000-7fed06387000 rw-p 0000b000 08:01 531183                     /usr/lib/libnss_files-2.22.so
7fed06387000-7fed0638d000 rw-p 00000000 00:00 0 
7fed0638d000-7fed063b9000 r-xp 00000000 08:01 808466                     /usr/lib/jvm/java-8-openjdk/jre/lib/amd64/libjava.so
7fed063b9000-7fed065b9000 ---p 0002c000 08:01 808466                     /usr/lib/jvm/java-8-openjdk/jre/lib/amd64/libjava.so
7fed065b9000-7fed065bb000 rw-p 0002c000 08:01 808466                     /usr/lib/jvm/java-8-openjdk/jre/lib/amd64/libjava.so
7fed065bb000-7fed065c8000 r-xp 00000000 08:01 808459                     /usr/lib/jvm/java-8-openjdk/jre/lib/amd64/libverify.so
7fed065c8000-7fed067c7000 ---p 0000d000 08:01 808459                     /usr/lib/jvm/java-8-openjdk/jre/lib/amd64/libverify.so
7fed067c7000-7fed067c9000 rw-p 0000c000 08:01 808459                     /usr/lib/jvm/java-8-openjdk/jre/lib/amd64/libverify.so
7fed067c9000-7fed067d0000 r-xp 00000000 08:01 531191                     /usr/lib/librt-2.22.so
7fed067d0000-7fed069cf000 ---p 00007000 08:01 531191                     /usr/lib/librt-2.22.so
7fed069cf000-7fed069d0000 r--p 00006000 08:01 531191                     /usr/lib/librt-2.22.so
7fed069d0000-7fed069d1000 rw-p 00007000 08:01 531191                     /usr/lib/librt-2.22.so
7fed069d1000-7fed06ace000 r-xp 00000000 08:01 531188                     /usr/lib/libm-2.22.so
7fed06ace000-7fed06ccd000 ---p 000fd000 08:01 531188                     /usr/lib/libm-2.22.so
7fed06ccd000-7fed06cce000 r--p 000fc000 08:01 531188                     /usr/lib/libm-2.22.so
7fed06cce000-7fed06ccf000 rw-p 000fd000 08:01 531188                     /usr/lib/libm-2.22.so
7fed06ccf000-7fed07922000 r-xp 00000000 08:01 945578                     /usr/lib/jvm/java-8-openjdk/jre/lib/amd64/server/libjvm.so
7fed07922000-7fed07b21000 ---p 00c53000 08:01 945578                     /usr/lib/jvm/java-8-openjdk/jre/lib/amd64/server/libjvm.so
7fed07b21000-7fed07bdd000 rw-p 00c52000 08:01 945578                     /usr/lib/jvm/java-8-openjdk/jre/lib/amd64/server/libjvm.so
7fed07bdd000-7fed07c0b000 rw-p 00000000 00:00 0 
7fed07c0b000-7fed07da6000 r-xp 00000000 08:01 531138                     /usr/lib/libc-2.22.so
7fed07da6000-7fed07fa5000 ---p 0019b000 08:01 531138                     /usr/lib/libc-2.22.so
7fed07fa5000-7fed07fa9000 r--p 0019a000 08:01 531138                     /usr/lib/libc-2.22.so
7fed07fa9000-7fed07fab000 rw-p 0019e000 08:01 531138                     /usr/lib/libc-2.22.so
7fed07fab000-7fed07faf000 rw-p 00000000 00:00 0 
7fed07faf000-7fed07fb2000 r-xp 00000000 08:01 531187                     /usr/lib/libdl-2.22.so
7fed07fb2000-7fed081b1000 ---p 00003000 08:01 531187                     /usr/lib/libdl-2.22.so
7fed081b1000-7fed081b2000 r--p 00002000 08:01 531187                     /usr/lib/libdl-2.22.so
7fed081b2000-7fed081b3000 rw-p 00003000 08:01 531187                     /usr/lib/libdl-2.22.so
7fed081b3000-7fed081c0000 r-xp 00000000 08:01 945575                     /usr/lib/jvm/java-8-openjdk/jre/lib/amd64/jli/libjli.so
7fed081c0000-7fed083bf000 ---p 0000d000 08:01 945575                     /usr/lib/jvm/java-8-openjdk/jre/lib/amd64/jli/libjli.so
7fed083bf000-7fed083c0000 rw-p 0000c000 08:01 945575                     /usr/lib/jvm/java-8-openjdk/jre/lib/amd64/jli/libjli.so
7fed083c0000-7fed083d5000 r-xp 00000000 08:01 526057                     /usr/lib/libz.so.1.2.8
7fed083d5000-7fed085d4000 ---p 00015000 08:01 526057                     /usr/lib/libz.so.1.2.8
7fed085d4000-7fed085d5000 r--p 00014000 08:01 526057                     /usr/lib/libz.so.1.2.8
7fed085d5000-7fed085d6000 rw-p 00015000 08:01 526057                     /usr/lib/libz.so.1.2.8
7fed085d6000-7fed085ee000 r-xp 00000000 08:01 529395                     /usr/lib/libpthread-2.22.so
7fed085ee000-7fed087ed000 ---p 00018000 08:01 529395                     /usr/lib/libpthread-2.22.so
7fed087ed000-7fed087ee000 r--p 00017000 08:01 529395                     /usr/lib/libpthread-2.22.so
7fed087ee000-7fed087ef000 rw-p 00018000 08:01 529395                     /usr/lib/libpthread-2.22.so
7fed087ef000-7fed087f3000 rw-p 00000000 00:00 0 
7fed087f3000-7fed08815000 r-xp 00000000 08:01 531026                     /usr/lib/ld-2.22.so
7fed08815000-7fed088da000 rw-p 00000000 00:00 0 
7fed088da000-7fed088dd000 ---p 00000000 00:00 0 
7fed088dd000-7fed089df000 rw-p 00000000 00:00 0                          [stack:4739]
7fed089df000-7fed089e0000 r--s 00031000 08:11 414                        /run/media/b/Files/SWEN222/Lunarcy-Repo/Lunarcy/jogl-all-natives-linux-amd64.jar
7fed089e0000-7fed089e6000 r--s 00041000 08:11 413                        /run/media/b/Files/SWEN222/Lunarcy-Repo/Lunarcy/gluegen-rt.jar
7fed089e6000-7fed089e7000 r--s 00001000 08:11 412                        /run/media/b/Files/SWEN222/Lunarcy-Repo/Lunarcy/gluegen-rt-natives-windows-i586.jar
7fed089e7000-7fed089e8000 r--s 00001000 08:11 411                        /run/media/b/Files/SWEN222/Lunarcy-Repo/Lunarcy/gluegen-rt-natives-windows-amd64.jar
7fed089e8000-7fed089e9000 r--s 00001000 08:11 410                        /run/media/b/Files/SWEN222/Lunarcy-Repo/Lunarcy/gluegen-rt-natives-macosx-universal.jar
7fed089e9000-7fed089ea000 r--s 00000000 08:11 409                        /run/media/b/Files/SWEN222/Lunarcy-Repo/Lunarcy/gluegen-rt-natives-linux-i586.jar
7fed089ea000-7fed089eb000 r--s 00000000 08:11 408                        /run/media/b/Files/SWEN222/Lunarcy-Repo/Lunarcy/gluegen-rt-natives-linux-armv6hf.jar
7fed089eb000-7fed089ec000 r--s 00000000 08:11 407                        /run/media/b/Files/SWEN222/Lunarcy-Repo/Lunarcy/gluegen-rt-natives-linux-amd64.jar
7fed089ec000-7fed089f2000 r--s 002f8000 08:01 807887                     /usr/lib/jvm/java-8-openjdk/jre/lib/charsets.jar
7fed089f2000-7fed089f6000 r--s 00097000 08:11 405                        /run/media/b/Files/SWEN222/Lunarcy-Repo/Lunarcy/core.jar
7fed089f6000-7fed08a09000 rw-p 00000000 00:00 0 
7fed08a09000-7fed08a11000 rw-s 00000000 00:20 32                         /tmp/hsperfdata_b/4734
7fed08a11000-7fed08a12000 rw-p 00000000 00:00 0 
7fed08a12000-7fed08a13000 r--p 00000000 00:00 0 
7fed08a13000-7fed08a14000 rw-p 00000000 00:00 0 
7fed08a14000-7fed08a15000 r--p 00021000 08:01 531026                     /usr/lib/ld-2.22.so
7fed08a15000-7fed08a16000 rw-p 00022000 08:01 531026                     /usr/lib/ld-2.22.so
7fed08a16000-7fed08a17000 rw-p 00000000 00:00 0 
7ffd59c3c000-7ffd59c5d000 rw-p 00000000 00:00 0                          [stack]
7ffd59d7c000-7ffd59d7e000 r--p 00000000 00:00 0                          [vvar]
7ffd59d7e000-7ffd59d80000 r-xp 00000000 00:00 0                          [vdso]
ffffffffff600000-ffffffffff601000 r-xp 00000000 00:00 0                  [vsyscall]

VM Arguments:
jvm_args: -Dfile.encoding=UTF-8 
java_command: user_interface.Frame
java_class_path (initial): /run/media/b/Files/SWEN222/Lunarcy-Repo/Lunarcy/bin:/run/media/b/Files/SWEN222/Lunarcy-Repo/Lunarcy/core.jar:/run/media/b/Files/SWEN222/Lunarcy-Repo/Lunarcy/gluegen-rt-natives-linux-amd64.jar:/run/media/b/Files/SWEN222/Lunarcy-Repo/Lunarcy/gluegen-rt-natives-linux-armv6hf.jar:/run/media/b/Files/SWEN222/Lunarcy-Repo/Lunarcy/gluegen-rt-natives-linux-i586.jar:/run/media/b/Files/SWEN222/Lunarcy-Repo/Lunarcy/gluegen-rt-natives-macosx-universal.jar:/run/media/b/Files/SWEN222/Lunarcy-Repo/Lunarcy/gluegen-rt-natives-windows-amd64.jar:/run/media/b/Files/SWEN222/Lunarcy-Repo/Lunarcy/gluegen-rt-natives-windows-i586.jar:/run/media/b/Files/SWEN222/Lunarcy-Repo/Lunarcy/gluegen-rt.jar:/run/media/b/Files/SWEN222/Lunarcy-Repo/Lunarcy/jogl-all-natives-linux-amd64.jar:/run/media/b/Files/SWEN222/Lunarcy-Repo/Lunarcy/jogl-all-natives-linux-armv6hf.jar:/run/media/b/Files/SWEN222/Lunarcy-Repo/Lunarcy/jogl-all-natives-linux-i586.jar:/run/media/b/Files/SWEN222/Lunarcy-Repo/Lunarcy/jogl-all-natives-macosx-universal.jar:/run/media/b/Files/SWEN222/Lunarcy-Repo/Lunarcy/jogl-all-natives-windows-amd64.jar:/run/media/b/Files/SWEN222/Lunarcy-Repo/Lunarcy/jogl-all-natives-windows-i586.jar:/run/media/b/Files/SWEN222/Lunarcy-Repo/Lunarcy/jogl-all.jar:/run/media/b/Files/SWEN222/Lunarcy-Repo/Lunarcy/jl1.0.jar:/run/media/b/Files/SWEN222/Lunarcy-Repo/Lunarcy/jsminim.jar:/run/media/b/Files/SWEN222/Lunarcy-Repo/Lunarcy/minim.jar:/run/media/b/Files/SWEN222/Lunarcy-Repo/Lunarcy/mp3spi1.9.4.jar:/run/media/b/Files/SWEN222/Lunarcy-Repo/Lunarcy/tritonus_aos.jar:/run/media/b/Files/SWEN222/Lunarcy-Repo/Lunarcy/tritonus_share.jar
Launcher Type: SUN_STANDARD

Environment Variables:
PATH=/usr/local/sbin:/usr/local/bin:/usr/bin:/usr/lib/jvm/default/bin:/usr/bin/site_perl:/usr/bin/vendor_perl:/usr/bin/core_perl
SHELL=/bin/bash
DISPLAY=:0.0

Signal Handlers:
SIGSEGV: [libjvm.so+0xa581a0], sa_mask[0]=11111111011111111101111111111110, sa_flags=SA_RESTART|SA_SIGINFO
SIGBUS: [libjvm.so+0xa581a0], sa_mask[0]=11111111011111111101111111111110, sa_flags=SA_RESTART|SA_SIGINFO
SIGFPE: [libjvm.so+0x8a4420], sa_mask[0]=11111111011111111101111111111110, sa_flags=SA_RESTART|SA_SIGINFO
SIGPIPE: [libjvm.so+0x8a4420], sa_mask[0]=11111111011111111101111111111110, sa_flags=SA_RESTART|SA_SIGINFO
SIGXFSZ: [libjvm.so+0x8a4420], sa_mask[0]=11111111011111111101111111111110, sa_flags=SA_RESTART|SA_SIGINFO
SIGILL: [libjvm.so+0x8a4420], sa_mask[0]=11111111011111111101111111111110, sa_flags=SA_RESTART|SA_SIGINFO
SIGUSR1: SIG_IGN, sa_mask[0]=00000000000000000000000000000000, sa_flags=none
SIGUSR2: [libjvm.so+0x8a42d0], sa_mask[0]=00100000000000000000000000000000, sa_flags=SA_RESTART|SA_SIGINFO
SIGHUP: [libjvm.so+0x8a47a0], sa_mask[0]=11111111011111111101111111111110, sa_flags=SA_RESTART|SA_SIGINFO
SIGINT: SIG_IGN, sa_mask[0]=00000000000000000000000000000000, sa_flags=none
SIGTERM: [libjvm.so+0x8a47a0], sa_mask[0]=11111111011111111101111111111110, sa_flags=SA_RESTART|SA_SIGINFO
SIGQUIT: [libjvm.so+0x8a47a0], sa_mask[0]=11111111011111111101111111111110, sa_flags=SA_RESTART|SA_SIGINFO


---------------  S Y S T E M  ---------------

OS:DISTRIB_ID=ManjaroLinux
DISTRIB_RELEASE=15.09-rc1
DISTRIB_CODENAME=Bellatrix
DISTRIB_DESCRIPTION="Manjaro Linux"

uname:Linux 3.19.8.6-1-MANJARO #1 SMP PREEMPT Wed Sep 2 23:37:55 UTC 2015 x86_64
libc:glibc 2.22 NPTL 2.22 
rlimit: STACK 8192k, CORE 0k, NPROC 15081, NOFILE 4096, AS infinity
load average:1.03 0.84 0.72

/proc/meminfo:
MemTotal:        3867980 kB
MemFree:          374872 kB
MemAvailable:    1530732 kB
Buffers:           97408 kB
Cached:          1577408 kB
SwapCached:            0 kB
Active:          2440360 kB
Inactive:         850416 kB
Active(anon):    1667592 kB
Inactive(anon):   340028 kB
Active(file):     772768 kB
Inactive(file):   510388 kB
Unevictable:       17472 kB
Mlocked:           17472 kB
SwapTotal:             0 kB
SwapFree:              0 kB
Dirty:                64 kB
Writeback:             0 kB
AnonPages:       1633648 kB
Mapped:           341076 kB
Shmem:            383540 kB
Slab:             108984 kB
SReclaimable:      83296 kB
SUnreclaim:        25688 kB
KernelStack:        6752 kB
PageTables:        21620 kB
NFS_Unstable:          0 kB
Bounce:                0 kB
WritebackTmp:          0 kB
CommitLimit:     1933988 kB
Committed_AS:    4192368 kB
VmallocTotal:   34359738367 kB
VmallocUsed:      560060 kB
VmallocChunk:   34359096856 kB
HardwareCorrupted:     0 kB
AnonHugePages:    624640 kB
HugePages_Total:       0
HugePages_Free:        0
HugePages_Rsvd:        0
HugePages_Surp:        0
Hugepagesize:       2048 kB
DirectMap4k:       84736 kB
DirectMap2M:     3923968 kB


CPU:total 4 (2 cores per cpu, 2 threads per core) family 6 model 58 stepping 9, cmov, cx8, fxsr, mmx, sse, sse2, sse3, ssse3, sse4.1, sse4.2, popcnt, avx, aes, clmul, erms, ht, tsc, tscinvbit, tscinv

/proc/cpuinfo:
processor	: 0
vendor_id	: GenuineIntel
cpu family	: 6
model		: 58
model name	: Intel(R) Core(TM) i5-3337U CPU @ 1.80GHz
stepping	: 9
microcode	: 0x1b
cpu MHz		: 2499.960
cache size	: 3072 KB
physical id	: 0
siblings	: 4
core id		: 0
cpu cores	: 2
apicid		: 0
initial apicid	: 0
fpu		: yes
fpu_exception	: yes
cpuid level	: 13
wp		: yes
flags		: fpu vme de pse tsc msr pae mce cx8 apic sep mtrr pge mca cmov pat pse36 clflush dts acpi mmx fxsr sse sse2 ss ht tm pbe syscall nx rdtscp lm constant_tsc arch_perfmon pebs bts rep_good nopl xtopology nonstop_tsc aperfmperf eagerfpu pni pclmulqdq dtes64 monitor ds_cpl vmx est tm2 ssse3 cx16 xtpr pdcm pcid sse4_1 sse4_2 x2apic popcnt tsc_deadline_timer aes xsave avx f16c rdrand lahf_lm ida arat epb pln pts dtherm tpr_shadow vnmi flexpriority ept vpid fsgsbase smep erms xsaveopt
bugs		:
bogomips	: 3593.40
clflush size	: 64
cache_alignment	: 64
address sizes	: 36 bits physical, 48 bits virtual
power management:

processor	: 1
vendor_id	: GenuineIntel
cpu family	: 6
model		: 58
model name	: Intel(R) Core(TM) i5-3337U CPU @ 1.80GHz
stepping	: 9
microcode	: 0x1b
cpu MHz		: 2499.960
cache size	: 3072 KB
physical id	: 0
siblings	: 4
core id		: 0
cpu cores	: 2
apicid		: 1
initial apicid	: 1
fpu		: yes
fpu_exception	: yes
cpuid level	: 13
wp		: yes
flags		: fpu vme de pse tsc msr pae mce cx8 apic sep mtrr pge mca cmov pat pse36 clflush dts acpi mmx fxsr sse sse2 ss ht tm pbe syscall nx rdtscp lm constant_tsc arch_perfmon pebs bts rep_good nopl xtopology nonstop_tsc aperfmperf eagerfpu pni pclmulqdq dtes64 monitor ds_cpl vmx est tm2 ssse3 cx16 xtpr pdcm pcid sse4_1 sse4_2 x2apic popcnt tsc_deadline_timer aes xsave avx f16c rdrand lahf_lm ida arat epb pln pts dtherm tpr_shadow vnmi flexpriority ept vpid fsgsbase smep erms xsaveopt
bugs		:
bogomips	: 3593.40
clflush size	: 64
cache_alignment	: 64
address sizes	: 36 bits physical, 48 bits virtual
power management:

processor	: 2
vendor_id	: GenuineIntel
cpu family	: 6
model		: 58
model name	: Intel(R) Core(TM) i5-3337U CPU @ 1.80GHz
stepping	: 9
microcode	: 0x1b
cpu MHz		: 2499.960
cache size	: 3072 KB
physical id	: 0
siblings	: 4
core id		: 1
cpu cores	: 2
apicid		: 2
initial apicid	: 2
fpu		: yes
fpu_exception	: yes
cpuid level	: 13
wp		: yes
flags		: fpu vme de pse tsc msr pae mce cx8 apic sep mtrr pge mca cmov pat pse36 clflush dts acpi mmx fxsr sse sse2 ss ht tm pbe syscall nx rdtscp lm constant_tsc arch_perfmon pebs bts rep_good nopl xtopology nonstop_tsc aperfmperf eagerfpu pni pclmulqdq dtes64 monitor ds_cpl vmx est tm2 ssse3 cx16 xtpr pdcm pcid sse4_1 sse4_2 x2apic popcnt tsc_deadline_timer aes xsave avx f16c rdrand lahf_lm ida arat epb pln pts dtherm tpr_shadow vnmi flexpriority ept vpid fsgsbase smep erms xsaveopt
bugs		:
bogomips	: 3593.40
clflush size	: 64
cache_alignment	: 64
address sizes	: 36 bits physical, 48 bits virtual
power management:

processor	: 3
vendor_id	: GenuineIntel
cpu family	: 6
model		: 58
model name	: Intel(R) Core(TM) i5-3337U CPU @ 1.80GHz
stepping	: 9
microcode	: 0x1b
cpu MHz		: 2499.960
cache size	: 3072 KB
physical id	: 0
siblings	: 4
core id		: 1
cpu cores	: 2
apicid		: 3
initial apicid	: 3
fpu		: yes
fpu_exception	: yes
cpuid level	: 13
wp		: yes
flags		: fpu vme de pse tsc msr pae mce cx8 apic sep mtrr pge mca cmov pat pse36 clflush dts acpi mmx fxsr sse sse2 ss ht tm pbe syscall nx rdtscp lm constant_tsc arch_perfmon pebs bts rep_good nopl xtopology nonstop_tsc aperfmperf eagerfpu pni pclmulqdq dtes64 monitor ds_cpl vmx est tm2 ssse3 cx16 xtpr pdcm pcid sse4_1 sse4_2 x2apic popcnt tsc_deadline_timer aes xsave avx f16c rdrand lahf_lm ida arat epb pln pts dtherm tpr_shadow vnmi flexpriority ept vpid fsgsbase smep erms xsaveopt
bugs		:
bogomips	: 3593.40
clflush size	: 64
cache_alignment	: 64
address sizes	: 36 bits physical, 48 bits virtual
power management:



Memory: 4k page, physical 3867980k(374664k free), swap 0k(0k free)

vm_info: OpenJDK 64-Bit Server VM (25.60-b23) for linux-amd64 JRE (1.8.0_60-b24), built on Aug 23 2015 18:39:15 by "builduser" with gcc 5.2.0

time: Sat Sep 19 18:26:05 2015
elapsed time: 1 seconds (0d 0h 0m 1s)

