#
# A fatal error has been detected by the Java Runtime Environment:
#
#  SIGSEGV (0xb) at pc=0x00007fe6d20bf427, pid=4674, tid=140629899527936
#
# JRE version: OpenJDK Runtime Environment (8.0_60-b24) (build 1.8.0_60-b24)
# Java VM: OpenJDK 64-Bit Server VM (25.60-b23 mixed mode linux-amd64 compressed oops)
# Problematic frame:
# C  [i965_dri.so+0x402427]
#
# Failed to write core dump. Core dumps have been disabled. To enable core dumping, try "ulimit -c unlimited" before starting Java again
#
# If you would like to submit a bug report, please visit:
#   http://bugreport.java.com/bugreport/crash.jsp
# The crash happened outside the Java Virtual Machine in native code.
# See problematic frame for where to report the bug.
#

---------------  T H R E A D  ---------------

Current thread (0x00007fe73c30c800):  JavaThread "AWT-EventQueue-0" [_thread_in_native, id=4698, stack(0x00007fe6f324c000,0x00007fe6f334d000)]

siginfo: si_signo: 11 (SIGSEGV), si_code: 2 (SEGV_ACCERR), si_addr: 0x00007fe6d06d9000

Registers:
RAX=0x0000000000000000, RBX=0x00007fe6d06d9000, RCX=0x0000000000000040, RDX=0x0000000000000000
RSP=0x00007fe6f334a0a0, RBP=0x0000000000000040, RSI=0x0000000000000200, RDI=0x00007fe6e1894030
R8 =0x0000000000000000, R9 =0x0000000000000100, R10=0x0000000000001400, R11=0x0000000000000000
R12=0x0000000000000080, R13=0x0000000000000000, R14=0x00007fe6e1894030, R15=0x0000000000000000
RIP=0x00007fe6d20bf427, EFLAGS=0x0000000000010202, CSGSFS=0xffff000000000033, ERR=0x0000000000000004
  TRAPNO=0x000000000000000e

Top of Stack: (sp=0x00007fe6f334a0a0)
0x00007fe6f334a0a0:   0000000000000000 0000000000000000
0x00007fe6f334a0b0:   0000000000000000 00007fe600000000
0x00007fe6f334a0c0:   0000000000000100 0000000000000000
0x00007fe6f334a0d0:   0000000000000080 0000000000000000
0x00007fe6f334a0e0:   0000000000000000 0000000000001400
0x00007fe6f334a0f0:   0000000000000000 0000000000000000
0x00007fe6f334a100:   0000000000001400 0000000000000040
0x00007fe6f334a110:   0000000000000080 00000000fffffff0
0x00007fe6f334a120:   0000000000000a80 00007fe6d20bfd63
0x00007fe6f334a130:   00007fe6e1894030 00007fe6d06d9000
0x00007fe6f334a140:   0000000000001400 0000000000000040
0x00007fe6f334a150:   00007fe744505e70 0000000000000000
0x00007fe6f334a160:   0000000000370000 0000000000370000
0x00007fe6f334a170:   0000001000001400 00007fe6d20bf000
0x00007fe6f334a180:   0000000f00000000 0000000000000020
0x00007fe6f334a190:   00007fe6e1523630 00007fe6d0355000
0x00007fe6f334a1a0:   00000020000002e0 000002e000000000
0x00007fe6f334a1b0:   0000000000001400 000002d000000000
0x00007fe6f334a1c0:   000000004d430002 00007fe6e1523630
0x00007fe6f334a1d0:   00000000000002d0 0000000000000500
0x00007fe6f334a1e0:   00007fe6e00a6df8 00007fe6e1424bd0
0x00007fe6f334a1f0:   00007fe6e142a500 00007fe6d20ba17e
0x00007fe6f334a200:   0000000000001400 0000000000001400
0x00007fe6f334a210:   0000000000000001 0000000000000002
0x00007fe6f334a220:   00007fe744505e70 00000000ffffec00
0x00007fe6f334a230:   0000000000000500 00007fe6e142a500
0x00007fe6f334a240:   0000190800000000 0000000000000000
0x00007fe6f334a250:   00007fe6e1424bd0 00007fe6e142a500
0x00007fe6f334a260:   0000000000000500 00000004d1de3be8
0x00007fe6f334a270:   00007fe744505e70 3b1219ece5529500
0x00007fe6f334a280:   0000000000000000 0000000000000500
0x00007fe6f334a290:   00000000000002d0 0000000000001908 

Instructions: (pc=0x00007fe6d20bf427)
0x00007fe6d20bf407:   73 6f 8b 4c 24 10 8b 74 24 08 44 89 f8 0f 1f 40
0x00007fe6d20bf417:   00 41 8d 54 35 00 81 c6 00 02 00 00 31 ca 31 e9
0x00007fe6d20bf427:   4c 8b 0c 13 4c 8b 54 13 08 89 c2 83 c0 10 41 39
0x00007fe6d20bf437:   c4 4d 89 0c 16 4d 89 54 16 08 77 d5 48 8b 44 24 

Register to memory mapping:

RAX=0x0000000000000000 is an unknown value
RBX=0x00007fe6d06d9000: <offset 0x4000> in /usr/lib/libattr.so.1 at 0x00007fe6d06d5000
RCX=0x0000000000000040 is an unknown value
RDX=0x0000000000000000 is an unknown value
RSP=0x00007fe6f334a0a0 is pointing into the stack for thread: 0x00007fe73c30c800
RBP=0x0000000000000040 is an unknown value
RSI=0x0000000000000200 is an unknown value
RDI=0x00007fe6e1894030 is an unknown value
R8 =0x0000000000000000 is an unknown value
R9 =0x0000000000000100 is an unknown value
R10=0x0000000000001400 is an unknown value
R11=0x0000000000000000 is an unknown value
R12=0x0000000000000080 is an unknown value
R13=0x0000000000000000 is an unknown value
R14=0x00007fe6e1894030 is an unknown value
R15=0x0000000000000000 is an unknown value


Stack: [0x00007fe6f324c000,0x00007fe6f334d000],  sp=0x00007fe6f334a0a0,  free space=1016k
Native frames: (J=compiled Java code, j=interpreted, Vv=VM code, C=native code)
C  [i965_dri.so+0x402427]

Java frames: (J=compiled Java code, j=interpreted, Vv=VM code)
j  jogamp.opengl.gl4.GL4bcImpl.dispatch_glReadPixels1(IIIIIILjava/lang/Object;IZJ)V+0
j  jogamp.opengl.gl4.GL4bcImpl.glReadPixels(IIIIIILjava/nio/Buffer;)V+123
j  processing.opengl.PJOGL.readPixelsImpl(IIIIIILjava/nio/Buffer;)V+15
j  processing.opengl.PGraphicsOpenGL.readPixels()V+29
j  processing.opengl.PGraphicsOpenGL.saveSurfaceToPixels()V+5
j  processing.opengl.PGraphicsOpenGL.endDraw()V+46
j  processing.core.PApplet.handleDraw()V+270
j  processing.opengl.PJOGL$PGLListener.display(Ljavax/media/opengl/GLAutoDrawable;)V+476
j  jogamp.opengl.GLDrawableHelper.displayImpl(Ljavax/media/opengl/GLAutoDrawable;)V+81
j  jogamp.opengl.GLDrawableHelper.display(Ljavax/media/opengl/GLAutoDrawable;)V+2
j  javax.media.opengl.awt.GLCanvas$10.run()V+118
j  jogamp.opengl.GLDrawableHelper.invokeGLImpl(Ljavax/media/opengl/GLDrawable;Ljavax/media/opengl/GLContext;Ljava/lang/Runnable;Ljava/lang/Runnable;)V+206
j  jogamp.opengl.GLDrawableHelper.invokeGL(Ljavax/media/opengl/GLDrawable;Ljavax/media/opengl/GLContext;Ljava/lang/Runnable;Ljava/lang/Runnable;)V+80
j  javax.media.opengl.awt.GLCanvas$11.run()V+73
j  java.awt.event.InvocationEvent.dispatch()V+11
j  java.awt.EventQueue.dispatchEventImpl(Ljava/awt/AWTEvent;Ljava/lang/Object;)V+21
j  java.awt.EventQueue.access$500(Ljava/awt/EventQueue;Ljava/awt/AWTEvent;Ljava/lang/Object;)V+3
j  java.awt.EventQueue$3.run()Ljava/lang/Void;+32
j  java.awt.EventQueue$3.run()Ljava/lang/Object;+1
v  ~StubRoutines::call_stub
j  java.security.AccessController.doPrivileged(Ljava/security/PrivilegedAction;Ljava/security/AccessControlContext;)Ljava/lang/Object;+0
j  java.security.ProtectionDomain$JavaSecurityAccessImpl.doIntersectionPrivilege(Ljava/security/PrivilegedAction;Ljava/security/AccessControlContext;Ljava/security/AccessControlContext;)Ljava/lang/Object;+18
j  java.awt.EventQueue.dispatchEvent(Ljava/awt/AWTEvent;)V+46
j  java.awt.EventDispatchThread.pumpOneEventForFilters(I)V+245
j  java.awt.EventDispatchThread.pumpEventsForFilter(ILjava/awt/Conditional;Ljava/awt/EventFilter;)V+35
j  java.awt.EventDispatchThread.pumpEventsForHierarchy(ILjava/awt/Conditional;Ljava/awt/Component;)V+11
j  java.awt.EventDispatchThread.pumpEvents(ILjava/awt/Conditional;)V+4
j  java.awt.EventDispatchThread.pumpEvents(Ljava/awt/Conditional;)V+3
j  java.awt.EventDispatchThread.run()V+9
v  ~StubRoutines::call_stub

---------------  P R O C E S S  ---------------

Java Threads: ( => current thread )
  0x00007fe6e151d000 JavaThread "Thread-3" [_thread_in_native, id=4723, stack(0x00007fe6cc475000,0x00007fe6cc576000)]
  0x00007fe6e150c800 JavaThread "Java Sound Event Dispatcher" daemon [_thread_blocked, id=4717, stack(0x00007fe6cc776000,0x00007fe6cc877000)]
  0x00007fe6e149a000 JavaThread "Image Fetcher 0" daemon [_thread_blocked, id=4708, stack(0x00007fe6cfdf4000,0x00007fe6cfef5000)]
  0x00007fe6e8268800 JavaThread "Animation Thread-SharedResourceRunner" daemon [_thread_blocked, id=4707, stack(0x00007fe6f2923000,0x00007fe6f2a24000)]
  0x00007fe6e8133000 JavaThread "process reaper" daemon [_thread_blocked, id=4702, stack(0x00007fe72809b000,0x00007fe7280d4000)]
  0x00007fe73c009000 JavaThread "DestroyJavaVM" [_thread_blocked, id=4676, stack(0x00007fe745144000,0x00007fe745245000)]
=>0x00007fe73c30c800 JavaThread "AWT-EventQueue-0" [_thread_in_native, id=4698, stack(0x00007fe6f324c000,0x00007fe6f334d000)]
  0x00007fe73c30b000 JavaThread "AWT-Shutdown" [_thread_blocked, id=4697, stack(0x00007fe6f334d000,0x00007fe6f344e000)]
  0x00007fe73c303800 JavaThread "Animation Thread" [_thread_blocked, id=4696, stack(0x00007fe6f344e000,0x00007fe6f354f000)]
  0x00007fe73c299000 JavaThread "AWT-XAWT" daemon [_thread_blocked, id=4695, stack(0x00007fe6f354f000,0x00007fe6f3650000)]
  0x00007fe73c275000 JavaThread "Java2D Disposer" daemon [_thread_blocked, id=4694, stack(0x00007fe6f3a61000,0x00007fe6f3b62000)]
  0x00007fe73c0c0800 JavaThread "Service Thread" daemon [_thread_blocked, id=4692, stack(0x00007fe72a9db000,0x00007fe72aadc000)]
  0x00007fe73c0bb800 JavaThread "C1 CompilerThread2" daemon [_thread_blocked, id=4691, stack(0x00007fe72aadc000,0x00007fe72abdd000)]
  0x00007fe73c0ba000 JavaThread "C2 CompilerThread1" daemon [_thread_blocked, id=4690, stack(0x00007fe72abdd000,0x00007fe72acde000)]
  0x00007fe73c0b7000 JavaThread "C2 CompilerThread0" daemon [_thread_blocked, id=4689, stack(0x00007fe72acde000,0x00007fe72addf000)]
  0x00007fe73c0b5800 JavaThread "Signal Dispatcher" daemon [_thread_blocked, id=4688, stack(0x00007fe72addf000,0x00007fe72aee0000)]
  0x00007fe73c07d800 JavaThread "Finalizer" daemon [_thread_blocked, id=4687, stack(0x00007fe72b06e000,0x00007fe72b16f000)]
  0x00007fe73c07b800 JavaThread "Reference Handler" daemon [_thread_blocked, id=4686, stack(0x00007fe72b16f000,0x00007fe72b270000)]

Other Threads:
  0x00007fe73c076800 VMThread [stack: 0x00007fe740026000,0x00007fe740127000] [id=4684]
  0x00007fe73c0c3000 WatcherThread [stack: 0x00007fe72a8da000,0x00007fe72a9db000] [id=4693]

VM state:not at safepoint (normal execution)

VM Mutex/Monitor currently owned by a thread: None

Heap:
 PSYoungGen      total 17920K, used 8415K [0x00000000ec500000, 0x00000000ee800000, 0x0000000100000000)
  eden space 15360K, 38% used [0x00000000ec500000,0x00000000ecab94c8,0x00000000ed400000)
  from space 2560K, 99% used [0x00000000ed400000,0x00000000ed67e858,0x00000000ed680000)
  to   space 2560K, 0% used [0x00000000ee580000,0x00000000ee580000,0x00000000ee800000)
 ParOldGen       total 40960K, used 9284K [0x00000000c4e00000, 0x00000000c7600000, 0x00000000ec500000)
  object space 40960K, 22% used [0x00000000c4e00000,0x00000000c5711390,0x00000000c7600000)
 Metaspace       used 18214K, capacity 18429K, committed 18560K, reserved 1067008K
  class space    used 1766K, capacity 1833K, committed 1920K, reserved 1048576K

Card table byte_map: [0x00007fe742243000,0x00007fe74241d000] byte_map_base: 0x00007fe741c1c000

Marking Bits: (ParMarkBitMap*) 0x00007fe74445a7e0
 Begin Bits: [0x00007fe72b270000, 0x00007fe72c138000)
 End Bits:   [0x00007fe72c138000, 0x00007fe72d000000)

Polling page: 0x00007fe74527c000

CodeCache: size=245760Kb used=3482Kb max_used=3493Kb free=242277Kb
 bounds [0x00007fe72d000000, 0x00007fe72d370000, 0x00007fe73c000000]
 total_blobs=1841 nmethods=884 adapters=872
 compilation: enabled

Compilation events (10 events):
Event: 2.148 Thread 0x00007fe73c0bb800 nmethod 879 0x00007fe72d368050 code [0x00007fe72d3681c0, 0x00007fe72d3683f0]
Event: 2.148 Thread 0x00007fe73c0bb800  880       3       sun.misc.URLClassPath$JarLoader$2::getCodeSigners (8 bytes)
Event: 2.148 Thread 0x00007fe73c0bb800 nmethod 880 0x00007fe72d367c10 code [0x00007fe72d367d80, 0x00007fe72d367fa8]
Event: 2.148 Thread 0x00007fe73c0bb800  881   !   3       java.util.jar.JarFile$JarFileEntry::getCodeSigners (78 bytes)
Event: 2.149 Thread 0x00007fe73c0bb800 nmethod 881 0x00007fe72d3671d0 code [0x00007fe72d3673a0, 0x00007fe72d367998]
Event: 2.149 Thread 0x00007fe73c0bb800  882       3       java.util.jar.JarFile::access$200 (5 bytes)
Event: 2.149 Thread 0x00007fe73c0bb800 nmethod 882 0x00007fe72d366e50 code [0x00007fe72d366fc0, 0x00007fe72d367128]
Event: 2.156 Thread 0x00007fe73c0ba000 nmethod 883 0x00007fe72d366110 code [0x00007fe72d3662e0, 0x00007fe72d3668d0]
Event: 2.174 Thread 0x00007fe73c0b7000  884       4       java.util.concurrent.ConcurrentHashMap::casTabAt (20 bytes)
Event: 2.175 Thread 0x00007fe73c0b7000 nmethod 884 0x00007fe72d365c90 code [0x00007fe72d365dc0, 0x00007fe72d365e38]

GC Heap History (6 events):
Event: 1.034 GC heap before
{Heap before GC invocations=1 (full 0):
 PSYoungGen      total 17920K, used 15302K [0x00000000ec500000, 0x00000000ed900000, 0x0000000100000000)
  eden space 15360K, 99% used [0x00000000ec500000,0x00000000ed3f1920,0x00000000ed400000)
  from space 2560K, 0% used [0x00000000ed680000,0x00000000ed680000,0x00000000ed900000)
  to   space 2560K, 0% used [0x00000000ed400000,0x00000000ed400000,0x00000000ed680000)
 ParOldGen       total 40960K, used 0K [0x00000000c4e00000, 0x00000000c7600000, 0x00000000ec500000)
  object space 40960K, 0% used [0x00000000c4e00000,0x00000000c4e00000,0x00000000c7600000)
 Metaspace       used 13024K, capacity 13248K, committed 13568K, reserved 1060864K
  class space    used 1375K, capacity 1452K, committed 1536K, reserved 1048576K
Event: 1.044 GC heap after
Heap after GC invocations=1 (full 0):
 PSYoungGen      total 17920K, used 2559K [0x00000000ec500000, 0x00000000ed900000, 0x0000000100000000)
  eden space 15360K, 0% used [0x00000000ec500000,0x00000000ec500000,0x00000000ed400000)
  from space 2560K, 99% used [0x00000000ed400000,0x00000000ed67fc50,0x00000000ed680000)
  to   space 2560K, 0% used [0x00000000ed680000,0x00000000ed680000,0x00000000ed900000)
 ParOldGen       total 40960K, used 1596K [0x00000000c4e00000, 0x00000000c7600000, 0x00000000ec500000)
  object space 40960K, 3% used [0x00000000c4e00000,0x00000000c4f8f2b0,0x00000000c7600000)
 Metaspace       used 13024K, capacity 13248K, committed 13568K, reserved 1060864K
  class space    used 1375K, capacity 1452K, committed 1536K, reserved 1048576K
}
Event: 1.841 GC heap before
{Heap before GC invocations=2 (full 0):
 PSYoungGen      total 17920K, used 16125K [0x00000000ec500000, 0x00000000ed900000, 0x0000000100000000)
  eden space 15360K, 88% used [0x00000000ec500000,0x00000000ed23f8a8,0x00000000ed400000)
  from space 2560K, 99% used [0x00000000ed400000,0x00000000ed67fc50,0x00000000ed680000)
  to   space 2560K, 0% used [0x00000000ed680000,0x00000000ed680000,0x00000000ed900000)
 ParOldGen       total 40960K, used 1596K [0x00000000c4e00000, 0x00000000c7600000, 0x00000000ec500000)
  object space 40960K, 3% used [0x00000000c4e00000,0x00000000c4f8f2b0,0x00000000c7600000)
 Metaspace       used 17239K, capacity 17453K, committed 17664K, reserved 1064960K
  class space    used 1642K, capacity 1701K, committed 1792K, reserved 1048576K
Event: 1.855 GC heap after
Heap after GC invocations=2 (full 0):
 PSYoungGen      total 17920K, used 2543K [0x00000000ec500000, 0x00000000ee800000, 0x0000000100000000)
  eden space 15360K, 0% used [0x00000000ec500000,0x00000000ec500000,0x00000000ed400000)
  from space 2560K, 99% used [0x00000000ed680000,0x00000000ed8fbc50,0x00000000ed900000)
  to   space 2560K, 0% used [0x00000000ed400000,0x00000000ed400000,0x00000000ed680000)
 ParOldGen       total 40960K, used 4782K [0x00000000c4e00000, 0x00000000c7600000, 0x00000000ec500000)
  object space 40960K, 11% used [0x00000000c4e00000,0x00000000c52ab8f8,0x00000000c7600000)
 Metaspace       used 17239K, capacity 17453K, committed 17664K, reserved 1064960K
  class space    used 1642K, capacity 1701K, committed 1792K, reserved 1048576K
}
Event: 2.111 GC heap before
{Heap before GC invocations=3 (full 0):
 PSYoungGen      total 17920K, used 17174K [0x00000000ec500000, 0x00000000ee800000, 0x0000000100000000)
  eden space 15360K, 95% used [0x00000000ec500000,0x00000000ed349e00,0x00000000ed400000)
  from space 2560K, 99% used [0x00000000ed680000,0x00000000ed8fbc50,0x00000000ed900000)
  to   space 2560K, 0% used [0x00000000ed400000,0x00000000ed400000,0x00000000ed680000)
 ParOldGen       total 40960K, used 4782K [0x00000000c4e00000, 0x00000000c7600000, 0x00000000ec500000)
  object space 40960K, 11% used [0x00000000c4e00000,0x00000000c52ab8f8,0x00000000c7600000)
 Metaspace       used 17991K, capacity 18173K, committed 18304K, reserved 1064960K
  class space    used 1745K, capacity 1833K, committed 1920K, reserved 1048576K
Event: 2.125 GC heap after
Heap after GC invocations=3 (full 0):
 PSYoungGen      total 17920K, used 2554K [0x00000000ec500000, 0x00000000ee800000, 0x0000000100000000)
  eden space 15360K, 0% used [0x00000000ec500000,0x00000000ec500000,0x00000000ed400000)
  from space 2560K, 99% used [0x00000000ed400000,0x00000000ed67e858,0x00000000ed680000)
  to   space 2560K, 0% used [0x00000000ee580000,0x00000000ee580000,0x00000000ee800000)
 ParOldGen       total 40960K, used 9284K [0x00000000c4e00000, 0x00000000c7600000, 0x00000000ec500000)
  object space 40960K, 22% used [0x00000000c4e00000,0x00000000c5711390,0x00000000c7600000)
 Metaspace       used 17991K, capacity 18173K, committed 18304K, reserved 1064960K
  class space    used 1745K, capacity 1833K, committed 1920K, reserved 1048576K
}

Deoptimization events (6 events):
Event: 0.904 Thread 0x00007fe73c303800 Uncommon trap: reason=unstable_if action=reinterpret pc=0x00007fe72d1e1b48 method=java.lang.String.indexOf([CII[CIII)I @ 3
Event: 0.933 Thread 0x00007fe73c303800 Uncommon trap: reason=unstable_if action=reinterpret pc=0x00007fe72d1c5834 method=java.lang.String.replace(CC)Ljava/lang/String; @ 26
Event: 1.737 Thread 0x00007fe73c303800 Uncommon trap: reason=unstable_if action=reinterpret pc=0x00007fe72d3059a8 method=sun.net.www.ParseUtil.encodePath(Ljava/lang/String;Z)Ljava/lang/String; @ 109
Event: 1.822 Thread 0x00007fe73c30c800 Uncommon trap: reason=unstable_if action=reinterpret pc=0x00007fe72d31fbe4 method=com.jogamp.common.util.IntIntHashMap.get(I)I @ 19
Event: 1.980 Thread 0x00007fe73c30c800 Uncommon trap: reason=unstable_if action=reinterpret pc=0x00007fe72d29e738 method=sun.misc.MetaIndex.mayContain(Ljava/lang/String;)Z @ 38
Event: 2.135 Thread 0x00007fe73c30c800 Uncommon trap: reason=unstable_if action=reinterpret pc=0x00007fe72d35f81c method=javax.sound.sampled.AudioFormat.matches(Ljavax/sound/sampled/AudioFormat;)Z @ 112

Internal exceptions (10 events):
Event: 0.874 Thread 0x00007fe73c30c800 Exception <a 'java/lang/UnsupportedOperationException': > (0x00000000ecb92748) thrown at [/build/java8-openjdk/src/jdk8u-jdk8u60-b24/hotspot/src/share/vm/prims/jni.cpp, line 735]
Event: 1.671 Thread 0x00007fe73c303800 Exception <a 'java/lang/InterruptedException'> (0x00000000ecc2d120) thrown at [/build/java8-openjdk/src/jdk8u-jdk8u60-b24/hotspot/src/share/vm/runtime/objectMonitor.cpp, line 1683]
Event: 1.691 Thread 0x00007fe73c303800 Exception <a 'java/lang/reflect/InvocationTargetException'> (0x00000000ed0526f8) thrown at [/build/java8-openjdk/src/jdk8u-jdk8u60-b24/hotspot/src/share/vm/runtime/reflection.cpp, line 1092]
Event: 1.727 Thread 0x00007fe73c303800 Exception <a 'java/lang/reflect/InvocationTargetException'> (0x00000000ed063da8) thrown at [/build/java8-openjdk/src/jdk8u-jdk8u60-b24/hotspot/src/share/vm/runtime/reflection.cpp, line 1092]
Event: 1.736 Thread 0x00007fe73c303800 Exception <a 'java/lang/reflect/InvocationTargetException'> (0x00000000ed0ee160) thrown at [/build/java8-openjdk/src/jdk8u-jdk8u60-b24/hotspot/src/share/vm/runtime/reflection.cpp, line 1092]
Event: 1.739 Thread 0x00007fe73c303800 Exception <a 'java/lang/reflect/InvocationTargetException'> (0x00000000ed10b720) thrown at [/build/java8-openjdk/src/jdk8u-jdk8u60-b24/hotspot/src/share/vm/runtime/reflection.cpp, line 1092]
Event: 1.745 Thread 0x00007fe73c30c800 Exception <a 'java/lang/reflect/InvocationTargetException'> (0x00000000ed0a76f0) thrown at [/build/java8-openjdk/src/jdk8u-jdk8u60-b24/hotspot/src/share/vm/runtime/reflection.cpp, line 1092]
Event: 1.746 Thread 0x00007fe73c30c800 Exception <a 'java/lang/reflect/InvocationTargetException'> (0x00000000ed0a7cc0) thrown at [/build/java8-openjdk/src/jdk8u-jdk8u60-b24/hotspot/src/share/vm/runtime/reflection.cpp, line 1092]
Event: 1.748 Thread 0x00007fe73c30c800 Exception <a 'java/lang/reflect/InvocationTargetException'> (0x00000000ed0a8230) thrown at [/build/java8-openjdk/src/jdk8u-jdk8u60-b24/hotspot/src/share/vm/runtime/reflection.cpp, line 1092]
Event: 1.822 Thread 0x00007fe73c30c800 Implicit null exception at 0x00007fe72d31fb65 to 0x00007fe72d31fbcd

Events (10 events):
Event: 2.177 loading class java/io/Externalizable
Event: 2.177 loading class java/io/Externalizable done
Event: 2.177 loading class java/io/ObjectStreamClass$2
Event: 2.177 loading class java/io/ObjectStreamClass$2 done
Event: 2.177 loading class java/io/ObjectStreamClass$FieldReflectorKey
Event: 2.177 loading class java/io/ObjectStreamClass$FieldReflectorKey done
Event: 2.177 loading class java/io/ObjectStreamClass$FieldReflector
Event: 2.177 loading class java/io/ObjectStreamClass$FieldReflector done
Event: 2.177 loading class java/io/ObjectStreamClass$ExceptionInfo
Event: 2.177 loading class java/io/ObjectStreamClass$ExceptionInfo done


Dynamic libraries:
00400000-00401000 r-xp 00000000 08:01 808495                             /usr/lib/jvm/java-8-openjdk/jre/bin/java
00600000-00601000 rw-p 00000000 08:01 808495                             /usr/lib/jvm/java-8-openjdk/jre/bin/java
023ad000-023ce000 rw-p 00000000 00:00 0                                  [heap]
c4e00000-c7600000 rw-p 00000000 00:00 0 
c7600000-ec500000 ---p 00000000 00:00 0 
ec500000-ee800000 rw-p 00000000 00:00 0 
ee800000-100000000 ---p 00000000 00:00 0 
100000000-1001e0000 rw-p 00000000 00:00 0 
1001e0000-140000000 ---p 00000000 00:00 0 
7fe6a8000000-7fe6a80ea000 rw-p 00000000 00:00 0 
7fe6a80ea000-7fe6ac000000 ---p 00000000 00:00 0 
7fe6affff000-7fe6b4000000 rw-s 00000000 00:12 8                          /dev/shm/pulse-shm-2970423150
7fe6b4000000-7fe6b4021000 rw-p 00000000 00:00 0 
7fe6b4021000-7fe6b8000000 ---p 00000000 00:00 0 
7fe6b8000000-7fe6b8021000 rw-p 00000000 00:00 0 
7fe6b8021000-7fe6bc000000 ---p 00000000 00:00 0 
7fe6bc000000-7fe6bc021000 rw-p 00000000 00:00 0 
7fe6bc021000-7fe6c0000000 ---p 00000000 00:00 0 
7fe6c37fe000-7fe6c37ff000 ---p 00000000 00:00 0 
7fe6c37ff000-7fe6c3fff000 rw-p 00000000 00:00 0                          [stack:4722]
7fe6c3fff000-7fe6c8000000 rw-s 00000000 00:12 7                          /dev/shm/pulse-shm-2761776474
7fe6c8000000-7fe6c8021000 rw-p 00000000 00:00 0 
7fe6c8021000-7fe6cc000000 ---p 00000000 00:00 0 
7fe6cc475000-7fe6cc478000 ---p 00000000 00:00 0 
7fe6cc478000-7fe6cc5b6000 rw-p 00000000 00:00 0                          [stack:4723]
7fe6cc5b6000-7fe6cc776000 ---p 00000000 00:00 0 
7fe6cc776000-7fe6cc779000 ---p 00000000 00:00 0 
7fe6cc779000-7fe6cc877000 rw-p 00000000 00:00 0                          [stack:4717]
7fe6cc877000-7fe6cc878000 ---p 00000000 00:00 0 
7fe6cc878000-7fe6cd078000 rw-p 00000000 00:00 0                          [stack:4718]
7fe6cd078000-7fe6cd08d000 r-xp 00000000 08:01 531189                     /usr/lib/libnsl-2.22.so
7fe6cd08d000-7fe6cd28c000 ---p 00015000 08:01 531189                     /usr/lib/libnsl-2.22.so
7fe6cd28c000-7fe6cd28d000 r--p 00014000 08:01 531189                     /usr/lib/libnsl-2.22.so
7fe6cd28d000-7fe6cd28e000 rw-p 00015000 08:01 531189                     /usr/lib/libnsl-2.22.so
7fe6cd28e000-7fe6cd290000 rw-p 00000000 00:00 0 
7fe6cd290000-7fe6cd296000 r-xp 00000000 08:01 537639                     /usr/lib/libogg.so.0.8.2
7fe6cd296000-7fe6cd495000 ---p 00006000 08:01 537639                     /usr/lib/libogg.so.0.8.2
7fe6cd495000-7fe6cd496000 r--p 00005000 08:01 537639                     /usr/lib/libogg.so.0.8.2
7fe6cd496000-7fe6cd497000 rw-p 00006000 08:01 537639                     /usr/lib/libogg.so.0.8.2
7fe6cd497000-7fe6cd4c2000 r-xp 00000000 08:01 536719                     /usr/lib/libvorbis.so.0.4.8
7fe6cd4c2000-7fe6cd6c2000 ---p 0002b000 08:01 536719                     /usr/lib/libvorbis.so.0.4.8
7fe6cd6c2000-7fe6cd6c3000 r--p 0002b000 08:01 536719                     /usr/lib/libvorbis.so.0.4.8
7fe6cd6c3000-7fe6cd6c4000 rw-p 0002c000 08:01 536719                     /usr/lib/libvorbis.so.0.4.8
7fe6cd6c4000-7fe6cd755000 r-xp 00000000 08:01 536716                     /usr/lib/libvorbisenc.so.2.0.11
7fe6cd755000-7fe6cd954000 ---p 00091000 08:01 536716                     /usr/lib/libvorbisenc.so.2.0.11
7fe6cd954000-7fe6cd976000 r--p 00090000 08:01 536716                     /usr/lib/libvorbisenc.so.2.0.11
7fe6cd976000-7fe6cd977000 rw-p 000b2000 08:01 536716                     /usr/lib/libvorbisenc.so.2.0.11
7fe6cd977000-7fe6cd9e9000 r-xp 00000000 08:01 537467                     /usr/lib/libFLAC.so.8.3.0
7fe6cd9e9000-7fe6cdbe8000 ---p 00072000 08:01 537467                     /usr/lib/libFLAC.so.8.3.0
7fe6cdbe8000-7fe6cdbe9000 r--p 00071000 08:01 537467                     /usr/lib/libFLAC.so.8.3.0
7fe6cdbe9000-7fe6cdbea000 rw-p 00072000 08:01 537467                     /usr/lib/libFLAC.so.8.3.0
7fe6cdbea000-7fe6cdbfc000 r-xp 00000000 08:01 543408                     /usr/lib/libgpg-error.so.0.16.0
7fe6cdbfc000-7fe6cddfb000 ---p 00012000 08:01 543408                     /usr/lib/libgpg-error.so.0.16.0
7fe6cddfb000-7fe6cddfc000 r--p 00011000 08:01 543408                     /usr/lib/libgpg-error.so.0.16.0
7fe6cddfc000-7fe6cddfd000 rw-p 00012000 08:01 543408                     /usr/lib/libgpg-error.so.0.16.0
7fe6cddfd000-7fe6cded4000 r-xp 00000000 08:01 527991                     /usr/lib/libgcrypt.so.20.0.3
7fe6cded4000-7fe6ce0d4000 ---p 000d7000 08:01 527991                     /usr/lib/libgcrypt.so.20.0.3
7fe6ce0d4000-7fe6ce0d5000 r--p 000d7000 08:01 527991                     /usr/lib/libgcrypt.so.20.0.3
7fe6ce0d5000-7fe6ce0de000 rw-p 000d8000 08:01 527991                     /usr/lib/libgcrypt.so.20.0.3
7fe6ce0de000-7fe6ce0ef000 r-xp 00000000 08:01 536796                     /usr/lib/liblz4.so.1.7.1
7fe6ce0ef000-7fe6ce2ee000 ---p 00011000 08:01 536796                     /usr/lib/liblz4.so.1.7.1
7fe6ce2ee000-7fe6ce2ef000 r--p 00010000 08:01 536796                     /usr/lib/liblz4.so.1.7.1
7fe6ce2ef000-7fe6ce2f0000 rw-p 00011000 08:01 536796                     /usr/lib/liblz4.so.1.7.1
7fe6ce2f0000-7fe6ce315000 r-xp 00000000 08:01 525673                     /usr/lib/liblzma.so.5.2.1
7fe6ce315000-7fe6ce514000 ---p 00025000 08:01 525673                     /usr/lib/liblzma.so.5.2.1
7fe6ce514000-7fe6ce515000 r--p 00024000 08:01 525673                     /usr/lib/liblzma.so.5.2.1
7fe6ce515000-7fe6ce516000 rw-p 00025000 08:01 525673                     /usr/lib/liblzma.so.5.2.1
7fe6ce516000-7fe6ce51b000 r-xp 00000000 08:01 539541                     /usr/lib/libasyncns.so.0.3.1
7fe6ce51b000-7fe6ce71a000 ---p 00005000 08:01 539541                     /usr/lib/libasyncns.so.0.3.1
7fe6ce71a000-7fe6ce71b000 r--p 00004000 08:01 539541                     /usr/lib/libasyncns.so.0.3.1
7fe6ce71b000-7fe6ce71c000 rw-p 00005000 08:01 539541                     /usr/lib/libasyncns.so.0.3.1
7fe6ce71c000-7fe6ce77d000 r-xp 00000000 08:01 537149                     /usr/lib/libsndfile.so.1.0.25
7fe6ce77d000-7fe6ce97d000 ---p 00061000 08:01 537149                     /usr/lib/libsndfile.so.1.0.25
7fe6ce97d000-7fe6ce97f000 r--p 00061000 08:01 537149                     /usr/lib/libsndfile.so.1.0.25
7fe6ce97f000-7fe6ce980000 rw-p 00063000 08:01 537149                     /usr/lib/libsndfile.so.1.0.25
7fe6ce980000-7fe6ce984000 rw-p 00000000 00:00 0 
7fe6ce984000-7fe6ce9cb000 r-xp 00000000 08:01 531059                     /usr/lib/libdbus-1.so.3.8.13
7fe6ce9cb000-7fe6cebcb000 ---p 00047000 08:01 531059                     /usr/lib/libdbus-1.so.3.8.13
7fe6cebcb000-7fe6cebcc000 r--p 00047000 08:01 531059                     /usr/lib/libdbus-1.so.3.8.13
7fe6cebcc000-7fe6cebcd000 rw-p 00048000 08:01 531059                     /usr/lib/libdbus-1.so.3.8.13
7fe6cebcd000-7fe6cec49000 r-xp 00000000 08:01 539637                     /usr/lib/pulseaudio/libpulsecommon-6.0.so
7fe6cec49000-7fe6cee48000 ---p 0007c000 08:01 539637                     /usr/lib/pulseaudio/libpulsecommon-6.0.so
7fe6cee48000-7fe6cee4a000 r--p 0007b000 08:01 539637                     /usr/lib/pulseaudio/libpulsecommon-6.0.so
7fe6cee4a000-7fe6cee4c000 rw-p 0007d000 08:01 539637                     /usr/lib/pulseaudio/libpulsecommon-6.0.so
7fe6cee4c000-7fe6cee56000 r-xp 00000000 08:01 539533                     /usr/lib/libjson-c.so.2.0.1
7fe6cee56000-7fe6cf055000 ---p 0000a000 08:01 539533                     /usr/lib/libjson-c.so.2.0.1
7fe6cf055000-7fe6cf056000 r--p 00009000 08:01 539533                     /usr/lib/libjson-c.so.2.0.1
7fe6cf056000-7fe6cf057000 rw-p 0000a000 08:01 539533                     /usr/lib/libjson-c.so.2.0.1
7fe6cf057000-7fe6cf0a6000 r-xp 00000000 08:01 539629                     /usr/lib/libpulse.so.0.18.0
7fe6cf0a6000-7fe6cf2a6000 ---p 0004f000 08:01 539629                     /usr/lib/libpulse.so.0.18.0
7fe6cf2a6000-7fe6cf2a7000 r--p 0004f000 08:01 539629                     /usr/lib/libpulse.so.0.18.0
7fe6cf2a7000-7fe6cf2a8000 rw-p 00050000 08:01 539629                     /usr/lib/libpulse.so.0.18.0
7fe6cf2a8000-7fe6cf2ae000 r-xp 00000000 08:01 1054624                    /usr/lib/alsa-lib/libasound_module_pcm_pulse.so
7fe6cf2ae000-7fe6cf4ad000 ---p 00006000 08:01 1054624                    /usr/lib/alsa-lib/libasound_module_pcm_pulse.so
7fe6cf4ad000-7fe6cf4ae000 r--p 00005000 08:01 1054624                    /usr/lib/alsa-lib/libasound_module_pcm_pulse.so
7fe6cf4ae000-7fe6cf4af000 rw-p 00006000 08:01 1054624                    /usr/lib/alsa-lib/libasound_module_pcm_pulse.so
7fe6cf4af000-7fe6cf5a2000 r-xp 00000000 08:01 535685                     /usr/lib/libasound.so.2.0.0
7fe6cf5a2000-7fe6cf7a1000 ---p 000f3000 08:01 535685                     /usr/lib/libasound.so.2.0.0
7fe6cf7a1000-7fe6cf7a8000 r--p 000f2000 08:01 535685                     /usr/lib/libasound.so.2.0.0
7fe6cf7a8000-7fe6cf7aa000 rw-p 000f9000 08:01 535685                     /usr/lib/libasound.so.2.0.0
7fe6cf7aa000-7fe6cf7b9000 r-xp 00000000 08:01 808498                     /usr/lib/jvm/java-8-openjdk/jre/lib/amd64/libjsoundalsa.so
7fe6cf7b9000-7fe6cf9b8000 ---p 0000f000 08:01 808498                     /usr/lib/jvm/java-8-openjdk/jre/lib/amd64/libjsoundalsa.so
7fe6cf9b8000-7fe6cf9b9000 rw-p 0000e000 08:01 808498                     /usr/lib/jvm/java-8-openjdk/jre/lib/amd64/libjsoundalsa.so
7fe6cf9b9000-7fe6cf9ba000 r-xp 00000000 08:01 808497                     /usr/lib/jvm/java-8-openjdk/jre/lib/amd64/libjsound.so
7fe6cf9ba000-7fe6cfbb9000 ---p 00001000 08:01 808497                     /usr/lib/jvm/java-8-openjdk/jre/lib/amd64/libjsound.so
7fe6cfbb9000-7fe6cfbba000 rw-p 00000000 08:01 808497                     /usr/lib/jvm/java-8-openjdk/jre/lib/amd64/libjsound.so
7fe6cfbba000-7fe6cfbf4000 r-xp 00000000 08:01 808478                     /usr/lib/jvm/java-8-openjdk/jre/lib/amd64/libjpeg.so
7fe6cfbf4000-7fe6cfdf3000 ---p 0003a000 08:01 808478                     /usr/lib/jvm/java-8-openjdk/jre/lib/amd64/libjpeg.so
7fe6cfdf3000-7fe6cfdf4000 rw-p 00039000 08:01 808478                     /usr/lib/jvm/java-8-openjdk/jre/lib/amd64/libjpeg.so
7fe6cfdf4000-7fe6cfdf7000 ---p 00000000 00:00 0 
7fe6cfdf7000-7fe6cfef5000 rw-p 00000000 00:00 0                          [stack:4708]
7fe6cfef5000-7fe6cffd5000 rw-s 10468f000 00:06 320                       /dev/dri/card0
7fe6cffd5000-7fe6d0355000 rw-s 00000000 00:05 54644                      /drm mm object (deleted)
7fe6d0355000-7fe6d06d5000 rw-s 00000000 00:05 54643                      /drm mm object (deleted)
7fe6d06d5000-7fe6d06d9000 r-xp 00000000 08:01 529541                     /usr/lib/libattr.so.1.1.0
7fe6d06d9000-7fe6d08d8000 ---p 00004000 08:01 529541                     /usr/lib/libattr.so.1.1.0
7fe6d08d8000-7fe6d08d9000 r--p 00003000 08:01 529541                     /usr/lib/libattr.so.1.1.0
7fe6d08d9000-7fe6d08da000 rw-p 00004000 08:01 529541                     /usr/lib/libattr.so.1.1.0
7fe6d08da000-7fe6d08de000 r-xp 00000000 08:01 529201                     /usr/lib/libcap.so.2.24
7fe6d08de000-7fe6d0add000 ---p 00004000 08:01 529201                     /usr/lib/libcap.so.2.24
7fe6d0add000-7fe6d0ade000 rw-p 00003000 08:01 529201                     /usr/lib/libcap.so.2.24
7fe6d0ade000-7fe6d0af2000 r-xp 00000000 08:01 531190                     /usr/lib/libresolv-2.22.so
7fe6d0af2000-7fe6d0cf1000 ---p 00014000 08:01 531190                     /usr/lib/libresolv-2.22.so
7fe6d0cf1000-7fe6d0cf2000 r--p 00013000 08:01 531190                     /usr/lib/libresolv-2.22.so
7fe6d0cf2000-7fe6d0cf3000 rw-p 00014000 08:01 531190                     /usr/lib/libresolv-2.22.so
7fe6d0cf3000-7fe6d0cf5000 rw-p 00000000 00:00 0 
7fe6d0cf5000-7fe6d0cf7000 r-xp 00000000 08:01 536880                     /usr/lib/libXinerama.so.1.0.0
7fe6d0cf7000-7fe6d0ef6000 ---p 00002000 08:01 536880                     /usr/lib/libXinerama.so.1.0.0
7fe6d0ef6000-7fe6d0ef7000 r--p 00001000 08:01 536880                     /usr/lib/libXinerama.so.1.0.0
7fe6d0ef7000-7fe6d0ef8000 rw-p 00002000 08:01 536880                     /usr/lib/libXinerama.so.1.0.0
7fe6d0ef8000-7fe6d0efc000 r-xp 00000000 08:01 539013                     /usr/lib/libtxc_dxtn.so
7fe6d0efc000-7fe6d10fb000 ---p 00004000 08:01 539013                     /usr/lib/libtxc_dxtn.so
7fe6d10fb000-7fe6d10fc000 r--p 00003000 08:01 539013                     /usr/lib/libtxc_dxtn.so
7fe6d10fc000-7fe6d10fd000 rw-p 00004000 08:01 539013                     /usr/lib/libtxc_dxtn.so
7fe6d10fd000-7fe6d1105000 r-xp 00000000 08:01 541442                     /usr/lib/libpciaccess.so.0.11.1
7fe6d1105000-7fe6d1305000 ---p 00008000 08:01 541442                     /usr/lib/libpciaccess.so.0.11.1
7fe6d1305000-7fe6d1306000 r--p 00008000 08:01 541442                     /usr/lib/libpciaccess.so.0.11.1
7fe6d1306000-7fe6d1307000 rw-p 00009000 08:01 541442                     /usr/lib/libpciaccess.so.0.11.1
7fe6d1307000-7fe6d1479000 r-xp 00000000 08:01 529818                     /usr/lib/libstdc++.so.6.0.21
7fe6d1479000-7fe6d1679000 ---p 00172000 08:01 529818                     /usr/lib/libstdc++.so.6.0.21
7fe6d1679000-7fe6d1683000 r--p 00172000 08:01 529818                     /usr/lib/libstdc++.so.6.0.21
7fe6d1683000-7fe6d1685000 rw-p 0017c000 08:01 529818                     /usr/lib/libstdc++.so.6.0.21
7fe6d1685000-7fe6d1689000 rw-p 00000000 00:00 0 
7fe6d1689000-7fe6d1694000 r-xp 00000000 08:01 527123                     /usr/lib/libdrm_radeon.so.1.0.1
7fe6d1694000-7fe6d1893000 ---p 0000b000 08:01 527123                     /usr/lib/libdrm_radeon.so.1.0.1
7fe6d1893000-7fe6d1894000 r--p 0000a000 08:01 527123                     /usr/lib/libdrm_radeon.so.1.0.1
7fe6d1894000-7fe6d1895000 rw-p 0000b000 08:01 527123                     /usr/lib/libdrm_radeon.so.1.0.1
7fe6d1895000-7fe6d189b000 r-xp 00000000 08:01 527117                     /usr/lib/libdrm_nouveau.so.2.0.0
7fe6d189b000-7fe6d1a9a000 ---p 00006000 08:01 527117                     /usr/lib/libdrm_nouveau.so.2.0.0
7fe6d1a9a000-7fe6d1a9b000 r--p 00005000 08:01 527117                     /usr/lib/libdrm_nouveau.so.2.0.0
7fe6d1a9b000-7fe6d1a9c000 rw-p 00006000 08:01 527117                     /usr/lib/libdrm_nouveau.so.2.0.0
7fe6d1a9c000-7fe6d1abc000 r-xp 00000000 08:01 527116                     /usr/lib/libdrm_intel.so.1.0.0
7fe6d1abc000-7fe6d1cbb000 ---p 00020000 08:01 527116                     /usr/lib/libdrm_intel.so.1.0.0
7fe6d1cbb000-7fe6d1cbc000 r--p 0001f000 08:01 527116                     /usr/lib/libdrm_intel.so.1.0.0
7fe6d1cbc000-7fe6d1cbd000 rw-p 00020000 08:01 527116                     /usr/lib/libdrm_intel.so.1.0.0
7fe6d1cbd000-7fe6d2251000 r-xp 00000000 08:01 803591                     /usr/lib/xorg/modules/dri/i965_dri.so
7fe6d2251000-7fe6d2451000 ---p 00594000 08:01 803591                     /usr/lib/xorg/modules/dri/i965_dri.so
7fe6d2451000-7fe6d247c000 r--p 00594000 08:01 803591                     /usr/lib/xorg/modules/dri/i965_dri.so
7fe6d247c000-7fe6d2482000 rw-p 005bf000 08:01 803591                     /usr/lib/xorg/modules/dri/i965_dri.so
7fe6d2482000-7fe6d248a000 rw-p 00000000 00:00 0 
7fe6d248a000-7fe6d2490000 r-xp 00000000 08:01 549460                     /usr/lib/mesa/libGLESv2.so.2.0.0
7fe6d2490000-7fe6d268f000 ---p 00006000 08:01 549460                     /usr/lib/mesa/libGLESv2.so.2.0.0
7fe6d268f000-7fe6d2690000 r--p 00005000 08:01 549460                     /usr/lib/mesa/libGLESv2.so.2.0.0
7fe6d2690000-7fe6d2691000 rw-p 00006000 08:01 549460                     /usr/lib/mesa/libGLESv2.so.2.0.0
7fe6d2691000-7fe6d26d7000 r-xp 00000000 00:20 28                         /tmp/jogamp_0000/file_cache/jln6552638463801591460/jln4620422206474612337/libjogl_mobile.so
7fe6d26d7000-7fe6d28d7000 ---p 00046000 00:20 28                         /tmp/jogamp_0000/file_cache/jln6552638463801591460/jln4620422206474612337/libjogl_mobile.so
7fe6d28d7000-7fe6d28d8000 rw-p 00046000 00:20 28                         /tmp/jogamp_0000/file_cache/jln6552638463801591460/jln4620422206474612337/libjogl_mobile.so
7fe6d28d8000-7fe6d28e0000 r-xp 00000000 08:01 541266                     /usr/lib/libffi.so.6.0.4
7fe6d28e0000-7fe6d2adf000 ---p 00008000 08:01 541266                     /usr/lib/libffi.so.6.0.4
7fe6d2adf000-7fe6d2ae0000 r--p 00007000 08:01 541266                     /usr/lib/libffi.so.6.0.4
7fe6d2ae0000-7fe6d2ae1000 rw-p 00008000 08:01 541266                     /usr/lib/libffi.so.6.0.4
7fe6d2ae1000-7fe6d2af0000 r-xp 00000000 08:01 528307                     /usr/lib/libwayland-server.so.0.1.0
7fe6d2af0000-7fe6d2cf0000 ---p 0000f000 08:01 528307                     /usr/lib/libwayland-server.so.0.1.0
7fe6d2cf0000-7fe6d2cf2000 r--p 0000f000 08:01 528307                     /usr/lib/libwayland-server.so.0.1.0
7fe6d2cf2000-7fe6d2cf3000 rw-p 00011000 08:01 528307                     /usr/lib/libwayland-server.so.0.1.0
7fe6d2cf3000-7fe6d2cff000 r-xp 00000000 08:01 528308                     /usr/lib/libwayland-client.so.0.3.0
7fe6d2cff000-7fe6d2efe000 ---p 0000c000 08:01 528308                     /usr/lib/libwayland-client.so.0.3.0
7fe6d2efe000-7fe6d2f00000 r--p 0000b000 08:01 528308                     /usr/lib/libwayland-client.so.0.3.0
7fe6d2f00000-7fe6d2f01000 rw-p 0000d000 08:01 528308                     /usr/lib/libwayland-client.so.0.3.0
7fe6d2f01000-7fe6d2f0d000 r-xp 00000000 08:01 542234                     /usr/lib/libgbm.so.1.0.0
7fe6d2f0d000-7fe6d310d000 ---p 0000c000 08:01 542234                     /usr/lib/libgbm.so.1.0.0
7fe6d310d000-7fe6d310e000 r--p 0000c000 08:01 542234                     /usr/lib/libgbm.so.1.0.0
7fe6d310e000-7fe6d310f000 rw-p 0000d000 08:01 542234                     /usr/lib/libgbm.so.1.0.0
7fe6d310f000-7fe6d3135000 r-xp 00000000 08:01 549453                     /usr/lib/mesa/libEGL.so.1.0.0
7fe6d3135000-7fe6d3334000 ---p 00026000 08:01 549453                     /usr/lib/mesa/libEGL.so.1.0.0
7fe6d3334000-7fe6d3335000 r--p 00025000 08:01 549453                     /usr/lib/mesa/libEGL.so.1.0.0
7fe6d3335000-7fe6d3336000 rw-p 00026000 08:01 549453                     /usr/lib/mesa/libEGL.so.1.0.0
7fe6d3336000-7fe6d333a000 r-xp 00000000 08:01 549455                     /usr/lib/mesa/libGLESv1_CM.so.1.1.0
7fe6d333a000-7fe6d3539000 ---p 00004000 08:01 549455                     /usr/lib/mesa/libGLESv1_CM.so.1.1.0
7fe6d3539000-7fe6d353a000 r--p 00003000 08:01 549455                     /usr/lib/mesa/libGLESv1_CM.so.1.1.0
7fe6d353a000-7fe6d353b000 rw-p 00004000 08:01 549455                     /usr/lib/mesa/libGLESv1_CM.so.1.1.0
7fe6d353b000-7fe6d35e3000 r-xp 00000000 00:20 25                         /tmp/jogamp_0000/file_cache/jln6552638463801591460/jln4620422206474612337/libjogl_desktop.so
7fe6d35e3000-7fe6d37e3000 ---p 000a8000 00:20 25                         /tmp/jogamp_0000/file_cache/jln6552638463801591460/jln4620422206474612337/libjogl_desktop.so
7fe6d37e3000-7fe6d37e4000 rw-p 000a8000 00:20 25                         /tmp/jogamp_0000/file_cache/jln6552638463801591460/jln4620422206474612337/libjogl_desktop.so
7fe6d37e4000-7fe6d37f1000 r-xp 00000000 08:01 527111                     /usr/lib/libdrm.so.2.4.0
7fe6d37f1000-7fe6d39f0000 ---p 0000d000 08:01 527111                     /usr/lib/libdrm.so.2.4.0
7fe6d39f0000-7fe6d39f1000 r--p 0000c000 08:01 527111                     /usr/lib/libdrm.so.2.4.0
7fe6d39f1000-7fe6d39f2000 rw-p 0000d000 08:01 527111                     /usr/lib/libdrm.so.2.4.0
7fe6d39f2000-7fe6d39f3000 r-xp 00000000 08:01 533872                     /usr/lib/libxshmfence.so.1.0.0
7fe6d39f3000-7fe6d3bf3000 ---p 00001000 08:01 533872                     /usr/lib/libxshmfence.so.1.0.0
7fe6d3bf3000-7fe6d3bf4000 r--p 00001000 08:01 533872                     /usr/lib/libxshmfence.so.1.0.0
7fe6d3bf4000-7fe6d3bf5000 rw-p 00002000 08:01 533872                     /usr/lib/libxshmfence.so.1.0.0
7fe6d3bf5000-7fe6d3bfa000 r-xp 00000000 08:01 529801                     /usr/lib/libxcb-sync.so.1.0.0
7fe6d3bfa000-7fe6d3dfa000 ---p 00005000 08:01 529801                     /usr/lib/libxcb-sync.so.1.0.0
7fe6d3dfa000-7fe6d3dfb000 r--p 00005000 08:01 529801                     /usr/lib/libxcb-sync.so.1.0.0
7fe6d3dfb000-7fe6d3dfc000 rw-p 00006000 08:01 529801                     /usr/lib/libxcb-sync.so.1.0.0
7fe6d3dfc000-7fe6d3dff000 r-xp 00000000 08:01 529341                     /usr/lib/libxcb-shape.so.0.0.0
7fe6d3dff000-7fe6d3ffe000 ---p 00003000 08:01 529341                     /usr/lib/libxcb-shape.so.0.0.0
7fe6d3ffe000-7fe6d3fff000 r--p 00002000 08:01 529341                     /usr/lib/libxcb-shape.so.0.0.0
7fe6d3fff000-7fe6d4000000 rw-p 00003000 08:01 529341                     /usr/lib/libxcb-shape.so.0.0.0
7fe6d4000000-7fe6d4021000 rw-p 00000000 00:00 0 
7fe6d4021000-7fe6d8000000 ---p 00000000 00:00 0 
7fe6d8000000-7fe6db0d9000 rw-p 00000000 00:00 0 
7fe6db0d9000-7fe6dc000000 ---p 00000000 00:00 0 
7fe6dc000000-7fe6dc021000 rw-p 00000000 00:00 0 
7fe6dc021000-7fe6e0000000 ---p 00000000 00:00 0 
7fe6e0000000-7fe6e18b0000 rw-p 00000000 00:00 0 
7fe6e18b0000-7fe6e4000000 ---p 00000000 00:00 0 
7fe6e4000000-7fe6e4021000 rw-p 00000000 00:00 0 
7fe6e4021000-7fe6e8000000 ---p 00000000 00:00 0 
7fe6e8000000-7fe6e994d000 rw-p 00000000 00:00 0 
7fe6e994d000-7fe6ec000000 ---p 00000000 00:00 0 
7fe6ec000000-7fe6ec021000 rw-p 00000000 00:00 0 
7fe6ec021000-7fe6f0000000 ---p 00000000 00:00 0 
7fe6f0039000-7fe6f0119000 rw-s 1045af000 00:06 320                       /dev/dri/card0
7fe6f0119000-7fe6f0122000 r-xp 00000000 08:01 528354                     /usr/lib/libxcb-render.so.0.0.0
7fe6f0122000-7fe6f0321000 ---p 00009000 08:01 528354                     /usr/lib/libxcb-render.so.0.0.0
7fe6f0321000-7fe6f0322000 r--p 00008000 08:01 528354                     /usr/lib/libxcb-render.so.0.0.0
7fe6f0322000-7fe6f0323000 rw-p 00009000 08:01 528354                     /usr/lib/libxcb-render.so.0.0.0
7fe6f0323000-7fe6f0329000 r-xp 00000000 08:01 528351                     /usr/lib/libxcb-xfixes.so.0.0.0
7fe6f0329000-7fe6f0529000 ---p 00006000 08:01 528351                     /usr/lib/libxcb-xfixes.so.0.0.0
7fe6f0529000-7fe6f052a000 r--p 00006000 08:01 528351                     /usr/lib/libxcb-xfixes.so.0.0.0
7fe6f052a000-7fe6f052b000 rw-p 00007000 08:01 528351                     /usr/lib/libxcb-xfixes.so.0.0.0
7fe6f052b000-7fe6f0538000 r-xp 00000000 08:01 529814                     /usr/lib/libxcb-randr.so.0.1.0
7fe6f0538000-7fe6f0737000 ---p 0000d000 08:01 529814                     /usr/lib/libxcb-randr.so.0.1.0
7fe6f0737000-7fe6f0738000 r--p 0000c000 08:01 529814                     /usr/lib/libxcb-randr.so.0.1.0
7fe6f0738000-7fe6f0739000 rw-p 0000d000 08:01 529814                     /usr/lib/libxcb-randr.so.0.1.0
7fe6f0739000-7fe6f073b000 r-xp 00000000 08:01 529374                     /usr/lib/libxcb-present.so.0.0.0
7fe6f073b000-7fe6f093a000 ---p 00002000 08:01 529374                     /usr/lib/libxcb-present.so.0.0.0
7fe6f093a000-7fe6f093b000 r--p 00001000 08:01 529374                     /usr/lib/libxcb-present.so.0.0.0
7fe6f093b000-7fe6f093c000 rw-p 00002000 08:01 529374                     /usr/lib/libxcb-present.so.0.0.0
7fe6f093c000-7fe6f093e000 r-xp 00000000 08:01 528359                     /usr/lib/libxcb-dri3.so.0.0.0
7fe6f093e000-7fe6f0b3d000 ---p 00002000 08:01 528359                     /usr/lib/libxcb-dri3.so.0.0.0
7fe6f0b3d000-7fe6f0b3e000 r--p 00001000 08:01 528359                     /usr/lib/libxcb-dri3.so.0.0.0
7fe6f0b3e000-7fe6f0b3f000 rw-p 00002000 08:01 528359                     /usr/lib/libxcb-dri3.so.0.0.0
7fe6f0b3f000-7fe6f0b43000 r-xp 00000000 08:01 529371                     /usr/lib/libxcb-dri2.so.0.0.0
7fe6f0b43000-7fe6f0d42000 ---p 00004000 08:01 529371                     /usr/lib/libxcb-dri2.so.0.0.0
7fe6f0d42000-7fe6f0d43000 r--p 00003000 08:01 529371                     /usr/lib/libxcb-dri2.so.0.0.0
7fe6f0d43000-7fe6f0d44000 rw-p 00004000 08:01 529371                     /usr/lib/libxcb-dri2.so.0.0.0
7fe6f0d44000-7fe6f0d5b000 r-xp 00000000 08:01 528358                     /usr/lib/libxcb-glx.so.0.0.0
7fe6f0d5b000-7fe6f0f5b000 ---p 00017000 08:01 528358                     /usr/lib/libxcb-glx.so.0.0.0
7fe6f0f5b000-7fe6f0f5d000 r--p 00017000 08:01 528358                     /usr/lib/libxcb-glx.so.0.0.0
7fe6f0f5d000-7fe6f0f5e000 rw-p 00019000 08:01 528358                     /usr/lib/libxcb-glx.so.0.0.0
7fe6f0f5e000-7fe6f0f5f000 r-xp 00000000 08:01 526139                     /usr/lib/libX11-xcb.so.1.0.0
7fe6f0f5f000-7fe6f115e000 ---p 00001000 08:01 526139                     /usr/lib/libX11-xcb.so.1.0.0
7fe6f115e000-7fe6f115f000 r--p 00000000 08:01 526139                     /usr/lib/libX11-xcb.so.1.0.0
7fe6f115f000-7fe6f1160000 rw-p 00001000 08:01 526139                     /usr/lib/libX11-xcb.so.1.0.0
7fe6f1160000-7fe6f1162000 r-xp 00000000 08:01 533862                     /usr/lib/libXdamage.so.1.1.0
7fe6f1162000-7fe6f1361000 ---p 00002000 08:01 533862                     /usr/lib/libXdamage.so.1.1.0
7fe6f1361000-7fe6f1362000 r--p 00001000 08:01 533862                     /usr/lib/libXdamage.so.1.1.0
7fe6f1362000-7fe6f1363000 rw-p 00002000 08:01 533862                     /usr/lib/libXdamage.so.1.1.0
7fe6f1363000-7fe6f138b000 r-xp 00000000 08:01 542235                     /usr/lib/libglapi.so.0.0.0
7fe6f138b000-7fe6f158b000 ---p 00028000 08:01 542235                     /usr/lib/libglapi.so.0.0.0
7fe6f158b000-7fe6f158f000 r--p 00028000 08:01 542235                     /usr/lib/libglapi.so.0.0.0
7fe6f158f000-7fe6f1590000 rw-p 0002c000 08:01 542235                     /usr/lib/libglapi.so.0.0.0
7fe6f1590000-7fe6f1591000 rw-p 00000000 00:00 0 
7fe6f1591000-7fe6f15b8000 r-xp 00000000 08:01 533710                     /usr/lib/libexpat.so.1.6.0
7fe6f15b8000-7fe6f17b7000 ---p 00027000 08:01 533710                     /usr/lib/libexpat.so.1.6.0
7fe6f17b7000-7fe6f17ba000 r--p 00026000 08:01 533710                     /usr/lib/libexpat.so.1.6.0
7fe6f17ba000-7fe6f17bb000 rw-p 00029000 08:01 533710                     /usr/lib/libexpat.so.1.6.0
7fe6f17bb000-7fe6f184f000 r-xp 00000000 08:01 542697                     /usr/lib/mesa/libGL.so.1.2.0
7fe6f184f000-7fe6f1a4e000 ---p 00094000 08:01 542697                     /usr/lib/mesa/libGL.so.1.2.0
7fe6f1a4e000-7fe6f1a51000 r--p 00093000 08:01 542697                     /usr/lib/mesa/libGL.so.1.2.0
7fe6f1a51000-7fe6f1a52000 rw-p 00096000 08:01 542697                     /usr/lib/mesa/libGL.so.1.2.0
7fe6f1a52000-7fe6f1c53000 rw-p 00000000 00:00 0 
7fe6f1c53000-7fe6f1e53000 rw-p 00000000 00:00 0 
7fe6f1e8b000-7fe6f1f0c000 r-xp 00000000 08:01 549408                     /usr/lib/libsystemd.so.0.10.2
7fe6f1f0c000-7fe6f1f0f000 r--p 00080000 08:01 549408                     /usr/lib/libsystemd.so.0.10.2
7fe6f1f0f000-7fe6f1f10000 rw-p 00083000 08:01 549408                     /usr/lib/libsystemd.so.0.10.2
7fe6f1f10000-7fe6f1f17000 r-xp 00000000 00:20 30                         /tmp/jogamp_0000/file_cache/jln6552638463801591460/jln4620422206474612337/libnativewindow_x11.so
7fe6f1f17000-7fe6f2116000 ---p 00007000 00:20 30                         /tmp/jogamp_0000/file_cache/jln6552638463801591460/jln4620422206474612337/libnativewindow_x11.so
7fe6f2116000-7fe6f2117000 rw-p 00006000 00:20 30                         /tmp/jogamp_0000/file_cache/jln6552638463801591460/jln4620422206474612337/libnativewindow_x11.so
7fe6f2117000-7fe6f211c000 r-xp 00000000 08:01 533875                     /usr/lib/libXxf86vm.so.1.0.0
7fe6f211c000-7fe6f231b000 ---p 00005000 08:01 533875                     /usr/lib/libXxf86vm.so.1.0.0
7fe6f231b000-7fe6f231c000 r--p 00004000 08:01 533875                     /usr/lib/libXxf86vm.so.1.0.0
7fe6f231c000-7fe6f231d000 rw-p 00005000 08:01 533875                     /usr/lib/libXxf86vm.so.1.0.0
7fe6f231d000-7fe6f231f000 r-xp 00000000 00:20 29                         /tmp/jogamp_0000/file_cache/jln6552638463801591460/jln4620422206474612337/libnativewindow_awt.so
7fe6f231f000-7fe6f251e000 ---p 00002000 00:20 29                         /tmp/jogamp_0000/file_cache/jln6552638463801591460/jln4620422206474612337/libnativewindow_awt.so
7fe6f251e000-7fe6f251f000 rw-p 00001000 00:20 29                         /tmp/jogamp_0000/file_cache/jln6552638463801591460/jln4620422206474612337/libnativewindow_awt.so
7fe6f251f000-7fe6f2520000 r-xp 00000000 08:01 808484                     /usr/lib/jvm/java-8-openjdk/jre/lib/amd64/libjawt.so
7fe6f2520000-7fe6f271f000 ---p 00001000 08:01 808484                     /usr/lib/jvm/java-8-openjdk/jre/lib/amd64/libjawt.so
7fe6f271f000-7fe6f2720000 rw-p 00000000 08:01 808484                     /usr/lib/jvm/java-8-openjdk/jre/lib/amd64/libjawt.so
7fe6f2720000-7fe6f2722000 r-xp 00000000 00:20 24                         /tmp/jogamp_0000/file_cache/jln6552638463801591460/jln4620422206474612337/libgluegen-rt.so
7fe6f2722000-7fe6f2922000 ---p 00002000 00:20 24                         /tmp/jogamp_0000/file_cache/jln6552638463801591460/jln4620422206474612337/libgluegen-rt.so
7fe6f2922000-7fe6f2923000 rw-p 00002000 00:20 24                         /tmp/jogamp_0000/file_cache/jln6552638463801591460/jln4620422206474612337/libgluegen-rt.so
7fe6f2923000-7fe6f2926000 ---p 00000000 00:00 0 
7fe6f2926000-7fe6f2a24000 rw-p 00000000 00:00 0                          [stack:4707]
7fe6f2a24000-7fe6f2a35000 r-xp 00000000 08:01 808480                     /usr/lib/jvm/java-8-openjdk/jre/lib/amd64/libnio.so
7fe6f2a35000-7fe6f2c34000 ---p 00011000 08:01 808480                     /usr/lib/jvm/java-8-openjdk/jre/lib/amd64/libnio.so
7fe6f2c34000-7fe6f2c35000 rw-p 00010000 08:01 808480                     /usr/lib/jvm/java-8-openjdk/jre/lib/amd64/libnio.so
7fe6f2c35000-7fe6f2c4b000 r-xp 00000000 08:01 808470                     /usr/lib/jvm/java-8-openjdk/jre/lib/amd64/libnet.so
7fe6f2c4b000-7fe6f2e4b000 ---p 00016000 08:01 808470                     /usr/lib/jvm/java-8-openjdk/jre/lib/amd64/libnet.so
7fe6f2e4b000-7fe6f2e4c000 rw-p 00016000 08:01 808470                     /usr/lib/jvm/java-8-openjdk/jre/lib/amd64/libnet.so
7fe6f2e4c000-7fe6f304c000 rw-p 00000000 00:00 0 
7fe6f304c000-7fe6f324c000 rw-p 00000000 00:00 0 
7fe6f324c000-7fe6f324f000 ---p 00000000 00:00 0 
7fe6f324f000-7fe6f334d000 rw-p 00000000 00:00 0                          [stack:4698]
7fe6f334d000-7fe6f3350000 ---p 00000000 00:00 0 
7fe6f3350000-7fe6f344e000 rw-p 00000000 00:00 0                          [stack:4697]
7fe6f344e000-7fe6f3451000 ---p 00000000 00:00 0 
7fe6f3451000-7fe6f354f000 rw-p 00000000 00:00 0                          [stack:4696]
7fe6f354f000-7fe6f3552000 ---p 00000000 00:00 0 
7fe6f3552000-7fe6f3650000 rw-p 00000000 00:00 0                          [stack:4695]
7fe6f3650000-7fe6f3655000 r-xp 00000000 08:01 529523                     /usr/lib/libXfixes.so.3.1.0
7fe6f3655000-7fe6f3854000 ---p 00005000 08:01 529523                     /usr/lib/libXfixes.so.3.1.0
7fe6f3854000-7fe6f3855000 r--p 00004000 08:01 529523                     /usr/lib/libXfixes.so.3.1.0
7fe6f3855000-7fe6f3856000 rw-p 00005000 08:01 529523                     /usr/lib/libXfixes.so.3.1.0
7fe6f3856000-7fe6f3860000 r-xp 00000000 08:01 536185                     /usr/lib/libXcursor.so.1.0.2
7fe6f3860000-7fe6f3a5f000 ---p 0000a000 08:01 536185                     /usr/lib/libXcursor.so.1.0.2
7fe6f3a5f000-7fe6f3a60000 r--p 00009000 08:01 536185                     /usr/lib/libXcursor.so.1.0.2
7fe6f3a60000-7fe6f3a61000 rw-p 0000a000 08:01 536185                     /usr/lib/libXcursor.so.1.0.2
7fe6f3a61000-7fe6f3a64000 ---p 00000000 00:00 0 
7fe6f3a64000-7fe6f3b62000 rw-p 00000000 00:00 0                          [stack:4694]
7fe6f3b62000-7fe6f3bd1000 r-xp 00000000 08:01 528211                     /usr/lib/libpcre.so.1.2.5
7fe6f3bd1000-7fe6f3dd0000 ---p 0006f000 08:01 528211                     /usr/lib/libpcre.so.1.2.5
7fe6f3dd0000-7fe6f3dd1000 r--p 0006e000 08:01 528211                     /usr/lib/libpcre.so.1.2.5
7fe6f3dd1000-7fe6f3dd2000 rw-p 0006f000 08:01 528211                     /usr/lib/libpcre.so.1.2.5
7fe6f3dd2000-7fe6f3dfe000 r-xp 00000000 08:01 528036                     /usr/lib/libgraphite2.so.3.0.1
7fe6f3dfe000-7fe6f3ffd000 ---p 0002c000 08:01 528036                     /usr/lib/libgraphite2.so.3.0.1
7fe6f3ffd000-7fe6f3fff000 r--p 0002b000 08:01 528036                     /usr/lib/libgraphite2.so.3.0.1
7fe6f3fff000-7fe6f4000000 rw-p 0002d000 08:01 528036                     /usr/lib/libgraphite2.so.3.0.1
7fe6f4000000-7fe6f4021000 rw-p 00000000 00:00 0 
7fe6f4021000-7fe6f8000000 ---p 00000000 00:00 0 
7fe6f8000000-7fe6f8021000 rw-p 00000000 00:00 0 
7fe6f8021000-7fe6fc000000 ---p 00000000 00:00 0 
7fe6fc000000-7fe6fc174000 rw-p 00000000 00:00 0 
7fe6fc174000-7fe700000000 ---p 00000000 00:00 0 
7fe700000000-7fe700398000 rw-p 00000000 00:00 0 
7fe700398000-7fe704000000 ---p 00000000 00:00 0 
7fe704000000-7fe704021000 rw-p 00000000 00:00 0 
7fe704021000-7fe708000000 ---p 00000000 00:00 0 
7fe708000000-7fe708248000 rw-p 00000000 00:00 0 
7fe708248000-7fe70c000000 ---p 00000000 00:00 0 
7fe70c000000-7fe70c021000 rw-p 00000000 00:00 0 
7fe70c021000-7fe710000000 ---p 00000000 00:00 0 
7fe710000000-7fe710021000 rw-p 00000000 00:00 0 
7fe710021000-7fe714000000 ---p 00000000 00:00 0 
7fe714000000-7fe714021000 rw-p 00000000 00:00 0 
7fe714021000-7fe718000000 ---p 00000000 00:00 0 
7fe718000000-7fe718021000 rw-p 00000000 00:00 0 
7fe718021000-7fe71c000000 ---p 00000000 00:00 0 
7fe71c000000-7fe71c021000 rw-p 00000000 00:00 0 
7fe71c021000-7fe720000000 ---p 00000000 00:00 0 
7fe720000000-7fe720021000 rw-p 00000000 00:00 0 
7fe720021000-7fe724000000 ---p 00000000 00:00 0 
7fe724000000-7fe724021000 rw-p 00000000 00:00 0 
7fe724021000-7fe728000000 ---p 00000000 00:00 0 
7fe728047000-7fe728065000 r-xp 00000000 08:01 549416                     /usr/lib/libudev.so.1.6.4
7fe728065000-7fe728066000 r--p 0001d000 08:01 549416                     /usr/lib/libudev.so.1.6.4
7fe728066000-7fe728067000 rw-p 0001e000 08:01 549416                     /usr/lib/libudev.so.1.6.4
7fe72808b000-7fe728093000 rw-s 00000000 00:05 53051                      /drm mm object (deleted)
7fe728093000-7fe72809b000 rw-s 00000000 00:05 56548                      /drm mm object (deleted)
7fe72809b000-7fe72809e000 ---p 00000000 00:00 0 
7fe72809e000-7fe7280d4000 rw-p 00000000 00:00 0                          [stack:4702]
7fe7280d4000-7fe7281e0000 r-xp 00000000 08:01 533722                     /usr/lib/libglib-2.0.so.0.4400.1
7fe7281e0000-7fe7283df000 ---p 0010c000 08:01 533722                     /usr/lib/libglib-2.0.so.0.4400.1
7fe7283df000-7fe7283e0000 r--p 0010b000 08:01 533722                     /usr/lib/libglib-2.0.so.0.4400.1
7fe7283e0000-7fe7283e1000 rw-p 0010c000 08:01 533722                     /usr/lib/libglib-2.0.so.0.4400.1
7fe7283e1000-7fe7283e2000 rw-p 00000000 00:00 0 
7fe7283e2000-7fe728441000 r-xp 00000000 08:01 540320                     /usr/lib/libharfbuzz.so.0.10000.3
7fe728441000-7fe728641000 ---p 0005f000 08:01 540320                     /usr/lib/libharfbuzz.so.0.10000.3
7fe728641000-7fe728642000 r--p 0005f000 08:01 540320                     /usr/lib/libharfbuzz.so.0.10000.3
7fe728642000-7fe728643000 rw-p 00060000 08:01 540320                     /usr/lib/libharfbuzz.so.0.10000.3
7fe728643000-7fe728677000 r-xp 00000000 08:01 525327                     /usr/lib/libpng16.so.16.18.0
7fe728677000-7fe728876000 ---p 00034000 08:01 525327                     /usr/lib/libpng16.so.16.18.0
7fe728876000-7fe728877000 r--p 00033000 08:01 525327                     /usr/lib/libpng16.so.16.18.0
7fe728877000-7fe728878000 rw-p 00034000 08:01 525327                     /usr/lib/libpng16.so.16.18.0
7fe728878000-7fe728887000 r-xp 00000000 08:01 529544                     /usr/lib/libbz2.so.1.0.6
7fe728887000-7fe728a86000 ---p 0000f000 08:01 529544                     /usr/lib/libbz2.so.1.0.6
7fe728a86000-7fe728a88000 rw-p 0000e000 08:01 529544                     /usr/lib/libbz2.so.1.0.6
7fe728a88000-7fe728a9e000 r-xp 00000000 08:01 527876                     /usr/lib/libgcc_s.so.1
7fe728a9e000-7fe728c9d000 ---p 00016000 08:01 527876                     /usr/lib/libgcc_s.so.1
7fe728c9d000-7fe728c9e000 rw-p 00015000 08:01 527876                     /usr/lib/libgcc_s.so.1
7fe728c9e000-7fe728d53000 r-xp 00000000 08:01 540846                     /usr/lib/libfreetype.so.6.12.0
7fe728d53000-7fe728f52000 ---p 000b5000 08:01 540846                     /usr/lib/libfreetype.so.6.12.0
7fe728f52000-7fe728f58000 r--p 000b4000 08:01 540846                     /usr/lib/libfreetype.so.6.12.0
7fe728f58000-7fe728f59000 rw-p 000ba000 08:01 540846                     /usr/lib/libfreetype.so.6.12.0
7fe728f59000-7fe728fbb000 r-xp 00000000 08:01 808485                     /usr/lib/jvm/java-8-openjdk/jre/lib/amd64/libfontmanager.so
7fe728fbb000-7fe7291bb000 ---p 00062000 08:01 808485                     /usr/lib/jvm/java-8-openjdk/jre/lib/amd64/libfontmanager.so
7fe7291bb000-7fe7291bf000 rw-p 00062000 08:01 808485                     /usr/lib/jvm/java-8-openjdk/jre/lib/amd64/libfontmanager.so
7fe7291bf000-7fe7291c4000 r-xp 00000000 08:01 527809                     /usr/lib/libXdmcp.so.6.0.0
7fe7291c4000-7fe7293c3000 ---p 00005000 08:01 527809                     /usr/lib/libXdmcp.so.6.0.0
7fe7293c3000-7fe7293c4000 r--p 00004000 08:01 527809                     /usr/lib/libXdmcp.so.6.0.0
7fe7293c4000-7fe7293c5000 rw-p 00005000 08:01 527809                     /usr/lib/libXdmcp.so.6.0.0
7fe7293c5000-7fe7293c7000 r-xp 00000000 08:01 529519                     /usr/lib/libXau.so.6.0.0
7fe7293c7000-7fe7295c7000 ---p 00002000 08:01 529519                     /usr/lib/libXau.so.6.0.0
7fe7295c7000-7fe7295c8000 r--p 00002000 08:01 529519                     /usr/lib/libXau.so.6.0.0
7fe7295c8000-7fe7295c9000 rw-p 00003000 08:01 529519                     /usr/lib/libXau.so.6.0.0
7fe7295c9000-7fe7295ea000 r-xp 00000000 08:01 529359                     /usr/lib/libxcb.so.1.1.0
7fe7295ea000-7fe7297e9000 ---p 00021000 08:01 529359                     /usr/lib/libxcb.so.1.1.0
7fe7297e9000-7fe7297ea000 r--p 00020000 08:01 529359                     /usr/lib/libxcb.so.1.1.0
7fe7297ea000-7fe7297eb000 rw-p 00021000 08:01 529359                     /usr/lib/libxcb.so.1.1.0
7fe7297eb000-7fe7297fa000 r-xp 00000000 08:01 536188                     /usr/lib/libXi.so.6.1.0
7fe7297fa000-7fe7299fa000 ---p 0000f000 08:01 536188                     /usr/lib/libXi.so.6.1.0
7fe7299fa000-7fe7299fb000 r--p 0000f000 08:01 536188                     /usr/lib/libXi.so.6.1.0
7fe7299fb000-7fe7299fc000 rw-p 00010000 08:01 536188                     /usr/lib/libXi.so.6.1.0
7fe7299fc000-7fe729a01000 r-xp 00000000 08:01 536888                     /usr/lib/libXtst.so.6.1.0
7fe729a01000-7fe729c00000 ---p 00005000 08:01 536888                     /usr/lib/libXtst.so.6.1.0
7fe729c00000-7fe729c01000 r--p 00004000 08:01 536888                     /usr/lib/libXtst.so.6.1.0
7fe729c01000-7fe729c02000 rw-p 00005000 08:01 536888                     /usr/lib/libXtst.so.6.1.0
7fe729c02000-7fe729c0b000 r-xp 00000000 08:01 536201                     /usr/lib/libXrender.so.1.3.0
7fe729c0b000-7fe729e0a000 ---p 00009000 08:01 536201                     /usr/lib/libXrender.so.1.3.0
7fe729e0a000-7fe729e0b000 r--p 00008000 08:01 536201                     /usr/lib/libXrender.so.1.3.0
7fe729e0b000-7fe729e0c000 rw-p 00009000 08:01 536201                     /usr/lib/libXrender.so.1.3.0
7fe729e0c000-7fe729f47000 r-xp 00000000 08:01 526138                     /usr/lib/libX11.so.6.3.0
7fe729f47000-7fe72a146000 ---p 0013b000 08:01 526138                     /usr/lib/libX11.so.6.3.0
7fe72a146000-7fe72a148000 r--p 0013a000 08:01 526138                     /usr/lib/libX11.so.6.3.0
7fe72a148000-7fe72a14d000 rw-p 0013c000 08:01 526138                     /usr/lib/libX11.so.6.3.0
7fe72a14d000-7fe72a14e000 rw-p 00000000 00:00 0 
7fe72a14e000-7fe72a15f000 r-xp 00000000 08:01 527813                     /usr/lib/libXext.so.6.4.0
7fe72a15f000-7fe72a35e000 ---p 00011000 08:01 527813                     /usr/lib/libXext.so.6.4.0
7fe72a35e000-7fe72a35f000 r--p 00010000 08:01 527813                     /usr/lib/libXext.so.6.4.0
7fe72a35f000-7fe72a360000 rw-p 00011000 08:01 527813                     /usr/lib/libXext.so.6.4.0
7fe72a362000-7fe72a363000 rw-p 00000000 00:00 0 
7fe72a363000-7fe72a364000 rw-s 1045ae000 00:06 320                       /dev/dri/card0
7fe72a364000-7fe72a36c000 rw-s 00000000 00:05 56522                      /drm mm object (deleted)
7fe72a36c000-7fe72a374000 rw-s 00000000 00:05 54633                      /drm mm object (deleted)
7fe72a374000-7fe72a375000 rwxp 00000000 00:00 0 
7fe72a375000-7fe72a37d000 rw-s 00000000 00:05 56511                      /drm mm object (deleted)
7fe72a37d000-7fe72a385000 rw-s 00000000 00:05 53008                      /drm mm object (deleted)
7fe72a385000-7fe72a386000 rw-s 00000000 00:05 53005                      /drm mm object (deleted)
7fe72a386000-7fe72a387000 rw-s 1045ad000 00:06 320                       /dev/dri/card0
7fe72a387000-7fe72a38f000 rw-s 00000000 00:05 53004                      /drm mm object (deleted)
7fe72a38f000-7fe72a390000 r--p 00000000 00:00 0 
7fe72a390000-7fe72a394000 r--s 00095000 08:01 807885                     /usr/lib/jvm/java-8-openjdk/jre/lib/jsse.jar
7fe72a394000-7fe72a3e7000 r-xp 00000000 08:01 808482                     /usr/lib/jvm/java-8-openjdk/jre/lib/amd64/libawt_xawt.so
7fe72a3e7000-7fe72a5e7000 ---p 00053000 08:01 808482                     /usr/lib/jvm/java-8-openjdk/jre/lib/amd64/libawt_xawt.so
7fe72a5e7000-7fe72a5ea000 rw-p 00053000 08:01 808482                     /usr/lib/jvm/java-8-openjdk/jre/lib/amd64/libawt_xawt.so
7fe72a5ea000-7fe72a5eb000 rw-p 00000000 00:00 0 
7fe72a5eb000-7fe72a689000 r-xp 00000000 08:01 808479                     /usr/lib/jvm/java-8-openjdk/jre/lib/amd64/libawt.so
7fe72a689000-7fe72a889000 ---p 0009e000 08:01 808479                     /usr/lib/jvm/java-8-openjdk/jre/lib/amd64/libawt.so
7fe72a889000-7fe72a895000 rw-p 0009e000 08:01 808479                     /usr/lib/jvm/java-8-openjdk/jre/lib/amd64/libawt.so
7fe72a895000-7fe72a8b9000 rw-p 00000000 00:00 0 
7fe72a8b9000-7fe72a8da000 r--s 002d0000 08:11 420                        /run/media/b/Files/SWEN222/Lunarcy-Repo/Lunarcy/jogl-all.jar
7fe72a8da000-7fe72a8db000 ---p 00000000 00:00 0 
7fe72a8db000-7fe72a9db000 rw-p 00000000 00:00 0                          [stack:4693]
7fe72a9db000-7fe72a9de000 ---p 00000000 00:00 0 
7fe72a9de000-7fe72aadc000 rw-p 00000000 00:00 0                          [stack:4692]
7fe72aadc000-7fe72aadf000 ---p 00000000 00:00 0 
7fe72aadf000-7fe72abdd000 rw-p 00000000 00:00 0                          [stack:4691]
7fe72abdd000-7fe72abe0000 ---p 00000000 00:00 0 
7fe72abe0000-7fe72acde000 rw-p 00000000 00:00 0                          [stack:4690]
7fe72acde000-7fe72ace1000 ---p 00000000 00:00 0 
7fe72ace1000-7fe72addf000 rw-p 00000000 00:00 0                          [stack:4689]
7fe72addf000-7fe72ade2000 ---p 00000000 00:00 0 
7fe72ade2000-7fe72aee0000 rw-p 00000000 00:00 0                          [stack:4688]
7fe72aee0000-7fe72b06e000 r--p 00000000 08:01 543557                     /usr/lib/locale/locale-archive
7fe72b06e000-7fe72b071000 ---p 00000000 00:00 0 
7fe72b071000-7fe72b16f000 rw-p 00000000 00:00 0                          [stack:4687]
7fe72b16f000-7fe72b172000 ---p 00000000 00:00 0 
7fe72b172000-7fe72d000000 rw-p 00000000 00:00 0                          [stack:4686]
7fe72d000000-7fe72d370000 rwxp 00000000 00:00 0 
7fe72d370000-7fe73c000000 ---p 00000000 00:00 0 
7fe73c000000-7fe73c32c000 rw-p 00000000 00:00 0 
7fe73c32c000-7fe740000000 ---p 00000000 00:00 0 
7fe740000000-7fe740013000 r--s 00345000 08:01 807886                     /usr/lib/jvm/java-8-openjdk/jre/lib/resources.jar
7fe740013000-7fe740016000 r--s 00017000 08:11 2056                       /run/media/b/Files/SWEN222/Lunarcy-Repo/Lunarcy/tritonus_share.jar
7fe740016000-7fe740017000 r--s 00002000 08:11 2055                       /run/media/b/Files/SWEN222/Lunarcy-Repo/Lunarcy/tritonus_aos.jar
7fe740017000-7fe740018000 r--s 00005000 08:11 2052                       /run/media/b/Files/SWEN222/Lunarcy-Repo/Lunarcy/mp3spi1.9.4.jar
7fe740018000-7fe74001b000 r--s 00016000 08:11 2051                       /run/media/b/Files/SWEN222/Lunarcy-Repo/Lunarcy/minim.jar
7fe74001b000-7fe74001d000 r--s 0000a000 08:11 2050                       /run/media/b/Files/SWEN222/Lunarcy-Repo/Lunarcy/jsminim.jar
7fe74001d000-7fe740020000 r--s 00017000 08:11 2049                       /run/media/b/Files/SWEN222/Lunarcy-Repo/Lunarcy/jl1.0.jar
7fe740020000-7fe740021000 r--s 0002d000 08:11 419                        /run/media/b/Files/SWEN222/Lunarcy-Repo/Lunarcy/jogl-all-natives-windows-i586.jar
7fe740021000-7fe740022000 r--s 00034000 08:11 418                        /run/media/b/Files/SWEN222/Lunarcy-Repo/Lunarcy/jogl-all-natives-windows-amd64.jar
7fe740022000-7fe740023000 r--s 00063000 08:11 417                        /run/media/b/Files/SWEN222/Lunarcy-Repo/Lunarcy/jogl-all-natives-macosx-universal.jar
7fe740023000-7fe740025000 r--s 00030000 08:11 416                        /run/media/b/Files/SWEN222/Lunarcy-Repo/Lunarcy/jogl-all-natives-linux-i586.jar
7fe740025000-7fe740026000 r--s 00022000 08:11 415                        /run/media/b/Files/SWEN222/Lunarcy-Repo/Lunarcy/jogl-all-natives-linux-armv6hf.jar
7fe740026000-7fe740027000 ---p 00000000 00:00 0 
7fe740027000-7fe7410e6000 rw-p 00000000 00:00 0                          [stack:4684]
7fe7410e6000-7fe7412b4000 r--s 03bde000 08:01 808439                     /usr/lib/jvm/java-8-openjdk/jre/lib/rt.jar
7fe7412b4000-7fe741d03000 rw-p 00000000 00:00 0 
7fe741d03000-7fe741d04000 ---p 00000000 00:00 0 
7fe741d04000-7fe741e04000 rw-p 00000000 00:00 0                          [stack:4680]
7fe741e04000-7fe741e05000 ---p 00000000 00:00 0 
7fe741e05000-7fe741f05000 rw-p 00000000 00:00 0                          [stack:4679]
7fe741f05000-7fe741f06000 ---p 00000000 00:00 0 
7fe741f06000-7fe742006000 rw-p 00000000 00:00 0                          [stack:4678]
7fe742006000-7fe742007000 ---p 00000000 00:00 0 
7fe742007000-7fe74211b000 rw-p 00000000 00:00 0                          [stack:4677]
7fe74211b000-7fe742243000 ---p 00000000 00:00 0 
7fe742243000-7fe742257000 rw-p 00000000 00:00 0 
7fe742257000-7fe74237e000 ---p 00000000 00:00 0 
7fe74237e000-7fe742390000 rw-p 00000000 00:00 0 
7fe742390000-7fe74241c000 ---p 00000000 00:00 0 
7fe74241c000-7fe74242b000 rw-p 00000000 00:00 0 
7fe74242b000-7fe7427dd000 ---p 00000000 00:00 0 
7fe7427dd000-7fe7427e5000 r-xp 00000000 08:01 808467                     /usr/lib/jvm/java-8-openjdk/jre/lib/amd64/libzip.so
7fe7427e5000-7fe7429e4000 ---p 00008000 08:01 808467                     /usr/lib/jvm/java-8-openjdk/jre/lib/amd64/libzip.so
7fe7429e4000-7fe7429e5000 rw-p 00007000 08:01 808467                     /usr/lib/jvm/java-8-openjdk/jre/lib/amd64/libzip.so
7fe7429e5000-7fe7429f0000 r-xp 00000000 08:01 531183                     /usr/lib/libnss_files-2.22.so
7fe7429f0000-7fe742bef000 ---p 0000b000 08:01 531183                     /usr/lib/libnss_files-2.22.so
7fe742bef000-7fe742bf0000 r--p 0000a000 08:01 531183                     /usr/lib/libnss_files-2.22.so
7fe742bf0000-7fe742bf1000 rw-p 0000b000 08:01 531183                     /usr/lib/libnss_files-2.22.so
7fe742bf1000-7fe742bf7000 rw-p 00000000 00:00 0 
7fe742bf7000-7fe742c23000 r-xp 00000000 08:01 808466                     /usr/lib/jvm/java-8-openjdk/jre/lib/amd64/libjava.so
7fe742c23000-7fe742e23000 ---p 0002c000 08:01 808466                     /usr/lib/jvm/java-8-openjdk/jre/lib/amd64/libjava.so
7fe742e23000-7fe742e25000 rw-p 0002c000 08:01 808466                     /usr/lib/jvm/java-8-openjdk/jre/lib/amd64/libjava.so
7fe742e25000-7fe742e32000 r-xp 00000000 08:01 808459                     /usr/lib/jvm/java-8-openjdk/jre/lib/amd64/libverify.so
7fe742e32000-7fe743031000 ---p 0000d000 08:01 808459                     /usr/lib/jvm/java-8-openjdk/jre/lib/amd64/libverify.so
7fe743031000-7fe743033000 rw-p 0000c000 08:01 808459                     /usr/lib/jvm/java-8-openjdk/jre/lib/amd64/libverify.so
7fe743033000-7fe74303a000 r-xp 00000000 08:01 531191                     /usr/lib/librt-2.22.so
7fe74303a000-7fe743239000 ---p 00007000 08:01 531191                     /usr/lib/librt-2.22.so
7fe743239000-7fe74323a000 r--p 00006000 08:01 531191                     /usr/lib/librt-2.22.so
7fe74323a000-7fe74323b000 rw-p 00007000 08:01 531191                     /usr/lib/librt-2.22.so
7fe74323b000-7fe743338000 r-xp 00000000 08:01 531188                     /usr/lib/libm-2.22.so
7fe743338000-7fe743537000 ---p 000fd000 08:01 531188                     /usr/lib/libm-2.22.so
7fe743537000-7fe743538000 r--p 000fc000 08:01 531188                     /usr/lib/libm-2.22.so
7fe743538000-7fe743539000 rw-p 000fd000 08:01 531188                     /usr/lib/libm-2.22.so
7fe743539000-7fe74418c000 r-xp 00000000 08:01 945578                     /usr/lib/jvm/java-8-openjdk/jre/lib/amd64/server/libjvm.so
7fe74418c000-7fe74438b000 ---p 00c53000 08:01 945578                     /usr/lib/jvm/java-8-openjdk/jre/lib/amd64/server/libjvm.so
7fe74438b000-7fe744447000 rw-p 00c52000 08:01 945578                     /usr/lib/jvm/java-8-openjdk/jre/lib/amd64/server/libjvm.so
7fe744447000-7fe744475000 rw-p 00000000 00:00 0 
7fe744475000-7fe744610000 r-xp 00000000 08:01 531138                     /usr/lib/libc-2.22.so
7fe744610000-7fe74480f000 ---p 0019b000 08:01 531138                     /usr/lib/libc-2.22.so
7fe74480f000-7fe744813000 r--p 0019a000 08:01 531138                     /usr/lib/libc-2.22.so
7fe744813000-7fe744815000 rw-p 0019e000 08:01 531138                     /usr/lib/libc-2.22.so
7fe744815000-7fe744819000 rw-p 00000000 00:00 0 
7fe744819000-7fe74481c000 r-xp 00000000 08:01 531187                     /usr/lib/libdl-2.22.so
7fe74481c000-7fe744a1b000 ---p 00003000 08:01 531187                     /usr/lib/libdl-2.22.so
7fe744a1b000-7fe744a1c000 r--p 00002000 08:01 531187                     /usr/lib/libdl-2.22.so
7fe744a1c000-7fe744a1d000 rw-p 00003000 08:01 531187                     /usr/lib/libdl-2.22.so
7fe744a1d000-7fe744a2a000 r-xp 00000000 08:01 945575                     /usr/lib/jvm/java-8-openjdk/jre/lib/amd64/jli/libjli.so
7fe744a2a000-7fe744c29000 ---p 0000d000 08:01 945575                     /usr/lib/jvm/java-8-openjdk/jre/lib/amd64/jli/libjli.so
7fe744c29000-7fe744c2a000 rw-p 0000c000 08:01 945575                     /usr/lib/jvm/java-8-openjdk/jre/lib/amd64/jli/libjli.so
7fe744c2a000-7fe744c3f000 r-xp 00000000 08:01 526057                     /usr/lib/libz.so.1.2.8
7fe744c3f000-7fe744e3e000 ---p 00015000 08:01 526057                     /usr/lib/libz.so.1.2.8
7fe744e3e000-7fe744e3f000 r--p 00014000 08:01 526057                     /usr/lib/libz.so.1.2.8
7fe744e3f000-7fe744e40000 rw-p 00015000 08:01 526057                     /usr/lib/libz.so.1.2.8
7fe744e40000-7fe744e58000 r-xp 00000000 08:01 529395                     /usr/lib/libpthread-2.22.so
7fe744e58000-7fe745057000 ---p 00018000 08:01 529395                     /usr/lib/libpthread-2.22.so
7fe745057000-7fe745058000 r--p 00017000 08:01 529395                     /usr/lib/libpthread-2.22.so
7fe745058000-7fe745059000 rw-p 00018000 08:01 529395                     /usr/lib/libpthread-2.22.so
7fe745059000-7fe74505d000 rw-p 00000000 00:00 0 
7fe74505d000-7fe74507f000 r-xp 00000000 08:01 531026                     /usr/lib/ld-2.22.so
7fe74507f000-7fe745144000 rw-p 00000000 00:00 0 
7fe745144000-7fe745147000 ---p 00000000 00:00 0 
7fe745147000-7fe745249000 rw-p 00000000 00:00 0                          [stack:4676]
7fe745249000-7fe74524a000 r--s 00031000 08:11 414                        /run/media/b/Files/SWEN222/Lunarcy-Repo/Lunarcy/jogl-all-natives-linux-amd64.jar
7fe74524a000-7fe745250000 r--s 00041000 08:11 413                        /run/media/b/Files/SWEN222/Lunarcy-Repo/Lunarcy/gluegen-rt.jar
7fe745250000-7fe745251000 r--s 00001000 08:11 412                        /run/media/b/Files/SWEN222/Lunarcy-Repo/Lunarcy/gluegen-rt-natives-windows-i586.jar
7fe745251000-7fe745252000 r--s 00001000 08:11 411                        /run/media/b/Files/SWEN222/Lunarcy-Repo/Lunarcy/gluegen-rt-natives-windows-amd64.jar
7fe745252000-7fe745253000 r--s 00001000 08:11 410                        /run/media/b/Files/SWEN222/Lunarcy-Repo/Lunarcy/gluegen-rt-natives-macosx-universal.jar
7fe745253000-7fe745254000 r--s 00000000 08:11 409                        /run/media/b/Files/SWEN222/Lunarcy-Repo/Lunarcy/gluegen-rt-natives-linux-i586.jar
7fe745254000-7fe745255000 r--s 00000000 08:11 408                        /run/media/b/Files/SWEN222/Lunarcy-Repo/Lunarcy/gluegen-rt-natives-linux-armv6hf.jar
7fe745255000-7fe745256000 r--s 00000000 08:11 407                        /run/media/b/Files/SWEN222/Lunarcy-Repo/Lunarcy/gluegen-rt-natives-linux-amd64.jar
7fe745256000-7fe74525c000 r--s 002f8000 08:01 807887                     /usr/lib/jvm/java-8-openjdk/jre/lib/charsets.jar
7fe74525c000-7fe745260000 r--s 00097000 08:11 405                        /run/media/b/Files/SWEN222/Lunarcy-Repo/Lunarcy/core.jar
7fe745260000-7fe745273000 rw-p 00000000 00:00 0 
7fe745273000-7fe74527b000 rw-s 00000000 00:20 44                         /tmp/hsperfdata_b/4674
7fe74527b000-7fe74527c000 rw-p 00000000 00:00 0 
7fe74527c000-7fe74527d000 r--p 00000000 00:00 0 
7fe74527d000-7fe74527e000 rw-p 00000000 00:00 0 
7fe74527e000-7fe74527f000 r--p 00021000 08:01 531026                     /usr/lib/ld-2.22.so
7fe74527f000-7fe745280000 rw-p 00022000 08:01 531026                     /usr/lib/ld-2.22.so
7fe745280000-7fe745281000 rw-p 00000000 00:00 0 
7ffde4b79000-7ffde4b9a000 rw-p 00000000 00:00 0                          [stack]
7ffde4be2000-7ffde4be4000 r--p 00000000 00:00 0                          [vvar]
7ffde4be4000-7ffde4be6000 r-xp 00000000 00:00 0                          [vdso]
ffffffffff600000-ffffffffff601000 r-xp 00000000 00:00 0                  [vsyscall]

VM Arguments:
jvm_args: -Dfile.encoding=UTF-8 
java_command: user_interface.Frame
java_class_path (initial): /run/media/b/Files/SWEN222/Lunarcy-Repo/Lunarcy/bin:/run/media/b/Files/SWEN222/Lunarcy-Repo/Lunarcy/core.jar:/run/media/b/Files/SWEN222/Lunarcy-Repo/Lunarcy/gluegen-rt-natives-linux-amd64.jar:/run/media/b/Files/SWEN222/Lunarcy-Repo/Lunarcy/gluegen-rt-natives-linux-armv6hf.jar:/run/media/b/Files/SWEN222/Lunarcy-Repo/Lunarcy/gluegen-rt-natives-linux-i586.jar:/run/media/b/Files/SWEN222/Lunarcy-Repo/Lunarcy/gluegen-rt-natives-macosx-universal.jar:/run/media/b/Files/SWEN222/Lunarcy-Repo/Lunarcy/gluegen-rt-natives-windows-amd64.jar:/run/media/b/Files/SWEN222/Lunarcy-Repo/Lunarcy/gluegen-rt-natives-windows-i586.jar:/run/media/b/Files/SWEN222/Lunarcy-Repo/Lunarcy/gluegen-rt.jar:/run/media/b/Files/SWEN222/Lunarcy-Repo/Lunarcy/jogl-all-natives-linux-amd64.jar:/run/media/b/Files/SWEN222/Lunarcy-Repo/Lunarcy/jogl-all-natives-linux-armv6hf.jar:/run/media/b/Files/SWEN222/Lunarcy-Repo/Lunarcy/jogl-all-natives-linux-i586.jar:/run/media/b/Files/SWEN222/Lunarcy-Repo/Lunarcy/jogl-all-natives-macosx-universal.jar:/run/media/b/Files/SWEN222/Lunarcy-Repo/Lunarcy/jogl-all-natives-windows-amd64.jar:/run/media/b/Files/SWEN222/Lunarcy-Repo/Lunarcy/jogl-all-natives-windows-i586.jar:/run/media/b/Files/SWEN222/Lunarcy-Repo/Lunarcy/jogl-all.jar:/run/media/b/Files/SWEN222/Lunarcy-Repo/Lunarcy/jl1.0.jar:/run/media/b/Files/SWEN222/Lunarcy-Repo/Lunarcy/jsminim.jar:/run/media/b/Files/SWEN222/Lunarcy-Repo/Lunarcy/minim.jar:/run/media/b/Files/SWEN222/Lunarcy-Repo/Lunarcy/mp3spi1.9.4.jar:/run/media/b/Files/SWEN222/Lunarcy-Repo/Lunarcy/tritonus_aos.jar:/run/media/b/Files/SWEN222/Lunarcy-Repo/Lunarcy/tritonus_share.jar
Launcher Type: SUN_STANDARD

Environment Variables:
PATH=/usr/local/sbin:/usr/local/bin:/usr/bin:/usr/lib/jvm/default/bin:/usr/bin/site_perl:/usr/bin/vendor_perl:/usr/bin/core_perl
SHELL=/bin/bash
DISPLAY=:0.0

Signal Handlers:
SIGSEGV: [libjvm.so+0xa581a0], sa_mask[0]=11111111011111111101111111111110, sa_flags=SA_RESTART|SA_SIGINFO
SIGBUS: [libjvm.so+0xa581a0], sa_mask[0]=11111111011111111101111111111110, sa_flags=SA_RESTART|SA_SIGINFO
SIGFPE: [libjvm.so+0x8a4420], sa_mask[0]=11111111011111111101111111111110, sa_flags=SA_RESTART|SA_SIGINFO
SIGPIPE: [libjvm.so+0x8a4420], sa_mask[0]=11111111011111111101111111111110, sa_flags=SA_RESTART|SA_SIGINFO
SIGXFSZ: [libjvm.so+0x8a4420], sa_mask[0]=11111111011111111101111111111110, sa_flags=SA_RESTART|SA_SIGINFO
SIGILL: [libjvm.so+0x8a4420], sa_mask[0]=11111111011111111101111111111110, sa_flags=SA_RESTART|SA_SIGINFO
SIGUSR1: SIG_IGN, sa_mask[0]=00000000000000000000000000000000, sa_flags=none
SIGUSR2: [libjvm.so+0x8a42d0], sa_mask[0]=00100000000000000000000000000000, sa_flags=SA_RESTART|SA_SIGINFO
SIGHUP: [libjvm.so+0x8a47a0], sa_mask[0]=11111111011111111101111111111110, sa_flags=SA_RESTART|SA_SIGINFO
SIGINT: SIG_IGN, sa_mask[0]=00000000000000000000000000000000, sa_flags=none
SIGTERM: [libjvm.so+0x8a47a0], sa_mask[0]=11111111011111111101111111111110, sa_flags=SA_RESTART|SA_SIGINFO
SIGQUIT: [libjvm.so+0x8a47a0], sa_mask[0]=11111111011111111101111111111110, sa_flags=SA_RESTART|SA_SIGINFO


---------------  S Y S T E M  ---------------

OS:DISTRIB_ID=ManjaroLinux
DISTRIB_RELEASE=15.09-rc1
DISTRIB_CODENAME=Bellatrix
DISTRIB_DESCRIPTION="Manjaro Linux"

uname:Linux 3.19.8.6-1-MANJARO #1 SMP PREEMPT Wed Sep 2 23:37:55 UTC 2015 x86_64
libc:glibc 2.22 NPTL 2.22 
rlimit: STACK 8192k, CORE 0k, NPROC 15081, NOFILE 4096, AS infinity
load average:0.80 0.79 0.70

/proc/meminfo:
MemTotal:        3867980 kB
MemFree:          126996 kB
MemAvailable:    1569500 kB
Buffers:           96712 kB
Cached:          1843696 kB
SwapCached:            0 kB
Active:          2352724 kB
Inactive:        1183936 kB
Active(anon):    1630844 kB
Inactive(anon):   335880 kB
Active(file):     721880 kB
Inactive(file):   848056 kB
Unevictable:       17472 kB
Mlocked:           17472 kB
SwapTotal:             0 kB
SwapFree:              0 kB
Dirty:                52 kB
Writeback:             0 kB
AnonPages:       1614024 kB
Mapped:           342968 kB
Shmem:            362548 kB
Slab:             108616 kB
SReclaimable:      83020 kB
SUnreclaim:        25596 kB
KernelStack:        6832 kB
PageTables:        21632 kB
NFS_Unstable:          0 kB
Bounce:                0 kB
WritebackTmp:          0 kB
CommitLimit:     1933988 kB
Committed_AS:    4175680 kB
VmallocTotal:   34359738367 kB
VmallocUsed:      560060 kB
VmallocChunk:   34359096856 kB
HardwareCorrupted:     0 kB
AnonHugePages:    575488 kB
HugePages_Total:       0
HugePages_Free:        0
HugePages_Rsvd:        0
HugePages_Surp:        0
Hugepagesize:       2048 kB
DirectMap4k:       84736 kB
DirectMap2M:     3923968 kB


CPU:total 4 (2 cores per cpu, 2 threads per core) family 6 model 58 stepping 9, cmov, cx8, fxsr, mmx, sse, sse2, sse3, ssse3, sse4.1, sse4.2, popcnt, avx, aes, clmul, erms, ht, tsc, tscinvbit, tscinv

/proc/cpuinfo:
processor	: 0
vendor_id	: GenuineIntel
cpu family	: 6
model		: 58
model name	: Intel(R) Core(TM) i5-3337U CPU @ 1.80GHz
stepping	: 9
microcode	: 0x1b
cpu MHz		: 2499.960
cache size	: 3072 KB
physical id	: 0
siblings	: 4
core id		: 0
cpu cores	: 2
apicid		: 0
initial apicid	: 0
fpu		: yes
fpu_exception	: yes
cpuid level	: 13
wp		: yes
flags		: fpu vme de pse tsc msr pae mce cx8 apic sep mtrr pge mca cmov pat pse36 clflush dts acpi mmx fxsr sse sse2 ss ht tm pbe syscall nx rdtscp lm constant_tsc arch_perfmon pebs bts rep_good nopl xtopology nonstop_tsc aperfmperf eagerfpu pni pclmulqdq dtes64 monitor ds_cpl vmx est tm2 ssse3 cx16 xtpr pdcm pcid sse4_1 sse4_2 x2apic popcnt tsc_deadline_timer aes xsave avx f16c rdrand lahf_lm ida arat epb pln pts dtherm tpr_shadow vnmi flexpriority ept vpid fsgsbase smep erms xsaveopt
bugs		:
bogomips	: 3593.40
clflush size	: 64
cache_alignment	: 64
address sizes	: 36 bits physical, 48 bits virtual
power management:

processor	: 1
vendor_id	: GenuineIntel
cpu family	: 6
model		: 58
model name	: Intel(R) Core(TM) i5-3337U CPU @ 1.80GHz
stepping	: 9
microcode	: 0x1b
cpu MHz		: 2499.960
cache size	: 3072 KB
physical id	: 0
siblings	: 4
core id		: 0
cpu cores	: 2
apicid		: 1
initial apicid	: 1
fpu		: yes
fpu_exception	: yes
cpuid level	: 13
wp		: yes
flags		: fpu vme de pse tsc msr pae mce cx8 apic sep mtrr pge mca cmov pat pse36 clflush dts acpi mmx fxsr sse sse2 ss ht tm pbe syscall nx rdtscp lm constant_tsc arch_perfmon pebs bts rep_good nopl xtopology nonstop_tsc aperfmperf eagerfpu pni pclmulqdq dtes64 monitor ds_cpl vmx est tm2 ssse3 cx16 xtpr pdcm pcid sse4_1 sse4_2 x2apic popcnt tsc_deadline_timer aes xsave avx f16c rdrand lahf_lm ida arat epb pln pts dtherm tpr_shadow vnmi flexpriority ept vpid fsgsbase smep erms xsaveopt
bugs		:
bogomips	: 3593.40
clflush size	: 64
cache_alignment	: 64
address sizes	: 36 bits physical, 48 bits virtual
power management:

processor	: 2
vendor_id	: GenuineIntel
cpu family	: 6
model		: 58
model name	: Intel(R) Core(TM) i5-3337U CPU @ 1.80GHz
stepping	: 9
microcode	: 0x1b
cpu MHz		: 2499.960
cache size	: 3072 KB
physical id	: 0
siblings	: 4
core id		: 1
cpu cores	: 2
apicid		: 2
initial apicid	: 2
fpu		: yes
fpu_exception	: yes
cpuid level	: 13
wp		: yes
flags		: fpu vme de pse tsc msr pae mce cx8 apic sep mtrr pge mca cmov pat pse36 clflush dts acpi mmx fxsr sse sse2 ss ht tm pbe syscall nx rdtscp lm constant_tsc arch_perfmon pebs bts rep_good nopl xtopology nonstop_tsc aperfmperf eagerfpu pni pclmulqdq dtes64 monitor ds_cpl vmx est tm2 ssse3 cx16 xtpr pdcm pcid sse4_1 sse4_2 x2apic popcnt tsc_deadline_timer aes xsave avx f16c rdrand lahf_lm ida arat epb pln pts dtherm tpr_shadow vnmi flexpriority ept vpid fsgsbase smep erms xsaveopt
bugs		:
bogomips	: 3593.40
clflush size	: 64
cache_alignment	: 64
address sizes	: 36 bits physical, 48 bits virtual
power management:

processor	: 3
vendor_id	: GenuineIntel
cpu family	: 6
model		: 58
model name	: Intel(R) Core(TM) i5-3337U CPU @ 1.80GHz
stepping	: 9
microcode	: 0x1b
cpu MHz		: 2499.960
cache size	: 3072 KB
physical id	: 0
siblings	: 4
core id		: 1
cpu cores	: 2
apicid		: 3
initial apicid	: 3
fpu		: yes
fpu_exception	: yes
cpuid level	: 13
wp		: yes
flags		: fpu vme de pse tsc msr pae mce cx8 apic sep mtrr pge mca cmov pat pse36 clflush dts acpi mmx fxsr sse sse2 ss ht tm pbe syscall nx rdtscp lm constant_tsc arch_perfmon pebs bts rep_good nopl xtopology nonstop_tsc aperfmperf eagerfpu pni pclmulqdq dtes64 monitor ds_cpl vmx est tm2 ssse3 cx16 xtpr pdcm pcid sse4_1 sse4_2 x2apic popcnt tsc_deadline_timer aes xsave avx f16c rdrand lahf_lm ida arat epb pln pts dtherm tpr_shadow vnmi flexpriority ept vpid fsgsbase smep erms xsaveopt
bugs		:
bogomips	: 3593.40
clflush size	: 64
cache_alignment	: 64
address sizes	: 36 bits physical, 48 bits virtual
power management:



Memory: 4k page, physical 3867980k(126996k free), swap 0k(0k free)

vm_info: OpenJDK 64-Bit Server VM (25.60-b23) for linux-amd64 JRE (1.8.0_60-b24), built on Aug 23 2015 18:39:15 by "builduser" with gcc 5.2.0

time: Sat Sep 19 18:25:25 2015
elapsed time: 2 seconds (0d 0h 0m 2s)

